#
# A fatal error has been detected by the Java Runtime Environment:
#
#  EXCEPTION_ACCESS_VIOLATION (0xc0000005) at pc=0x00007ffbfe7b55fe, pid=19736, tid=11244
#
# JRE version: OpenJDK Runtime Environment (18.0.1.1+2) (build 18.0.1.1+2-6)
# Java VM: OpenJDK 64-Bit Server VM (18.0.1.1+2-6, mixed mode, sharing, tiered, compressed oops, compressed class ptrs, g1 gc, windows-amd64)
# Problematic frame:
# V  [jvm.dll+0x4055fe]
#
# No core dump will be written. Minidumps are not enabled by default on client versions of Windows
#
# If you would like to submit a bug report, please visit:
#   https://bugreport.java.com/bugreport/crash.jsp
#

---------------  S U M M A R Y ------------

Command Line: -Djava.library.path=C:\Users\Abobus\IdeaProjects\Editor\Editor\src\BitMaPNativeLib -javaagent:C:\Program Files\JetBrains\IntelliJ IDEA Community Edition 2022.1.1\lib\idea_rt.jar=54410:C:\Program Files\JetBrains\IntelliJ IDEA Community Edition 2022.1.1\bin -Dfile.encoding=UTF-8 Main

Host: Intel(R) Core(TM) i5-2450M CPU @ 2.50GHz, 4 cores, 7G,  Windows 11 , 64 bit Build 22000 (10.0.22000.675)
Time: Sat Jun 18 01:33:12 2022  Windows 11 , 64 bit Build 22000 (10.0.22000.675) elapsed time: 0.316028 seconds (0d 0h 0m 0s)

---------------  T H R E A D  ---------------

Current thread (0x000001517f60db80):  JavaThread "main" [_thread_in_vm, id=11244, stack(0x00000036c9200000,0x00000036c9300000)]

Stack: [0x00000036c9200000,0x00000036c9300000],  sp=0x00000036c92ff0f0,  free space=1020k
Native frames: (J=compiled Java code, j=interpreted, Vv=VM code, C=native code)
V  [jvm.dll+0x4055fe]
C  [BitMaPDataNativeLib.dll+0x2e18]

Java frames: (J=compiled Java code, j=interpreted, Vv=VM code)
j  BitMaPNativeLib.BitMaP$Data.readFromFile(Ljava/lang/String;)I+0
j  BitMaPNativeLib.BitMaP$Data.<init>(LBitMaPNativeLib/BitMaP;Ljava/lang/String;)V+28
j  BitMaPNativeLib.BitMaP.<init>(Ljava/lang/String;)V+66
j  Main.main([Ljava/lang/String;)V+14
v  ~StubRoutines::call_stub

siginfo: EXCEPTION_ACCESS_VIOLATION (0xc0000005), reading address 0x000000000000000d


Register to memory mapping:

RIP=0x00007ffbfe7b55fe jvm.dll
RAX=0x000000000000000c is an unknown value
RBX=0x000001517f60db80 is a thread
RCX=0x0000000000000001 is an unknown value
RDX=0x000000000000000c is an unknown value
RSP=0x00000036c92ff0f0 is pointing into the stack for thread: 0x000001517f60db80
RBP=0x00000036c92ff140 is pointing into the stack for thread: 0x000001517f60db80
RSI=0x0000000000000014 is an unknown value
RDI=0x00000036c92ff6c0 is pointing into the stack for thread: 0x000001517f60db80
R8 =0x00007ffc5396a7a0 msvcrt.dll
R9 =0x0000000000000460 is an unknown value
R10=0x0 is NULL
R11=0x0000000000000246 is an unknown value
R12=0x0 is NULL
R13={method} {0x000001511e809e20} 'readFromFile' '(Ljava/lang/String;)I' in 'BitMaPNativeLib/BitMaP$Data'
R14=0x00000036c92ff298 is pointing into the stack for thread: 0x000001517f60db80
R15=0x000001517f60db80 is a thread


Registers:
RAX=0x000000000000000c, RBX=0x000001517f60db80, RCX=0x0000000000000001, RDX=0x000000000000000c
RSP=0x00000036c92ff0f0, RBP=0x00000036c92ff140, RSI=0x0000000000000014, RDI=0x00000036c92ff6c0
R8 =0x00007ffc5396a7a0, R9 =0x0000000000000460, R10=0x0000000000000000, R11=0x0000000000000246
R12=0x0000000000000000, R13=0x000001511e809e18, R14=0x00000036c92ff298, R15=0x000001517f60db80
RIP=0x00007ffbfe7b55fe, EFLAGS=0x0000000000010202

Top of Stack: (sp=0x00000036c92ff0f0)
0x00000036c92ff0f0:   0000000000000000 00007ffc5391ac9c
0x00000036c92ff100:   0000000000000000 00007ffc53921376
0x00000036c92ff110:   0000015108c89612 000000006d042e18
0x00000036c92ff120:   000001511e809e18 0000000000000014
0x00000036c92ff130:   00000036c92ff100 0000015108c89612
0x00000036c92ff140:   00000036c92ff1e0 000000006d04159c
0x00000036c92ff150:   000001517f60de10 000001517e6ce328
0x00000036c92ff160:   0000000000000014 0000015108c89612
0x00000036c92ff170:   00000036c92ff270 00007ffbfe753a85
0x00000036c92ff180:   0000000000000194 0000000000000014
0x00000036c92ff190:   00007ffc53964a90 0000015122705000
0x00000036c92ff1a0:   0000000000000000 0000000000000000
0x00000036c92ff1b0:   0000000000000000 000001517e6ce330
0x00000036c92ff1c0:   000001517e6ce328 0000000000000000
0x00000036c92ff1d0:   000001517e6ce320 0000000008c9c382
0x00000036c92ff1e0:   00000036c92ff270 0000015108c8d5a1 

Instructions: (pc=0x00007ffbfe7b55fe)
0x00007ffbfe7b54fe:   83 c4 60 5f 5e 5b c3 cc cc cc cc cc cc cc cc cc
0x00007ffbfe7b550e:   cc cc 40 53 48 83 ec 20 8b 81 c8 00 00 00 48 81
0x00007ffbfe7b551e:   c1 70 fd ff ff 05 55 21 ff ff 49 8b d8 83 f8 01
0x00007ffbfe7b552e:   76 05 e8 db ad 39 00 48 85 db 74 0d 48 8b cb 48
0x00007ffbfe7b553e:   83 c4 20 5b e9 b9 dc ca ff 48 83 c4 20 5b c3 cc
0x00007ffbfe7b554e:   cc cc 48 89 5c 24 08 48 89 74 24 10 57 48 83 ec
0x00007ffbfe7b555e:   20 8b 81 c8 00 00 00 48 8d 99 70 fd ff ff 05 55
0x00007ffbfe7b556e:   21 ff ff 48 8b fa 83 f8 01 76 0a 48 8b cb e8 8f
0x00007ffbfe7b557e:   ad 39 00 33 db c7 83 30 03 00 00 06 00 00 00 e8
0x00007ffbfe7b558e:   2e 47 28 00 48 8b 83 38 03 00 00 a8 01 74 0a b2
0x00007ffbfe7b559e:   01 48 8b cb e8 59 2a 2f 00 8b 83 20 03 00 00 a8
0x00007ffbfe7b55ae:   0d 74 0a 33 d2 48 8b cb e8 65 d4 39 00 c7 83 30
0x00007ffbfe7b55be:   03 00 00 06 00 00 00 40 f6 c7 01 74 0c 48 8d 4f
0x00007ffbfe7b55ce:   ff ff 15 13 73 6b 00 eb 09 48 8b cf ff 15 e0 bc
0x00007ffbfe7b55de:   6a 00 80 3d 02 d5 72 00 00 48 8b c8 48 8b bb d0
0x00007ffbfe7b55ee:   00 00 00 b8 10 00 00 00 ba 0c 00 00 00 0f 45 c2
0x00007ffbfe7b55fe:   8b 34 08 48 8b 47 10 48 83 38 00 74 0c 48 8b cf
0x00007ffbfe7b560e:   e8 1d 71 f6 ff 48 8b 47 10 48 8b 4f 08 48 89 41
0x00007ffbfe7b561e:   10 48 8b 57 08 48 8b 4f 18 48 89 4a 18 48 8b 57
0x00007ffbfe7b562e:   08 48 8b 4f 20 48 89 4a 20 48 8d 8b 70 02 00 00
0x00007ffbfe7b563e:   48 8b d3 e8 fa 1a ee ff c7 83 30 03 00 00 04 00
0x00007ffbfe7b564e:   00 00 8b c6 48 8b 5c 24 30 48 8b 74 24 38 48 83
0x00007ffbfe7b565e:   c4 20 5f c3 cc cc cc cc cc cc cc cc cc cc cc cc
0x00007ffbfe7b566e:   cc cc 40 53 56 57 48 83 ec 40 8b 81 c8 00 00 00
0x00007ffbfe7b567e:   48 8d 99 70 fd ff ff 48 89 6c 24 60 05 55 21 ff
0x00007ffbfe7b568e:   ff 4c 89 64 24 68 33 ff 4c 89 74 24 70 49 8b f1
0x00007ffbfe7b569e:   44 8b e2 49 8b e8 83 f8 01 76 0a 48 8b cb e8 5f
0x00007ffbfe7b56ae:   ac 39 00 8b df c7 83 30 03 00 00 06 00 00 00 e8
0x00007ffbfe7b56be:   fe 45 28 00 48 8b 83 38 03 00 00 a8 01 74 0a b2
0x00007ffbfe7b56ce:   01 48 8b cb e8 29 29 2f 00 8b 83 20 03 00 00 a8
0x00007ffbfe7b56de:   0d 74 0a 33 d2 48 8b cb e8 35 d3 39 00 c7 83 30
0x00007ffbfe7b56ee:   03 00 00 06 00 00 00 48 89 5c 24 20 48 89 7c 24 


Stack slot to memory mapping:
stack at sp + 0 slots: 0x0 is NULL
stack at sp + 1 slots: 0x00007ffc5391ac9c msvcrt.dll
stack at sp + 2 slots: 0x0 is NULL
stack at sp + 3 slots: 0x00007ffc53921376 msvcrt.dll
stack at sp + 4 slots: 0x0000015108c89612 is at code_begin+1394 in an Interpreter codelet
return entry points  [0x0000015108c890a0, 0x0000015108c89ba0]  2816 bytes
stack at sp + 5 slots: 0x000000006d042e18 BitMaPDataNativeLib.dll
stack at sp + 6 slots: {method} {0x000001511e809e20} 'readFromFile' '(Ljava/lang/String;)I' in 'BitMaPNativeLib/BitMaP$Data'
stack at sp + 7 slots: 0x0000000000000014 is an unknown value


---------------  P R O C E S S  ---------------

Threads class SMR info:
_java_thread_list=0x000001512263af20, length=13, elements={
0x000001517f60db80, 0x000001511c162090, 0x000001511c1633a0, 0x000001511c171a20,
0x000001511c1722d0, 0x000001511c172b80, 0x000001511c173430, 0x000001511c174010,
0x000001511c176d10, 0x0000015122530040, 0x00000151225cd100, 0x00000151226fe030,
0x00000151226fe4f0
}

Java Threads: ( => current thread )
=>0x000001517f60db80 JavaThread "main" [_thread_in_vm, id=11244, stack(0x00000036c9200000,0x00000036c9300000)]
  0x000001511c162090 JavaThread "Reference Handler" daemon [_thread_blocked, id=19320, stack(0x00000036c9900000,0x00000036c9a00000)]
  0x000001511c1633a0 JavaThread "Finalizer" daemon [_thread_blocked, id=15064, stack(0x00000036c9a00000,0x00000036c9b00000)]
  0x000001511c171a20 JavaThread "Signal Dispatcher" daemon [_thread_blocked, id=9144, stack(0x00000036c9b00000,0x00000036c9c00000)]
  0x000001511c1722d0 JavaThread "Attach Listener" daemon [_thread_blocked, id=11948, stack(0x00000036c9c00000,0x00000036c9d00000)]
  0x000001511c172b80 JavaThread "Service Thread" daemon [_thread_blocked, id=19028, stack(0x00000036c9d00000,0x00000036c9e00000)]
  0x000001511c173430 JavaThread "Monitor Deflation Thread" daemon [_thread_blocked, id=18340, stack(0x00000036c9e00000,0x00000036c9f00000)]
  0x000001511c174010 JavaThread "C2 CompilerThread0" daemon [_thread_blocked, id=13476, stack(0x00000036c9f00000,0x00000036ca000000)]
  0x000001511c176d10 JavaThread "C1 CompilerThread0" daemon [_thread_blocked, id=7300, stack(0x00000036ca000000,0x00000036ca100000)]
  0x0000015122530040 JavaThread "Sweeper thread" daemon [_thread_blocked, id=12768, stack(0x00000036ca100000,0x00000036ca200000)]
  0x00000151225cd100 JavaThread "Common-Cleaner" daemon [_thread_blocked, id=19316, stack(0x00000036ca200000,0x00000036ca300000)]
  0x00000151226fe030 JavaThread "Monitor Ctrl-Break" daemon [_thread_in_native, id=11220, stack(0x00000036ca300000,0x00000036ca400000)]
  0x00000151226fe4f0 JavaThread "Notification Thread" daemon [_thread_blocked, id=8472, stack(0x00000036ca400000,0x00000036ca500000)]

Other Threads:
  0x000001511c15a250 VMThread "VM Thread" [stack: 0x00000036c9800000,0x00000036c9900000] [id=14076]
  0x000001517e7985b0 WatcherThread "VM Periodic Task Thread" [stack: 0x00000036ca500000,0x00000036ca600000] [id=12200]
  0x000001517e79e7f0 WorkerThread "GC Thread#0" [stack: 0x00000036c9300000,0x00000036c9400000] [id=17848]
  0x000001517f66df20 ConcurrentGCThread "G1 Main Marker" [stack: 0x00000036c9400000,0x00000036c9500000] [id=19884]
  0x000001517f66e820 WorkerThread "G1 Conc#0" [stack: 0x00000036c9500000,0x00000036c9600000] [id=19636]
  0x000001511c010d30 ConcurrentGCThread "G1 Refine#0" [stack: 0x00000036c9600000,0x00000036c9700000] [id=8620]
  0x000001511c011550 ConcurrentGCThread "G1 Service" [stack: 0x00000036c9700000,0x00000036c9800000] [id=17636]

Threads with active compile tasks:

VM state: not at safepoint (normal execution)

VM Mutex/Monitor currently owned by a thread: None

Heap address: 0x0000000081800000, size: 2024 MB, Compressed Oops mode: 32-bit

CDS archive(s) mapped at: [0x0000000800000000-0x0000000800b90000-0x0000000800b90000), size 12124160, SharedBaseAddress: 0x0000000800000000, ArchiveRelocationMode: 0.
Compressed class space mapped at: 0x0000000800c00000-0x0000000840c00000, reserved size: 1073741824
Narrow klass base: 0x0000000800000000, Narrow klass shift: 0, Narrow klass range: 0x100000000

GC Precious Log:
 CardTable entry size: 512
 Card Set container configuration: InlinePtr #cards 5 size 8 Array Of Cards #cards 12 size 40 Howl #buckets 4 coarsen threshold 1843 Howl Bitmap #cards 512 size 80 coarsen threshold 460 Card regions per heap region 1 cards per card region 2048
 CPUs: 4 total, 4 available
 Memory: 8089M
 Large Page Support: Disabled
 NUMA Support: Disabled
 Compressed Oops: Enabled (32-bit)
 Heap Region Size: 1M
 Heap Min Capacity: 8M
 Heap Initial Capacity: 128M
 Heap Max Capacity: 2024M
 Pre-touch: Disabled
 Parallel Workers: 4
 Concurrent Workers: 1
 Concurrent Refinement Workers: 4
 Periodic GC: Disabled

Heap:
 garbage-first heap   total 131072K, used 3072K [0x0000000081800000, 0x0000000100000000)
  region size 1024K, 4 young (4096K), 0 survivors (0K)
 Metaspace       used 725K, committed 832K, reserved 1114112K
  class space    used 60K, committed 128K, reserved 1048576K

Heap Regions: E=young(eden), S=young(survivor), O=old, HS=humongous(starts), HC=humongous(continues), CS=collection set, F=free, OA=open archive, CA=closed archive, TAMS=top-at-mark-start (previous, next)
|   0|0x0000000081800000, 0x0000000081800000, 0x0000000081900000|  0%| F|  |TAMS 0x0000000081800000, 0x0000000081800000| Untracked 
|   1|0x0000000081900000, 0x0000000081900000, 0x0000000081a00000|  0%| F|  |TAMS 0x0000000081900000, 0x0000000081900000| Untracked 
|   2|0x0000000081a00000, 0x0000000081a00000, 0x0000000081b00000|  0%| F|  |TAMS 0x0000000081a00000, 0x0000000081a00000| Untracked 
|   3|0x0000000081b00000, 0x0000000081b00000, 0x0000000081c00000|  0%| F|  |TAMS 0x0000000081b00000, 0x0000000081b00000| Untracked 
|   4|0x0000000081c00000, 0x0000000081c00000, 0x0000000081d00000|  0%| F|  |TAMS 0x0000000081c00000, 0x0000000081c00000| Untracked 
|   5|0x0000000081d00000, 0x0000000081d00000, 0x0000000081e00000|  0%| F|  |TAMS 0x0000000081d00000, 0x0000000081d00000| Untracked 
|   6|0x0000000081e00000, 0x0000000081e00000, 0x0000000081f00000|  0%| F|  |TAMS 0x0000000081e00000, 0x0000000081e00000| Untracked 
|   7|0x0000000081f00000, 0x0000000081f00000, 0x0000000082000000|  0%| F|  |TAMS 0x0000000081f00000, 0x0000000081f00000| Untracked 
|   8|0x0000000082000000, 0x0000000082000000, 0x0000000082100000|  0%| F|  |TAMS 0x0000000082000000, 0x0000000082000000| Untracked 
|   9|0x0000000082100000, 0x0000000082100000, 0x0000000082200000|  0%| F|  |TAMS 0x0000000082100000, 0x0000000082100000| Untracked 
|  10|0x0000000082200000, 0x0000000082200000, 0x0000000082300000|  0%| F|  |TAMS 0x0000000082200000, 0x0000000082200000| Untracked 
|  11|0x0000000082300000, 0x0000000082300000, 0x0000000082400000|  0%| F|  |TAMS 0x0000000082300000, 0x0000000082300000| Untracked 
|  12|0x0000000082400000, 0x0000000082400000, 0x0000000082500000|  0%| F|  |TAMS 0x0000000082400000, 0x0000000082400000| Untracked 
|  13|0x0000000082500000, 0x0000000082500000, 0x0000000082600000|  0%| F|  |TAMS 0x0000000082500000, 0x0000000082500000| Untracked 
|  14|0x0000000082600000, 0x0000000082600000, 0x0000000082700000|  0%| F|  |TAMS 0x0000000082600000, 0x0000000082600000| Untracked 
|  15|0x0000000082700000, 0x0000000082700000, 0x0000000082800000|  0%| F|  |TAMS 0x0000000082700000, 0x0000000082700000| Untracked 
|  16|0x0000000082800000, 0x0000000082800000, 0x0000000082900000|  0%| F|  |TAMS 0x0000000082800000, 0x0000000082800000| Untracked 
|  17|0x0000000082900000, 0x0000000082900000, 0x0000000082a00000|  0%| F|  |TAMS 0x0000000082900000, 0x0000000082900000| Untracked 
|  18|0x0000000082a00000, 0x0000000082a00000, 0x0000000082b00000|  0%| F|  |TAMS 0x0000000082a00000, 0x0000000082a00000| Untracked 
|  19|0x0000000082b00000, 0x0000000082b00000, 0x0000000082c00000|  0%| F|  |TAMS 0x0000000082b00000, 0x0000000082b00000| Untracked 
|  20|0x0000000082c00000, 0x0000000082c00000, 0x0000000082d00000|  0%| F|  |TAMS 0x0000000082c00000, 0x0000000082c00000| Untracked 
|  21|0x0000000082d00000, 0x0000000082d00000, 0x0000000082e00000|  0%| F|  |TAMS 0x0000000082d00000, 0x0000000082d00000| Untracked 
|  22|0x0000000082e00000, 0x0000000082e00000, 0x0000000082f00000|  0%| F|  |TAMS 0x0000000082e00000, 0x0000000082e00000| Untracked 
|  23|0x0000000082f00000, 0x0000000082f00000, 0x0000000083000000|  0%| F|  |TAMS 0x0000000082f00000, 0x0000000082f00000| Untracked 
|  24|0x0000000083000000, 0x0000000083000000, 0x0000000083100000|  0%| F|  |TAMS 0x0000000083000000, 0x0000000083000000| Untracked 
|  25|0x0000000083100000, 0x0000000083100000, 0x0000000083200000|  0%| F|  |TAMS 0x0000000083100000, 0x0000000083100000| Untracked 
|  26|0x0000000083200000, 0x0000000083200000, 0x0000000083300000|  0%| F|  |TAMS 0x0000000083200000, 0x0000000083200000| Untracked 
|  27|0x0000000083300000, 0x0000000083300000, 0x0000000083400000|  0%| F|  |TAMS 0x0000000083300000, 0x0000000083300000| Untracked 
|  28|0x0000000083400000, 0x0000000083400000, 0x0000000083500000|  0%| F|  |TAMS 0x0000000083400000, 0x0000000083400000| Untracked 
|  29|0x0000000083500000, 0x0000000083500000, 0x0000000083600000|  0%| F|  |TAMS 0x0000000083500000, 0x0000000083500000| Untracked 
|  30|0x0000000083600000, 0x0000000083600000, 0x0000000083700000|  0%| F|  |TAMS 0x0000000083600000, 0x0000000083600000| Untracked 
|  31|0x0000000083700000, 0x0000000083700000, 0x0000000083800000|  0%| F|  |TAMS 0x0000000083700000, 0x0000000083700000| Untracked 
|  32|0x0000000083800000, 0x0000000083800000, 0x0000000083900000|  0%| F|  |TAMS 0x0000000083800000, 0x0000000083800000| Untracked 
|  33|0x0000000083900000, 0x0000000083900000, 0x0000000083a00000|  0%| F|  |TAMS 0x0000000083900000, 0x0000000083900000| Untracked 
|  34|0x0000000083a00000, 0x0000000083a00000, 0x0000000083b00000|  0%| F|  |TAMS 0x0000000083a00000, 0x0000000083a00000| Untracked 
|  35|0x0000000083b00000, 0x0000000083b00000, 0x0000000083c00000|  0%| F|  |TAMS 0x0000000083b00000, 0x0000000083b00000| Untracked 
|  36|0x0000000083c00000, 0x0000000083c00000, 0x0000000083d00000|  0%| F|  |TAMS 0x0000000083c00000, 0x0000000083c00000| Untracked 
|  37|0x0000000083d00000, 0x0000000083d00000, 0x0000000083e00000|  0%| F|  |TAMS 0x0000000083d00000, 0x0000000083d00000| Untracked 
|  38|0x0000000083e00000, 0x0000000083e00000, 0x0000000083f00000|  0%| F|  |TAMS 0x0000000083e00000, 0x0000000083e00000| Untracked 
|  39|0x0000000083f00000, 0x0000000083f00000, 0x0000000084000000|  0%| F|  |TAMS 0x0000000083f00000, 0x0000000083f00000| Untracked 
|  40|0x0000000084000000, 0x0000000084000000, 0x0000000084100000|  0%| F|  |TAMS 0x0000000084000000, 0x0000000084000000| Untracked 
|  41|0x0000000084100000, 0x0000000084100000, 0x0000000084200000|  0%| F|  |TAMS 0x0000000084100000, 0x0000000084100000| Untracked 
|  42|0x0000000084200000, 0x0000000084200000, 0x0000000084300000|  0%| F|  |TAMS 0x0000000084200000, 0x0000000084200000| Untracked 
|  43|0x0000000084300000, 0x0000000084300000, 0x0000000084400000|  0%| F|  |TAMS 0x0000000084300000, 0x0000000084300000| Untracked 
|  44|0x0000000084400000, 0x0000000084400000, 0x0000000084500000|  0%| F|  |TAMS 0x0000000084400000, 0x0000000084400000| Untracked 
|  45|0x0000000084500000, 0x0000000084500000, 0x0000000084600000|  0%| F|  |TAMS 0x0000000084500000, 0x0000000084500000| Untracked 
|  46|0x0000000084600000, 0x0000000084600000, 0x0000000084700000|  0%| F|  |TAMS 0x0000000084600000, 0x0000000084600000| Untracked 
|  47|0x0000000084700000, 0x0000000084700000, 0x0000000084800000|  0%| F|  |TAMS 0x0000000084700000, 0x0000000084700000| Untracked 
|  48|0x0000000084800000, 0x0000000084800000, 0x0000000084900000|  0%| F|  |TAMS 0x0000000084800000, 0x0000000084800000| Untracked 
|  49|0x0000000084900000, 0x0000000084900000, 0x0000000084a00000|  0%| F|  |TAMS 0x0000000084900000, 0x0000000084900000| Untracked 
|  50|0x0000000084a00000, 0x0000000084a00000, 0x0000000084b00000|  0%| F|  |TAMS 0x0000000084a00000, 0x0000000084a00000| Untracked 
|  51|0x0000000084b00000, 0x0000000084b00000, 0x0000000084c00000|  0%| F|  |TAMS 0x0000000084b00000, 0x0000000084b00000| Untracked 
|  52|0x0000000084c00000, 0x0000000084c00000, 0x0000000084d00000|  0%| F|  |TAMS 0x0000000084c00000, 0x0000000084c00000| Untracked 
|  53|0x0000000084d00000, 0x0000000084d00000, 0x0000000084e00000|  0%| F|  |TAMS 0x0000000084d00000, 0x0000000084d00000| Untracked 
|  54|0x0000000084e00000, 0x0000000084e00000, 0x0000000084f00000|  0%| F|  |TAMS 0x0000000084e00000, 0x0000000084e00000| Untracked 
|  55|0x0000000084f00000, 0x0000000084f00000, 0x0000000085000000|  0%| F|  |TAMS 0x0000000084f00000, 0x0000000084f00000| Untracked 
|  56|0x0000000085000000, 0x0000000085000000, 0x0000000085100000|  0%| F|  |TAMS 0x0000000085000000, 0x0000000085000000| Untracked 
|  57|0x0000000085100000, 0x0000000085100000, 0x0000000085200000|  0%| F|  |TAMS 0x0000000085100000, 0x0000000085100000| Untracked 
|  58|0x0000000085200000, 0x0000000085200000, 0x0000000085300000|  0%| F|  |TAMS 0x0000000085200000, 0x0000000085200000| Untracked 
|  59|0x0000000085300000, 0x0000000085300000, 0x0000000085400000|  0%| F|  |TAMS 0x0000000085300000, 0x0000000085300000| Untracked 
|  60|0x0000000085400000, 0x0000000085400000, 0x0000000085500000|  0%| F|  |TAMS 0x0000000085400000, 0x0000000085400000| Untracked 
|  61|0x0000000085500000, 0x0000000085500000, 0x0000000085600000|  0%| F|  |TAMS 0x0000000085500000, 0x0000000085500000| Untracked 
|  62|0x0000000085600000, 0x0000000085600000, 0x0000000085700000|  0%| F|  |TAMS 0x0000000085600000, 0x0000000085600000| Untracked 
|  63|0x0000000085700000, 0x0000000085700000, 0x0000000085800000|  0%| F|  |TAMS 0x0000000085700000, 0x0000000085700000| Untracked 
|  64|0x0000000085800000, 0x0000000085800000, 0x0000000085900000|  0%| F|  |TAMS 0x0000000085800000, 0x0000000085800000| Untracked 
|  65|0x0000000085900000, 0x0000000085900000, 0x0000000085a00000|  0%| F|  |TAMS 0x0000000085900000, 0x0000000085900000| Untracked 
|  66|0x0000000085a00000, 0x0000000085a00000, 0x0000000085b00000|  0%| F|  |TAMS 0x0000000085a00000, 0x0000000085a00000| Untracked 
|  67|0x0000000085b00000, 0x0000000085b00000, 0x0000000085c00000|  0%| F|  |TAMS 0x0000000085b00000, 0x0000000085b00000| Untracked 
|  68|0x0000000085c00000, 0x0000000085c00000, 0x0000000085d00000|  0%| F|  |TAMS 0x0000000085c00000, 0x0000000085c00000| Untracked 
|  69|0x0000000085d00000, 0x0000000085d00000, 0x0000000085e00000|  0%| F|  |TAMS 0x0000000085d00000, 0x0000000085d00000| Untracked 
|  70|0x0000000085e00000, 0x0000000085e00000, 0x0000000085f00000|  0%| F|  |TAMS 0x0000000085e00000, 0x0000000085e00000| Untracked 
|  71|0x0000000085f00000, 0x0000000085f00000, 0x0000000086000000|  0%| F|  |TAMS 0x0000000085f00000, 0x0000000085f00000| Untracked 
|  72|0x0000000086000000, 0x0000000086000000, 0x0000000086100000|  0%| F|  |TAMS 0x0000000086000000, 0x0000000086000000| Untracked 
|  73|0x0000000086100000, 0x0000000086100000, 0x0000000086200000|  0%| F|  |TAMS 0x0000000086100000, 0x0000000086100000| Untracked 
|  74|0x0000000086200000, 0x0000000086200000, 0x0000000086300000|  0%| F|  |TAMS 0x0000000086200000, 0x0000000086200000| Untracked 
|  75|0x0000000086300000, 0x0000000086300000, 0x0000000086400000|  0%| F|  |TAMS 0x0000000086300000, 0x0000000086300000| Untracked 
|  76|0x0000000086400000, 0x0000000086400000, 0x0000000086500000|  0%| F|  |TAMS 0x0000000086400000, 0x0000000086400000| Untracked 
|  77|0x0000000086500000, 0x0000000086500000, 0x0000000086600000|  0%| F|  |TAMS 0x0000000086500000, 0x0000000086500000| Untracked 
|  78|0x0000000086600000, 0x0000000086600000, 0x0000000086700000|  0%| F|  |TAMS 0x0000000086600000, 0x0000000086600000| Untracked 
|  79|0x0000000086700000, 0x0000000086700000, 0x0000000086800000|  0%| F|  |TAMS 0x0000000086700000, 0x0000000086700000| Untracked 
|  80|0x0000000086800000, 0x0000000086800000, 0x0000000086900000|  0%| F|  |TAMS 0x0000000086800000, 0x0000000086800000| Untracked 
|  81|0x0000000086900000, 0x0000000086900000, 0x0000000086a00000|  0%| F|  |TAMS 0x0000000086900000, 0x0000000086900000| Untracked 
|  82|0x0000000086a00000, 0x0000000086a00000, 0x0000000086b00000|  0%| F|  |TAMS 0x0000000086a00000, 0x0000000086a00000| Untracked 
|  83|0x0000000086b00000, 0x0000000086b00000, 0x0000000086c00000|  0%| F|  |TAMS 0x0000000086b00000, 0x0000000086b00000| Untracked 
|  84|0x0000000086c00000, 0x0000000086c00000, 0x0000000086d00000|  0%| F|  |TAMS 0x0000000086c00000, 0x0000000086c00000| Untracked 
|  85|0x0000000086d00000, 0x0000000086d00000, 0x0000000086e00000|  0%| F|  |TAMS 0x0000000086d00000, 0x0000000086d00000| Untracked 
|  86|0x0000000086e00000, 0x0000000086e00000, 0x0000000086f00000|  0%| F|  |TAMS 0x0000000086e00000, 0x0000000086e00000| Untracked 
|  87|0x0000000086f00000, 0x0000000086f00000, 0x0000000087000000|  0%| F|  |TAMS 0x0000000086f00000, 0x0000000086f00000| Untracked 
|  88|0x0000000087000000, 0x0000000087000000, 0x0000000087100000|  0%| F|  |TAMS 0x0000000087000000, 0x0000000087000000| Untracked 
|  89|0x0000000087100000, 0x0000000087100000, 0x0000000087200000|  0%| F|  |TAMS 0x0000000087100000, 0x0000000087100000| Untracked 
|  90|0x0000000087200000, 0x0000000087200000, 0x0000000087300000|  0%| F|  |TAMS 0x0000000087200000, 0x0000000087200000| Untracked 
|  91|0x0000000087300000, 0x0000000087300000, 0x0000000087400000|  0%| F|  |TAMS 0x0000000087300000, 0x0000000087300000| Untracked 
|  92|0x0000000087400000, 0x0000000087400000, 0x0000000087500000|  0%| F|  |TAMS 0x0000000087400000, 0x0000000087400000| Untracked 
|  93|0x0000000087500000, 0x0000000087500000, 0x0000000087600000|  0%| F|  |TAMS 0x0000000087500000, 0x0000000087500000| Untracked 
|  94|0x0000000087600000, 0x0000000087600000, 0x0000000087700000|  0%| F|  |TAMS 0x0000000087600000, 0x0000000087600000| Untracked 
|  95|0x0000000087700000, 0x0000000087700000, 0x0000000087800000|  0%| F|  |TAMS 0x0000000087700000, 0x0000000087700000| Untracked 
|  96|0x0000000087800000, 0x0000000087800000, 0x0000000087900000|  0%| F|  |TAMS 0x0000000087800000, 0x0000000087800000| Untracked 
|  97|0x0000000087900000, 0x0000000087900000, 0x0000000087a00000|  0%| F|  |TAMS 0x0000000087900000, 0x0000000087900000| Untracked 
|  98|0x0000000087a00000, 0x0000000087a00000, 0x0000000087b00000|  0%| F|  |TAMS 0x0000000087a00000, 0x0000000087a00000| Untracked 
|  99|0x0000000087b00000, 0x0000000087b00000, 0x0000000087c00000|  0%| F|  |TAMS 0x0000000087b00000, 0x0000000087b00000| Untracked 
| 100|0x0000000087c00000, 0x0000000087c00000, 0x0000000087d00000|  0%| F|  |TAMS 0x0000000087c00000, 0x0000000087c00000| Untracked 
| 101|0x0000000087d00000, 0x0000000087d00000, 0x0000000087e00000|  0%| F|  |TAMS 0x0000000087d00000, 0x0000000087d00000| Untracked 
| 102|0x0000000087e00000, 0x0000000087e00000, 0x0000000087f00000|  0%| F|  |TAMS 0x0000000087e00000, 0x0000000087e00000| Untracked 
| 103|0x0000000087f00000, 0x0000000087f00000, 0x0000000088000000|  0%| F|  |TAMS 0x0000000087f00000, 0x0000000087f00000| Untracked 
| 104|0x0000000088000000, 0x0000000088000000, 0x0000000088100000|  0%| F|  |TAMS 0x0000000088000000, 0x0000000088000000| Untracked 
| 105|0x0000000088100000, 0x0000000088100000, 0x0000000088200000|  0%| F|  |TAMS 0x0000000088100000, 0x0000000088100000| Untracked 
| 106|0x0000000088200000, 0x0000000088200000, 0x0000000088300000|  0%| F|  |TAMS 0x0000000088200000, 0x0000000088200000| Untracked 
| 107|0x0000000088300000, 0x0000000088300000, 0x0000000088400000|  0%| F|  |TAMS 0x0000000088300000, 0x0000000088300000| Untracked 
| 108|0x0000000088400000, 0x0000000088400000, 0x0000000088500000|  0%| F|  |TAMS 0x0000000088400000, 0x0000000088400000| Untracked 
| 109|0x0000000088500000, 0x0000000088500000, 0x0000000088600000|  0%| F|  |TAMS 0x0000000088500000, 0x0000000088500000| Untracked 
| 110|0x0000000088600000, 0x0000000088600000, 0x0000000088700000|  0%| F|  |TAMS 0x0000000088600000, 0x0000000088600000| Untracked 
| 111|0x0000000088700000, 0x0000000088700000, 0x0000000088800000|  0%| F|  |TAMS 0x0000000088700000, 0x0000000088700000| Untracked 
| 112|0x0000000088800000, 0x0000000088800000, 0x0000000088900000|  0%| F|  |TAMS 0x0000000088800000, 0x0000000088800000| Untracked 
| 113|0x0000000088900000, 0x0000000088900000, 0x0000000088a00000|  0%| F|  |TAMS 0x0000000088900000, 0x0000000088900000| Untracked 
| 114|0x0000000088a00000, 0x0000000088a00000, 0x0000000088b00000|  0%| F|  |TAMS 0x0000000088a00000, 0x0000000088a00000| Untracked 
| 115|0x0000000088b00000, 0x0000000088b00000, 0x0000000088c00000|  0%| F|  |TAMS 0x0000000088b00000, 0x0000000088b00000| Untracked 
| 116|0x0000000088c00000, 0x0000000088c00000, 0x0000000088d00000|  0%| F|  |TAMS 0x0000000088c00000, 0x0000000088c00000| Untracked 
| 117|0x0000000088d00000, 0x0000000088d00000, 0x0000000088e00000|  0%| F|  |TAMS 0x0000000088d00000, 0x0000000088d00000| Untracked 
| 118|0x0000000088e00000, 0x0000000088e00000, 0x0000000088f00000|  0%| F|  |TAMS 0x0000000088e00000, 0x0000000088e00000| Untracked 
| 119|0x0000000088f00000, 0x0000000088f00000, 0x0000000089000000|  0%| F|  |TAMS 0x0000000088f00000, 0x0000000088f00000| Untracked 
| 120|0x0000000089000000, 0x0000000089000000, 0x0000000089100000|  0%| F|  |TAMS 0x0000000089000000, 0x0000000089000000| Untracked 
| 121|0x0000000089100000, 0x0000000089100000, 0x0000000089200000|  0%| F|  |TAMS 0x0000000089100000, 0x0000000089100000| Untracked 
| 122|0x0000000089200000, 0x0000000089200000, 0x0000000089300000|  0%| F|  |TAMS 0x0000000089200000, 0x0000000089200000| Untracked 
| 123|0x0000000089300000, 0x0000000089300000, 0x0000000089400000|  0%| F|  |TAMS 0x0000000089300000, 0x0000000089300000| Untracked 
| 124|0x0000000089400000, 0x0000000089443d10, 0x0000000089500000| 26%| E|  |TAMS 0x0000000089400000, 0x0000000089400000| Complete 
| 125|0x0000000089500000, 0x0000000089600000, 0x0000000089600000|100%| E|CS|TAMS 0x0000000089500000, 0x0000000089500000| Complete 
| 126|0x0000000089600000, 0x0000000089700000, 0x0000000089700000|100%| E|CS|TAMS 0x0000000089600000, 0x0000000089600000| Complete 
| 127|0x0000000089700000, 0x0000000089800000, 0x0000000089800000|100%| E|CS|TAMS 0x0000000089700000, 0x0000000089700000| Complete 

Card table byte_map: [0x000001517fa70000,0x000001517fe70000] _byte_map_base: 0x000001517f664000

Marking Bits (Prev, Next): (CMBitMap*) 0x000001517f669910, (CMBitMap*) 0x000001517f669950
 Prev Bits: [0x0000015118080000, 0x000001511a020000)
 Next Bits: [0x000001511a020000, 0x000001511bfc0000)

Polling page: 0x000001517e970000

Metaspace:

Usage:
  Non-class:    664.61 KB used.
      Class:     60.52 KB used.
       Both:    725.12 KB used.

Virtual space:
  Non-class space:       64.00 MB reserved,     704.00 KB (  1%) committed,  1 nodes.
      Class space:        1.00 GB reserved,     128.00 KB ( <1%) committed,  1 nodes.
             Both:        1.06 GB reserved,     832.00 KB ( <1%) committed. 

Chunk freelists:
   Non-Class:  3.94 MB
       Class:  3.73 MB
        Both:  7.67 MB

MaxMetaspaceSize: unlimited
CompressedClassSpaceSize: 1.00 GB
Initial GC threshold: 21.00 MB
Current GC threshold: 21.00 MB
CDS: on
MetaspaceReclaimPolicy: balanced
 - commit_granule_bytes: 65536.
 - commit_granule_words: 8192.
 - virtual_space_node_default_size: 8388608.
 - enlarge_chunks_in_place: 1.
 - new_chunks_are_fully_committed: 0.
 - uncommit_free_chunks: 1.
 - use_allocation_guard: 0.


Internal statistics:

num_allocs_failed_limit: 0.
num_arena_births: 24.
num_arena_deaths: 0.
num_vsnodes_births: 2.
num_vsnodes_deaths: 0.
num_space_committed: 13.
num_space_uncommitted: 0.
num_chunks_returned_to_freelist: 0.
num_chunks_taken_from_freelist: 32.
num_chunk_merges: 0.
num_chunk_splits: 19.
num_chunks_enlarged: 11.
num_inconsistent_stats: 0.

CodeHeap 'non-profiled nmethods': size=120000Kb used=71Kb max_used=71Kb free=119928Kb
 bounds [0x0000015110750000, 0x00000151109c0000, 0x0000015117c80000]
CodeHeap 'profiled nmethods': size=120000Kb used=222Kb max_used=222Kb free=119777Kb
 bounds [0x0000015109220000, 0x0000015109490000, 0x0000015110750000]
CodeHeap 'non-nmethods': size=5760Kb used=1129Kb max_used=1129Kb free=4631Kb
 bounds [0x0000015108c80000, 0x0000015108ef0000, 0x0000015109220000]
 total_blobs=611 nmethods=214 adapters=310
 compilation: enabled
              stopped_count=0, restarted_count=0
 full_count=0

Compilation events (20 events):
Event: 0.204 Thread 0x000001511c176d10  199       3       jdk.internal.org.objectweb.asm.ByteVector::putByte (39 bytes)
Event: 0.204 Thread 0x000001511c176d10 nmethod 199 0x0000015109253b10 code [0x0000015109253cc0, 0x0000015109253ea8]
Event: 0.204 Thread 0x000001511c176d10  200       3       jdk.internal.org.objectweb.asm.ByteVector::putShort (52 bytes)
Event: 0.205 Thread 0x000001511c176d10 nmethod 200 0x0000015109254010 code [0x00000151092541c0, 0x00000151092543c8]
Event: 0.205 Thread 0x000001511c176d10  201       3       jdk.internal.org.objectweb.asm.SymbolTable::addConstantUtf8 (98 bytes)
Event: 0.205 Thread 0x000001511c176d10 nmethod 201 0x0000015109254510 code [0x0000015109254740, 0x0000015109254d38]
Event: 0.205 Thread 0x000001511c176d10  202       3       jdk.internal.org.objectweb.asm.SymbolTable::put (150 bytes)
Event: 0.206 Thread 0x000001511c176d10 nmethod 202 0x0000015109255090 code [0x0000015109255280, 0x0000015109255b18]
Event: 0.206 Thread 0x000001511c176d10  204       3       java.lang.invoke.LambdaForm$BasicType::basicType (19 bytes)
Event: 0.206 Thread 0x000001511c176d10 nmethod 204 0x0000015109255e10 code [0x0000015109255fe0, 0x0000015109256238]
Event: 0.206 Thread 0x000001511c176d10  203       1       java.lang.invoke.MethodTypeForm::parameterSlotCount (5 bytes)
Event: 0.207 Thread 0x000001511c176d10 nmethod 203 0x0000015110761090 code [0x0000015110761220, 0x00000151107612f8]
Event: 0.217 Thread 0x000001511c176d10  207       3       java.util.Arrays::copyOf (19 bytes)
Event: 0.217 Thread 0x000001511c176d10 nmethod 207 0x0000015109256390 code [0x0000015109256540, 0x0000015109256828]
Event: 0.223 Thread 0x000001511c176d10  208       3       java.lang.StringLatin1::lastIndexOf (40 bytes)
Event: 0.223 Thread 0x000001511c176d10 nmethod 208 0x0000015109256990 code [0x0000015109256b60, 0x0000015109256f58]
Event: 0.228 Thread 0x000001511c176d10  210       3       java.lang.System::getSecurityManager (12 bytes)
Event: 0.228 Thread 0x000001511c176d10 nmethod 210 0x0000015109257090 code [0x0000015109257220, 0x0000015109257398]
Event: 0.229 Thread 0x000001511c176d10  211       3       java.lang.System::allowSecurityManager (13 bytes)
Event: 0.229 Thread 0x000001511c176d10 nmethod 211 0x0000015109257490 code [0x0000015109257620, 0x0000015109257718]

GC Heap History (0 events):
No events

Deoptimization events (0 events):
No events

Classes loaded (20 events):
Event: 0.227 Loading class java/net/StandardProtocolFamily
Event: 0.227 Loading class java/net/StandardProtocolFamily done
Event: 0.229 Loading class java/net/SocksSocketImpl$3
Event: 0.229 Loading class java/net/SocksSocketImpl$3 done
Event: 0.229 Loading class java/net/ProxySelector
Event: 0.229 Loading class java/net/ProxySelector done
Event: 0.229 Loading class sun/net/spi/DefaultProxySelector
Event: 0.229 Loading class sun/net/spi/DefaultProxySelector done
Event: 0.229 Loading class java/net/Proxy
Event: 0.230 Loading class java/net/Proxy done
Event: 0.230 Loading class java/net/Proxy$Type
Event: 0.230 Loading class java/net/Proxy$Type done
Event: 0.230 Loading class sun/net/spi/DefaultProxySelector$1
Event: 0.230 Loading class sun/net/spi/DefaultProxySelector$1 done
Event: 0.230 Loading class sun/net/NetProperties
Event: 0.230 Loading class sun/net/NetProperties done
Event: 0.230 Loading class sun/net/NetProperties$1
Event: 0.230 Loading class sun/net/NetProperties$1 done
Event: 0.231 Loading class java/lang/NoSuchFieldError
Event: 0.231 Loading class java/lang/NoSuchFieldError done

Classes unloaded (0 events):
No events

Classes redefined (0 events):
No events

Internal exceptions (7 events):
Event: 0.196 Thread 0x000001517f60db80 Exception <a 'java/lang/NoSuchMethodError'{0x00000000896b31c0}: 'void java.lang.invoke.DirectMethodHandle$Holder.invokeStatic(java.lang.Object, java.lang.Object, java.lang.Object)'> (0x00000000896b31c0) 
thrown [s\open\src\hotspot\share\interpreter\linkResolver.cpp, line 766]
Event: 0.206 Thread 0x000001517f60db80 Exception <a 'java/lang/NoSuchMethodError'{0x00000000896cc128}: 'java.lang.Object java.lang.invoke.Invokers$Holder.invokeExact_MT(java.lang.Object, java.lang.Object, java.lang.Object, java.lang.Object, java.lang.Object)'> (0x00000000896cc128) 
thrown [s\open\src\hotspot\share\interpreter\linkResolver.cpp, line 766]
Event: 0.228 Thread 0x00000151226fe030 Exception <a 'java/lang/NoSuchMethodError'{0x0000000089506fe8}: 'void java.lang.invoke.DirectMethodHandle$Holder.invokeStatic(java.lang.Object, java.lang.Object)'> (0x0000000089506fe8) 
thrown [s\open\src\hotspot\share\interpreter\linkResolver.cpp, line 766]
Event: 0.231 Thread 0x000001517f60db80 Exception <a 'java/lang/NoSuchFieldError'{0x0000000089432688}: BitMaPNativeLib.BitMaP$Data.Picture [[LBitMaPNativeLib/Pixel> (0x0000000089432688) 
thrown [s\open\src\hotspot\share\prims\jni.cpp, line 1758]
Event: 0.231 Thread 0x000001517f60db80 Exception <a 'java/lang/NoSuchMethodError'{0x0000000089432988}: setRed> (0x0000000089432988) 
thrown [s\open\src\hotspot\share\prims\jni.cpp, line 1070]
Event: 0.231 Thread 0x000001517f60db80 Exception <a 'java/lang/NoSuchMethodError'{0x0000000089432c88}: setGreen> (0x0000000089432c88) 
thrown [s\open\src\hotspot\share\prims\jni.cpp, line 1070]
Event: 0.231 Thread 0x000001517f60db80 Exception <a 'java/lang/NoSuchMethodError'{0x0000000089432f88}: setBlue> (0x0000000089432f88) 
thrown [s\open\src\hotspot\share\prims\jni.cpp, line 1070]

VM Operations (4 events):
Event: 0.135 Executing VM operation: HandshakeAllThreads
Event: 0.135 Executing VM operation: HandshakeAllThreads done
Event: 0.217 Executing VM operation: HandshakeAllThreads
Event: 0.217 Executing VM operation: HandshakeAllThreads done

Events (20 events):
Event: 0.050 Thread 0x000001511c1722d0 Thread added: 0x000001511c1722d0
Event: 0.050 Thread 0x000001511c172b80 Thread added: 0x000001511c172b80
Event: 0.050 Thread 0x000001511c173430 Thread added: 0x000001511c173430
Event: 0.051 Thread 0x000001511c174010 Thread added: 0x000001511c174010
Event: 0.051 Thread 0x000001511c176d10 Thread added: 0x000001511c176d10
Event: 0.055 Thread 0x0000015122530040 Thread added: 0x0000015122530040
Event: 0.113 Thread 0x00000151225cd100 Thread added: 0x00000151225cd100
Event: 0.162 Loaded shared library C:\Users\Abobus\.jdks\openjdk-18.0.1.1\bin\zip.dll
Event: 0.171 Loaded shared library C:\Users\Abobus\.jdks\openjdk-18.0.1.1\bin\instrument.dll
Event: 0.183 Loaded shared library C:\Users\Abobus\.jdks\openjdk-18.0.1.1\bin\net.dll
Event: 0.187 Loaded shared library C:\Users\Abobus\.jdks\openjdk-18.0.1.1\bin\nio.dll
Event: 0.194 Loaded shared library C:\Users\Abobus\.jdks\openjdk-18.0.1.1\bin\zip.dll
Event: 0.212 Loaded shared library C:\Program Files\JetBrains\IntelliJ IDEA Community Edition 2022.1.1\bin\breakgen64.dll
Event: 0.213 Thread 0x00000151226fe030 Thread added: 0x00000151226fe030
Event: 0.213 Thread 0x00000151226fe4f0 Thread added: 0x00000151226fe4f0
Event: 0.218 Loaded shared library C:\Users\Abobus\IdeaProjects\Editor\Editor\src\BitMaPNativeLib\BitMaPNativeLib.dll
Event: 0.221 Loaded shared library C:\Users\Abobus\IdeaProjects\Editor\Editor\src\BitMaPNativeLib\BitMaPFileHeaderNativeLib.dll
Event: 0.224 Loaded shared library C:\Users\Abobus\IdeaProjects\Editor\Editor\src\BitMaPNativeLib\BitMaPDIBHeaderNativeLib.dll
Event: 0.227 Loaded shared library C:\Users\Abobus\IdeaProjects\Editor\Editor\src\BitMaPNativeLib\BitMaPDIBColorProfileNativeLib.dll
Event: 0.229 Loaded shared library C:\Users\Abobus\IdeaProjects\Editor\Editor\src\BitMaPNativeLib\BitMaPDataNativeLib.dll


Dynamic libraries:
0x00007ff7ecb50000 - 0x00007ff7ecb5e000 	C:\Users\Abobus\.jdks\openjdk-18.0.1.1\bin\java.exe
0x00007ffc539c0000 - 0x00007ffc53bc9000 	C:\WINDOWS\SYSTEM32\ntdll.dll
0x00007ffc52240000 - 0x00007ffc522fd000 	C:\WINDOWS\System32\KERNEL32.DLL
0x00007ffc51080000 - 0x00007ffc513f9000 	C:\WINDOWS\System32\KERNELBASE.dll
0x00007ffc51400000 - 0x00007ffc51511000 	C:\WINDOWS\System32\ucrtbase.dll
0x00007ffc4c4a0000 - 0x00007ffc4c4b7000 	C:\Users\Abobus\.jdks\openjdk-18.0.1.1\bin\jli.dll
0x00007ffc4c4c0000 - 0x00007ffc4c4da000 	C:\Users\Abobus\.jdks\openjdk-18.0.1.1\bin\VCRUNTIME140.dll
0x00007ffc52ae0000 - 0x00007ffc52c8c000 	C:\WINDOWS\System32\USER32.dll
0x00007ffc3e4d0000 - 0x00007ffc3e775000 	C:\WINDOWS\WinSxS\amd64_microsoft.windows.common-controls_6595b64144ccf1df_6.0.22000.120_none_9d947278b86cc467\COMCTL32.dll
0x00007ffc50f30000 - 0x00007ffc50f56000 	C:\WINDOWS\System32\win32u.dll
0x00007ffc538d0000 - 0x00007ffc53973000 	C:\WINDOWS\System32\msvcrt.dll
0x00007ffc529c0000 - 0x00007ffc529e9000 	C:\WINDOWS\System32\GDI32.dll
0x00007ffc50f60000 - 0x00007ffc51072000 	C:\WINDOWS\System32\gdi32full.dll
0x00007ffc515e0000 - 0x00007ffc5167d000 	C:\WINDOWS\System32\msvcp_win.dll
0x00007ffc529f0000 - 0x00007ffc52a21000 	C:\WINDOWS\System32\IMM32.DLL
0x00007ffc50370000 - 0x00007ffc503a6000 	C:\WINDOWS\system32\DriverStore\FileRepository\nvlti.inf_amd64_83a389b28f4c421e\nvinitx.dll
0x00007ffc51c50000 - 0x00007ffc51cfe000 	C:\WINDOWS\System32\ADVAPI32.dll
0x00007ffc521a0000 - 0x00007ffc5223e000 	C:\WINDOWS\System32\sechost.dll
0x00007ffc50360000 - 0x00007ffc5036a000 	C:\WINDOWS\SYSTEM32\VERSION.dll
0x00007ffc52380000 - 0x00007ffc524a0000 	C:\WINDOWS\System32\RPCRT4.dll
0x00007ffc52ec0000 - 0x00007ffc5366f000 	C:\WINDOWS\System32\Shell32.dll
0x00007ffc4efd0000 - 0x00007ffc4f838000 	C:\WINDOWS\SYSTEM32\windows.storage.dll
0x00007ffc524a0000 - 0x00007ffc52818000 	C:\WINDOWS\System32\combase.dll
0x00007ffc4ee60000 - 0x00007ffc4efc6000 	C:\WINDOWS\SYSTEM32\wintypes.dll
0x00007ffc51860000 - 0x00007ffc5194a000 	C:\WINDOWS\System32\SHCORE.dll
0x00007ffc53870000 - 0x00007ffc538cd000 	C:\WINDOWS\System32\shlwapi.dll
0x000000005cbc0000 - 0x000000005cbc6000 	C:\Program Files\NVIDIA Corporation\CoProcManager\_etoured.dll
0x00007ffc40e60000 - 0x00007ffc40ea3000 	C:\Program Files\NVIDIA Corporation\CoProcManager\nvd3d9wrapx.dll
0x00007ffc51d10000 - 0x00007ffc5217c000 	C:\WINDOWS\System32\SETUPAPI.dll
0x00007ffc4e7f0000 - 0x00007ffc4e828000 	C:\WINDOWS\SYSTEM32\dxcore.dll
0x00007ffc40bf0000 - 0x00007ffc40c1d000 	C:\Program Files\NVIDIA Corporation\CoProcManager\nvdxgiwrapx.dll
0x00007ffc4d840000 - 0x00007ffc4d84c000 	C:\Users\Abobus\.jdks\openjdk-18.0.1.1\bin\vcruntime140_1.dll
0x00007ffc44270000 - 0x00007ffc442fd000 	C:\Users\Abobus\.jdks\openjdk-18.0.1.1\bin\msvcp140.dll
0x00007ffbfe3b0000 - 0x00007ffbfefc0000 	C:\Users\Abobus\.jdks\openjdk-18.0.1.1\bin\server\jvm.dll
0x00007ffc536d0000 - 0x00007ffc536d8000 	C:\WINDOWS\System32\PSAPI.DLL
0x00007ffc460b0000 - 0x00007ffc460b9000 	C:\WINDOWS\SYSTEM32\WSOCK32.dll
0x00007ffc4b790000 - 0x00007ffc4b7c3000 	C:\WINDOWS\SYSTEM32\WINMM.dll
0x00007ffc52e50000 - 0x00007ffc52ebf000 	C:\WINDOWS\System32\WS2_32.dll
0x00007ffc4ff60000 - 0x00007ffc4ff78000 	C:\WINDOWS\SYSTEM32\kernel.appcore.dll
0x00007ffc4c5b0000 - 0x00007ffc4c5ba000 	C:\Users\Abobus\.jdks\openjdk-18.0.1.1\bin\jimage.dll
0x00007ffc3c7d0000 - 0x00007ffc3c9f1000 	C:\WINDOWS\SYSTEM32\DBGHELP.DLL
0x00007ffc3c790000 - 0x00007ffc3c7c1000 	C:\WINDOWS\SYSTEM32\dbgcore.DLL
0x000001517e8f0000 - 0x000001517e96f000 	C:\WINDOWS\System32\bcryptPrimitives.dll
0x00007ffc44150000 - 0x00007ffc4415e000 	C:\Users\Abobus\.jdks\openjdk-18.0.1.1\bin\instrument.dll
0x00007ffc44240000 - 0x00007ffc44265000 	C:\Users\Abobus\.jdks\openjdk-18.0.1.1\bin\java.dll
0x00007ffc37ea0000 - 0x00007ffc37f76000 	C:\Users\Abobus\.jdks\openjdk-18.0.1.1\bin\jsvml.dll
0x00007ffc50de0000 - 0x00007ffc50e01000 	C:\WINDOWS\SYSTEM32\profapi.dll
0x00007ffc44200000 - 0x00007ffc44218000 	C:\Users\Abobus\.jdks\openjdk-18.0.1.1\bin\zip.dll
0x00007ffc45a20000 - 0x00007ffc45a33000 	C:\Users\Abobus\.jdks\openjdk-18.0.1.1\bin\net.dll
0x00007ffc4ab10000 - 0x00007ffc4ac1c000 	C:\WINDOWS\SYSTEM32\WINHTTP.dll
0x00007ffc50480000 - 0x00007ffc504e7000 	C:\WINDOWS\system32\mswsock.dll
0x00007ffc44220000 - 0x00007ffc44236000 	C:\Users\Abobus\.jdks\openjdk-18.0.1.1\bin\nio.dll
0x00007ffc40fe0000 - 0x00007ffc40ffa000 	C:\Program Files\JetBrains\IntelliJ IDEA Community Edition 2022.1.1\bin\breakgen64.dll
0x000000006a600000 - 0x000000006a614000 	C:\Users\Abobus\IdeaProjects\Editor\Editor\src\BitMaPNativeLib\BitMaPNativeLib.dll
0x0000000070ac0000 - 0x0000000070ad4000 	C:\Users\Abobus\IdeaProjects\Editor\Editor\src\BitMaPNativeLib\BitMaPFileHeaderNativeLib.dll
0x000000006f480000 - 0x000000006f495000 	C:\Users\Abobus\IdeaProjects\Editor\Editor\src\BitMaPNativeLib\BitMaPDIBHeaderNativeLib.dll
0x0000000069300000 - 0x0000000069315000 	C:\Users\Abobus\IdeaProjects\Editor\Editor\src\BitMaPNativeLib\BitMaPDIBColorProfileNativeLib.dll
0x000000006d040000 - 0x000000006d055000 	C:\Users\Abobus\IdeaProjects\Editor\Editor\src\BitMaPNativeLib\BitMaPDataNativeLib.dll

dbghelp: loaded successfully - version: 4.0.5 - missing functions: none
symbol engine: initialized successfully - sym options: 0x614 - pdb path: .;C:\Users\Abobus\.jdks\openjdk-18.0.1.1\bin;C:\WINDOWS\SYSTEM32;C:\WINDOWS\WinSxS\amd64_microsoft.windows.common-controls_6595b64144ccf1df_6.0.22000.120_none_9d947278b86cc467;C:\WINDOWS\system32\DriverStore\FileRepository\nvlti.inf_amd64_83a389b28f4c421e;C:\Program Files\NVIDIA Corporation\CoProcManager;C:\Users\Abobus\.jdks\openjdk-18.0.1.1\bin\server;C:\Program Files\JetBrains\IntelliJ IDEA Community Edition 2022.1.1\bin;C:\Users\Abobus\IdeaProjects\Editor\Editor\src\BitMaPNativeLib

VM Arguments:
jvm_args: -Djava.library.path=C:\Users\Abobus\IdeaProjects\Editor\Editor\src\BitMaPNativeLib -javaagent:C:\Program Files\JetBrains\IntelliJ IDEA Community Edition 2022.1.1\lib\idea_rt.jar=54410:C:\Program Files\JetBrains\IntelliJ IDEA Community Edition 2022.1.1\bin -Dfile.encoding=UTF-8 
java_command: Main
java_class_path (initial): C:\Users\Abobus\IdeaProjects\Editor\Editor\out\production\Editor
Launcher Type: SUN_STANDARD

[Global flags]
     intx CICompilerCount                          = 3                                         {product} {ergonomic}
     uint ConcGCThreads                            = 1                                         {product} {ergonomic}
     uint G1ConcRefinementThreads                  = 4                                         {product} {ergonomic}
   size_t G1HeapRegionSize                         = 1048576                                   {product} {ergonomic}
    uintx GCDrainStackTargetSize                   = 64                                        {product} {ergonomic}
   size_t InitialHeapSize                          = 134217728                                 {product} {ergonomic}
   size_t MarkStackSize                            = 4194304                                   {product} {ergonomic}
   size_t MaxHeapSize                              = 2122317824                                {product} {ergonomic}
   size_t MaxNewSize                               = 1272971264                                {product} {ergonomic}
   size_t MinHeapDeltaBytes                        = 1048576                                   {product} {ergonomic}
   size_t MinHeapSize                              = 8388608                                   {product} {ergonomic}
    uintx NonNMethodCodeHeapSize                   = 5832780                                {pd product} {ergonomic}
    uintx NonProfiledCodeHeapSize                  = 122912730                              {pd product} {ergonomic}
    uintx ProfiledCodeHeapSize                     = 122912730                              {pd product} {ergonomic}
    uintx ReservedCodeCacheSize                    = 251658240                              {pd product} {ergonomic}
     bool SegmentedCodeCache                       = true                                      {product} {ergonomic}
   size_t SoftMaxHeapSize                          = 2122317824                             {manageable} {ergonomic}
     bool UseCompressedClassPointers               = true                           {product lp64_product} {ergonomic}
     bool UseCompressedOops                        = true                           {product lp64_product} {ergonomic}
     bool UseG1GC                                  = true                                      {product} {ergonomic}
     bool UseLargePagesIndividualAllocation        = false                                  {pd product} {ergonomic}

Logging:
Log output configuration:
 #0: stdout all=warning uptime,level,tags foldmultilines=false
 #1: stderr all=off uptime,level,tags foldmultilines=false

Environment Variables:
PATH=C:\Program Files\Eclipse Adoptium\jdk-18.0.1.10-hotspot\bin;C:\WINDOWS\system32;C:\WINDOWS;C:\WINDOWS\System32\Wbem;C:\WINDOWS\System32\WindowsPowerShell\v1.0\;C:\WINDOWS\System32\OpenSSH\;C:\Program Files (x86)\NVIDIA Corporation\PhysX\Common;C:\Program Files\Microsoft SQL Server\150\Tools\Binn\;C:\Program Files\Microsoft SQL Server\Client SDK\ODBC\170\Tools\Binn\;C:\Program Files\dotnet\;C:\Program Files\Git\cmd;C:\Users\Abobus\AppData\Local\Microsoft\WindowsApps;C:\Users\Abobus\.dotnet\tools;C:\MinGW\bin;C:\MinGW\msys\1.0\bin;
USERNAME=Abobus
OS=Windows_NT
PROCESSOR_IDENTIFIER=Intel64 Family 6 Model 42 Stepping 7, GenuineIntel



---------------  S Y S T E M  ---------------

OS:
 Windows 11 , 64 bit Build 22000 (10.0.22000.675)
OS uptime: 12 days 9:36 hours

CPU: total 4 (initial active 4) (2 cores per cpu, 2 threads per core) family 6 model 42 stepping 7 microcode 0x2f, cx8, cmov, fxsr, ht, mmx, sse, sse2, sse3, ssse3, sse4.1, sse4.2, popcnt, tsc, tscinvbit, avx, aes, clmul, vzeroupper, clflush

Memory: 4k page, system-wide physical 8089M (991M free)
TotalPageFile size 15513M (AvailPageFile size 3342M)
current process WorkingSet (physical memory assigned to process): 37M, peak: 37M
current process commit charge ("private bytes"): 203M, peak: 203M

vm_info: OpenJDK 64-Bit Server VM (18.0.1.1+2-6) for windows-amd64 JRE (18.0.1.1+2-6), built on Apr 25 2022 21:50:56 by "mach5one" with MS VC++ 16.8 / 16.9 (VS2019)

END.
