#
# A fatal error has been detected by the Java Runtime Environment:
#
#  EXCEPTION_ACCESS_VIOLATION (0xc0000005) at pc=0x00007ffbfe3c10d0, pid=6348, tid=4192
#
# JRE version: OpenJDK Runtime Environment (18.0.1.1+2) (build 18.0.1.1+2-6)
# Java VM: OpenJDK 64-Bit Server VM (18.0.1.1+2-6, mixed mode, sharing, tiered, compressed oops, compressed class ptrs, g1 gc, windows-amd64)
# Problematic frame:
# V  [jvm.dll+0x110d0]
#
# No core dump will be written. Minidumps are not enabled by default on client versions of Windows
#
# If you would like to submit a bug report, please visit:
#   https://bugreport.java.com/bugreport/crash.jsp
#

---------------  S U M M A R Y ------------

Command Line: -agentlib:jdwp=transport=dt_socket,address=127.0.0.1:53471,suspend=y,server=n -Djava.library.path=C:\Users\Abobus\IdeaProjects\Editor\Editor\src\BitMaPNativeLib -javaagent:C:\Users\Abobus\AppData\Local\JetBrains\IdeaIC2022.1\captureAgent\debugger-agent.jar -Dfile.encoding=UTF-8 Main

Host: Intel(R) Core(TM) i5-2450M CPU @ 2.50GHz, 4 cores, 7G,  Windows 11 , 64 bit Build 22000 (10.0.22000.675)
Time: Sat Jun 18 03:12:31 2022  Windows 11 , 64 bit Build 22000 (10.0.22000.675) elapsed time: 2.201931 seconds (0d 0h 0m 2s)

---------------  T H R E A D  ---------------

Current thread (0x000001f9997878e0):  JavaThread "main" [_thread_in_vm, id=4192, stack(0x000000a753700000,0x000000a753800000)]

Stack: [0x000000a753700000,0x000000a753800000],  sp=0x000000a7537ff008,  free space=1020k
Native frames: (J=compiled Java code, j=interpreted, Vv=VM code, C=native code)
V  [jvm.dll+0x110d0]

Java frames: (J=compiled Java code, j=interpreted, Vv=VM code)
j  BitMaPNativeLib.BitMaP$Data.readFromFile(Ljava/lang/String;II)[[LBitMaPNativeLib/Pixel;+0
j  BitMaPNativeLib.BitMaP$Data.<init>(LBitMaPNativeLib/BitMaP;Ljava/lang/String;)V+21
j  BitMaPNativeLib.BitMaP.<init>(Ljava/lang/String;)V+66
j  Main.main([Ljava/lang/String;)V+14
v  ~StubRoutines::call_stub

siginfo: EXCEPTION_ACCESS_VIOLATION (0xc0000005), reading address 0x0000000000000000


Register to memory mapping:

RIP=0x00007ffbfe3c10d0 jvm.dll
RAX=0x0 is NULL
RBX=0x0 is NULL
RCX=0x0 is NULL
RDX=0x0 is NULL
RSP=0x000000a7537ff008 is pointing into the stack for thread: 0x000001f9997878e0
RBP=0x0 is NULL
RSI=0x0 is NULL
RDI=0x000001f9997878e0 is a thread
R8 =0x0 is NULL
R9 =0x000001f9996fc3d0 points into unknown readable memory: 0x65746e6900000002 | 02 00 00 00 69 6e 74 65
R10=0x000001f9997878e0 is a thread
R11=0x000000a7537ff008 is pointing into the stack for thread: 0x000001f9997878e0
R12=0x0 is NULL
R13={method} {0x000001f9b78077f0} 'readFromFile' '(Ljava/lang/String;II)[[LBitMaPNativeLib/Pixel;' in 'BitMaPNativeLib/BitMaP$Data'
R14=0x000000a7537ff300 is pointing into the stack for thread: 0x000001f9997878e0
R15=0x000001f9997878e0 is a thread


Registers:
RAX=0x0000000000000000, RBX=0x0000000000000000, RCX=0x0000000000000000, RDX=0x0000000000000000
RSP=0x000000a7537ff008, RBP=0x0000000000000000, RSI=0x0000000000000000, RDI=0x000001f9997878e0
R8 =0x0000000000000000, R9 =0x000001f9996fc3d0, R10=0x000001f9997878e0, R11=0x000000a7537ff008
R12=0x0000000000000000, R13=0x000001f9b78077e8, R14=0x000000a7537ff300, R15=0x000001f9997878e0
RIP=0x00007ffbfe3c10d0, EFLAGS=0x0000000000010246

Top of Stack: (sp=0x000000a7537ff008)
0x000000a7537ff008:   00007ffbfe7b597f 0000000000000000
0x000000a7537ff018:   0000000800441040 0000000000000000
0x000000a7537ff028:   000001f9996fcc90 000001f999787db0
0x000000a7537ff038:   000001f9997878e0 00000000000003d8
0x000000a7537ff048:   000001f999788188 000001f9997878e0
0x000000a7537ff058:   000001f9975ce550 000001f900000902
0x000000a7537ff068:   00007ffbfece5640 00007ffbfec8df28
0x000000a7537ff078:   0000005000000000 0000000000000026
0x000000a7537ff088:   0000000000000000 0000000000000000
0x000000a7537ff098:   0000000000000000 0000000000000000
0x000000a7537ff0a8:   000000a7537ff0c1 0000000000000026
0x000000a7537ff0b8:   0000000000000030 34207865646e4900
0x000000a7537ff0c8:   6f2074756f203632 73646e756f622066
0x000000a7537ff0d8:   6e656c20726f6620 0036323420687467
0x000000a7537ff0e8:   00007ffbfece5640 00007ffbfece56c8
0x000000a7537ff0f8:   0000000800468cb8 0000fd662de0d0c2 

Instructions: (pc=0x00007ffbfe3c10d0)
0x00007ffbfe3c0fd0:   ec 02 aa 00 48 83 c4 20 5b 48 ff e0 48 8d 05 ed
0x00007ffbfe3c0fe0:   00 00 00 48 8b cb 48 89 05 d3 02 aa 00 48 83 c4
0x00007ffbfe3c0ff0:   20 5b 48 ff e0 48 8d 05 d4 00 00 00 48 8b cb 48
0x00007ffbfe3c1000:   89 05 ba 02 aa 00 48 83 c4 20 5b 48 ff e0 48 8b
0x00007ffbfe3c1010:   0d 2b 07 b1 00 8b 51 10 83 ea 01 0f 84 91 00 00
0x00007ffbfe3c1020:   00 83 ea 01 74 73 83 ea 01 74 55 83 fa 01 74 37
0x00007ffbfe3c1030:   4c 8d 0d f9 35 84 00 41 b8 e2 00 00 00 48 8d 15
0x00007ffbfe3c1040:   24 36 84 00 b9 00 00 00 e0 e8 92 b6 24 00 e8 9d
0x00007ffbfe3c1050:   73 68 00 33 c0 48 8b cb 48 89 05 61 02 aa 00 48
0x00007ffbfe3c1060:   83 c4 20 5b 48 ff e0 48 8d 05 72 00 00 00 48 8b
0x00007ffbfe3c1070:   cb 48 89 05 48 02 aa 00 48 83 c4 20 5b 48 ff e0
0x00007ffbfe3c1080:   48 8d 05 49 00 00 00 48 8b cb 48 89 05 2f 02 aa
0x00007ffbfe3c1090:   00 48 83 c4 20 5b 48 ff e0 48 8d 05 30 00 00 00
0x00007ffbfe3c10a0:   48 8b cb 48 89 05 16 02 aa 00 48 83 c4 20 5b 48
0x00007ffbfe3c10b0:   ff e0 48 8d 05 17 00 00 00 48 8b cb 48 89 05 fd
0x00007ffbfe3c10c0:   01 aa 00 48 83 c4 20 5b 48 ff e0 cc cc cc cc cc
0x00007ffbfe3c10d0:   48 8b 01 c3 cc cc cc cc cc cc cc cc cc cc cc cc
0x00007ffbfe3c10e0:   48 89 5c 24 08 57 48 83 ec 20 48 8b 39 48 8b d9
0x00007ffbfe3c10f0:   48 85 3d 01 23 b6 00 75 0e 48 8b c7 48 8b 5c 24
0x00007ffbfe3c1100:   30 48 83 c4 20 5f c3 48 8b cf e8 e1 29 81 00 48
0x00007ffbfe3c1110:   8b d0 48 85 c0 74 20 48 8b c7 f0 48 0f b1 13 74
0x00007ffbfe3c1120:   16 48 85 05 d0 22 b6 00 74 0d 48 8b c8 f0 48 0f
0x00007ffbfe3c1130:   b1 13 48 3b c1 75 ea 48 8b 5c 24 30 48 8b c2 48
0x00007ffbfe3c1140:   83 c4 20 5f c3 cc cc cc cc cc cc cc cc cc cc cc
0x00007ffbfe3c1150:   8b 44 24 30 45 03 c9 44 2b 4c 24 28 83 c0 0b 44
0x00007ffbfe3c1160:   03 ca 45 03 c8 41 03 c1 c3 cc cc cc cc cc cc cc
0x00007ffbfe3c1170:   48 8b 41 08 0f b7 48 2a 0f b7 40 28 83 c0 48 03
0x00007ffbfe3c1180:   c1 c3 cc cc cc cc cc cc cc cc cc cc cc cc cc cc
0x00007ffbfe3c1190:   48 89 5c 24 08 57 48 83 ec 20 0f b6 05 9f 2a b6
0x00007ffbfe3c11a0:   00 48 8b fa 48 8b d9 84 c0 74 4f 48 85 15 46 22
0x00007ffbfe3c11b0:   b6 00 74 38 48 8b ca e8 44 2c 81 00 48 8b d0 48
0x00007ffbfe3c11c0:   85 db 74 25 48 85 c0 74 20 48 8b c7 f0 48 0f b1 


Stack slot to memory mapping:
stack at sp + 0 slots: 0x00007ffbfe7b597f jvm.dll
stack at sp + 1 slots: 0x0 is NULL
stack at sp + 2 slots: 0x0000000800441040 is pointing into metadata
stack at sp + 3 slots: 0x0 is NULL
stack at sp + 4 slots: 0x000001f9996fcc90 points into unknown readable memory: 0x005f006d00000002 | 02 00 00 00 6d 00 5f 00
stack at sp + 5 slots: 0x000001f999787db0 points into unknown readable memory: 0x3234207865646e49 | 49 6e 64 65 78 20 34 32
stack at sp + 6 slots: 0x000001f9997878e0 is a thread
stack at sp + 7 slots: 0x00000000000003d8 is an unknown value


---------------  P R O C E S S  ---------------

Threads class SMR info:
_java_thread_list=0x000001f9bb4c8190, length=15, elements={
0x000001f9997878e0, 0x000001f9b4d448c0, 0x000001f9b4d47cd0, 0x000001f9b4d52690,
0x000001f9b4d53030, 0x000001f9b4d54170, 0x000001f9b4d54b10, 0x000001f9b4d557e0,
0x000001f9b4d56f00, 0x000001f9b4d634a0, 0x000001f9b4d2abc0, 0x000001f9bb554de0,
0x000001f9bb5b9ca0, 0x000001f9bb5ba180, 0x000001f9bb5e18b0
}

Java Threads: ( => current thread )
=>0x000001f9997878e0 JavaThread "main" [_thread_in_vm, id=4192, stack(0x000000a753700000,0x000000a753800000)]
  0x000001f9b4d448c0 JavaThread "Reference Handler" daemon [_thread_blocked, id=5320, stack(0x000000a753e00000,0x000000a753f00000)]
  0x000001f9b4d47cd0 JavaThread "Finalizer" daemon [_thread_blocked, id=18320, stack(0x000000a753f00000,0x000000a754000000)]
  0x000001f9b4d52690 JavaThread "Signal Dispatcher" daemon [_thread_blocked, id=19256, stack(0x000000a754000000,0x000000a754100000)]
  0x000001f9b4d53030 JavaThread "Attach Listener" daemon [_thread_blocked, id=10016, stack(0x000000a754100000,0x000000a754200000)]
  0x000001f9b4d54170 JavaThread "Service Thread" daemon [_thread_blocked, id=1996, stack(0x000000a754200000,0x000000a754300000)]
  0x000001f9b4d54b10 JavaThread "Monitor Deflation Thread" daemon [_thread_blocked, id=6564, stack(0x000000a754300000,0x000000a754400000)]
  0x000001f9b4d557e0 JavaThread "C2 CompilerThread0" daemon [_thread_blocked, id=11672, stack(0x000000a754400000,0x000000a754500000)]
  0x000001f9b4d56f00 JavaThread "C1 CompilerThread0" daemon [_thread_blocked, id=19932, stack(0x000000a754500000,0x000000a754600000)]
  0x000001f9b4d634a0 JavaThread "Sweeper thread" daemon [_thread_blocked, id=4664, stack(0x000000a754600000,0x000000a754700000)]
  0x000001f9b4d2abc0 JavaThread "Common-Cleaner" daemon [_thread_blocked, id=9648, stack(0x000000a754700000,0x000000a754800000)]
  0x000001f9bb554de0 JavaThread "JDWP Transport Listener: dt_socket" daemon [_thread_blocked, id=17196, stack(0x000000a754800000,0x000000a754900000)]
  0x000001f9bb5b9ca0 JavaThread "JDWP Event Helper Thread" daemon [_thread_blocked, id=16536, stack(0x000000a754900000,0x000000a754a00000)]
  0x000001f9bb5ba180 JavaThread "JDWP Command Reader" daemon [_thread_in_native, id=5960, stack(0x000000a754a00000,0x000000a754b00000)]
  0x000001f9bb5e18b0 JavaThread "Notification Thread" daemon [_thread_blocked, id=12644, stack(0x000000a754b00000,0x000000a754c00000)]

Other Threads:
  0x000001f9b4bb6e50 VMThread "VM Thread" [stack: 0x000000a753d00000,0x000000a753e00000] [id=2260]
  0x000001f9bb5e1d70 WatcherThread "VM Periodic Task Thread" [stack: 0x000000a754c00000,0x000000a754d00000] [id=14624]
  0x000001f9997e8360 WorkerThread "GC Thread#0" [stack: 0x000000a753800000,0x000000a753900000] [id=7592]
  0x000001f9b4babe60 ConcurrentGCThread "G1 Main Marker" [stack: 0x000000a753900000,0x000000a753a00000] [id=9016]
  0x000001f9b4bacc20 WorkerThread "G1 Conc#0" [stack: 0x000000a753a00000,0x000000a753b00000] [id=15376]
  0x000001f9b4bf24e0 ConcurrentGCThread "G1 Refine#0" [stack: 0x000000a753b00000,0x000000a753c00000] [id=11388]
  0x000001f9b4bf2df0 ConcurrentGCThread "G1 Service" [stack: 0x000000a753c00000,0x000000a753d00000] [id=8992]

Threads with active compile tasks:

VM state: not at safepoint (normal execution)

VM Mutex/Monitor currently owned by a thread: None

Heap address: 0x0000000081800000, size: 2024 MB, Compressed Oops mode: 32-bit

CDS archive(s) mapped at: [0x0000000800000000-0x0000000800b90000-0x0000000800b90000), size 12124160, SharedBaseAddress: 0x0000000800000000, ArchiveRelocationMode: 0.
Compressed class space mapped at: 0x0000000800c00000-0x0000000840c00000, reserved size: 1073741824
Narrow klass base: 0x0000000800000000, Narrow klass shift: 0, Narrow klass range: 0x100000000

GC Precious Log:
 CardTable entry size: 512
 Card Set container configuration: InlinePtr #cards 5 size 8 Array Of Cards #cards 12 size 40 Howl #buckets 4 coarsen threshold 1843 Howl Bitmap #cards 512 size 80 coarsen threshold 460 Card regions per heap region 1 cards per card region 2048
 CPUs: 4 total, 4 available
 Memory: 8089M
 Large Page Support: Disabled
 NUMA Support: Disabled
 Compressed Oops: Enabled (32-bit)
 Heap Region Size: 1M
 Heap Min Capacity: 8M
 Heap Initial Capacity: 128M
 Heap Max Capacity: 2024M
 Pre-touch: Disabled
 Parallel Workers: 4
 Concurrent Workers: 1
 Concurrent Refinement Workers: 4
 Periodic GC: Disabled

Heap:
 garbage-first heap   total 131072K, used 4096K [0x0000000081800000, 0x0000000100000000)
  region size 1024K, 5 young (5120K), 0 survivors (0K)
 Metaspace       used 423K, committed 576K, reserved 1114112K
  class space    used 26K, committed 128K, reserved 1048576K

Heap Regions: E=young(eden), S=young(survivor), O=old, HS=humongous(starts), HC=humongous(continues), CS=collection set, F=free, OA=open archive, CA=closed archive, TAMS=top-at-mark-start (previous, next)
|   0|0x0000000081800000, 0x0000000081800000, 0x0000000081900000|  0%| F|  |TAMS 0x0000000081800000, 0x0000000081800000| Untracked 
|   1|0x0000000081900000, 0x0000000081900000, 0x0000000081a00000|  0%| F|  |TAMS 0x0000000081900000, 0x0000000081900000| Untracked 
|   2|0x0000000081a00000, 0x0000000081a00000, 0x0000000081b00000|  0%| F|  |TAMS 0x0000000081a00000, 0x0000000081a00000| Untracked 
|   3|0x0000000081b00000, 0x0000000081b00000, 0x0000000081c00000|  0%| F|  |TAMS 0x0000000081b00000, 0x0000000081b00000| Untracked 
|   4|0x0000000081c00000, 0x0000000081c00000, 0x0000000081d00000|  0%| F|  |TAMS 0x0000000081c00000, 0x0000000081c00000| Untracked 
|   5|0x0000000081d00000, 0x0000000081d00000, 0x0000000081e00000|  0%| F|  |TAMS 0x0000000081d00000, 0x0000000081d00000| Untracked 
|   6|0x0000000081e00000, 0x0000000081e00000, 0x0000000081f00000|  0%| F|  |TAMS 0x0000000081e00000, 0x0000000081e00000| Untracked 
|   7|0x0000000081f00000, 0x0000000081f00000, 0x0000000082000000|  0%| F|  |TAMS 0x0000000081f00000, 0x0000000081f00000| Untracked 
|   8|0x0000000082000000, 0x0000000082000000, 0x0000000082100000|  0%| F|  |TAMS 0x0000000082000000, 0x0000000082000000| Untracked 
|   9|0x0000000082100000, 0x0000000082100000, 0x0000000082200000|  0%| F|  |TAMS 0x0000000082100000, 0x0000000082100000| Untracked 
|  10|0x0000000082200000, 0x0000000082200000, 0x0000000082300000|  0%| F|  |TAMS 0x0000000082200000, 0x0000000082200000| Untracked 
|  11|0x0000000082300000, 0x0000000082300000, 0x0000000082400000|  0%| F|  |TAMS 0x0000000082300000, 0x0000000082300000| Untracked 
|  12|0x0000000082400000, 0x0000000082400000, 0x0000000082500000|  0%| F|  |TAMS 0x0000000082400000, 0x0000000082400000| Untracked 
|  13|0x0000000082500000, 0x0000000082500000, 0x0000000082600000|  0%| F|  |TAMS 0x0000000082500000, 0x0000000082500000| Untracked 
|  14|0x0000000082600000, 0x0000000082600000, 0x0000000082700000|  0%| F|  |TAMS 0x0000000082600000, 0x0000000082600000| Untracked 
|  15|0x0000000082700000, 0x0000000082700000, 0x0000000082800000|  0%| F|  |TAMS 0x0000000082700000, 0x0000000082700000| Untracked 
|  16|0x0000000082800000, 0x0000000082800000, 0x0000000082900000|  0%| F|  |TAMS 0x0000000082800000, 0x0000000082800000| Untracked 
|  17|0x0000000082900000, 0x0000000082900000, 0x0000000082a00000|  0%| F|  |TAMS 0x0000000082900000, 0x0000000082900000| Untracked 
|  18|0x0000000082a00000, 0x0000000082a00000, 0x0000000082b00000|  0%| F|  |TAMS 0x0000000082a00000, 0x0000000082a00000| Untracked 
|  19|0x0000000082b00000, 0x0000000082b00000, 0x0000000082c00000|  0%| F|  |TAMS 0x0000000082b00000, 0x0000000082b00000| Untracked 
|  20|0x0000000082c00000, 0x0000000082c00000, 0x0000000082d00000|  0%| F|  |TAMS 0x0000000082c00000, 0x0000000082c00000| Untracked 
|  21|0x0000000082d00000, 0x0000000082d00000, 0x0000000082e00000|  0%| F|  |TAMS 0x0000000082d00000, 0x0000000082d00000| Untracked 
|  22|0x0000000082e00000, 0x0000000082e00000, 0x0000000082f00000|  0%| F|  |TAMS 0x0000000082e00000, 0x0000000082e00000| Untracked 
|  23|0x0000000082f00000, 0x0000000082f00000, 0x0000000083000000|  0%| F|  |TAMS 0x0000000082f00000, 0x0000000082f00000| Untracked 
|  24|0x0000000083000000, 0x0000000083000000, 0x0000000083100000|  0%| F|  |TAMS 0x0000000083000000, 0x0000000083000000| Untracked 
|  25|0x0000000083100000, 0x0000000083100000, 0x0000000083200000|  0%| F|  |TAMS 0x0000000083100000, 0x0000000083100000| Untracked 
|  26|0x0000000083200000, 0x0000000083200000, 0x0000000083300000|  0%| F|  |TAMS 0x0000000083200000, 0x0000000083200000| Untracked 
|  27|0x0000000083300000, 0x0000000083300000, 0x0000000083400000|  0%| F|  |TAMS 0x0000000083300000, 0x0000000083300000| Untracked 
|  28|0x0000000083400000, 0x0000000083400000, 0x0000000083500000|  0%| F|  |TAMS 0x0000000083400000, 0x0000000083400000| Untracked 
|  29|0x0000000083500000, 0x0000000083500000, 0x0000000083600000|  0%| F|  |TAMS 0x0000000083500000, 0x0000000083500000| Untracked 
|  30|0x0000000083600000, 0x0000000083600000, 0x0000000083700000|  0%| F|  |TAMS 0x0000000083600000, 0x0000000083600000| Untracked 
|  31|0x0000000083700000, 0x0000000083700000, 0x0000000083800000|  0%| F|  |TAMS 0x0000000083700000, 0x0000000083700000| Untracked 
|  32|0x0000000083800000, 0x0000000083800000, 0x0000000083900000|  0%| F|  |TAMS 0x0000000083800000, 0x0000000083800000| Untracked 
|  33|0x0000000083900000, 0x0000000083900000, 0x0000000083a00000|  0%| F|  |TAMS 0x0000000083900000, 0x0000000083900000| Untracked 
|  34|0x0000000083a00000, 0x0000000083a00000, 0x0000000083b00000|  0%| F|  |TAMS 0x0000000083a00000, 0x0000000083a00000| Untracked 
|  35|0x0000000083b00000, 0x0000000083b00000, 0x0000000083c00000|  0%| F|  |TAMS 0x0000000083b00000, 0x0000000083b00000| Untracked 
|  36|0x0000000083c00000, 0x0000000083c00000, 0x0000000083d00000|  0%| F|  |TAMS 0x0000000083c00000, 0x0000000083c00000| Untracked 
|  37|0x0000000083d00000, 0x0000000083d00000, 0x0000000083e00000|  0%| F|  |TAMS 0x0000000083d00000, 0x0000000083d00000| Untracked 
|  38|0x0000000083e00000, 0x0000000083e00000, 0x0000000083f00000|  0%| F|  |TAMS 0x0000000083e00000, 0x0000000083e00000| Untracked 
|  39|0x0000000083f00000, 0x0000000083f00000, 0x0000000084000000|  0%| F|  |TAMS 0x0000000083f00000, 0x0000000083f00000| Untracked 
|  40|0x0000000084000000, 0x0000000084000000, 0x0000000084100000|  0%| F|  |TAMS 0x0000000084000000, 0x0000000084000000| Untracked 
|  41|0x0000000084100000, 0x0000000084100000, 0x0000000084200000|  0%| F|  |TAMS 0x0000000084100000, 0x0000000084100000| Untracked 
|  42|0x0000000084200000, 0x0000000084200000, 0x0000000084300000|  0%| F|  |TAMS 0x0000000084200000, 0x0000000084200000| Untracked 
|  43|0x0000000084300000, 0x0000000084300000, 0x0000000084400000|  0%| F|  |TAMS 0x0000000084300000, 0x0000000084300000| Untracked 
|  44|0x0000000084400000, 0x0000000084400000, 0x0000000084500000|  0%| F|  |TAMS 0x0000000084400000, 0x0000000084400000| Untracked 
|  45|0x0000000084500000, 0x0000000084500000, 0x0000000084600000|  0%| F|  |TAMS 0x0000000084500000, 0x0000000084500000| Untracked 
|  46|0x0000000084600000, 0x0000000084600000, 0x0000000084700000|  0%| F|  |TAMS 0x0000000084600000, 0x0000000084600000| Untracked 
|  47|0x0000000084700000, 0x0000000084700000, 0x0000000084800000|  0%| F|  |TAMS 0x0000000084700000, 0x0000000084700000| Untracked 
|  48|0x0000000084800000, 0x0000000084800000, 0x0000000084900000|  0%| F|  |TAMS 0x0000000084800000, 0x0000000084800000| Untracked 
|  49|0x0000000084900000, 0x0000000084900000, 0x0000000084a00000|  0%| F|  |TAMS 0x0000000084900000, 0x0000000084900000| Untracked 
|  50|0x0000000084a00000, 0x0000000084a00000, 0x0000000084b00000|  0%| F|  |TAMS 0x0000000084a00000, 0x0000000084a00000| Untracked 
|  51|0x0000000084b00000, 0x0000000084b00000, 0x0000000084c00000|  0%| F|  |TAMS 0x0000000084b00000, 0x0000000084b00000| Untracked 
|  52|0x0000000084c00000, 0x0000000084c00000, 0x0000000084d00000|  0%| F|  |TAMS 0x0000000084c00000, 0x0000000084c00000| Untracked 
|  53|0x0000000084d00000, 0x0000000084d00000, 0x0000000084e00000|  0%| F|  |TAMS 0x0000000084d00000, 0x0000000084d00000| Untracked 
|  54|0x0000000084e00000, 0x0000000084e00000, 0x0000000084f00000|  0%| F|  |TAMS 0x0000000084e00000, 0x0000000084e00000| Untracked 
|  55|0x0000000084f00000, 0x0000000084f00000, 0x0000000085000000|  0%| F|  |TAMS 0x0000000084f00000, 0x0000000084f00000| Untracked 
|  56|0x0000000085000000, 0x0000000085000000, 0x0000000085100000|  0%| F|  |TAMS 0x0000000085000000, 0x0000000085000000| Untracked 
|  57|0x0000000085100000, 0x0000000085100000, 0x0000000085200000|  0%| F|  |TAMS 0x0000000085100000, 0x0000000085100000| Untracked 
|  58|0x0000000085200000, 0x0000000085200000, 0x0000000085300000|  0%| F|  |TAMS 0x0000000085200000, 0x0000000085200000| Untracked 
|  59|0x0000000085300000, 0x0000000085300000, 0x0000000085400000|  0%| F|  |TAMS 0x0000000085300000, 0x0000000085300000| Untracked 
|  60|0x0000000085400000, 0x0000000085400000, 0x0000000085500000|  0%| F|  |TAMS 0x0000000085400000, 0x0000000085400000| Untracked 
|  61|0x0000000085500000, 0x0000000085500000, 0x0000000085600000|  0%| F|  |TAMS 0x0000000085500000, 0x0000000085500000| Untracked 
|  62|0x0000000085600000, 0x0000000085600000, 0x0000000085700000|  0%| F|  |TAMS 0x0000000085600000, 0x0000000085600000| Untracked 
|  63|0x0000000085700000, 0x0000000085700000, 0x0000000085800000|  0%| F|  |TAMS 0x0000000085700000, 0x0000000085700000| Untracked 
|  64|0x0000000085800000, 0x0000000085800000, 0x0000000085900000|  0%| F|  |TAMS 0x0000000085800000, 0x0000000085800000| Untracked 
|  65|0x0000000085900000, 0x0000000085900000, 0x0000000085a00000|  0%| F|  |TAMS 0x0000000085900000, 0x0000000085900000| Untracked 
|  66|0x0000000085a00000, 0x0000000085a00000, 0x0000000085b00000|  0%| F|  |TAMS 0x0000000085a00000, 0x0000000085a00000| Untracked 
|  67|0x0000000085b00000, 0x0000000085b00000, 0x0000000085c00000|  0%| F|  |TAMS 0x0000000085b00000, 0x0000000085b00000| Untracked 
|  68|0x0000000085c00000, 0x0000000085c00000, 0x0000000085d00000|  0%| F|  |TAMS 0x0000000085c00000, 0x0000000085c00000| Untracked 
|  69|0x0000000085d00000, 0x0000000085d00000, 0x0000000085e00000|  0%| F|  |TAMS 0x0000000085d00000, 0x0000000085d00000| Untracked 
|  70|0x0000000085e00000, 0x0000000085e00000, 0x0000000085f00000|  0%| F|  |TAMS 0x0000000085e00000, 0x0000000085e00000| Untracked 
|  71|0x0000000085f00000, 0x0000000085f00000, 0x0000000086000000|  0%| F|  |TAMS 0x0000000085f00000, 0x0000000085f00000| Untracked 
|  72|0x0000000086000000, 0x0000000086000000, 0x0000000086100000|  0%| F|  |TAMS 0x0000000086000000, 0x0000000086000000| Untracked 
|  73|0x0000000086100000, 0x0000000086100000, 0x0000000086200000|  0%| F|  |TAMS 0x0000000086100000, 0x0000000086100000| Untracked 
|  74|0x0000000086200000, 0x0000000086200000, 0x0000000086300000|  0%| F|  |TAMS 0x0000000086200000, 0x0000000086200000| Untracked 
|  75|0x0000000086300000, 0x0000000086300000, 0x0000000086400000|  0%| F|  |TAMS 0x0000000086300000, 0x0000000086300000| Untracked 
|  76|0x0000000086400000, 0x0000000086400000, 0x0000000086500000|  0%| F|  |TAMS 0x0000000086400000, 0x0000000086400000| Untracked 
|  77|0x0000000086500000, 0x0000000086500000, 0x0000000086600000|  0%| F|  |TAMS 0x0000000086500000, 0x0000000086500000| Untracked 
|  78|0x0000000086600000, 0x0000000086600000, 0x0000000086700000|  0%| F|  |TAMS 0x0000000086600000, 0x0000000086600000| Untracked 
|  79|0x0000000086700000, 0x0000000086700000, 0x0000000086800000|  0%| F|  |TAMS 0x0000000086700000, 0x0000000086700000| Untracked 
|  80|0x0000000086800000, 0x0000000086800000, 0x0000000086900000|  0%| F|  |TAMS 0x0000000086800000, 0x0000000086800000| Untracked 
|  81|0x0000000086900000, 0x0000000086900000, 0x0000000086a00000|  0%| F|  |TAMS 0x0000000086900000, 0x0000000086900000| Untracked 
|  82|0x0000000086a00000, 0x0000000086a00000, 0x0000000086b00000|  0%| F|  |TAMS 0x0000000086a00000, 0x0000000086a00000| Untracked 
|  83|0x0000000086b00000, 0x0000000086b00000, 0x0000000086c00000|  0%| F|  |TAMS 0x0000000086b00000, 0x0000000086b00000| Untracked 
|  84|0x0000000086c00000, 0x0000000086c00000, 0x0000000086d00000|  0%| F|  |TAMS 0x0000000086c00000, 0x0000000086c00000| Untracked 
|  85|0x0000000086d00000, 0x0000000086d00000, 0x0000000086e00000|  0%| F|  |TAMS 0x0000000086d00000, 0x0000000086d00000| Untracked 
|  86|0x0000000086e00000, 0x0000000086e00000, 0x0000000086f00000|  0%| F|  |TAMS 0x0000000086e00000, 0x0000000086e00000| Untracked 
|  87|0x0000000086f00000, 0x0000000086f00000, 0x0000000087000000|  0%| F|  |TAMS 0x0000000086f00000, 0x0000000086f00000| Untracked 
|  88|0x0000000087000000, 0x0000000087000000, 0x0000000087100000|  0%| F|  |TAMS 0x0000000087000000, 0x0000000087000000| Untracked 
|  89|0x0000000087100000, 0x0000000087100000, 0x0000000087200000|  0%| F|  |TAMS 0x0000000087100000, 0x0000000087100000| Untracked 
|  90|0x0000000087200000, 0x0000000087200000, 0x0000000087300000|  0%| F|  |TAMS 0x0000000087200000, 0x0000000087200000| Untracked 
|  91|0x0000000087300000, 0x0000000087300000, 0x0000000087400000|  0%| F|  |TAMS 0x0000000087300000, 0x0000000087300000| Untracked 
|  92|0x0000000087400000, 0x0000000087400000, 0x0000000087500000|  0%| F|  |TAMS 0x0000000087400000, 0x0000000087400000| Untracked 
|  93|0x0000000087500000, 0x0000000087500000, 0x0000000087600000|  0%| F|  |TAMS 0x0000000087500000, 0x0000000087500000| Untracked 
|  94|0x0000000087600000, 0x0000000087600000, 0x0000000087700000|  0%| F|  |TAMS 0x0000000087600000, 0x0000000087600000| Untracked 
|  95|0x0000000087700000, 0x0000000087700000, 0x0000000087800000|  0%| F|  |TAMS 0x0000000087700000, 0x0000000087700000| Untracked 
|  96|0x0000000087800000, 0x0000000087800000, 0x0000000087900000|  0%| F|  |TAMS 0x0000000087800000, 0x0000000087800000| Untracked 
|  97|0x0000000087900000, 0x0000000087900000, 0x0000000087a00000|  0%| F|  |TAMS 0x0000000087900000, 0x0000000087900000| Untracked 
|  98|0x0000000087a00000, 0x0000000087a00000, 0x0000000087b00000|  0%| F|  |TAMS 0x0000000087a00000, 0x0000000087a00000| Untracked 
|  99|0x0000000087b00000, 0x0000000087b00000, 0x0000000087c00000|  0%| F|  |TAMS 0x0000000087b00000, 0x0000000087b00000| Untracked 
| 100|0x0000000087c00000, 0x0000000087c00000, 0x0000000087d00000|  0%| F|  |TAMS 0x0000000087c00000, 0x0000000087c00000| Untracked 
| 101|0x0000000087d00000, 0x0000000087d00000, 0x0000000087e00000|  0%| F|  |TAMS 0x0000000087d00000, 0x0000000087d00000| Untracked 
| 102|0x0000000087e00000, 0x0000000087e00000, 0x0000000087f00000|  0%| F|  |TAMS 0x0000000087e00000, 0x0000000087e00000| Untracked 
| 103|0x0000000087f00000, 0x0000000087f00000, 0x0000000088000000|  0%| F|  |TAMS 0x0000000087f00000, 0x0000000087f00000| Untracked 
| 104|0x0000000088000000, 0x0000000088000000, 0x0000000088100000|  0%| F|  |TAMS 0x0000000088000000, 0x0000000088000000| Untracked 
| 105|0x0000000088100000, 0x0000000088100000, 0x0000000088200000|  0%| F|  |TAMS 0x0000000088100000, 0x0000000088100000| Untracked 
| 106|0x0000000088200000, 0x0000000088200000, 0x0000000088300000|  0%| F|  |TAMS 0x0000000088200000, 0x0000000088200000| Untracked 
| 107|0x0000000088300000, 0x0000000088300000, 0x0000000088400000|  0%| F|  |TAMS 0x0000000088300000, 0x0000000088300000| Untracked 
| 108|0x0000000088400000, 0x0000000088400000, 0x0000000088500000|  0%| F|  |TAMS 0x0000000088400000, 0x0000000088400000| Untracked 
| 109|0x0000000088500000, 0x0000000088500000, 0x0000000088600000|  0%| F|  |TAMS 0x0000000088500000, 0x0000000088500000| Untracked 
| 110|0x0000000088600000, 0x0000000088600000, 0x0000000088700000|  0%| F|  |TAMS 0x0000000088600000, 0x0000000088600000| Untracked 
| 111|0x0000000088700000, 0x0000000088700000, 0x0000000088800000|  0%| F|  |TAMS 0x0000000088700000, 0x0000000088700000| Untracked 
| 112|0x0000000088800000, 0x0000000088800000, 0x0000000088900000|  0%| F|  |TAMS 0x0000000088800000, 0x0000000088800000| Untracked 
| 113|0x0000000088900000, 0x0000000088900000, 0x0000000088a00000|  0%| F|  |TAMS 0x0000000088900000, 0x0000000088900000| Untracked 
| 114|0x0000000088a00000, 0x0000000088a00000, 0x0000000088b00000|  0%| F|  |TAMS 0x0000000088a00000, 0x0000000088a00000| Untracked 
| 115|0x0000000088b00000, 0x0000000088b00000, 0x0000000088c00000|  0%| F|  |TAMS 0x0000000088b00000, 0x0000000088b00000| Untracked 
| 116|0x0000000088c00000, 0x0000000088c00000, 0x0000000088d00000|  0%| F|  |TAMS 0x0000000088c00000, 0x0000000088c00000| Untracked 
| 117|0x0000000088d00000, 0x0000000088d00000, 0x0000000088e00000|  0%| F|  |TAMS 0x0000000088d00000, 0x0000000088d00000| Untracked 
| 118|0x0000000088e00000, 0x0000000088e00000, 0x0000000088f00000|  0%| F|  |TAMS 0x0000000088e00000, 0x0000000088e00000| Untracked 
| 119|0x0000000088f00000, 0x0000000088f00000, 0x0000000089000000|  0%| F|  |TAMS 0x0000000088f00000, 0x0000000088f00000| Untracked 
| 120|0x0000000089000000, 0x0000000089000000, 0x0000000089100000|  0%| F|  |TAMS 0x0000000089000000, 0x0000000089000000| Untracked 
| 121|0x0000000089100000, 0x0000000089100000, 0x0000000089200000|  0%| F|  |TAMS 0x0000000089100000, 0x0000000089100000| Untracked 
| 122|0x0000000089200000, 0x0000000089200000, 0x0000000089300000|  0%| F|  |TAMS 0x0000000089200000, 0x0000000089200000| Untracked 
| 123|0x0000000089300000, 0x00000000893c8528, 0x0000000089400000| 78%| E|  |TAMS 0x0000000089300000, 0x0000000089300000| Complete 
| 124|0x0000000089400000, 0x0000000089500000, 0x0000000089500000|100%| E|CS|TAMS 0x0000000089400000, 0x0000000089400000| Complete 
| 125|0x0000000089500000, 0x0000000089600000, 0x0000000089600000|100%| E|CS|TAMS 0x0000000089500000, 0x0000000089500000| Complete 
| 126|0x0000000089600000, 0x0000000089700000, 0x0000000089700000|100%| E|CS|TAMS 0x0000000089600000, 0x0000000089600000| Complete 
| 127|0x0000000089700000, 0x0000000089800000, 0x0000000089800000|100%| E|CS|TAMS 0x0000000089700000, 0x0000000089700000| Complete 

Card table byte_map: [0x000001f9b0460000,0x000001f9b0860000] _byte_map_base: 0x000001f9b0054000

Marking Bits (Prev, Next): (CMBitMap*) 0x000001f9997e8960, (CMBitMap*) 0x000001f9997e89a0
 Prev Bits: [0x000001f9b0c60000, 0x000001f9b2c00000)
 Next Bits: [0x000001f9b2c00000, 0x000001f9b4ba0000)

Polling page: 0x000001f997580000

Metaspace:

Usage:
  Non-class:    397.16 KB used.
      Class:     26.39 KB used.
       Both:    423.55 KB used.

Virtual space:
  Non-class space:       64.00 MB reserved,     448.00 KB ( <1%) committed,  1 nodes.
      Class space:        1.00 GB reserved,     128.00 KB ( <1%) committed,  1 nodes.
             Both:        1.06 GB reserved,     576.00 KB ( <1%) committed. 

Chunk freelists:
   Non-Class:  3.96 MB
       Class:  3.73 MB
        Both:  7.70 MB

MaxMetaspaceSize: unlimited
CompressedClassSpaceSize: 1.00 GB
Initial GC threshold: 21.00 MB
Current GC threshold: 21.00 MB
CDS: on
MetaspaceReclaimPolicy: balanced
 - commit_granule_bytes: 65536.
 - commit_granule_words: 8192.
 - virtual_space_node_default_size: 8388608.
 - enlarge_chunks_in_place: 1.
 - new_chunks_are_fully_committed: 0.
 - uncommit_free_chunks: 1.
 - use_allocation_guard: 0.


Internal statistics:

num_allocs_failed_limit: 0.
num_arena_births: 22.
num_arena_deaths: 0.
num_vsnodes_births: 2.
num_vsnodes_deaths: 0.
num_space_committed: 9.
num_space_uncommitted: 0.
num_chunks_returned_to_freelist: 0.
num_chunks_taken_from_freelist: 27.
num_chunk_merges: 0.
num_chunk_splits: 17.
num_chunks_enlarged: 11.
num_inconsistent_stats: 0.

CodeHeap 'non-profiled nmethods': size=120000Kb used=73Kb max_used=73Kb free=119926Kb
 bounds [0x000001f9a8b30000, 0x000001f9a8da0000, 0x000001f9b0060000]
CodeHeap 'profiled nmethods': size=120000Kb used=252Kb max_used=252Kb free=119747Kb
 bounds [0x000001f9a1600000, 0x000001f9a1870000, 0x000001f9a8b30000]
CodeHeap 'non-nmethods': size=5760Kb used=1156Kb max_used=1172Kb free=4603Kb
 bounds [0x000001f9a1060000, 0x000001f9a12d0000, 0x000001f9a1600000]
 total_blobs=569 nmethods=224 adapters=258
 compilation: enabled
              stopped_count=0, restarted_count=0
 full_count=0

Compilation events (20 events):
Event: 0.946 Thread 0x000001f9b4d56f00  214  s    3       java.lang.Throwable::fillInStackTrace (29 bytes)
Event: 0.947 Thread 0x000001f9b4d56f00 nmethod 214 0x000001f9a163b610 code [0x000001f9a163b7c0, 0x000001f9a163baa8]
Event: 0.977 Thread 0x000001f9b4d56f00  216       3       java.lang.NullPointerException::<init> (5 bytes)
Event: 0.977 Thread 0x000001f9b4d56f00 nmethod 216 0x000001f9a163bb90 code [0x000001f9a163bd40, 0x000001f9a163bf48]
Event: 0.977 Thread 0x000001f9b4d56f00  217       3       java.lang.RuntimeException::<init> (5 bytes)
Event: 0.977 Thread 0x000001f9b4d56f00 nmethod 217 0x000001f9a163c090 code [0x000001f9a163c260, 0x000001f9a163c688]
Event: 0.977 Thread 0x000001f9b4d56f00  218       3       java.lang.Exception::<init> (5 bytes)
Event: 0.978 Thread 0x000001f9b4d56f00 nmethod 218 0x000001f9a163c790 code [0x000001f9a163c960, 0x000001f9a163cd28]
Event: 1.028 Thread 0x000001f9b4d56f00  219  s    3       java.lang.NullPointerException::fillInStackTrace (41 bytes)
Event: 1.029 Thread 0x000001f9b4d56f00 nmethod 219 0x000001f9a163ce10 code [0x000001f9a163cfe0, 0x000001f9a163d538]
Event: 1.031 Thread 0x000001f9b4d56f00  220       3       java.lang.Throwable::<init> (29 bytes)
Event: 1.031 Thread 0x000001f9b4d56f00 nmethod 220 0x000001f9a163d690 code [0x000001f9a163d840, 0x000001f9a163dba8]
Event: 1.189 Thread 0x000001f9b4d56f00  221       3       java.lang.Throwable::<init> (34 bytes)
Event: 1.189 Thread 0x000001f9b4d56f00 nmethod 221 0x000001f9a163dc90 code [0x000001f9a163de60, 0x000001f9a163e228]
Event: 1.191 Thread 0x000001f9b4d56f00  222       3       java.lang.ArrayIndexOutOfBoundsException::<init> (6 bytes)
Event: 1.192 Thread 0x000001f9b4d56f00 nmethod 222 0x000001f9a163e310 code [0x000001f9a163e4c0, 0x000001f9a163e728]
Event: 1.192 Thread 0x000001f9b4d56f00  223       3       java.lang.IndexOutOfBoundsException::<init> (6 bytes)
Event: 1.192 Thread 0x000001f9b4d56f00 nmethod 223 0x000001f9a163e890 code [0x000001f9a163ea40, 0x000001f9a163ec48]
Event: 1.192 Thread 0x000001f9b4d56f00  224       3       java.lang.RuntimeException::<init> (6 bytes)
Event: 1.192 Thread 0x000001f9b4d56f00 nmethod 224 0x000001f9a163ed90 code [0x000001f9a163ef40, 0x000001f9a163f0e8]

GC Heap History (0 events):
No events

Deoptimization events (0 events):
No events

Classes loaded (20 events):
Event: 0.607 Loading class jdk/internal/loader/URLClassPath$FileLoader
Event: 0.616 Loading class jdk/internal/loader/URLClassPath$FileLoader done
Event: 0.617 Loading class jdk/internal/loader/URLClassPath$FileLoader$1
Event: 0.618 Loading class jdk/internal/loader/URLClassPath$FileLoader$1 done
Event: 0.689 Loading class BitMaPNativeLib/BitMaP
Event: 0.689 Loading class BitMaPNativeLib/BitMaP done
Event: 0.718 Loading class BitMaPNativeLib/BitMaP$FileHeader
Event: 0.718 Loading class BitMaPNativeLib/BitMaP$FileHeader done
Event: 0.755 Loading class BitMaPNativeLib/BitMaP$DIBHeader
Event: 0.755 Loading class BitMaPNativeLib/BitMaP$DIBHeader done
Event: 0.781 Loading class BitMaPNativeLib/BitMaP$DIBColorProfile
Event: 0.781 Loading class BitMaPNativeLib/BitMaP$DIBColorProfile done
Event: 0.815 Loading class BitMaPNativeLib/BitMaP$Data
Event: 0.815 Loading class BitMaPNativeLib/BitMaP$Data done
Event: 0.833 Loading class BitMaPNativeLib/Pixel
Event: 0.833 Loading class BitMaPNativeLib/Pixel done
Event: 0.859 Loading class java/lang/ArrayIndexOutOfBoundsException
Event: 0.859 Loading class java/lang/IndexOutOfBoundsException
Event: 0.859 Loading class java/lang/IndexOutOfBoundsException done
Event: 0.859 Loading class java/lang/ArrayIndexOutOfBoundsException done

Classes unloaded (0 events):
No events

Classes redefined (0 events):
No events

Internal exceptions (20 events):
Event: 1.923 Thread 0x000001f9997878e0 Exception <a 'java/lang/NullPointerException'{0x00000000893c43d0}> (0x00000000893c43d0) 
thrown [s\open\src\hotspot\share\prims\jni.cpp, line 898]
Event: 1.923 Thread 0x000001f9997878e0 Exception <a 'java/lang/NullPointerException'{0x00000000893c46a8}> (0x00000000893c46a8) 
thrown [s\open\src\hotspot\share\prims\jni.cpp, line 898]
Event: 1.923 Thread 0x000001f9997878e0 Exception <a 'java/lang/NullPointerException'{0x00000000893c4980}> (0x00000000893c4980) 
thrown [s\open\src\hotspot\share\prims\jni.cpp, line 898]
Event: 1.927 Thread 0x000001f9997878e0 Exception <a 'java/lang/ArrayIndexOutOfBoundsException'{0x00000000893c4ca8}: Index 640 out of bounds for length 640> (0x00000000893c4ca8) 
thrown [s\open\src\hotspot\share\prims\jni.cpp, line 2306]
Event: 1.927 Thread 0x000001f9997878e0 Exception <a 'java/lang/NullPointerException'{0x00000000893c4f78}> (0x00000000893c4f78) 
thrown [s\open\src\hotspot\share\prims\jni.cpp, line 898]
Event: 1.927 Thread 0x000001f9997878e0 Exception <a 'java/lang/NullPointerException'{0x00000000893c5250}> (0x00000000893c5250) 
thrown [s\open\src\hotspot\share\prims\jni.cpp, line 898]
Event: 1.927 Thread 0x000001f9997878e0 Exception <a 'java/lang/NullPointerException'{0x00000000893c5528}> (0x00000000893c5528) 
thrown [s\open\src\hotspot\share\prims\jni.cpp, line 898]
Event: 1.928 Thread 0x000001f9997878e0 Exception <a 'java/lang/ArrayIndexOutOfBoundsException'{0x00000000893c5850}: Index 641 out of bounds for length 640> (0x00000000893c5850) 
thrown [s\open\src\hotspot\share\prims\jni.cpp, line 2306]
Event: 1.928 Thread 0x000001f9997878e0 Exception <a 'java/lang/NullPointerException'{0x00000000893c5b20}> (0x00000000893c5b20) 
thrown [s\open\src\hotspot\share\prims\jni.cpp, line 898]
Event: 1.928 Thread 0x000001f9997878e0 Exception <a 'java/lang/NullPointerException'{0x00000000893c5df8}> (0x00000000893c5df8) 
thrown [s\open\src\hotspot\share\prims\jni.cpp, line 898]
Event: 1.928 Thread 0x000001f9997878e0 Exception <a 'java/lang/NullPointerException'{0x00000000893c60d0}> (0x00000000893c60d0) 
thrown [s\open\src\hotspot\share\prims\jni.cpp, line 898]
Event: 1.937 Thread 0x000001f9997878e0 Exception <a 'java/lang/ArrayIndexOutOfBoundsException'{0x00000000893c63f8}: Index 640 out of bounds for length 640> (0x00000000893c63f8) 
thrown [s\open\src\hotspot\share\prims\jni.cpp, line 2306]
Event: 1.937 Thread 0x000001f9997878e0 Exception <a 'java/lang/NullPointerException'{0x00000000893c66c8}> (0x00000000893c66c8) 
thrown [s\open\src\hotspot\share\prims\jni.cpp, line 898]
Event: 1.937 Thread 0x000001f9997878e0 Exception <a 'java/lang/NullPointerException'{0x00000000893c69a0}> (0x00000000893c69a0) 
thrown [s\open\src\hotspot\share\prims\jni.cpp, line 898]
Event: 1.937 Thread 0x000001f9997878e0 Exception <a 'java/lang/NullPointerException'{0x00000000893c6c78}> (0x00000000893c6c78) 
thrown [s\open\src\hotspot\share\prims\jni.cpp, line 898]
Event: 1.937 Thread 0x000001f9997878e0 Exception <a 'java/lang/ArrayIndexOutOfBoundsException'{0x00000000893c6fa0}: Index 641 out of bounds for length 640> (0x00000000893c6fa0) 
thrown [s\open\src\hotspot\share\prims\jni.cpp, line 2306]
Event: 1.937 Thread 0x000001f9997878e0 Exception <a 'java/lang/NullPointerException'{0x00000000893c7270}> (0x00000000893c7270) 
thrown [s\open\src\hotspot\share\prims\jni.cpp, line 898]
Event: 1.937 Thread 0x000001f9997878e0 Exception <a 'java/lang/NullPointerException'{0x00000000893c7548}> (0x00000000893c7548) 
thrown [s\open\src\hotspot\share\prims\jni.cpp, line 898]
Event: 1.937 Thread 0x000001f9997878e0 Exception <a 'java/lang/NullPointerException'{0x00000000893c7820}> (0x00000000893c7820) 
thrown [s\open\src\hotspot\share\prims\jni.cpp, line 898]
Event: 1.937 Thread 0x000001f9997878e0 Exception <a 'java/lang/ArrayIndexOutOfBoundsException'{0x00000000893c7b48}: Index 426 out of bounds for length 426> (0x00000000893c7b48) 
thrown [s\open\src\hotspot\share\prims\jni.cpp, line 2306]

VM Operations (10 events):
Event: 0.354 Executing VM operation: HandshakeAllThreads
Event: 0.354 Executing VM operation: HandshakeAllThreads done
Event: 0.453 Executing VM operation: ChangeBreakpoints
Event: 0.453 Executing VM operation: ChangeBreakpoints done
Event: 0.513 Executing VM operation: ChangeBreakpoints
Event: 0.513 Executing VM operation: ChangeBreakpoints done
Event: 0.514 Executing VM operation: ChangeBreakpoints
Event: 0.514 Executing VM operation: ChangeBreakpoints done
Event: 0.685 Executing VM operation: ChangeBreakpoints
Event: 0.685 Executing VM operation: ChangeBreakpoints done

Events (20 events):
Event: 0.060 Thread 0x000001f9b4d448c0 Thread added: 0x000001f9b4d448c0
Event: 0.060 Thread 0x000001f9b4d47cd0 Thread added: 0x000001f9b4d47cd0
Event: 0.074 Thread 0x000001f9b4d52690 Thread added: 0x000001f9b4d52690
Event: 0.074 Thread 0x000001f9b4d53030 Thread added: 0x000001f9b4d53030
Event: 0.074 Thread 0x000001f9b4d54170 Thread added: 0x000001f9b4d54170
Event: 0.075 Thread 0x000001f9b4d54b10 Thread added: 0x000001f9b4d54b10
Event: 0.075 Thread 0x000001f9b4d557e0 Thread added: 0x000001f9b4d557e0
Event: 0.075 Thread 0x000001f9b4d56f00 Thread added: 0x000001f9b4d56f00
Event: 0.075 Thread 0x000001f9b4d634a0 Thread added: 0x000001f9b4d634a0
Event: 0.337 Thread 0x000001f9b4d2abc0 Thread added: 0x000001f9b4d2abc0
Event: 0.452 Thread 0x000001f9bb554de0 Thread added: 0x000001f9bb554de0
Event: 0.452 Thread 0x000001f9bb5b9ca0 Thread added: 0x000001f9bb5b9ca0
Event: 0.452 Thread 0x000001f9bb5ba180 Thread added: 0x000001f9bb5ba180
Event: 0.517 Loaded shared library C:\Users\Abobus\.jdks\openjdk-18.0.1.1\bin\instrument.dll
Event: 0.540 Thread 0x000001f9bb5e18b0 Thread added: 0x000001f9bb5e18b0
Event: 0.717 Loaded shared library C:\Users\Abobus\IdeaProjects\Editor\Editor\src\BitMaPNativeLib\BitMaPNativeLib.dll
Event: 0.755 Loaded shared library C:\Users\Abobus\IdeaProjects\Editor\Editor\src\BitMaPNativeLib\BitMaPFileHeaderNativeLib.dll
Event: 0.780 Loaded shared library C:\Users\Abobus\IdeaProjects\Editor\Editor\src\BitMaPNativeLib\BitMaPDIBHeaderNativeLib.dll
Event: 0.815 Loaded shared library C:\Users\Abobus\IdeaProjects\Editor\Editor\src\BitMaPNativeLib\BitMaPDIBColorProfileNativeLib.dll
Event: 0.833 Loaded shared library C:\Users\Abobus\IdeaProjects\Editor\Editor\src\BitMaPNativeLib\BitMaPDataNativeLib.dll


Dynamic libraries:
0x00007ff7ecb50000 - 0x00007ff7ecb5e000 	C:\Users\Abobus\.jdks\openjdk-18.0.1.1\bin\java.exe
0x00007ffc539c0000 - 0x00007ffc53bc9000 	C:\WINDOWS\SYSTEM32\ntdll.dll
0x00007ffc52240000 - 0x00007ffc522fd000 	C:\WINDOWS\System32\KERNEL32.DLL
0x00007ffc51080000 - 0x00007ffc513f9000 	C:\WINDOWS\System32\KERNELBASE.dll
0x00007ffc51400000 - 0x00007ffc51511000 	C:\WINDOWS\System32\ucrtbase.dll
0x00007ffc4c4a0000 - 0x00007ffc4c4ba000 	C:\Users\Abobus\.jdks\openjdk-18.0.1.1\bin\VCRUNTIME140.dll
0x00007ffc4c4c0000 - 0x00007ffc4c4d7000 	C:\Users\Abobus\.jdks\openjdk-18.0.1.1\bin\jli.dll
0x00007ffc52ae0000 - 0x00007ffc52c8c000 	C:\WINDOWS\System32\USER32.dll
0x00007ffc50f30000 - 0x00007ffc50f56000 	C:\WINDOWS\System32\win32u.dll
0x00007ffc3e4d0000 - 0x00007ffc3e775000 	C:\WINDOWS\WinSxS\amd64_microsoft.windows.common-controls_6595b64144ccf1df_6.0.22000.120_none_9d947278b86cc467\COMCTL32.dll
0x00007ffc538d0000 - 0x00007ffc53973000 	C:\WINDOWS\System32\msvcrt.dll
0x00007ffc529c0000 - 0x00007ffc529e9000 	C:\WINDOWS\System32\GDI32.dll
0x00007ffc50f60000 - 0x00007ffc51072000 	C:\WINDOWS\System32\gdi32full.dll
0x00007ffc515e0000 - 0x00007ffc5167d000 	C:\WINDOWS\System32\msvcp_win.dll
0x00007ffc529f0000 - 0x00007ffc52a21000 	C:\WINDOWS\System32\IMM32.DLL
0x00007ffc50370000 - 0x00007ffc503a6000 	C:\WINDOWS\system32\DriverStore\FileRepository\nvlti.inf_amd64_83a389b28f4c421e\nvinitx.dll
0x00007ffc51c50000 - 0x00007ffc51cfe000 	C:\WINDOWS\System32\ADVAPI32.dll
0x00007ffc521a0000 - 0x00007ffc5223e000 	C:\WINDOWS\System32\sechost.dll
0x00007ffc52380000 - 0x00007ffc524a0000 	C:\WINDOWS\System32\RPCRT4.dll
0x00007ffc50360000 - 0x00007ffc5036a000 	C:\WINDOWS\SYSTEM32\VERSION.dll
0x00007ffc52ec0000 - 0x00007ffc5366f000 	C:\WINDOWS\System32\Shell32.dll
0x00007ffc4efd0000 - 0x00007ffc4f838000 	C:\WINDOWS\SYSTEM32\windows.storage.dll
0x00007ffc524a0000 - 0x00007ffc52818000 	C:\WINDOWS\System32\combase.dll
0x00007ffc4ee60000 - 0x00007ffc4efc6000 	C:\WINDOWS\SYSTEM32\wintypes.dll
0x00007ffc51860000 - 0x00007ffc5194a000 	C:\WINDOWS\System32\SHCORE.dll
0x00007ffc53870000 - 0x00007ffc538cd000 	C:\WINDOWS\System32\shlwapi.dll
0x000000005cbc0000 - 0x000000005cbc6000 	C:\Program Files\NVIDIA Corporation\CoProcManager\_etoured.dll
0x00007ffc40e60000 - 0x00007ffc40ea3000 	C:\Program Files\NVIDIA Corporation\CoProcManager\nvd3d9wrapx.dll
0x00007ffc51d10000 - 0x00007ffc5217c000 	C:\WINDOWS\System32\SETUPAPI.dll
0x00007ffc4e7f0000 - 0x00007ffc4e828000 	C:\WINDOWS\SYSTEM32\dxcore.dll
0x00007ffc40bf0000 - 0x00007ffc40c1d000 	C:\Program Files\NVIDIA Corporation\CoProcManager\nvdxgiwrapx.dll
0x00007ffc4d840000 - 0x00007ffc4d84c000 	C:\Users\Abobus\.jdks\openjdk-18.0.1.1\bin\vcruntime140_1.dll
0x00007ffc44270000 - 0x00007ffc442fd000 	C:\Users\Abobus\.jdks\openjdk-18.0.1.1\bin\msvcp140.dll
0x00007ffbfe3b0000 - 0x00007ffbfefc0000 	C:\Users\Abobus\.jdks\openjdk-18.0.1.1\bin\server\jvm.dll
0x00007ffc536d0000 - 0x00007ffc536d8000 	C:\WINDOWS\System32\PSAPI.DLL
0x00007ffc460b0000 - 0x00007ffc460b9000 	C:\WINDOWS\SYSTEM32\WSOCK32.dll
0x00007ffc52e50000 - 0x00007ffc52ebf000 	C:\WINDOWS\System32\WS2_32.dll
0x00007ffc4b790000 - 0x00007ffc4b7c3000 	C:\WINDOWS\SYSTEM32\WINMM.dll
0x00007ffc4ff60000 - 0x00007ffc4ff78000 	C:\WINDOWS\SYSTEM32\kernel.appcore.dll
0x00007ffc4c5b0000 - 0x00007ffc4c5ba000 	C:\Users\Abobus\.jdks\openjdk-18.0.1.1\bin\jimage.dll
0x00007ffc3c7d0000 - 0x00007ffc3c9f1000 	C:\WINDOWS\SYSTEM32\DBGHELP.DLL
0x00007ffc3c790000 - 0x00007ffc3c7c1000 	C:\WINDOWS\SYSTEM32\dbgcore.DLL
0x000001f997690000 - 0x000001f99770f000 	C:\WINDOWS\System32\bcryptPrimitives.dll
0x00007ffc44230000 - 0x00007ffc4426b000 	C:\Users\Abobus\.jdks\openjdk-18.0.1.1\bin\jdwp.dll
0x00007ffc495c0000 - 0x00007ffc495ce000 	C:\Users\Abobus\.jdks\openjdk-18.0.1.1\bin\instrument.dll
0x00007ffc44200000 - 0x00007ffc44225000 	C:\Users\Abobus\.jdks\openjdk-18.0.1.1\bin\java.dll
0x00007ffc45a20000 - 0x00007ffc45a38000 	C:\Users\Abobus\.jdks\openjdk-18.0.1.1\bin\zip.dll
0x00007ffc37ea0000 - 0x00007ffc37f76000 	C:\Users\Abobus\.jdks\openjdk-18.0.1.1\bin\jsvml.dll
0x00007ffc50de0000 - 0x00007ffc50e01000 	C:\WINDOWS\SYSTEM32\profapi.dll
0x00007ffc457b0000 - 0x00007ffc457bc000 	C:\Users\Abobus\.jdks\openjdk-18.0.1.1\bin\dt_socket.dll
0x00007ffc4fa80000 - 0x00007ffc4faad000 	C:\WINDOWS\SYSTEM32\IPHLPAPI.DLL
0x00007ffc50480000 - 0x00007ffc504e7000 	C:\WINDOWS\system32\mswsock.dll
0x000000006a600000 - 0x000000006a614000 	C:\Users\Abobus\IdeaProjects\Editor\Editor\src\BitMaPNativeLib\BitMaPNativeLib.dll
0x0000000070ac0000 - 0x0000000070ad4000 	C:\Users\Abobus\IdeaProjects\Editor\Editor\src\BitMaPNativeLib\BitMaPFileHeaderNativeLib.dll
0x000000006f480000 - 0x000000006f495000 	C:\Users\Abobus\IdeaProjects\Editor\Editor\src\BitMaPNativeLib\BitMaPDIBHeaderNativeLib.dll
0x0000000069300000 - 0x0000000069315000 	C:\Users\Abobus\IdeaProjects\Editor\Editor\src\BitMaPNativeLib\BitMaPDIBColorProfileNativeLib.dll
0x000000006d040000 - 0x000000006d055000 	C:\Users\Abobus\IdeaProjects\Editor\Editor\src\BitMaPNativeLib\BitMaPDataNativeLib.dll

dbghelp: loaded successfully - version: 4.0.5 - missing functions: none
symbol engine: initialized successfully - sym options: 0x614 - pdb path: .;C:\Users\Abobus\.jdks\openjdk-18.0.1.1\bin;C:\WINDOWS\SYSTEM32;C:\WINDOWS\WinSxS\amd64_microsoft.windows.common-controls_6595b64144ccf1df_6.0.22000.120_none_9d947278b86cc467;C:\WINDOWS\system32\DriverStore\FileRepository\nvlti.inf_amd64_83a389b28f4c421e;C:\Program Files\NVIDIA Corporation\CoProcManager;C:\Users\Abobus\.jdks\openjdk-18.0.1.1\bin\server;C:\Users\Abobus\IdeaProjects\Editor\Editor\src\BitMaPNativeLib

VM Arguments:
jvm_args: -agentlib:jdwp=transport=dt_socket,address=127.0.0.1:53471,suspend=y,server=n -Djava.library.path=C:\Users\Abobus\IdeaProjects\Editor\Editor\src\BitMaPNativeLib -javaagent:C:\Users\Abobus\AppData\Local\JetBrains\IdeaIC2022.1\captureAgent\debugger-agent.jar -Dfile.encoding=UTF-8 
java_command: Main
java_class_path (initial): C:\Users\Abobus\IdeaProjects\Editor\Editor\out\production\Editor;C:\Program Files\JetBrains\IntelliJ IDEA Community Edition 2022.1.1\lib\idea_rt.jar
Launcher Type: SUN_STANDARD

[Global flags]
     intx CICompilerCount                          = 3                                         {product} {ergonomic}
     uint ConcGCThreads                            = 1                                         {product} {ergonomic}
     uint G1ConcRefinementThreads                  = 4                                         {product} {ergonomic}
   size_t G1HeapRegionSize                         = 1048576                                   {product} {ergonomic}
    uintx GCDrainStackTargetSize                   = 64                                        {product} {ergonomic}
   size_t InitialHeapSize                          = 134217728                                 {product} {ergonomic}
   size_t MarkStackSize                            = 4194304                                   {product} {ergonomic}
   size_t MaxHeapSize                              = 2122317824                                {product} {ergonomic}
   size_t MaxNewSize                               = 1272971264                                {product} {ergonomic}
   size_t MinHeapDeltaBytes                        = 1048576                                   {product} {ergonomic}
   size_t MinHeapSize                              = 8388608                                   {product} {ergonomic}
    uintx NonNMethodCodeHeapSize                   = 5832780                                {pd product} {ergonomic}
    uintx NonProfiledCodeHeapSize                  = 122912730                              {pd product} {ergonomic}
    uintx ProfiledCodeHeapSize                     = 122912730                              {pd product} {ergonomic}
    uintx ReservedCodeCacheSize                    = 251658240                              {pd product} {ergonomic}
     bool SegmentedCodeCache                       = true                                      {product} {ergonomic}
   size_t SoftMaxHeapSize                          = 2122317824                             {manageable} {ergonomic}
     bool UseCompressedClassPointers               = true                           {product lp64_product} {ergonomic}
     bool UseCompressedOops                        = true                           {product lp64_product} {ergonomic}
     bool UseG1GC                                  = true                                      {product} {ergonomic}
     bool UseLargePagesIndividualAllocation        = false                                  {pd product} {ergonomic}

Logging:
Log output configuration:
 #0: stdout all=warning uptime,level,tags foldmultilines=false
 #1: stderr all=off uptime,level,tags foldmultilines=false

Environment Variables:
PATH=C:\Program Files\Eclipse Adoptium\jdk-18.0.1.10-hotspot\bin;C:\WINDOWS\system32;C:\WINDOWS;C:\WINDOWS\System32\Wbem;C:\WINDOWS\System32\WindowsPowerShell\v1.0\;C:\WINDOWS\System32\OpenSSH\;C:\Program Files (x86)\NVIDIA Corporation\PhysX\Common;C:\Program Files\Microsoft SQL Server\150\Tools\Binn\;C:\Program Files\Microsoft SQL Server\Client SDK\ODBC\170\Tools\Binn\;C:\Program Files\dotnet\;C:\Program Files\Git\cmd;C:\Users\Abobus\AppData\Local\Microsoft\WindowsApps;C:\Users\Abobus\.dotnet\tools;C:\MinGW\bin;C:\MinGW\msys\1.0\bin;
USERNAME=Abobus
OS=Windows_NT
PROCESSOR_IDENTIFIER=Intel64 Family 6 Model 42 Stepping 7, GenuineIntel



---------------  S Y S T E M  ---------------

OS:
 Windows 11 , 64 bit Build 22000 (10.0.22000.675)
OS uptime: 12 days 11:15 hours

CPU: total 4 (initial active 4) (2 cores per cpu, 2 threads per core) family 6 model 42 stepping 7 microcode 0x2f, cx8, cmov, fxsr, ht, mmx, sse, sse2, sse3, ssse3, sse4.1, sse4.2, popcnt, tsc, tscinvbit, avx, aes, clmul, vzeroupper, clflush

Memory: 4k page, system-wide physical 8089M (497M free)
TotalPageFile size 15513M (AvailPageFile size 3037M)
current process WorkingSet (physical memory assigned to process): 40M, peak: 40M
current process commit charge ("private bytes"): 206M, peak: 206M

vm_info: OpenJDK 64-Bit Server VM (18.0.1.1+2-6) for windows-amd64 JRE (18.0.1.1+2-6), built on Apr 25 2022 21:50:56 by "mach5one" with MS VC++ 16.8 / 16.9 (VS2019)

END.
