#
# A fatal error has been detected by the Java Runtime Environment:
#
#  EXCEPTION_ACCESS_VIOLATION (0xc0000005) at pc=0x00007ffbfe7b55fe, pid=16364, tid=19656
#
# JRE version: OpenJDK Runtime Environment (18.0.1.1+2) (build 18.0.1.1+2-6)
# Java VM: OpenJDK 64-Bit Server VM (18.0.1.1+2-6, mixed mode, sharing, tiered, compressed oops, compressed class ptrs, g1 gc, windows-amd64)
# Problematic frame:
# V  [jvm.dll+0x4055fe]
#
# No core dump will be written. Minidumps are not enabled by default on client versions of Windows
#
# If you would like to submit a bug report, please visit:
#   https://bugreport.java.com/bugreport/crash.jsp
#

---------------  S U M M A R Y ------------

Command Line: -agentlib:jdwp=transport=dt_socket,address=127.0.0.1:50307,suspend=y,server=n -Djava.library.path=C:\Users\Abobus\IdeaProjects\Editor\Editor\src\BitMaPNativeLib -javaagent:C:\Users\Abobus\AppData\Local\JetBrains\IdeaIC2022.1\captureAgent\debugger-agent.jar -Dfile.encoding=UTF-8 Main

Host: Intel(R) Core(TM) i5-2450M CPU @ 2.50GHz, 4 cores, 7G,  Windows 11 , 64 bit Build 22000 (10.0.22000.675)
Time: Sat Jun 18 01:29:01 2022  Windows 11 , 64 bit Build 22000 (10.0.22000.675) elapsed time: 2.427338 seconds (0d 0h 0m 2s)

---------------  T H R E A D  ---------------

Current thread (0x0000026893069600):  JavaThread "main" [_thread_in_vm, id=19656, stack(0x000000ef79500000,0x000000ef79600000)]

Stack: [0x000000ef79500000,0x000000ef79600000],  sp=0x000000ef795ff0c0,  free space=1020k
Native frames: (J=compiled Java code, j=interpreted, Vv=VM code, C=native code)
V  [jvm.dll+0x4055fe]
C  [BitMaPDataNativeLib.dll+0x2df8]

Java frames: (J=compiled Java code, j=interpreted, Vv=VM code)
j  BitMaPNativeLib.BitMaP$Data.readFromFile(Ljava/lang/String;)I+0
j  BitMaPNativeLib.BitMaP$Data.<init>(LBitMaPNativeLib/BitMaP;Ljava/lang/String;)V+28
j  BitMaPNativeLib.BitMaP.<init>(Ljava/lang/String;)V+66
j  Main.main([Ljava/lang/String;)V+14
v  ~StubRoutines::call_stub

siginfo: EXCEPTION_ACCESS_VIOLATION (0xc0000005), reading address 0x000000000000000d


Register to memory mapping:

RIP=0x00007ffbfe7b55fe jvm.dll
RAX=0x000000000000000c is an unknown value
RBX=0x0000026893069600 is a thread
RCX=0x0000000000000001 is an unknown value
RDX=0x000000000000000c is an unknown value
RSP=0x000000ef795ff0c0 is pointing into the stack for thread: 0x0000026893069600
RBP=0x000000ef795ff110 is pointing into the stack for thread: 0x0000026893069600
RSI=0x0000000000000014 is an unknown value
RDI=0x000000ef795ff690 is pointing into the stack for thread: 0x0000026893069600
R8 =0x00007ffc5396a7a0 msvcrt.dll
R9 =0x0000000000000494 is an unknown value
R10=0x0 is NULL
R11=0x0000000000000246 is an unknown value
R12=0x0 is NULL
R13={method} {0x00000268b1007808} 'readFromFile' '(Ljava/lang/String;)I' in 'BitMaPNativeLib/BitMaP$Data'
R14=0x000000ef795ff268 is pointing into the stack for thread: 0x0000026893069600
R15=0x0000026893069600 is a thread


Registers:
RAX=0x000000000000000c, RBX=0x0000026893069600, RCX=0x0000000000000001, RDX=0x000000000000000c
RSP=0x000000ef795ff0c0, RBP=0x000000ef795ff110, RSI=0x0000000000000014, RDI=0x000000ef795ff690
R8 =0x00007ffc5396a7a0, R9 =0x0000000000000494, R10=0x0000000000000000, R11=0x0000000000000246
R12=0x0000000000000000, R13=0x00000268b1007800, R14=0x000000ef795ff268, R15=0x0000026893069600
RIP=0x00007ffbfe7b55fe, EFLAGS=0x0000000000010202

Top of Stack: (sp=0x000000ef795ff0c0)
0x000000ef795ff0c0:   0000000000000000 00007ffc5391ac9c
0x000000ef795ff0d0:   0000000000000000 00007ffc53921376
0x000000ef795ff0e0:   000002689a94a322 000000006d042df8
0x000000ef795ff0f0:   00000268b1007800 0000000000000014
0x000000ef795ff100:   000000ef795ff0d0 000002689a94a322
0x000000ef795ff110:   000000ef795ff1b0 000000006d04159c
0x000000ef795ff120:   0000026893069890 0000026890e53718
0x000000ef795ff130:   0000000000000014 000002689a94a322
0x000000ef795ff140:   000000ef795ff240 00007ffbfe753a85
0x000000ef795ff150:   0000000000000194 0000000000000014
0x000000ef795ff160:   00007ffc53964a90 00000268b4e3d530
0x000000ef795ff170:   0000000000000000 0000000000000000
0x000000ef795ff180:   0000000000000000 0000026890e53720
0x000000ef795ff190:   0000026890e53718 0000000000000000
0x000000ef795ff1a0:   0000026890e53710 000000009a9688c2
0x000000ef795ff1b0:   000000ef795ff240 000002689a9512e6 

Instructions: (pc=0x00007ffbfe7b55fe)
0x00007ffbfe7b54fe:   83 c4 60 5f 5e 5b c3 cc cc cc cc cc cc cc cc cc
0x00007ffbfe7b550e:   cc cc 40 53 48 83 ec 20 8b 81 c8 00 00 00 48 81
0x00007ffbfe7b551e:   c1 70 fd ff ff 05 55 21 ff ff 49 8b d8 83 f8 01
0x00007ffbfe7b552e:   76 05 e8 db ad 39 00 48 85 db 74 0d 48 8b cb 48
0x00007ffbfe7b553e:   83 c4 20 5b e9 b9 dc ca ff 48 83 c4 20 5b c3 cc
0x00007ffbfe7b554e:   cc cc 48 89 5c 24 08 48 89 74 24 10 57 48 83 ec
0x00007ffbfe7b555e:   20 8b 81 c8 00 00 00 48 8d 99 70 fd ff ff 05 55
0x00007ffbfe7b556e:   21 ff ff 48 8b fa 83 f8 01 76 0a 48 8b cb e8 8f
0x00007ffbfe7b557e:   ad 39 00 33 db c7 83 30 03 00 00 06 00 00 00 e8
0x00007ffbfe7b558e:   2e 47 28 00 48 8b 83 38 03 00 00 a8 01 74 0a b2
0x00007ffbfe7b559e:   01 48 8b cb e8 59 2a 2f 00 8b 83 20 03 00 00 a8
0x00007ffbfe7b55ae:   0d 74 0a 33 d2 48 8b cb e8 65 d4 39 00 c7 83 30
0x00007ffbfe7b55be:   03 00 00 06 00 00 00 40 f6 c7 01 74 0c 48 8d 4f
0x00007ffbfe7b55ce:   ff ff 15 13 73 6b 00 eb 09 48 8b cf ff 15 e0 bc
0x00007ffbfe7b55de:   6a 00 80 3d 02 d5 72 00 00 48 8b c8 48 8b bb d0
0x00007ffbfe7b55ee:   00 00 00 b8 10 00 00 00 ba 0c 00 00 00 0f 45 c2
0x00007ffbfe7b55fe:   8b 34 08 48 8b 47 10 48 83 38 00 74 0c 48 8b cf
0x00007ffbfe7b560e:   e8 1d 71 f6 ff 48 8b 47 10 48 8b 4f 08 48 89 41
0x00007ffbfe7b561e:   10 48 8b 57 08 48 8b 4f 18 48 89 4a 18 48 8b 57
0x00007ffbfe7b562e:   08 48 8b 4f 20 48 89 4a 20 48 8d 8b 70 02 00 00
0x00007ffbfe7b563e:   48 8b d3 e8 fa 1a ee ff c7 83 30 03 00 00 04 00
0x00007ffbfe7b564e:   00 00 8b c6 48 8b 5c 24 30 48 8b 74 24 38 48 83
0x00007ffbfe7b565e:   c4 20 5f c3 cc cc cc cc cc cc cc cc cc cc cc cc
0x00007ffbfe7b566e:   cc cc 40 53 56 57 48 83 ec 40 8b 81 c8 00 00 00
0x00007ffbfe7b567e:   48 8d 99 70 fd ff ff 48 89 6c 24 60 05 55 21 ff
0x00007ffbfe7b568e:   ff 4c 89 64 24 68 33 ff 4c 89 74 24 70 49 8b f1
0x00007ffbfe7b569e:   44 8b e2 49 8b e8 83 f8 01 76 0a 48 8b cb e8 5f
0x00007ffbfe7b56ae:   ac 39 00 8b df c7 83 30 03 00 00 06 00 00 00 e8
0x00007ffbfe7b56be:   fe 45 28 00 48 8b 83 38 03 00 00 a8 01 74 0a b2
0x00007ffbfe7b56ce:   01 48 8b cb e8 29 29 2f 00 8b 83 20 03 00 00 a8
0x00007ffbfe7b56de:   0d 74 0a 33 d2 48 8b cb e8 35 d3 39 00 c7 83 30
0x00007ffbfe7b56ee:   03 00 00 06 00 00 00 48 89 5c 24 20 48 89 7c 24 


Stack slot to memory mapping:
stack at sp + 0 slots: 0x0 is NULL
stack at sp + 1 slots: 0x00007ffc5391ac9c msvcrt.dll
stack at sp + 2 slots: 0x0 is NULL
stack at sp + 3 slots: 0x00007ffc53921376 msvcrt.dll
stack at sp + 4 slots: 0x000002689a94a322 is at code_begin+4546 in an Interpreter codelet
return entry points  [0x000002689a949160, 0x000002689a94b380]  8736 bytes
stack at sp + 5 slots: 0x000000006d042df8 BitMaPDataNativeLib.dll
stack at sp + 6 slots: {method} {0x00000268b1007808} 'readFromFile' '(Ljava/lang/String;)I' in 'BitMaPNativeLib/BitMaP$Data'
stack at sp + 7 slots: 0x0000000000000014 is an unknown value


---------------  P R O C E S S  ---------------

Threads class SMR info:
_java_thread_list=0x00000268b4e39930, length=15, elements={
0x0000026893069600, 0x00000268ae6685f0, 0x00000268ae66efb0, 0x00000268ae678630,
0x00000268ae678fd0, 0x00000268ae679970, 0x00000268b4c00dc0, 0x00000268b4c21aa0,
0x00000268b4c2a490, 0x00000268b4c32980, 0x00000268b4d2acf0, 0x00000268b4e86b40,
0x00000268b4deead0, 0x00000268b4eeed00, 0x00000268b4eea7f0
}

Java Threads: ( => current thread )
=>0x0000026893069600 JavaThread "main" [_thread_in_vm, id=19656, stack(0x000000ef79500000,0x000000ef79600000)]
  0x00000268ae6685f0 JavaThread "Reference Handler" daemon [_thread_blocked, id=19184, stack(0x000000ef79c00000,0x000000ef79d00000)]
  0x00000268ae66efb0 JavaThread "Finalizer" daemon [_thread_blocked, id=6504, stack(0x000000ef79d00000,0x000000ef79e00000)]
  0x00000268ae678630 JavaThread "Signal Dispatcher" daemon [_thread_blocked, id=2212, stack(0x000000ef79e00000,0x000000ef79f00000)]
  0x00000268ae678fd0 JavaThread "Attach Listener" daemon [_thread_blocked, id=16904, stack(0x000000ef79f00000,0x000000ef7a000000)]
  0x00000268ae679970 JavaThread "Service Thread" daemon [_thread_blocked, id=17380, stack(0x000000ef7a000000,0x000000ef7a100000)]
  0x00000268b4c00dc0 JavaThread "Monitor Deflation Thread" daemon [_thread_blocked, id=12872, stack(0x000000ef7a100000,0x000000ef7a200000)]
  0x00000268b4c21aa0 JavaThread "C2 CompilerThread0" daemon [_thread_blocked, id=9792, stack(0x000000ef7a200000,0x000000ef7a300000)]
  0x00000268b4c2a490 JavaThread "C1 CompilerThread0" daemon [_thread_blocked, id=14936, stack(0x000000ef7a300000,0x000000ef7a400000)]
  0x00000268b4c32980 JavaThread "Sweeper thread" daemon [_thread_blocked, id=13008, stack(0x000000ef7a400000,0x000000ef7a500000)]
  0x00000268b4d2acf0 JavaThread "Common-Cleaner" daemon [_thread_blocked, id=19692, stack(0x000000ef7a500000,0x000000ef7a600000)]
  0x00000268b4e86b40 JavaThread "JDWP Transport Listener: dt_socket" daemon [_thread_blocked, id=11968, stack(0x000000ef7a600000,0x000000ef7a700000)]
  0x00000268b4deead0 JavaThread "JDWP Event Helper Thread" daemon [_thread_blocked, id=10548, stack(0x000000ef7a700000,0x000000ef7a800000)]
  0x00000268b4eeed00 JavaThread "JDWP Command Reader" daemon [_thread_in_native, id=20072, stack(0x000000ef7a800000,0x000000ef7a900000)]
  0x00000268b4eea7f0 JavaThread "Notification Thread" daemon [_thread_blocked, id=19476, stack(0x000000ef7a900000,0x000000ef7aa00000)]

Other Threads:
  0x00000268ae665260 VMThread "VM Thread" [stack: 0x000000ef79b00000,0x000000ef79c00000] [id=9212]
  0x00000268b4eefb60 WatcherThread "VM Periodic Task Thread" [stack: 0x000000ef7aa00000,0x000000ef7ab00000] [id=1920]
  0x00000268930ca380 WorkerThread "GC Thread#0" [stack: 0x000000ef79600000,0x000000ef79700000] [id=5524]
  0x00000268ae48c140 ConcurrentGCThread "G1 Main Marker" [stack: 0x000000ef79700000,0x000000ef79800000] [id=19036]
  0x00000268ae48d820 WorkerThread "G1 Conc#0" [stack: 0x000000ef79800000,0x000000ef79900000] [id=18996]
  0x00000268ae4d3b20 ConcurrentGCThread "G1 Refine#0" [stack: 0x000000ef79900000,0x000000ef79a00000] [id=7340]
  0x00000268ae4d42d0 ConcurrentGCThread "G1 Service" [stack: 0x000000ef79a00000,0x000000ef79b00000] [id=16572]

Threads with active compile tasks:

VM state: not at safepoint (normal execution)

VM Mutex/Monitor currently owned by a thread: None

Heap address: 0x0000000081800000, size: 2024 MB, Compressed Oops mode: 32-bit

CDS archive(s) mapped at: [0x0000000800000000-0x0000000800b90000-0x0000000800b90000), size 12124160, SharedBaseAddress: 0x0000000800000000, ArchiveRelocationMode: 0.
Compressed class space mapped at: 0x0000000800c00000-0x0000000840c00000, reserved size: 1073741824
Narrow klass base: 0x0000000800000000, Narrow klass shift: 0, Narrow klass range: 0x100000000

GC Precious Log:
 CardTable entry size: 512
 Card Set container configuration: InlinePtr #cards 5 size 8 Array Of Cards #cards 12 size 40 Howl #buckets 4 coarsen threshold 1843 Howl Bitmap #cards 512 size 80 coarsen threshold 460 Card regions per heap region 1 cards per card region 2048
 CPUs: 4 total, 4 available
 Memory: 8089M
 Large Page Support: Disabled
 NUMA Support: Disabled
 Compressed Oops: Enabled (32-bit)
 Heap Region Size: 1M
 Heap Min Capacity: 8M
 Heap Initial Capacity: 128M
 Heap Max Capacity: 2024M
 Pre-touch: Disabled
 Parallel Workers: 4
 Concurrent Workers: 1
 Concurrent Refinement Workers: 4
 Periodic GC: Disabled

Heap:
 garbage-first heap   total 131072K, used 3072K [0x0000000081800000, 0x0000000100000000)
  region size 1024K, 4 young (4096K), 0 survivors (0K)
 Metaspace       used 415K, committed 576K, reserved 1114112K
  class space    used 25K, committed 128K, reserved 1048576K

Heap Regions: E=young(eden), S=young(survivor), O=old, HS=humongous(starts), HC=humongous(continues), CS=collection set, F=free, OA=open archive, CA=closed archive, TAMS=top-at-mark-start (previous, next)
|   0|0x0000000081800000, 0x0000000081800000, 0x0000000081900000|  0%| F|  |TAMS 0x0000000081800000, 0x0000000081800000| Untracked 
|   1|0x0000000081900000, 0x0000000081900000, 0x0000000081a00000|  0%| F|  |TAMS 0x0000000081900000, 0x0000000081900000| Untracked 
|   2|0x0000000081a00000, 0x0000000081a00000, 0x0000000081b00000|  0%| F|  |TAMS 0x0000000081a00000, 0x0000000081a00000| Untracked 
|   3|0x0000000081b00000, 0x0000000081b00000, 0x0000000081c00000|  0%| F|  |TAMS 0x0000000081b00000, 0x0000000081b00000| Untracked 
|   4|0x0000000081c00000, 0x0000000081c00000, 0x0000000081d00000|  0%| F|  |TAMS 0x0000000081c00000, 0x0000000081c00000| Untracked 
|   5|0x0000000081d00000, 0x0000000081d00000, 0x0000000081e00000|  0%| F|  |TAMS 0x0000000081d00000, 0x0000000081d00000| Untracked 
|   6|0x0000000081e00000, 0x0000000081e00000, 0x0000000081f00000|  0%| F|  |TAMS 0x0000000081e00000, 0x0000000081e00000| Untracked 
|   7|0x0000000081f00000, 0x0000000081f00000, 0x0000000082000000|  0%| F|  |TAMS 0x0000000081f00000, 0x0000000081f00000| Untracked 
|   8|0x0000000082000000, 0x0000000082000000, 0x0000000082100000|  0%| F|  |TAMS 0x0000000082000000, 0x0000000082000000| Untracked 
|   9|0x0000000082100000, 0x0000000082100000, 0x0000000082200000|  0%| F|  |TAMS 0x0000000082100000, 0x0000000082100000| Untracked 
|  10|0x0000000082200000, 0x0000000082200000, 0x0000000082300000|  0%| F|  |TAMS 0x0000000082200000, 0x0000000082200000| Untracked 
|  11|0x0000000082300000, 0x0000000082300000, 0x0000000082400000|  0%| F|  |TAMS 0x0000000082300000, 0x0000000082300000| Untracked 
|  12|0x0000000082400000, 0x0000000082400000, 0x0000000082500000|  0%| F|  |TAMS 0x0000000082400000, 0x0000000082400000| Untracked 
|  13|0x0000000082500000, 0x0000000082500000, 0x0000000082600000|  0%| F|  |TAMS 0x0000000082500000, 0x0000000082500000| Untracked 
|  14|0x0000000082600000, 0x0000000082600000, 0x0000000082700000|  0%| F|  |TAMS 0x0000000082600000, 0x0000000082600000| Untracked 
|  15|0x0000000082700000, 0x0000000082700000, 0x0000000082800000|  0%| F|  |TAMS 0x0000000082700000, 0x0000000082700000| Untracked 
|  16|0x0000000082800000, 0x0000000082800000, 0x0000000082900000|  0%| F|  |TAMS 0x0000000082800000, 0x0000000082800000| Untracked 
|  17|0x0000000082900000, 0x0000000082900000, 0x0000000082a00000|  0%| F|  |TAMS 0x0000000082900000, 0x0000000082900000| Untracked 
|  18|0x0000000082a00000, 0x0000000082a00000, 0x0000000082b00000|  0%| F|  |TAMS 0x0000000082a00000, 0x0000000082a00000| Untracked 
|  19|0x0000000082b00000, 0x0000000082b00000, 0x0000000082c00000|  0%| F|  |TAMS 0x0000000082b00000, 0x0000000082b00000| Untracked 
|  20|0x0000000082c00000, 0x0000000082c00000, 0x0000000082d00000|  0%| F|  |TAMS 0x0000000082c00000, 0x0000000082c00000| Untracked 
|  21|0x0000000082d00000, 0x0000000082d00000, 0x0000000082e00000|  0%| F|  |TAMS 0x0000000082d00000, 0x0000000082d00000| Untracked 
|  22|0x0000000082e00000, 0x0000000082e00000, 0x0000000082f00000|  0%| F|  |TAMS 0x0000000082e00000, 0x0000000082e00000| Untracked 
|  23|0x0000000082f00000, 0x0000000082f00000, 0x0000000083000000|  0%| F|  |TAMS 0x0000000082f00000, 0x0000000082f00000| Untracked 
|  24|0x0000000083000000, 0x0000000083000000, 0x0000000083100000|  0%| F|  |TAMS 0x0000000083000000, 0x0000000083000000| Untracked 
|  25|0x0000000083100000, 0x0000000083100000, 0x0000000083200000|  0%| F|  |TAMS 0x0000000083100000, 0x0000000083100000| Untracked 
|  26|0x0000000083200000, 0x0000000083200000, 0x0000000083300000|  0%| F|  |TAMS 0x0000000083200000, 0x0000000083200000| Untracked 
|  27|0x0000000083300000, 0x0000000083300000, 0x0000000083400000|  0%| F|  |TAMS 0x0000000083300000, 0x0000000083300000| Untracked 
|  28|0x0000000083400000, 0x0000000083400000, 0x0000000083500000|  0%| F|  |TAMS 0x0000000083400000, 0x0000000083400000| Untracked 
|  29|0x0000000083500000, 0x0000000083500000, 0x0000000083600000|  0%| F|  |TAMS 0x0000000083500000, 0x0000000083500000| Untracked 
|  30|0x0000000083600000, 0x0000000083600000, 0x0000000083700000|  0%| F|  |TAMS 0x0000000083600000, 0x0000000083600000| Untracked 
|  31|0x0000000083700000, 0x0000000083700000, 0x0000000083800000|  0%| F|  |TAMS 0x0000000083700000, 0x0000000083700000| Untracked 
|  32|0x0000000083800000, 0x0000000083800000, 0x0000000083900000|  0%| F|  |TAMS 0x0000000083800000, 0x0000000083800000| Untracked 
|  33|0x0000000083900000, 0x0000000083900000, 0x0000000083a00000|  0%| F|  |TAMS 0x0000000083900000, 0x0000000083900000| Untracked 
|  34|0x0000000083a00000, 0x0000000083a00000, 0x0000000083b00000|  0%| F|  |TAMS 0x0000000083a00000, 0x0000000083a00000| Untracked 
|  35|0x0000000083b00000, 0x0000000083b00000, 0x0000000083c00000|  0%| F|  |TAMS 0x0000000083b00000, 0x0000000083b00000| Untracked 
|  36|0x0000000083c00000, 0x0000000083c00000, 0x0000000083d00000|  0%| F|  |TAMS 0x0000000083c00000, 0x0000000083c00000| Untracked 
|  37|0x0000000083d00000, 0x0000000083d00000, 0x0000000083e00000|  0%| F|  |TAMS 0x0000000083d00000, 0x0000000083d00000| Untracked 
|  38|0x0000000083e00000, 0x0000000083e00000, 0x0000000083f00000|  0%| F|  |TAMS 0x0000000083e00000, 0x0000000083e00000| Untracked 
|  39|0x0000000083f00000, 0x0000000083f00000, 0x0000000084000000|  0%| F|  |TAMS 0x0000000083f00000, 0x0000000083f00000| Untracked 
|  40|0x0000000084000000, 0x0000000084000000, 0x0000000084100000|  0%| F|  |TAMS 0x0000000084000000, 0x0000000084000000| Untracked 
|  41|0x0000000084100000, 0x0000000084100000, 0x0000000084200000|  0%| F|  |TAMS 0x0000000084100000, 0x0000000084100000| Untracked 
|  42|0x0000000084200000, 0x0000000084200000, 0x0000000084300000|  0%| F|  |TAMS 0x0000000084200000, 0x0000000084200000| Untracked 
|  43|0x0000000084300000, 0x0000000084300000, 0x0000000084400000|  0%| F|  |TAMS 0x0000000084300000, 0x0000000084300000| Untracked 
|  44|0x0000000084400000, 0x0000000084400000, 0x0000000084500000|  0%| F|  |TAMS 0x0000000084400000, 0x0000000084400000| Untracked 
|  45|0x0000000084500000, 0x0000000084500000, 0x0000000084600000|  0%| F|  |TAMS 0x0000000084500000, 0x0000000084500000| Untracked 
|  46|0x0000000084600000, 0x0000000084600000, 0x0000000084700000|  0%| F|  |TAMS 0x0000000084600000, 0x0000000084600000| Untracked 
|  47|0x0000000084700000, 0x0000000084700000, 0x0000000084800000|  0%| F|  |TAMS 0x0000000084700000, 0x0000000084700000| Untracked 
|  48|0x0000000084800000, 0x0000000084800000, 0x0000000084900000|  0%| F|  |TAMS 0x0000000084800000, 0x0000000084800000| Untracked 
|  49|0x0000000084900000, 0x0000000084900000, 0x0000000084a00000|  0%| F|  |TAMS 0x0000000084900000, 0x0000000084900000| Untracked 
|  50|0x0000000084a00000, 0x0000000084a00000, 0x0000000084b00000|  0%| F|  |TAMS 0x0000000084a00000, 0x0000000084a00000| Untracked 
|  51|0x0000000084b00000, 0x0000000084b00000, 0x0000000084c00000|  0%| F|  |TAMS 0x0000000084b00000, 0x0000000084b00000| Untracked 
|  52|0x0000000084c00000, 0x0000000084c00000, 0x0000000084d00000|  0%| F|  |TAMS 0x0000000084c00000, 0x0000000084c00000| Untracked 
|  53|0x0000000084d00000, 0x0000000084d00000, 0x0000000084e00000|  0%| F|  |TAMS 0x0000000084d00000, 0x0000000084d00000| Untracked 
|  54|0x0000000084e00000, 0x0000000084e00000, 0x0000000084f00000|  0%| F|  |TAMS 0x0000000084e00000, 0x0000000084e00000| Untracked 
|  55|0x0000000084f00000, 0x0000000084f00000, 0x0000000085000000|  0%| F|  |TAMS 0x0000000084f00000, 0x0000000084f00000| Untracked 
|  56|0x0000000085000000, 0x0000000085000000, 0x0000000085100000|  0%| F|  |TAMS 0x0000000085000000, 0x0000000085000000| Untracked 
|  57|0x0000000085100000, 0x0000000085100000, 0x0000000085200000|  0%| F|  |TAMS 0x0000000085100000, 0x0000000085100000| Untracked 
|  58|0x0000000085200000, 0x0000000085200000, 0x0000000085300000|  0%| F|  |TAMS 0x0000000085200000, 0x0000000085200000| Untracked 
|  59|0x0000000085300000, 0x0000000085300000, 0x0000000085400000|  0%| F|  |TAMS 0x0000000085300000, 0x0000000085300000| Untracked 
|  60|0x0000000085400000, 0x0000000085400000, 0x0000000085500000|  0%| F|  |TAMS 0x0000000085400000, 0x0000000085400000| Untracked 
|  61|0x0000000085500000, 0x0000000085500000, 0x0000000085600000|  0%| F|  |TAMS 0x0000000085500000, 0x0000000085500000| Untracked 
|  62|0x0000000085600000, 0x0000000085600000, 0x0000000085700000|  0%| F|  |TAMS 0x0000000085600000, 0x0000000085600000| Untracked 
|  63|0x0000000085700000, 0x0000000085700000, 0x0000000085800000|  0%| F|  |TAMS 0x0000000085700000, 0x0000000085700000| Untracked 
|  64|0x0000000085800000, 0x0000000085800000, 0x0000000085900000|  0%| F|  |TAMS 0x0000000085800000, 0x0000000085800000| Untracked 
|  65|0x0000000085900000, 0x0000000085900000, 0x0000000085a00000|  0%| F|  |TAMS 0x0000000085900000, 0x0000000085900000| Untracked 
|  66|0x0000000085a00000, 0x0000000085a00000, 0x0000000085b00000|  0%| F|  |TAMS 0x0000000085a00000, 0x0000000085a00000| Untracked 
|  67|0x0000000085b00000, 0x0000000085b00000, 0x0000000085c00000|  0%| F|  |TAMS 0x0000000085b00000, 0x0000000085b00000| Untracked 
|  68|0x0000000085c00000, 0x0000000085c00000, 0x0000000085d00000|  0%| F|  |TAMS 0x0000000085c00000, 0x0000000085c00000| Untracked 
|  69|0x0000000085d00000, 0x0000000085d00000, 0x0000000085e00000|  0%| F|  |TAMS 0x0000000085d00000, 0x0000000085d00000| Untracked 
|  70|0x0000000085e00000, 0x0000000085e00000, 0x0000000085f00000|  0%| F|  |TAMS 0x0000000085e00000, 0x0000000085e00000| Untracked 
|  71|0x0000000085f00000, 0x0000000085f00000, 0x0000000086000000|  0%| F|  |TAMS 0x0000000085f00000, 0x0000000085f00000| Untracked 
|  72|0x0000000086000000, 0x0000000086000000, 0x0000000086100000|  0%| F|  |TAMS 0x0000000086000000, 0x0000000086000000| Untracked 
|  73|0x0000000086100000, 0x0000000086100000, 0x0000000086200000|  0%| F|  |TAMS 0x0000000086100000, 0x0000000086100000| Untracked 
|  74|0x0000000086200000, 0x0000000086200000, 0x0000000086300000|  0%| F|  |TAMS 0x0000000086200000, 0x0000000086200000| Untracked 
|  75|0x0000000086300000, 0x0000000086300000, 0x0000000086400000|  0%| F|  |TAMS 0x0000000086300000, 0x0000000086300000| Untracked 
|  76|0x0000000086400000, 0x0000000086400000, 0x0000000086500000|  0%| F|  |TAMS 0x0000000086400000, 0x0000000086400000| Untracked 
|  77|0x0000000086500000, 0x0000000086500000, 0x0000000086600000|  0%| F|  |TAMS 0x0000000086500000, 0x0000000086500000| Untracked 
|  78|0x0000000086600000, 0x0000000086600000, 0x0000000086700000|  0%| F|  |TAMS 0x0000000086600000, 0x0000000086600000| Untracked 
|  79|0x0000000086700000, 0x0000000086700000, 0x0000000086800000|  0%| F|  |TAMS 0x0000000086700000, 0x0000000086700000| Untracked 
|  80|0x0000000086800000, 0x0000000086800000, 0x0000000086900000|  0%| F|  |TAMS 0x0000000086800000, 0x0000000086800000| Untracked 
|  81|0x0000000086900000, 0x0000000086900000, 0x0000000086a00000|  0%| F|  |TAMS 0x0000000086900000, 0x0000000086900000| Untracked 
|  82|0x0000000086a00000, 0x0000000086a00000, 0x0000000086b00000|  0%| F|  |TAMS 0x0000000086a00000, 0x0000000086a00000| Untracked 
|  83|0x0000000086b00000, 0x0000000086b00000, 0x0000000086c00000|  0%| F|  |TAMS 0x0000000086b00000, 0x0000000086b00000| Untracked 
|  84|0x0000000086c00000, 0x0000000086c00000, 0x0000000086d00000|  0%| F|  |TAMS 0x0000000086c00000, 0x0000000086c00000| Untracked 
|  85|0x0000000086d00000, 0x0000000086d00000, 0x0000000086e00000|  0%| F|  |TAMS 0x0000000086d00000, 0x0000000086d00000| Untracked 
|  86|0x0000000086e00000, 0x0000000086e00000, 0x0000000086f00000|  0%| F|  |TAMS 0x0000000086e00000, 0x0000000086e00000| Untracked 
|  87|0x0000000086f00000, 0x0000000086f00000, 0x0000000087000000|  0%| F|  |TAMS 0x0000000086f00000, 0x0000000086f00000| Untracked 
|  88|0x0000000087000000, 0x0000000087000000, 0x0000000087100000|  0%| F|  |TAMS 0x0000000087000000, 0x0000000087000000| Untracked 
|  89|0x0000000087100000, 0x0000000087100000, 0x0000000087200000|  0%| F|  |TAMS 0x0000000087100000, 0x0000000087100000| Untracked 
|  90|0x0000000087200000, 0x0000000087200000, 0x0000000087300000|  0%| F|  |TAMS 0x0000000087200000, 0x0000000087200000| Untracked 
|  91|0x0000000087300000, 0x0000000087300000, 0x0000000087400000|  0%| F|  |TAMS 0x0000000087300000, 0x0000000087300000| Untracked 
|  92|0x0000000087400000, 0x0000000087400000, 0x0000000087500000|  0%| F|  |TAMS 0x0000000087400000, 0x0000000087400000| Untracked 
|  93|0x0000000087500000, 0x0000000087500000, 0x0000000087600000|  0%| F|  |TAMS 0x0000000087500000, 0x0000000087500000| Untracked 
|  94|0x0000000087600000, 0x0000000087600000, 0x0000000087700000|  0%| F|  |TAMS 0x0000000087600000, 0x0000000087600000| Untracked 
|  95|0x0000000087700000, 0x0000000087700000, 0x0000000087800000|  0%| F|  |TAMS 0x0000000087700000, 0x0000000087700000| Untracked 
|  96|0x0000000087800000, 0x0000000087800000, 0x0000000087900000|  0%| F|  |TAMS 0x0000000087800000, 0x0000000087800000| Untracked 
|  97|0x0000000087900000, 0x0000000087900000, 0x0000000087a00000|  0%| F|  |TAMS 0x0000000087900000, 0x0000000087900000| Untracked 
|  98|0x0000000087a00000, 0x0000000087a00000, 0x0000000087b00000|  0%| F|  |TAMS 0x0000000087a00000, 0x0000000087a00000| Untracked 
|  99|0x0000000087b00000, 0x0000000087b00000, 0x0000000087c00000|  0%| F|  |TAMS 0x0000000087b00000, 0x0000000087b00000| Untracked 
| 100|0x0000000087c00000, 0x0000000087c00000, 0x0000000087d00000|  0%| F|  |TAMS 0x0000000087c00000, 0x0000000087c00000| Untracked 
| 101|0x0000000087d00000, 0x0000000087d00000, 0x0000000087e00000|  0%| F|  |TAMS 0x0000000087d00000, 0x0000000087d00000| Untracked 
| 102|0x0000000087e00000, 0x0000000087e00000, 0x0000000087f00000|  0%| F|  |TAMS 0x0000000087e00000, 0x0000000087e00000| Untracked 
| 103|0x0000000087f00000, 0x0000000087f00000, 0x0000000088000000|  0%| F|  |TAMS 0x0000000087f00000, 0x0000000087f00000| Untracked 
| 104|0x0000000088000000, 0x0000000088000000, 0x0000000088100000|  0%| F|  |TAMS 0x0000000088000000, 0x0000000088000000| Untracked 
| 105|0x0000000088100000, 0x0000000088100000, 0x0000000088200000|  0%| F|  |TAMS 0x0000000088100000, 0x0000000088100000| Untracked 
| 106|0x0000000088200000, 0x0000000088200000, 0x0000000088300000|  0%| F|  |TAMS 0x0000000088200000, 0x0000000088200000| Untracked 
| 107|0x0000000088300000, 0x0000000088300000, 0x0000000088400000|  0%| F|  |TAMS 0x0000000088300000, 0x0000000088300000| Untracked 
| 108|0x0000000088400000, 0x0000000088400000, 0x0000000088500000|  0%| F|  |TAMS 0x0000000088400000, 0x0000000088400000| Untracked 
| 109|0x0000000088500000, 0x0000000088500000, 0x0000000088600000|  0%| F|  |TAMS 0x0000000088500000, 0x0000000088500000| Untracked 
| 110|0x0000000088600000, 0x0000000088600000, 0x0000000088700000|  0%| F|  |TAMS 0x0000000088600000, 0x0000000088600000| Untracked 
| 111|0x0000000088700000, 0x0000000088700000, 0x0000000088800000|  0%| F|  |TAMS 0x0000000088700000, 0x0000000088700000| Untracked 
| 112|0x0000000088800000, 0x0000000088800000, 0x0000000088900000|  0%| F|  |TAMS 0x0000000088800000, 0x0000000088800000| Untracked 
| 113|0x0000000088900000, 0x0000000088900000, 0x0000000088a00000|  0%| F|  |TAMS 0x0000000088900000, 0x0000000088900000| Untracked 
| 114|0x0000000088a00000, 0x0000000088a00000, 0x0000000088b00000|  0%| F|  |TAMS 0x0000000088a00000, 0x0000000088a00000| Untracked 
| 115|0x0000000088b00000, 0x0000000088b00000, 0x0000000088c00000|  0%| F|  |TAMS 0x0000000088b00000, 0x0000000088b00000| Untracked 
| 116|0x0000000088c00000, 0x0000000088c00000, 0x0000000088d00000|  0%| F|  |TAMS 0x0000000088c00000, 0x0000000088c00000| Untracked 
| 117|0x0000000088d00000, 0x0000000088d00000, 0x0000000088e00000|  0%| F|  |TAMS 0x0000000088d00000, 0x0000000088d00000| Untracked 
| 118|0x0000000088e00000, 0x0000000088e00000, 0x0000000088f00000|  0%| F|  |TAMS 0x0000000088e00000, 0x0000000088e00000| Untracked 
| 119|0x0000000088f00000, 0x0000000088f00000, 0x0000000089000000|  0%| F|  |TAMS 0x0000000088f00000, 0x0000000088f00000| Untracked 
| 120|0x0000000089000000, 0x0000000089000000, 0x0000000089100000|  0%| F|  |TAMS 0x0000000089000000, 0x0000000089000000| Untracked 
| 121|0x0000000089100000, 0x0000000089100000, 0x0000000089200000|  0%| F|  |TAMS 0x0000000089100000, 0x0000000089100000| Untracked 
| 122|0x0000000089200000, 0x0000000089200000, 0x0000000089300000|  0%| F|  |TAMS 0x0000000089200000, 0x0000000089200000| Untracked 
| 123|0x0000000089300000, 0x0000000089300000, 0x0000000089400000|  0%| F|  |TAMS 0x0000000089300000, 0x0000000089300000| Untracked 
| 124|0x0000000089400000, 0x0000000089487010, 0x0000000089500000| 52%| E|  |TAMS 0x0000000089400000, 0x0000000089400000| Complete 
| 125|0x0000000089500000, 0x0000000089600000, 0x0000000089600000|100%| E|CS|TAMS 0x0000000089500000, 0x0000000089500000| Complete 
| 126|0x0000000089600000, 0x0000000089700000, 0x0000000089700000|100%| E|CS|TAMS 0x0000000089600000, 0x0000000089600000| Complete 
| 127|0x0000000089700000, 0x0000000089800000, 0x0000000089800000|100%| E|CS|TAMS 0x0000000089700000, 0x0000000089700000| Complete 

Card table byte_map: [0x00000268a9d40000,0x00000268aa140000] _byte_map_base: 0x00000268a9934000

Marking Bits (Prev, Next): (CMBitMap*) 0x00000268930ca820, (CMBitMap*) 0x00000268930ca860
 Prev Bits: [0x00000268aa540000, 0x00000268ac4e0000)
 Next Bits: [0x00000268ac4e0000, 0x00000268ae480000)

Polling page: 0x0000026890f40000

Metaspace:

Usage:
  Non-class:    389.20 KB used.
      Class:     25.82 KB used.
       Both:    415.02 KB used.

Virtual space:
  Non-class space:       64.00 MB reserved,     448.00 KB ( <1%) committed,  1 nodes.
      Class space:        1.00 GB reserved,     128.00 KB ( <1%) committed,  1 nodes.
             Both:        1.06 GB reserved,     576.00 KB ( <1%) committed. 

Chunk freelists:
   Non-Class:  3.96 MB
       Class:  3.73 MB
        Both:  7.70 MB

MaxMetaspaceSize: unlimited
CompressedClassSpaceSize: 1.00 GB
Initial GC threshold: 21.00 MB
Current GC threshold: 21.00 MB
CDS: on
MetaspaceReclaimPolicy: balanced
 - commit_granule_bytes: 65536.
 - commit_granule_words: 8192.
 - virtual_space_node_default_size: 8388608.
 - enlarge_chunks_in_place: 1.
 - new_chunks_are_fully_committed: 0.
 - uncommit_free_chunks: 1.
 - use_allocation_guard: 0.


Internal statistics:

num_allocs_failed_limit: 0.
num_arena_births: 22.
num_arena_deaths: 0.
num_vsnodes_births: 2.
num_vsnodes_deaths: 0.
num_space_committed: 9.
num_space_uncommitted: 0.
num_chunks_returned_to_freelist: 0.
num_chunks_taken_from_freelist: 27.
num_chunk_merges: 0.
num_chunk_splits: 17.
num_chunks_enlarged: 11.
num_inconsistent_stats: 0.

CodeHeap 'non-profiled nmethods': size=120000Kb used=74Kb max_used=74Kb free=119925Kb
 bounds [0x00000268a2410000, 0x00000268a2680000, 0x00000268a9940000]
CodeHeap 'profiled nmethods': size=120000Kb used=242Kb max_used=242Kb free=119757Kb
 bounds [0x000002689aee0000, 0x000002689b150000, 0x00000268a2410000]
CodeHeap 'non-nmethods': size=5760Kb used=1156Kb max_used=1171Kb free=4603Kb
 bounds [0x000002689a940000, 0x000002689abb0000, 0x000002689aee0000]
 total_blobs=562 nmethods=217 adapters=258
 compilation: enabled
              stopped_count=0, restarted_count=0
 full_count=0

Compilation events (20 events):
Event: 1.643 Thread 0x00000268b4c2a490  207       3       java.lang.StringConcatHelper::newArray (26 bytes)
Event: 1.643 Thread 0x00000268b4c2a490 nmethod 207 0x000002689af19d10 code [0x000002689af19ec0, 0x000002689af1a128]
Event: 1.643 Thread 0x00000268b4c2a490  208       3       jdk.internal.misc.Unsafe::allocateUninitializedArray (55 bytes)
Event: 1.644 Thread 0x00000268b4c2a490 nmethod 208 0x000002689af1a210 code [0x000002689af1a420, 0x000002689af1a8d8]
Event: 1.644 Thread 0x00000268b4c2a490  209       3       java.lang.String::replace (42 bytes)
Event: 1.644 Thread 0x00000268b4c2a490 nmethod 209 0x000002689af1aa90 code [0x000002689af1ac60, 0x000002689af1afb8]
Event: 1.644 Thread 0x00000268b4c2a490  211       3       org.jetbrains.capture.org.objectweb.asm.Type::getInternalName (12 bytes)
Event: 1.644 Thread 0x00000268b4c2a490 nmethod 211 0x000002689af1b090 code [0x000002689af1b240, 0x000002689af1b478]
Event: 1.749 Thread 0x00000268b4c2a490  212       3       java.lang.AbstractStringBuilder::<init> (39 bytes)
Event: 1.750 Thread 0x00000268b4c2a490 nmethod 212 0x000002689af1b590 code [0x000002689af1b740, 0x000002689af1b9d8]
Event: 1.751 Thread 0x00000268b4c21aa0  213       4       java.lang.StringLatin1::replace (198 bytes)
Event: 1.769 Thread 0x00000268b4c21aa0 nmethod 213 0x00000268a2421c10 code [0x00000268a2421dc0, 0x00000268a24222c8]
Event: 1.804 Thread 0x00000268b4c2a490  214       3       java.lang.StringBuilder::toString (35 bytes)
Event: 1.804 Thread 0x00000268b4c2a490 nmethod 214 0x000002689af1ba90 code [0x000002689af1bc60, 0x000002689af1bf38]
Event: 1.938 Thread 0x00000268b4c21aa0  215       4       java.lang.String::charAt (25 bytes)
Event: 1.939 Thread 0x00000268b4c21aa0 nmethod 215 0x00000268a2422590 code [0x00000268a2422720, 0x00000268a2422848]
Event: 2.142 Thread 0x00000268b4c2a490  216       3       java.lang.System::getSecurityManager (12 bytes)
Event: 2.142 Thread 0x00000268b4c2a490 nmethod 216 0x000002689af1c010 code [0x000002689af1c1a0, 0x000002689af1c318]
Event: 2.143 Thread 0x00000268b4c2a490  217       3       java.util.Arrays::copyOf (19 bytes)
Event: 2.143 Thread 0x00000268b4c2a490 nmethod 217 0x000002689af1c410 code [0x000002689af1c5c0, 0x000002689af1c8c8]

GC Heap History (0 events):
No events

Deoptimization events (0 events):
No events

Classes loaded (20 events):
Event: 1.704 Loading class Main
Event: 1.704 Loading class Main done
Event: 1.748 Loading class jdk/internal/loader/URLClassPath$FileLoader
Event: 1.749 Loading class jdk/internal/loader/URLClassPath$FileLoader done
Event: 1.751 Loading class jdk/internal/loader/URLClassPath$FileLoader$1
Event: 1.751 Loading class jdk/internal/loader/URLClassPath$FileLoader$1 done
Event: 1.887 Loading class BitMaPNativeLib/BitMaP
Event: 1.887 Loading class BitMaPNativeLib/BitMaP done
Event: 1.937 Loading class BitMaPNativeLib/BitMaP$FileHeader
Event: 1.937 Loading class BitMaPNativeLib/BitMaP$FileHeader done
Event: 2.030 Loading class BitMaPNativeLib/BitMaP$DIBHeader
Event: 2.030 Loading class BitMaPNativeLib/BitMaP$DIBHeader done
Event: 2.099 Loading class BitMaPNativeLib/BitMaP$DIBColorProfile
Event: 2.099 Loading class BitMaPNativeLib/BitMaP$DIBColorProfile done
Event: 2.142 Loading class BitMaPNativeLib/BitMaP$Data
Event: 2.142 Loading class BitMaPNativeLib/BitMaP$Data done
Event: 2.145 Loading class BitMaPNativeLib/Pixel
Event: 2.145 Loading class BitMaPNativeLib/Pixel done
Event: 2.148 Loading class java/lang/NoSuchFieldError
Event: 2.148 Loading class java/lang/NoSuchFieldError done

Classes unloaded (0 events):
No events

Classes redefined (0 events):
No events

Internal exceptions (6 events):
Event: 1.627 Thread 0x0000026893069600 Exception <a 'java/lang/NoSuchMethodError'{0x00000000896a4bc0}: 'void java.lang.invoke.DirectMethodHandle$Holder.invokeStatic(java.lang.Object, java.lang.Object, java.lang.Object)'> (0x00000000896a4bc0) 
thrown [s\open\src\hotspot\share\interpreter\linkResolver.cpp, line 766]
Event: 1.639 Thread 0x0000026893069600 Exception <a 'java/lang/NoSuchMethodError'{0x00000000896bd8d8}: 'java.lang.Object java.lang.invoke.Invokers$Holder.invokeExact_MT(java.lang.Object, java.lang.Object, java.lang.Object, java.lang.Object, java.lang.Object)'> (0x00000000896bd8d8) 
thrown [s\open\src\hotspot\share\interpreter\linkResolver.cpp, line 766]
Event: 2.148 Thread 0x0000026893069600 Exception <a 'java/lang/NoSuchFieldError'{0x0000000089466058}: BitMaPNativeLib.BitMaP$Data.Picture [[LBitMaPNativeLib/Pixel> (0x0000000089466058) 
thrown [s\open\src\hotspot\share\prims\jni.cpp, line 1758]
Event: 2.148 Thread 0x0000026893069600 Exception <a 'java/lang/NoSuchMethodError'{0x0000000089466358}: setRed> (0x0000000089466358) 
thrown [s\open\src\hotspot\share\prims\jni.cpp, line 1070]
Event: 2.148 Thread 0x0000026893069600 Exception <a 'java/lang/NoSuchMethodError'{0x0000000089466658}: setGreen> (0x0000000089466658) 
thrown [s\open\src\hotspot\share\prims\jni.cpp, line 1070]
Event: 2.148 Thread 0x0000026893069600 Exception <a 'java/lang/NoSuchMethodError'{0x0000000089466958}: setBlue> (0x0000000089466958) 
thrown [s\open\src\hotspot\share\prims\jni.cpp, line 1070]

VM Operations (10 events):
Event: 0.474 Executing VM operation: HandshakeAllThreads
Event: 0.474 Executing VM operation: HandshakeAllThreads done
Event: 0.959 Executing VM operation: ChangeBreakpoints
Event: 0.959 Executing VM operation: ChangeBreakpoints done
Event: 1.589 Executing VM operation: ChangeBreakpoints
Event: 1.589 Executing VM operation: ChangeBreakpoints done
Event: 1.596 Executing VM operation: ChangeBreakpoints
Event: 1.596 Executing VM operation: ChangeBreakpoints done
Event: 1.870 Executing VM operation: ChangeBreakpoints
Event: 1.870 Executing VM operation: ChangeBreakpoints done

Events (20 events):
Event: 0.254 Thread 0x00000268ae6685f0 Thread added: 0x00000268ae6685f0
Event: 0.254 Thread 0x00000268ae66efb0 Thread added: 0x00000268ae66efb0
Event: 0.270 Thread 0x00000268ae678630 Thread added: 0x00000268ae678630
Event: 0.270 Thread 0x00000268ae678fd0 Thread added: 0x00000268ae678fd0
Event: 0.270 Thread 0x00000268ae679970 Thread added: 0x00000268ae679970
Event: 0.270 Thread 0x00000268b4c00dc0 Thread added: 0x00000268b4c00dc0
Event: 0.271 Thread 0x00000268b4c21aa0 Thread added: 0x00000268b4c21aa0
Event: 0.271 Thread 0x00000268b4c2a490 Thread added: 0x00000268b4c2a490
Event: 0.271 Thread 0x00000268b4c32980 Thread added: 0x00000268b4c32980
Event: 0.427 Thread 0x00000268b4d2acf0 Thread added: 0x00000268b4d2acf0
Event: 0.945 Thread 0x00000268b4e86b40 Thread added: 0x00000268b4e86b40
Event: 0.958 Thread 0x00000268b4deead0 Thread added: 0x00000268b4deead0
Event: 0.958 Thread 0x00000268b4eeed00 Thread added: 0x00000268b4eeed00
Event: 1.599 Loaded shared library C:\Users\Abobus\.jdks\openjdk-18.0.1.1\bin\instrument.dll
Event: 1.646 Thread 0x00000268b4eea7f0 Thread added: 0x00000268b4eea7f0
Event: 1.936 Loaded shared library C:\Users\Abobus\IdeaProjects\Editor\Editor\src\BitMaPNativeLib\BitMaPNativeLib.dll
Event: 1.996 Loaded shared library C:\Users\Abobus\IdeaProjects\Editor\Editor\src\BitMaPNativeLib\BitMaPFileHeaderNativeLib.dll
Event: 2.082 Loaded shared library C:\Users\Abobus\IdeaProjects\Editor\Editor\src\BitMaPNativeLib\BitMaPDIBHeaderNativeLib.dll
Event: 2.141 Loaded shared library C:\Users\Abobus\IdeaProjects\Editor\Editor\src\BitMaPNativeLib\BitMaPDIBColorProfileNativeLib.dll
Event: 2.145 Loaded shared library C:\Users\Abobus\IdeaProjects\Editor\Editor\src\BitMaPNativeLib\BitMaPDataNativeLib.dll


Dynamic libraries:
0x00007ff7ecb50000 - 0x00007ff7ecb5e000 	C:\Users\Abobus\.jdks\openjdk-18.0.1.1\bin\java.exe
0x00007ffc539c0000 - 0x00007ffc53bc9000 	C:\WINDOWS\SYSTEM32\ntdll.dll
0x00007ffc52240000 - 0x00007ffc522fd000 	C:\WINDOWS\System32\KERNEL32.DLL
0x00007ffc51080000 - 0x00007ffc513f9000 	C:\WINDOWS\System32\KERNELBASE.dll
0x00007ffc51400000 - 0x00007ffc51511000 	C:\WINDOWS\System32\ucrtbase.dll
0x00007ffc4c4c0000 - 0x00007ffc4c4d7000 	C:\Users\Abobus\.jdks\openjdk-18.0.1.1\bin\jli.dll
0x00007ffc4c4a0000 - 0x00007ffc4c4ba000 	C:\Users\Abobus\.jdks\openjdk-18.0.1.1\bin\VCRUNTIME140.dll
0x00007ffc52ae0000 - 0x00007ffc52c8c000 	C:\WINDOWS\System32\USER32.dll
0x00007ffc50f30000 - 0x00007ffc50f56000 	C:\WINDOWS\System32\win32u.dll
0x00007ffc3e4d0000 - 0x00007ffc3e775000 	C:\WINDOWS\WinSxS\amd64_microsoft.windows.common-controls_6595b64144ccf1df_6.0.22000.120_none_9d947278b86cc467\COMCTL32.dll
0x00007ffc538d0000 - 0x00007ffc53973000 	C:\WINDOWS\System32\msvcrt.dll
0x00007ffc529c0000 - 0x00007ffc529e9000 	C:\WINDOWS\System32\GDI32.dll
0x00007ffc50f60000 - 0x00007ffc51072000 	C:\WINDOWS\System32\gdi32full.dll
0x00007ffc515e0000 - 0x00007ffc5167d000 	C:\WINDOWS\System32\msvcp_win.dll
0x00007ffc529f0000 - 0x00007ffc52a21000 	C:\WINDOWS\System32\IMM32.DLL
0x00007ffc50370000 - 0x00007ffc503a6000 	C:\WINDOWS\system32\DriverStore\FileRepository\nvlti.inf_amd64_83a389b28f4c421e\nvinitx.dll
0x00007ffc51c50000 - 0x00007ffc51cfe000 	C:\WINDOWS\System32\ADVAPI32.dll
0x00007ffc521a0000 - 0x00007ffc5223e000 	C:\WINDOWS\System32\sechost.dll
0x00007ffc50360000 - 0x00007ffc5036a000 	C:\WINDOWS\SYSTEM32\VERSION.dll
0x00007ffc52380000 - 0x00007ffc524a0000 	C:\WINDOWS\System32\RPCRT4.dll
0x00007ffc52ec0000 - 0x00007ffc5366f000 	C:\WINDOWS\System32\Shell32.dll
0x00007ffc4efd0000 - 0x00007ffc4f838000 	C:\WINDOWS\SYSTEM32\windows.storage.dll
0x00007ffc524a0000 - 0x00007ffc52818000 	C:\WINDOWS\System32\combase.dll
0x00007ffc4ee60000 - 0x00007ffc4efc6000 	C:\WINDOWS\SYSTEM32\wintypes.dll
0x00007ffc51860000 - 0x00007ffc5194a000 	C:\WINDOWS\System32\SHCORE.dll
0x00007ffc53870000 - 0x00007ffc538cd000 	C:\WINDOWS\System32\shlwapi.dll
0x000000005cbc0000 - 0x000000005cbc6000 	C:\Program Files\NVIDIA Corporation\CoProcManager\_etoured.dll
0x00007ffc40e60000 - 0x00007ffc40ea3000 	C:\Program Files\NVIDIA Corporation\CoProcManager\nvd3d9wrapx.dll
0x00007ffc51d10000 - 0x00007ffc5217c000 	C:\WINDOWS\System32\SETUPAPI.dll
0x00007ffc4e7f0000 - 0x00007ffc4e828000 	C:\WINDOWS\SYSTEM32\dxcore.dll
0x00007ffc40bf0000 - 0x00007ffc40c1d000 	C:\Program Files\NVIDIA Corporation\CoProcManager\nvdxgiwrapx.dll
0x00007ffc4d840000 - 0x00007ffc4d84c000 	C:\Users\Abobus\.jdks\openjdk-18.0.1.1\bin\vcruntime140_1.dll
0x00007ffc44270000 - 0x00007ffc442fd000 	C:\Users\Abobus\.jdks\openjdk-18.0.1.1\bin\msvcp140.dll
0x00007ffbfe3b0000 - 0x00007ffbfefc0000 	C:\Users\Abobus\.jdks\openjdk-18.0.1.1\bin\server\jvm.dll
0x00007ffc536d0000 - 0x00007ffc536d8000 	C:\WINDOWS\System32\PSAPI.DLL
0x00007ffc460b0000 - 0x00007ffc460b9000 	C:\WINDOWS\SYSTEM32\WSOCK32.dll
0x00007ffc4b790000 - 0x00007ffc4b7c3000 	C:\WINDOWS\SYSTEM32\WINMM.dll
0x00007ffc52e50000 - 0x00007ffc52ebf000 	C:\WINDOWS\System32\WS2_32.dll
0x00007ffc4ff60000 - 0x00007ffc4ff78000 	C:\WINDOWS\SYSTEM32\kernel.appcore.dll
0x00007ffc4c5b0000 - 0x00007ffc4c5ba000 	C:\Users\Abobus\.jdks\openjdk-18.0.1.1\bin\jimage.dll
0x00007ffc3c7d0000 - 0x00007ffc3c9f1000 	C:\WINDOWS\SYSTEM32\DBGHELP.DLL
0x00007ffc3c790000 - 0x00007ffc3c7c1000 	C:\WINDOWS\SYSTEM32\dbgcore.DLL
0x0000026892750000 - 0x00000268927cf000 	C:\WINDOWS\System32\bcryptPrimitives.dll
0x00007ffc44230000 - 0x00007ffc4426b000 	C:\Users\Abobus\.jdks\openjdk-18.0.1.1\bin\jdwp.dll
0x00007ffc495c0000 - 0x00007ffc495ce000 	C:\Users\Abobus\.jdks\openjdk-18.0.1.1\bin\instrument.dll
0x00007ffc44200000 - 0x00007ffc44225000 	C:\Users\Abobus\.jdks\openjdk-18.0.1.1\bin\java.dll
0x00007ffc45a20000 - 0x00007ffc45a38000 	C:\Users\Abobus\.jdks\openjdk-18.0.1.1\bin\zip.dll
0x00007ffc37ea0000 - 0x00007ffc37f76000 	C:\Users\Abobus\.jdks\openjdk-18.0.1.1\bin\jsvml.dll
0x00007ffc50de0000 - 0x00007ffc50e01000 	C:\WINDOWS\SYSTEM32\profapi.dll
0x00007ffc43a20000 - 0x00007ffc43a2c000 	C:\Users\Abobus\.jdks\openjdk-18.0.1.1\bin\dt_socket.dll
0x00007ffc4fa80000 - 0x00007ffc4faad000 	C:\WINDOWS\SYSTEM32\IPHLPAPI.DLL
0x00007ffc50480000 - 0x00007ffc504e7000 	C:\WINDOWS\system32\mswsock.dll
0x000000006a600000 - 0x000000006a614000 	C:\Users\Abobus\IdeaProjects\Editor\Editor\src\BitMaPNativeLib\BitMaPNativeLib.dll
0x0000000070ac0000 - 0x0000000070ad4000 	C:\Users\Abobus\IdeaProjects\Editor\Editor\src\BitMaPNativeLib\BitMaPFileHeaderNativeLib.dll
0x000000006f480000 - 0x000000006f495000 	C:\Users\Abobus\IdeaProjects\Editor\Editor\src\BitMaPNativeLib\BitMaPDIBHeaderNativeLib.dll
0x0000000069300000 - 0x0000000069315000 	C:\Users\Abobus\IdeaProjects\Editor\Editor\src\BitMaPNativeLib\BitMaPDIBColorProfileNativeLib.dll
0x000000006d040000 - 0x000000006d055000 	C:\Users\Abobus\IdeaProjects\Editor\Editor\src\BitMaPNativeLib\BitMaPDataNativeLib.dll

dbghelp: loaded successfully - version: 4.0.5 - missing functions: none
symbol engine: initialized successfully - sym options: 0x614 - pdb path: .;C:\Users\Abobus\.jdks\openjdk-18.0.1.1\bin;C:\WINDOWS\SYSTEM32;C:\WINDOWS\WinSxS\amd64_microsoft.windows.common-controls_6595b64144ccf1df_6.0.22000.120_none_9d947278b86cc467;C:\WINDOWS\system32\DriverStore\FileRepository\nvlti.inf_amd64_83a389b28f4c421e;C:\Program Files\NVIDIA Corporation\CoProcManager;C:\Users\Abobus\.jdks\openjdk-18.0.1.1\bin\server;C:\Users\Abobus\IdeaProjects\Editor\Editor\src\BitMaPNativeLib

VM Arguments:
jvm_args: -agentlib:jdwp=transport=dt_socket,address=127.0.0.1:50307,suspend=y,server=n -Djava.library.path=C:\Users\Abobus\IdeaProjects\Editor\Editor\src\BitMaPNativeLib -javaagent:C:\Users\Abobus\AppData\Local\JetBrains\IdeaIC2022.1\captureAgent\debugger-agent.jar -Dfile.encoding=UTF-8 
java_command: Main
java_class_path (initial): C:\Users\Abobus\IdeaProjects\Editor\Editor\out\production\Editor;C:\Program Files\JetBrains\IntelliJ IDEA Community Edition 2022.1.1\lib\idea_rt.jar
Launcher Type: SUN_STANDARD

[Global flags]
     intx CICompilerCount                          = 3                                         {product} {ergonomic}
     uint ConcGCThreads                            = 1                                         {product} {ergonomic}
     uint G1ConcRefinementThreads                  = 4                                         {product} {ergonomic}
   size_t G1HeapRegionSize                         = 1048576                                   {product} {ergonomic}
    uintx GCDrainStackTargetSize                   = 64                                        {product} {ergonomic}
   size_t InitialHeapSize                          = 134217728                                 {product} {ergonomic}
   size_t MarkStackSize                            = 4194304                                   {product} {ergonomic}
   size_t MaxHeapSize                              = 2122317824                                {product} {ergonomic}
   size_t MaxNewSize                               = 1272971264                                {product} {ergonomic}
   size_t MinHeapDeltaBytes                        = 1048576                                   {product} {ergonomic}
   size_t MinHeapSize                              = 8388608                                   {product} {ergonomic}
    uintx NonNMethodCodeHeapSize                   = 5832780                                {pd product} {ergonomic}
    uintx NonProfiledCodeHeapSize                  = 122912730                              {pd product} {ergonomic}
    uintx ProfiledCodeHeapSize                     = 122912730                              {pd product} {ergonomic}
    uintx ReservedCodeCacheSize                    = 251658240                              {pd product} {ergonomic}
     bool SegmentedCodeCache                       = true                                      {product} {ergonomic}
   size_t SoftMaxHeapSize                          = 2122317824                             {manageable} {ergonomic}
     bool UseCompressedClassPointers               = true                           {product lp64_product} {ergonomic}
     bool UseCompressedOops                        = true                           {product lp64_product} {ergonomic}
     bool UseG1GC                                  = true                                      {product} {ergonomic}
     bool UseLargePagesIndividualAllocation        = false                                  {pd product} {ergonomic}

Logging:
Log output configuration:
 #0: stdout all=warning uptime,level,tags foldmultilines=false
 #1: stderr all=off uptime,level,tags foldmultilines=false

Environment Variables:
PATH=C:\Program Files\Eclipse Adoptium\jdk-18.0.1.10-hotspot\bin;C:\WINDOWS\system32;C:\WINDOWS;C:\WINDOWS\System32\Wbem;C:\WINDOWS\System32\WindowsPowerShell\v1.0\;C:\WINDOWS\System32\OpenSSH\;C:\Program Files (x86)\NVIDIA Corporation\PhysX\Common;C:\Program Files\Microsoft SQL Server\150\Tools\Binn\;C:\Program Files\Microsoft SQL Server\Client SDK\ODBC\170\Tools\Binn\;C:\Program Files\dotnet\;C:\Program Files\Git\cmd;C:\Users\Abobus\AppData\Local\Microsoft\WindowsApps;C:\Users\Abobus\.dotnet\tools;C:\MinGW\bin;C:\MinGW\msys\1.0\bin;
USERNAME=Abobus
OS=Windows_NT
PROCESSOR_IDENTIFIER=Intel64 Family 6 Model 42 Stepping 7, GenuineIntel



---------------  S Y S T E M  ---------------

OS:
 Windows 11 , 64 bit Build 22000 (10.0.22000.675)
OS uptime: 12 days 9:31 hours

CPU: total 4 (initial active 4) (2 cores per cpu, 2 threads per core) family 6 model 42 stepping 7 microcode 0x2f, cx8, cmov, fxsr, ht, mmx, sse, sse2, sse3, ssse3, sse4.1, sse4.2, popcnt, tsc, tscinvbit, avx, aes, clmul, vzeroupper, clflush

Memory: 4k page, system-wide physical 8089M (552M free)
TotalPageFile size 15513M (AvailPageFile size 3949M)
current process WorkingSet (physical memory assigned to process): 37M, peak: 37M
current process commit charge ("private bytes"): 204M, peak: 204M

vm_info: OpenJDK 64-Bit Server VM (18.0.1.1+2-6) for windows-amd64 JRE (18.0.1.1+2-6), built on Apr 25 2022 21:50:56 by "mach5one" with MS VC++ 16.8 / 16.9 (VS2019)

END.
