#
# A fatal error has been detected by the Java Runtime Environment:
#
#  EXCEPTION_ACCESS_VIOLATION (0xc0000005) at pc=0x00007ffbfe7a8f4e, pid=7228, tid=16860
#
# JRE version: OpenJDK Runtime Environment (18.0.1.1+2) (build 18.0.1.1+2-6)
# Java VM: OpenJDK 64-Bit Server VM (18.0.1.1+2-6, mixed mode, sharing, tiered, compressed oops, compressed class ptrs, g1 gc, windows-amd64)
# Problematic frame:
# V  [jvm.dll+0x3f8f4e]
#
# No core dump will be written. Minidumps are not enabled by default on client versions of Windows
#
# If you would like to submit a bug report, please visit:
#   https://bugreport.java.com/bugreport/crash.jsp
#

---------------  S U M M A R Y ------------

Command Line: -agentlib:jdwp=transport=dt_socket,address=127.0.0.1:54829,suspend=y,server=n -Djava.library.path=C:\Users\Abobus\IdeaProjects\Editor\Editor\src\BitMaPNativeLib -javaagent:C:\Users\Abobus\AppData\Local\JetBrains\IdeaIC2022.1\captureAgent\debugger-agent.jar -Dfile.encoding=UTF-8 Main

Host: Intel(R) Core(TM) i5-2450M CPU @ 2.50GHz, 4 cores, 7G,  Windows 11 , 64 bit Build 22000 (10.0.22000.675)
Time: Sat Jun 18 03:30:24 2022  Windows 11 , 64 bit Build 22000 (10.0.22000.675) elapsed time: 1.377239 seconds (0d 0h 0m 1s)

---------------  T H R E A D  ---------------

Current thread (0x0000022699f68a30):  JavaThread "main" [_thread_in_vm, id=16860, stack(0x000000b351600000,0x000000b351700000)]

Stack: [0x000000b351600000,0x000000b351700000],  sp=0x000000b3516ff080,  free space=1020k
Native frames: (J=compiled Java code, j=interpreted, Vv=VM code, C=native code)
V  [jvm.dll+0x3f8f4e]
C  [BitMaPDataNativeLib.dll+0x2f06]

Java frames: (J=compiled Java code, j=interpreted, Vv=VM code)
j  BitMaPNativeLib.BitMaP$Data.readFromFile(Ljava/lang/String;II)[[LBitMaPNativeLib/Pixel;+0
j  BitMaPNativeLib.BitMaP$Data.<init>(LBitMaPNativeLib/BitMaP;Ljava/lang/String;)V+21
j  BitMaPNativeLib.BitMaP.<init>(Ljava/lang/String;)V+66
j  Main.main([Ljava/lang/String;)V+14
v  ~StubRoutines::call_stub

siginfo: EXCEPTION_ACCESS_VIOLATION (0xc0000005), reading address 0x0000000000000000


Register to memory mapping:

RIP=0x00007ffbfe7a8f4e jvm.dll
RAX=0x0 is NULL
RBX=0x0000022699f68a30 is a thread
RCX=0xfada0ed13a6f0000 is an unknown value
RDX=0x0000022697bc2b48 points into unknown readable memory: 0x0000000089557938 | 38 79 55 89 00 00 00 00
RSP=0x000000b3516ff080 is pointing into the stack for thread: 0x0000022699f68a30
RBP=0x000000b3516ff198 is pointing into the stack for thread: 0x0000022699f68a30
RSI=0x0 is NULL
RDI=0x0000022699f68cc0 points into unknown readable memory: 0x00007ffbfee73720 | 20 37 e7 fe fb 7f 00 00
R8 =0x0 is NULL
R9 =0x0000022699edbe50 points into unknown readable memory: 0x0000000000000002 | 02 00 00 00 00 00 00 00
R10=0x0000022699f68a30 is a thread
R11=0x000000b3516ff078 is pointing into the stack for thread: 0x0000022699f68a30
R12=0x0 is NULL
R13={method} {0x00000226b80077f0} 'readFromFile' '(Ljava/lang/String;II)[[LBitMaPNativeLib/Pixel;' in 'BitMaPNativeLib/BitMaP$Data'
R14=0x0000022697bc2b48 points into unknown readable memory: 0x0000000089557938 | 38 79 55 89 00 00 00 00
R15=0x0000022699f68a30 is a thread


Registers:
RAX=0x0000000000000000, RBX=0x0000022699f68a30, RCX=0xfada0ed13a6f0000, RDX=0x0000022697bc2b48
RSP=0x000000b3516ff080, RBP=0x000000b3516ff198, RSI=0x0000000000000000, RDI=0x0000022699f68cc0
R8 =0x0000000000000000, R9 =0x0000022699edbe50, R10=0x0000022699f68a30, R11=0x000000b3516ff078
R12=0x0000000000000000, R13=0x00000226b80077e8, R14=0x0000022697bc2b48, R15=0x0000022699f68a30
RIP=0x00007ffbfe7a8f4e, EFLAGS=0x0000000000010202

Top of Stack: (sp=0x000000b3516ff080)
0x000000b3516ff080:   0000022699f68a30 0000022699f68a30
0x000000b3516ff090:   00007ffbfece56c8 0000022699f68a30
0x000000b3516ff0a0:   00000226bbd09df8 000000b3516ff0f0
0x000000b3516ff0b0:   0000022699f68a30 0000000000000003
0x000000b3516ff0c0:   000000b30000000e 0000022600000004
0x000000b3516ff0d0:   0000022699f68a30 0000022697b9be10
0x000000b3516ff0e0:   000000000000042e 00007ffbfece5640
0x000000b3516ff0f0:   00007ffbfece56c8 0000000800468cb8
0x000000b3516ff100:   000000000000000e 000000000000011c
0x000000b3516ff110:   000000b3516fefc0 0000000000000000
0x000000b3516ff120:   0000022699f68a30 000000b3516ff300
0x000000b3516ff130:   0000000000000000 000000006d042f06
0x000000b3516ff140:   00000226b80077e8 000000b3516ff170
0x000000b3516ff150:   0000000000000014 00000226a184a322
0x000000b3516ff160:   000000b3516ff198 000000b3516ff198
0x000000b3516ff170:   000000b3516ff230 000000006d04175d 

Instructions: (pc=0x00007ffbfe7a8f4e)
0x00007ffbfe7a8e4e:   57 08 48 8b 4f 20 48 89 4a 20 48 8d 8b 70 02 00
0x00007ffbfe7a8e5e:   00 48 8b d3 e8 d9 e2 ee ff 4c 8d 9c 24 a0 00 00
0x00007ffbfe7a8e6e:   00 c7 83 30 03 00 00 04 00 00 00 49 8b 5b 20 40
0x00007ffbfe7a8e7e:   0f b6 c6 49 8b 6b 28 49 8b 73 30 49 8b 7b 38 49
0x00007ffbfe7a8e8e:   8b e3 41 5f 41 5e 41 5c c3 cc cc cc cc cc cc cc
0x00007ffbfe7a8e9e:   cc cc 48 89 5c 24 08 48 89 6c 24 10 48 89 74 24
0x00007ffbfe7a8eae:   18 48 89 7c 24 20 41 54 41 56 41 57 48 81 ec a0
0x00007ffbfe7a8ebe:   00 00 00 8b 81 c8 00 00 00 48 8d 99 70 fd ff ff
0x00007ffbfe7a8ece:   05 55 21 ff ff 45 33 e4 49 8b e9 49 8b f0 4c 8b
0x00007ffbfe7a8ede:   f2 48 8b f9 83 f8 01 76 0b 48 8b cb e8 21 74 3a
0x00007ffbfe7a8eee:   00 41 8b dc c7 83 30 03 00 00 06 00 00 00 e8 bf
0x00007ffbfe7a8efe:   0d 29 00 48 8b 83 38 03 00 00 a8 01 74 0a b2 01
0x00007ffbfe7a8f0e:   48 8b cb e8 ea f0 2f 00 8b 83 20 03 00 00 a8 0d
0x00007ffbfe7a8f1e:   74 0a 33 d2 48 8b cb e8 f6 9a 3a 00 c7 83 30 03
0x00007ffbfe7a8f2e:   00 00 06 00 00 00 48 89 5c 24 50 4c 89 64 24 58
0x00007ffbfe7a8f3e:   4c 39 63 08 74 0a 48 8d 4c 24 50 e8 f2 9f 2c 00
0x00007ffbfe7a8f4e:   48 8b 16 48 8d 4c 24 70 c7 44 24 40 08 00 00 00
0x00007ffbfe7a8f5e:   e8 bd 45 01 00 48 8d 44 24 70 48 89 5c 24 30 48
0x00007ffbfe7a8f6e:   89 44 24 28 4c 8d 3d 4f c7 53 00 41 b9 01 00 00
0x00007ffbfe7a8f7e:   00 48 89 74 24 20 4d 8b c6 4c 89 7c 24 70 48 8d
0x00007ffbfe7a8f8e:   54 24 40 48 89 ac 24 98 00 00 00 48 8b cf e8 ef
0x00007ffbfe7a8f9e:   55 01 00 4c 39 63 08 0f b6 74 24 48 41 0f 45 f4
0x00007ffbfe7a8fae:   4c 89 7c 24 70 4c 89 a4 24 98 00 00 00 4c 39 64
0x00007ffbfe7a8fbe:   24 58 74 0a 48 8d 4c 24 50 e8 f4 9f 2c 00 48 8b
0x00007ffbfe7a8fce:   bb d0 00 00 00 48 8b 47 10 4c 39 20 74 0c 48 8b
0x00007ffbfe7a8fde:   cf e8 4c 37 f7 ff 48 8b 47 10 48 8b 4f 08 48 89
0x00007ffbfe7a8fee:   41 10 48 8b 57 08 48 8b 4f 18 48 89 4a 18 48 8b
0x00007ffbfe7a8ffe:   57 08 48 8b 4f 20 48 89 4a 20 48 8d 8b 70 02 00
0x00007ffbfe7a900e:   00 48 8b d3 e8 29 e1 ee ff 4c 8d 9c 24 a0 00 00
0x00007ffbfe7a901e:   00 c7 83 30 03 00 00 04 00 00 00 49 8b 5b 20 40
0x00007ffbfe7a902e:   0f b6 c6 49 8b 6b 28 49 8b 73 30 49 8b 7b 38 49
0x00007ffbfe7a903e:   8b e3 41 5f 41 5e 41 5c c3 cc cc cc cc cc cc cc 


Stack slot to memory mapping:
stack at sp + 0 slots: 0x0000022699f68a30 is a thread
stack at sp + 1 slots: 0x0000022699f68a30 is a thread
stack at sp + 2 slots: 0x00007ffbfece56c8 jvm.dll
stack at sp + 3 slots: 0x0000022699f68a30 is a thread
stack at sp + 4 slots: 0x00000226bbd09df8 points into unknown readable memory: 0x00000226b8008108 | 08 81 00 b8 26 02 00 00
stack at sp + 5 slots: 0x000000b3516ff0f0 is pointing into the stack for thread: 0x0000022699f68a30
stack at sp + 6 slots: 0x0000022699f68a30 is a thread
stack at sp + 7 slots: 0x0000000000000003 is an unknown value


---------------  P R O C E S S  ---------------

Threads class SMR info:
_java_thread_list=0x00000226bbe186a0, length=15, elements={
0x0000022699f68a30, 0x00000226b5525810, 0x00000226b552c3a0, 0x00000226b5535e00,
0x00000226b55366b0, 0x00000226b5538f70, 0x00000226b5539820, 0x00000226b5545d10,
0x00000226b5547ea0, 0x00000226b555d5e0, 0x00000226bbccca60, 0x00000226bbd6b340,
0x00000226bbe13fd0, 0x00000226bbe144b0, 0x00000226bbdd8c30
}

Java Threads: ( => current thread )
=>0x0000022699f68a30 JavaThread "main" [_thread_in_vm, id=16860, stack(0x000000b351600000,0x000000b351700000)]
  0x00000226b5525810 JavaThread "Reference Handler" daemon [_thread_blocked, id=18212, stack(0x000000b351d00000,0x000000b351e00000)]
  0x00000226b552c3a0 JavaThread "Finalizer" daemon [_thread_blocked, id=15488, stack(0x000000b351e00000,0x000000b351f00000)]
  0x00000226b5535e00 JavaThread "Signal Dispatcher" daemon [_thread_blocked, id=16252, stack(0x000000b351f00000,0x000000b352000000)]
  0x00000226b55366b0 JavaThread "Attach Listener" daemon [_thread_blocked, id=12596, stack(0x000000b352000000,0x000000b352100000)]
  0x00000226b5538f70 JavaThread "Service Thread" daemon [_thread_blocked, id=17084, stack(0x000000b352100000,0x000000b352200000)]
  0x00000226b5539820 JavaThread "Monitor Deflation Thread" daemon [_thread_blocked, id=2872, stack(0x000000b352200000,0x000000b352300000)]
  0x00000226b5545d10 JavaThread "C2 CompilerThread0" daemon [_thread_blocked, id=9484, stack(0x000000b352300000,0x000000b352400000)]
  0x00000226b5547ea0 JavaThread "C1 CompilerThread0" daemon [_thread_blocked, id=16160, stack(0x000000b352400000,0x000000b352500000)]
  0x00000226b555d5e0 JavaThread "Sweeper thread" daemon [_thread_blocked, id=15768, stack(0x000000b352500000,0x000000b352600000)]
  0x00000226bbccca60 JavaThread "Common-Cleaner" daemon [_thread_blocked, id=14712, stack(0x000000b352600000,0x000000b352700000)]
  0x00000226bbd6b340 JavaThread "JDWP Transport Listener: dt_socket" daemon [_thread_blocked, id=13488, stack(0x000000b352700000,0x000000b352800000)]
  0x00000226bbe13fd0 JavaThread "JDWP Event Helper Thread" daemon [_thread_blocked, id=5396, stack(0x000000b352800000,0x000000b352900000)]
  0x00000226bbe144b0 JavaThread "JDWP Command Reader" daemon [_thread_in_native, id=10612, stack(0x000000b352900000,0x000000b352a00000)]
  0x00000226bbdd8c30 JavaThread "Notification Thread" daemon [_thread_blocked, id=6260, stack(0x000000b352a00000,0x000000b352b00000)]

Other Threads:
  0x00000226b53a3040 VMThread "VM Thread" [stack: 0x000000b351c00000,0x000000b351d00000] [id=11904]
  0x00000226bbddc720 WatcherThread "VM Periodic Task Thread" [stack: 0x000000b352b00000,0x000000b352c00000] [id=12768]
  0x0000022699fc9d50 WorkerThread "GC Thread#0" [stack: 0x000000b351700000,0x000000b351800000] [id=17480]
  0x0000022699fce960 ConcurrentGCThread "G1 Main Marker" [stack: 0x000000b351800000,0x000000b351900000] [id=16196]
  0x00000226b538d470 WorkerThread "G1 Conc#0" [stack: 0x000000b351900000,0x000000b351a00000] [id=3848]
  0x00000226b53d5530 ConcurrentGCThread "G1 Refine#0" [stack: 0x000000b351a00000,0x000000b351b00000] [id=1096]
  0x00000226b53d6d60 ConcurrentGCThread "G1 Service" [stack: 0x000000b351b00000,0x000000b351c00000] [id=15560]

Threads with active compile tasks:

VM state: not at safepoint (normal execution)

VM Mutex/Monitor currently owned by a thread: None

Heap address: 0x0000000081800000, size: 2024 MB, Compressed Oops mode: 32-bit

CDS archive(s) mapped at: [0x0000000800000000-0x0000000800b90000-0x0000000800b90000), size 12124160, SharedBaseAddress: 0x0000000800000000, ArchiveRelocationMode: 0.
Compressed class space mapped at: 0x0000000800c00000-0x0000000840c00000, reserved size: 1073741824
Narrow klass base: 0x0000000800000000, Narrow klass shift: 0, Narrow klass range: 0x100000000

GC Precious Log:
 CardTable entry size: 512
 Card Set container configuration: InlinePtr #cards 5 size 8 Array Of Cards #cards 12 size 40 Howl #buckets 4 coarsen threshold 1843 Howl Bitmap #cards 512 size 80 coarsen threshold 460 Card regions per heap region 1 cards per card region 2048
 CPUs: 4 total, 4 available
 Memory: 8089M
 Large Page Support: Disabled
 NUMA Support: Disabled
 Compressed Oops: Enabled (32-bit)
 Heap Region Size: 1M
 Heap Min Capacity: 8M
 Heap Initial Capacity: 128M
 Heap Max Capacity: 2024M
 Pre-touch: Disabled
 Parallel Workers: 4
 Concurrent Workers: 1
 Concurrent Refinement Workers: 4
 Periodic GC: Disabled

Heap:
 garbage-first heap   total 131072K, used 2048K [0x0000000081800000, 0x0000000100000000)
  region size 1024K, 3 young (3072K), 0 survivors (0K)
 Metaspace       used 413K, committed 576K, reserved 1114112K
  class space    used 25K, committed 128K, reserved 1048576K

Heap Regions: E=young(eden), S=young(survivor), O=old, HS=humongous(starts), HC=humongous(continues), CS=collection set, F=free, OA=open archive, CA=closed archive, TAMS=top-at-mark-start (previous, next)
|   0|0x0000000081800000, 0x0000000081800000, 0x0000000081900000|  0%| F|  |TAMS 0x0000000081800000, 0x0000000081800000| Untracked 
|   1|0x0000000081900000, 0x0000000081900000, 0x0000000081a00000|  0%| F|  |TAMS 0x0000000081900000, 0x0000000081900000| Untracked 
|   2|0x0000000081a00000, 0x0000000081a00000, 0x0000000081b00000|  0%| F|  |TAMS 0x0000000081a00000, 0x0000000081a00000| Untracked 
|   3|0x0000000081b00000, 0x0000000081b00000, 0x0000000081c00000|  0%| F|  |TAMS 0x0000000081b00000, 0x0000000081b00000| Untracked 
|   4|0x0000000081c00000, 0x0000000081c00000, 0x0000000081d00000|  0%| F|  |TAMS 0x0000000081c00000, 0x0000000081c00000| Untracked 
|   5|0x0000000081d00000, 0x0000000081d00000, 0x0000000081e00000|  0%| F|  |TAMS 0x0000000081d00000, 0x0000000081d00000| Untracked 
|   6|0x0000000081e00000, 0x0000000081e00000, 0x0000000081f00000|  0%| F|  |TAMS 0x0000000081e00000, 0x0000000081e00000| Untracked 
|   7|0x0000000081f00000, 0x0000000081f00000, 0x0000000082000000|  0%| F|  |TAMS 0x0000000081f00000, 0x0000000081f00000| Untracked 
|   8|0x0000000082000000, 0x0000000082000000, 0x0000000082100000|  0%| F|  |TAMS 0x0000000082000000, 0x0000000082000000| Untracked 
|   9|0x0000000082100000, 0x0000000082100000, 0x0000000082200000|  0%| F|  |TAMS 0x0000000082100000, 0x0000000082100000| Untracked 
|  10|0x0000000082200000, 0x0000000082200000, 0x0000000082300000|  0%| F|  |TAMS 0x0000000082200000, 0x0000000082200000| Untracked 
|  11|0x0000000082300000, 0x0000000082300000, 0x0000000082400000|  0%| F|  |TAMS 0x0000000082300000, 0x0000000082300000| Untracked 
|  12|0x0000000082400000, 0x0000000082400000, 0x0000000082500000|  0%| F|  |TAMS 0x0000000082400000, 0x0000000082400000| Untracked 
|  13|0x0000000082500000, 0x0000000082500000, 0x0000000082600000|  0%| F|  |TAMS 0x0000000082500000, 0x0000000082500000| Untracked 
|  14|0x0000000082600000, 0x0000000082600000, 0x0000000082700000|  0%| F|  |TAMS 0x0000000082600000, 0x0000000082600000| Untracked 
|  15|0x0000000082700000, 0x0000000082700000, 0x0000000082800000|  0%| F|  |TAMS 0x0000000082700000, 0x0000000082700000| Untracked 
|  16|0x0000000082800000, 0x0000000082800000, 0x0000000082900000|  0%| F|  |TAMS 0x0000000082800000, 0x0000000082800000| Untracked 
|  17|0x0000000082900000, 0x0000000082900000, 0x0000000082a00000|  0%| F|  |TAMS 0x0000000082900000, 0x0000000082900000| Untracked 
|  18|0x0000000082a00000, 0x0000000082a00000, 0x0000000082b00000|  0%| F|  |TAMS 0x0000000082a00000, 0x0000000082a00000| Untracked 
|  19|0x0000000082b00000, 0x0000000082b00000, 0x0000000082c00000|  0%| F|  |TAMS 0x0000000082b00000, 0x0000000082b00000| Untracked 
|  20|0x0000000082c00000, 0x0000000082c00000, 0x0000000082d00000|  0%| F|  |TAMS 0x0000000082c00000, 0x0000000082c00000| Untracked 
|  21|0x0000000082d00000, 0x0000000082d00000, 0x0000000082e00000|  0%| F|  |TAMS 0x0000000082d00000, 0x0000000082d00000| Untracked 
|  22|0x0000000082e00000, 0x0000000082e00000, 0x0000000082f00000|  0%| F|  |TAMS 0x0000000082e00000, 0x0000000082e00000| Untracked 
|  23|0x0000000082f00000, 0x0000000082f00000, 0x0000000083000000|  0%| F|  |TAMS 0x0000000082f00000, 0x0000000082f00000| Untracked 
|  24|0x0000000083000000, 0x0000000083000000, 0x0000000083100000|  0%| F|  |TAMS 0x0000000083000000, 0x0000000083000000| Untracked 
|  25|0x0000000083100000, 0x0000000083100000, 0x0000000083200000|  0%| F|  |TAMS 0x0000000083100000, 0x0000000083100000| Untracked 
|  26|0x0000000083200000, 0x0000000083200000, 0x0000000083300000|  0%| F|  |TAMS 0x0000000083200000, 0x0000000083200000| Untracked 
|  27|0x0000000083300000, 0x0000000083300000, 0x0000000083400000|  0%| F|  |TAMS 0x0000000083300000, 0x0000000083300000| Untracked 
|  28|0x0000000083400000, 0x0000000083400000, 0x0000000083500000|  0%| F|  |TAMS 0x0000000083400000, 0x0000000083400000| Untracked 
|  29|0x0000000083500000, 0x0000000083500000, 0x0000000083600000|  0%| F|  |TAMS 0x0000000083500000, 0x0000000083500000| Untracked 
|  30|0x0000000083600000, 0x0000000083600000, 0x0000000083700000|  0%| F|  |TAMS 0x0000000083600000, 0x0000000083600000| Untracked 
|  31|0x0000000083700000, 0x0000000083700000, 0x0000000083800000|  0%| F|  |TAMS 0x0000000083700000, 0x0000000083700000| Untracked 
|  32|0x0000000083800000, 0x0000000083800000, 0x0000000083900000|  0%| F|  |TAMS 0x0000000083800000, 0x0000000083800000| Untracked 
|  33|0x0000000083900000, 0x0000000083900000, 0x0000000083a00000|  0%| F|  |TAMS 0x0000000083900000, 0x0000000083900000| Untracked 
|  34|0x0000000083a00000, 0x0000000083a00000, 0x0000000083b00000|  0%| F|  |TAMS 0x0000000083a00000, 0x0000000083a00000| Untracked 
|  35|0x0000000083b00000, 0x0000000083b00000, 0x0000000083c00000|  0%| F|  |TAMS 0x0000000083b00000, 0x0000000083b00000| Untracked 
|  36|0x0000000083c00000, 0x0000000083c00000, 0x0000000083d00000|  0%| F|  |TAMS 0x0000000083c00000, 0x0000000083c00000| Untracked 
|  37|0x0000000083d00000, 0x0000000083d00000, 0x0000000083e00000|  0%| F|  |TAMS 0x0000000083d00000, 0x0000000083d00000| Untracked 
|  38|0x0000000083e00000, 0x0000000083e00000, 0x0000000083f00000|  0%| F|  |TAMS 0x0000000083e00000, 0x0000000083e00000| Untracked 
|  39|0x0000000083f00000, 0x0000000083f00000, 0x0000000084000000|  0%| F|  |TAMS 0x0000000083f00000, 0x0000000083f00000| Untracked 
|  40|0x0000000084000000, 0x0000000084000000, 0x0000000084100000|  0%| F|  |TAMS 0x0000000084000000, 0x0000000084000000| Untracked 
|  41|0x0000000084100000, 0x0000000084100000, 0x0000000084200000|  0%| F|  |TAMS 0x0000000084100000, 0x0000000084100000| Untracked 
|  42|0x0000000084200000, 0x0000000084200000, 0x0000000084300000|  0%| F|  |TAMS 0x0000000084200000, 0x0000000084200000| Untracked 
|  43|0x0000000084300000, 0x0000000084300000, 0x0000000084400000|  0%| F|  |TAMS 0x0000000084300000, 0x0000000084300000| Untracked 
|  44|0x0000000084400000, 0x0000000084400000, 0x0000000084500000|  0%| F|  |TAMS 0x0000000084400000, 0x0000000084400000| Untracked 
|  45|0x0000000084500000, 0x0000000084500000, 0x0000000084600000|  0%| F|  |TAMS 0x0000000084500000, 0x0000000084500000| Untracked 
|  46|0x0000000084600000, 0x0000000084600000, 0x0000000084700000|  0%| F|  |TAMS 0x0000000084600000, 0x0000000084600000| Untracked 
|  47|0x0000000084700000, 0x0000000084700000, 0x0000000084800000|  0%| F|  |TAMS 0x0000000084700000, 0x0000000084700000| Untracked 
|  48|0x0000000084800000, 0x0000000084800000, 0x0000000084900000|  0%| F|  |TAMS 0x0000000084800000, 0x0000000084800000| Untracked 
|  49|0x0000000084900000, 0x0000000084900000, 0x0000000084a00000|  0%| F|  |TAMS 0x0000000084900000, 0x0000000084900000| Untracked 
|  50|0x0000000084a00000, 0x0000000084a00000, 0x0000000084b00000|  0%| F|  |TAMS 0x0000000084a00000, 0x0000000084a00000| Untracked 
|  51|0x0000000084b00000, 0x0000000084b00000, 0x0000000084c00000|  0%| F|  |TAMS 0x0000000084b00000, 0x0000000084b00000| Untracked 
|  52|0x0000000084c00000, 0x0000000084c00000, 0x0000000084d00000|  0%| F|  |TAMS 0x0000000084c00000, 0x0000000084c00000| Untracked 
|  53|0x0000000084d00000, 0x0000000084d00000, 0x0000000084e00000|  0%| F|  |TAMS 0x0000000084d00000, 0x0000000084d00000| Untracked 
|  54|0x0000000084e00000, 0x0000000084e00000, 0x0000000084f00000|  0%| F|  |TAMS 0x0000000084e00000, 0x0000000084e00000| Untracked 
|  55|0x0000000084f00000, 0x0000000084f00000, 0x0000000085000000|  0%| F|  |TAMS 0x0000000084f00000, 0x0000000084f00000| Untracked 
|  56|0x0000000085000000, 0x0000000085000000, 0x0000000085100000|  0%| F|  |TAMS 0x0000000085000000, 0x0000000085000000| Untracked 
|  57|0x0000000085100000, 0x0000000085100000, 0x0000000085200000|  0%| F|  |TAMS 0x0000000085100000, 0x0000000085100000| Untracked 
|  58|0x0000000085200000, 0x0000000085200000, 0x0000000085300000|  0%| F|  |TAMS 0x0000000085200000, 0x0000000085200000| Untracked 
|  59|0x0000000085300000, 0x0000000085300000, 0x0000000085400000|  0%| F|  |TAMS 0x0000000085300000, 0x0000000085300000| Untracked 
|  60|0x0000000085400000, 0x0000000085400000, 0x0000000085500000|  0%| F|  |TAMS 0x0000000085400000, 0x0000000085400000| Untracked 
|  61|0x0000000085500000, 0x0000000085500000, 0x0000000085600000|  0%| F|  |TAMS 0x0000000085500000, 0x0000000085500000| Untracked 
|  62|0x0000000085600000, 0x0000000085600000, 0x0000000085700000|  0%| F|  |TAMS 0x0000000085600000, 0x0000000085600000| Untracked 
|  63|0x0000000085700000, 0x0000000085700000, 0x0000000085800000|  0%| F|  |TAMS 0x0000000085700000, 0x0000000085700000| Untracked 
|  64|0x0000000085800000, 0x0000000085800000, 0x0000000085900000|  0%| F|  |TAMS 0x0000000085800000, 0x0000000085800000| Untracked 
|  65|0x0000000085900000, 0x0000000085900000, 0x0000000085a00000|  0%| F|  |TAMS 0x0000000085900000, 0x0000000085900000| Untracked 
|  66|0x0000000085a00000, 0x0000000085a00000, 0x0000000085b00000|  0%| F|  |TAMS 0x0000000085a00000, 0x0000000085a00000| Untracked 
|  67|0x0000000085b00000, 0x0000000085b00000, 0x0000000085c00000|  0%| F|  |TAMS 0x0000000085b00000, 0x0000000085b00000| Untracked 
|  68|0x0000000085c00000, 0x0000000085c00000, 0x0000000085d00000|  0%| F|  |TAMS 0x0000000085c00000, 0x0000000085c00000| Untracked 
|  69|0x0000000085d00000, 0x0000000085d00000, 0x0000000085e00000|  0%| F|  |TAMS 0x0000000085d00000, 0x0000000085d00000| Untracked 
|  70|0x0000000085e00000, 0x0000000085e00000, 0x0000000085f00000|  0%| F|  |TAMS 0x0000000085e00000, 0x0000000085e00000| Untracked 
|  71|0x0000000085f00000, 0x0000000085f00000, 0x0000000086000000|  0%| F|  |TAMS 0x0000000085f00000, 0x0000000085f00000| Untracked 
|  72|0x0000000086000000, 0x0000000086000000, 0x0000000086100000|  0%| F|  |TAMS 0x0000000086000000, 0x0000000086000000| Untracked 
|  73|0x0000000086100000, 0x0000000086100000, 0x0000000086200000|  0%| F|  |TAMS 0x0000000086100000, 0x0000000086100000| Untracked 
|  74|0x0000000086200000, 0x0000000086200000, 0x0000000086300000|  0%| F|  |TAMS 0x0000000086200000, 0x0000000086200000| Untracked 
|  75|0x0000000086300000, 0x0000000086300000, 0x0000000086400000|  0%| F|  |TAMS 0x0000000086300000, 0x0000000086300000| Untracked 
|  76|0x0000000086400000, 0x0000000086400000, 0x0000000086500000|  0%| F|  |TAMS 0x0000000086400000, 0x0000000086400000| Untracked 
|  77|0x0000000086500000, 0x0000000086500000, 0x0000000086600000|  0%| F|  |TAMS 0x0000000086500000, 0x0000000086500000| Untracked 
|  78|0x0000000086600000, 0x0000000086600000, 0x0000000086700000|  0%| F|  |TAMS 0x0000000086600000, 0x0000000086600000| Untracked 
|  79|0x0000000086700000, 0x0000000086700000, 0x0000000086800000|  0%| F|  |TAMS 0x0000000086700000, 0x0000000086700000| Untracked 
|  80|0x0000000086800000, 0x0000000086800000, 0x0000000086900000|  0%| F|  |TAMS 0x0000000086800000, 0x0000000086800000| Untracked 
|  81|0x0000000086900000, 0x0000000086900000, 0x0000000086a00000|  0%| F|  |TAMS 0x0000000086900000, 0x0000000086900000| Untracked 
|  82|0x0000000086a00000, 0x0000000086a00000, 0x0000000086b00000|  0%| F|  |TAMS 0x0000000086a00000, 0x0000000086a00000| Untracked 
|  83|0x0000000086b00000, 0x0000000086b00000, 0x0000000086c00000|  0%| F|  |TAMS 0x0000000086b00000, 0x0000000086b00000| Untracked 
|  84|0x0000000086c00000, 0x0000000086c00000, 0x0000000086d00000|  0%| F|  |TAMS 0x0000000086c00000, 0x0000000086c00000| Untracked 
|  85|0x0000000086d00000, 0x0000000086d00000, 0x0000000086e00000|  0%| F|  |TAMS 0x0000000086d00000, 0x0000000086d00000| Untracked 
|  86|0x0000000086e00000, 0x0000000086e00000, 0x0000000086f00000|  0%| F|  |TAMS 0x0000000086e00000, 0x0000000086e00000| Untracked 
|  87|0x0000000086f00000, 0x0000000086f00000, 0x0000000087000000|  0%| F|  |TAMS 0x0000000086f00000, 0x0000000086f00000| Untracked 
|  88|0x0000000087000000, 0x0000000087000000, 0x0000000087100000|  0%| F|  |TAMS 0x0000000087000000, 0x0000000087000000| Untracked 
|  89|0x0000000087100000, 0x0000000087100000, 0x0000000087200000|  0%| F|  |TAMS 0x0000000087100000, 0x0000000087100000| Untracked 
|  90|0x0000000087200000, 0x0000000087200000, 0x0000000087300000|  0%| F|  |TAMS 0x0000000087200000, 0x0000000087200000| Untracked 
|  91|0x0000000087300000, 0x0000000087300000, 0x0000000087400000|  0%| F|  |TAMS 0x0000000087300000, 0x0000000087300000| Untracked 
|  92|0x0000000087400000, 0x0000000087400000, 0x0000000087500000|  0%| F|  |TAMS 0x0000000087400000, 0x0000000087400000| Untracked 
|  93|0x0000000087500000, 0x0000000087500000, 0x0000000087600000|  0%| F|  |TAMS 0x0000000087500000, 0x0000000087500000| Untracked 
|  94|0x0000000087600000, 0x0000000087600000, 0x0000000087700000|  0%| F|  |TAMS 0x0000000087600000, 0x0000000087600000| Untracked 
|  95|0x0000000087700000, 0x0000000087700000, 0x0000000087800000|  0%| F|  |TAMS 0x0000000087700000, 0x0000000087700000| Untracked 
|  96|0x0000000087800000, 0x0000000087800000, 0x0000000087900000|  0%| F|  |TAMS 0x0000000087800000, 0x0000000087800000| Untracked 
|  97|0x0000000087900000, 0x0000000087900000, 0x0000000087a00000|  0%| F|  |TAMS 0x0000000087900000, 0x0000000087900000| Untracked 
|  98|0x0000000087a00000, 0x0000000087a00000, 0x0000000087b00000|  0%| F|  |TAMS 0x0000000087a00000, 0x0000000087a00000| Untracked 
|  99|0x0000000087b00000, 0x0000000087b00000, 0x0000000087c00000|  0%| F|  |TAMS 0x0000000087b00000, 0x0000000087b00000| Untracked 
| 100|0x0000000087c00000, 0x0000000087c00000, 0x0000000087d00000|  0%| F|  |TAMS 0x0000000087c00000, 0x0000000087c00000| Untracked 
| 101|0x0000000087d00000, 0x0000000087d00000, 0x0000000087e00000|  0%| F|  |TAMS 0x0000000087d00000, 0x0000000087d00000| Untracked 
| 102|0x0000000087e00000, 0x0000000087e00000, 0x0000000087f00000|  0%| F|  |TAMS 0x0000000087e00000, 0x0000000087e00000| Untracked 
| 103|0x0000000087f00000, 0x0000000087f00000, 0x0000000088000000|  0%| F|  |TAMS 0x0000000087f00000, 0x0000000087f00000| Untracked 
| 104|0x0000000088000000, 0x0000000088000000, 0x0000000088100000|  0%| F|  |TAMS 0x0000000088000000, 0x0000000088000000| Untracked 
| 105|0x0000000088100000, 0x0000000088100000, 0x0000000088200000|  0%| F|  |TAMS 0x0000000088100000, 0x0000000088100000| Untracked 
| 106|0x0000000088200000, 0x0000000088200000, 0x0000000088300000|  0%| F|  |TAMS 0x0000000088200000, 0x0000000088200000| Untracked 
| 107|0x0000000088300000, 0x0000000088300000, 0x0000000088400000|  0%| F|  |TAMS 0x0000000088300000, 0x0000000088300000| Untracked 
| 108|0x0000000088400000, 0x0000000088400000, 0x0000000088500000|  0%| F|  |TAMS 0x0000000088400000, 0x0000000088400000| Untracked 
| 109|0x0000000088500000, 0x0000000088500000, 0x0000000088600000|  0%| F|  |TAMS 0x0000000088500000, 0x0000000088500000| Untracked 
| 110|0x0000000088600000, 0x0000000088600000, 0x0000000088700000|  0%| F|  |TAMS 0x0000000088600000, 0x0000000088600000| Untracked 
| 111|0x0000000088700000, 0x0000000088700000, 0x0000000088800000|  0%| F|  |TAMS 0x0000000088700000, 0x0000000088700000| Untracked 
| 112|0x0000000088800000, 0x0000000088800000, 0x0000000088900000|  0%| F|  |TAMS 0x0000000088800000, 0x0000000088800000| Untracked 
| 113|0x0000000088900000, 0x0000000088900000, 0x0000000088a00000|  0%| F|  |TAMS 0x0000000088900000, 0x0000000088900000| Untracked 
| 114|0x0000000088a00000, 0x0000000088a00000, 0x0000000088b00000|  0%| F|  |TAMS 0x0000000088a00000, 0x0000000088a00000| Untracked 
| 115|0x0000000088b00000, 0x0000000088b00000, 0x0000000088c00000|  0%| F|  |TAMS 0x0000000088b00000, 0x0000000088b00000| Untracked 
| 116|0x0000000088c00000, 0x0000000088c00000, 0x0000000088d00000|  0%| F|  |TAMS 0x0000000088c00000, 0x0000000088c00000| Untracked 
| 117|0x0000000088d00000, 0x0000000088d00000, 0x0000000088e00000|  0%| F|  |TAMS 0x0000000088d00000, 0x0000000088d00000| Untracked 
| 118|0x0000000088e00000, 0x0000000088e00000, 0x0000000088f00000|  0%| F|  |TAMS 0x0000000088e00000, 0x0000000088e00000| Untracked 
| 119|0x0000000088f00000, 0x0000000088f00000, 0x0000000089000000|  0%| F|  |TAMS 0x0000000088f00000, 0x0000000088f00000| Untracked 
| 120|0x0000000089000000, 0x0000000089000000, 0x0000000089100000|  0%| F|  |TAMS 0x0000000089000000, 0x0000000089000000| Untracked 
| 121|0x0000000089100000, 0x0000000089100000, 0x0000000089200000|  0%| F|  |TAMS 0x0000000089100000, 0x0000000089100000| Untracked 
| 122|0x0000000089200000, 0x0000000089200000, 0x0000000089300000|  0%| F|  |TAMS 0x0000000089200000, 0x0000000089200000| Untracked 
| 123|0x0000000089300000, 0x0000000089300000, 0x0000000089400000|  0%| F|  |TAMS 0x0000000089300000, 0x0000000089300000| Untracked 
| 124|0x0000000089400000, 0x0000000089400000, 0x0000000089500000|  0%| F|  |TAMS 0x0000000089400000, 0x0000000089400000| Untracked 
| 125|0x0000000089500000, 0x0000000089589458, 0x0000000089600000| 53%| E|  |TAMS 0x0000000089500000, 0x0000000089500000| Complete 
| 126|0x0000000089600000, 0x0000000089700000, 0x0000000089700000|100%| E|CS|TAMS 0x0000000089600000, 0x0000000089600000| Complete 
| 127|0x0000000089700000, 0x0000000089800000, 0x0000000089800000|100%| E|CS|TAMS 0x0000000089700000, 0x0000000089700000| Complete 

Card table byte_map: [0x00000226b0c40000,0x00000226b1040000] _byte_map_base: 0x00000226b0834000

Marking Bits (Prev, Next): (CMBitMap*) 0x0000022699fca350, (CMBitMap*) 0x0000022699fca390
 Prev Bits: [0x00000226b1440000, 0x00000226b33e0000)
 Next Bits: [0x00000226b33e0000, 0x00000226b5380000)

Polling page: 0x0000022697e60000

Metaspace:

Usage:
  Non-class:    388.23 KB used.
      Class:     25.25 KB used.
       Both:    413.48 KB used.

Virtual space:
  Non-class space:       64.00 MB reserved,     448.00 KB ( <1%) committed,  1 nodes.
      Class space:        1.00 GB reserved,     128.00 KB ( <1%) committed,  1 nodes.
             Both:        1.06 GB reserved,     576.00 KB ( <1%) committed. 

Chunk freelists:
   Non-Class:  3.96 MB
       Class:  3.73 MB
        Both:  7.70 MB

MaxMetaspaceSize: unlimited
CompressedClassSpaceSize: 1.00 GB
Initial GC threshold: 21.00 MB
Current GC threshold: 21.00 MB
CDS: on
MetaspaceReclaimPolicy: balanced
 - commit_granule_bytes: 65536.
 - commit_granule_words: 8192.
 - virtual_space_node_default_size: 8388608.
 - enlarge_chunks_in_place: 1.
 - new_chunks_are_fully_committed: 0.
 - uncommit_free_chunks: 1.
 - use_allocation_guard: 0.


Internal statistics:

num_allocs_failed_limit: 0.
num_arena_births: 22.
num_arena_deaths: 0.
num_vsnodes_births: 2.
num_vsnodes_deaths: 0.
num_space_committed: 9.
num_space_uncommitted: 0.
num_chunks_returned_to_freelist: 0.
num_chunks_taken_from_freelist: 27.
num_chunk_merges: 0.
num_chunk_splits: 17.
num_chunks_enlarged: 11.
num_inconsistent_stats: 0.

CodeHeap 'non-profiled nmethods': size=120000Kb used=71Kb max_used=71Kb free=119928Kb
 bounds [0x00000226a9310000, 0x00000226a9580000, 0x00000226b0840000]
CodeHeap 'profiled nmethods': size=120000Kb used=236Kb max_used=236Kb free=119764Kb
 bounds [0x00000226a1de0000, 0x00000226a2050000, 0x00000226a9310000]
CodeHeap 'non-nmethods': size=5760Kb used=1156Kb max_used=1171Kb free=4603Kb
 bounds [0x00000226a1840000, 0x00000226a1ab0000, 0x00000226a1de0000]
 total_blobs=557 nmethods=212 adapters=258
 compilation: enabled
              stopped_count=0, restarted_count=0
 full_count=0

Compilation events (20 events):
Event: 0.689 Thread 0x00000226b5547ea0  203       3       java.lang.StringConcatHelper::newArray (26 bytes)
Event: 0.689 Thread 0x00000226b5547ea0 nmethod 203 0x00000226a1e17a10 code [0x00000226a1e17bc0, 0x00000226a1e17e28]
Event: 0.689 Thread 0x00000226b5547ea0  202       3       jdk.internal.misc.Unsafe::allocateUninitializedArray0 (90 bytes)
Event: 0.690 Thread 0x00000226b5547ea0 nmethod 202 0x00000226a1e17f10 code [0x00000226a1e18120, 0x00000226a1e18a98]
Event: 0.690 Thread 0x00000226b5547ea0  204       3       jdk.internal.misc.Unsafe::allocateUninitializedArray (55 bytes)
Event: 0.690 Thread 0x00000226b5547ea0 nmethod 204 0x00000226a1e18c10 code [0x00000226a1e18e20, 0x00000226a1e192d8]
Event: 0.690 Thread 0x00000226b5547ea0  205       3       java.lang.String::replace (42 bytes)
Event: 0.691 Thread 0x00000226b5547ea0 nmethod 205 0x00000226a1e19490 code [0x00000226a1e19660, 0x00000226a1e199b8]
Event: 0.691 Thread 0x00000226b5547ea0  207       3       org.jetbrains.capture.org.objectweb.asm.Type::getInternalName (12 bytes)
Event: 0.691 Thread 0x00000226b5547ea0 nmethod 207 0x00000226a1e19a90 code [0x00000226a1e19c40, 0x00000226a1e19e78]
Event: 0.834 Thread 0x00000226b5547ea0  208       3       java.lang.AbstractStringBuilder::<init> (39 bytes)
Event: 0.835 Thread 0x00000226b5547ea0 nmethod 208 0x00000226a1e19f90 code [0x00000226a1e1a140, 0x00000226a1e1a3d8]
Event: 0.869 Thread 0x00000226b5547ea0  209       3       java.lang.StringBuilder::toString (35 bytes)
Event: 0.869 Thread 0x00000226b5547ea0 nmethod 209 0x00000226a1e1a490 code [0x00000226a1e1a660, 0x00000226a1e1a938]
Event: 0.909 Thread 0x00000226b5545d10  210       4       java.lang.StringLatin1::replace (198 bytes)
Event: 0.976 Thread 0x00000226b5545d10 nmethod 210 0x00000226a9321010 code [0x00000226a93211c0, 0x00000226a93216c8]
Event: 0.989 Thread 0x00000226b5545d10  211       4       java.lang.String::charAt (25 bytes)
Event: 0.991 Thread 0x00000226b5545d10 nmethod 211 0x00000226a9321990 code [0x00000226a9321b20, 0x00000226a9321c48]
Event: 1.239 Thread 0x00000226b5547ea0  212       3       java.util.Arrays::copyOf (19 bytes)
Event: 1.239 Thread 0x00000226b5547ea0 nmethod 212 0x00000226a1e1aa10 code [0x00000226a1e1abc0, 0x00000226a1e1aec8]

GC Heap History (0 events):
No events

Deoptimization events (0 events):
No events

Classes loaded (20 events):
Event: 0.694 Loading class jdk/internal/vm/PostVMInitHook
Event: 0.694 Loading class jdk/internal/vm/PostVMInitHook done
Event: 0.748 Loading class Main
Event: 0.748 Loading class Main done
Event: 0.825 Loading class jdk/internal/loader/URLClassPath$FileLoader
Event: 0.834 Loading class jdk/internal/loader/URLClassPath$FileLoader done
Event: 0.835 Loading class jdk/internal/loader/URLClassPath$FileLoader$1
Event: 0.836 Loading class jdk/internal/loader/URLClassPath$FileLoader$1 done
Event: 0.909 Loading class BitMaPNativeLib/BitMaP
Event: 0.909 Loading class BitMaPNativeLib/BitMaP done
Event: 0.964 Loading class BitMaPNativeLib/BitMaP$FileHeader
Event: 0.964 Loading class BitMaPNativeLib/BitMaP$FileHeader done
Event: 1.062 Loading class BitMaPNativeLib/BitMaP$DIBHeader
Event: 1.062 Loading class BitMaPNativeLib/BitMaP$DIBHeader done
Event: 1.138 Loading class BitMaPNativeLib/BitMaP$DIBColorProfile
Event: 1.138 Loading class BitMaPNativeLib/BitMaP$DIBColorProfile done
Event: 1.210 Loading class BitMaPNativeLib/BitMaP$Data
Event: 1.210 Loading class BitMaPNativeLib/BitMaP$Data done
Event: 1.241 Loading class BitMaPNativeLib/Pixel
Event: 1.241 Loading class BitMaPNativeLib/Pixel done

Classes unloaded (0 events):
No events

Classes redefined (0 events):
No events

Internal exceptions (3 events):
Event: 0.671 Thread 0x0000022699f68a30 Exception <a 'java/lang/NoSuchMethodError'{0x00000000896a4bc8}: 'void java.lang.invoke.DirectMethodHandle$Holder.invokeStatic(java.lang.Object, java.lang.Object, java.lang.Object)'> (0x00000000896a4bc8) 
thrown [s\open\src\hotspot\share\interpreter\linkResolver.cpp, line 766]
Event: 0.684 Thread 0x0000022699f68a30 Exception <a 'java/lang/NoSuchMethodError'{0x00000000896bd8e0}: 'java.lang.Object java.lang.invoke.Invokers$Holder.invokeExact_MT(java.lang.Object, java.lang.Object, java.lang.Object, java.lang.Object, java.lang.Object)'> (0x00000000896bd8e0) 
thrown [s\open\src\hotspot\share\interpreter\linkResolver.cpp, line 766]
Event: 1.263 Thread 0x0000022699f68a30 Exception <a 'java/lang/NoSuchMethodError'{0x0000000089557978}: getBlue> (0x0000000089557978) 
thrown [s\open\src\hotspot\share\prims\jni.cpp, line 1070]

VM Operations (10 events):
Event: 0.277 Executing VM operation: HandshakeAllThreads
Event: 0.277 Executing VM operation: HandshakeAllThreads done
Event: 0.558 Executing VM operation: ChangeBreakpoints
Event: 0.558 Executing VM operation: ChangeBreakpoints done
Event: 0.644 Executing VM operation: ChangeBreakpoints
Event: 0.644 Executing VM operation: ChangeBreakpoints done
Event: 0.645 Executing VM operation: ChangeBreakpoints
Event: 0.645 Executing VM operation: ChangeBreakpoints done
Event: 0.906 Executing VM operation: ChangeBreakpoints
Event: 0.906 Executing VM operation: ChangeBreakpoints done

Events (20 events):
Event: 0.120 Thread 0x00000226b5525810 Thread added: 0x00000226b5525810
Event: 0.120 Thread 0x00000226b552c3a0 Thread added: 0x00000226b552c3a0
Event: 0.134 Thread 0x00000226b5535e00 Thread added: 0x00000226b5535e00
Event: 0.134 Thread 0x00000226b55366b0 Thread added: 0x00000226b55366b0
Event: 0.134 Thread 0x00000226b5538f70 Thread added: 0x00000226b5538f70
Event: 0.134 Thread 0x00000226b5539820 Thread added: 0x00000226b5539820
Event: 0.135 Thread 0x00000226b5545d10 Thread added: 0x00000226b5545d10
Event: 0.135 Thread 0x00000226b5547ea0 Thread added: 0x00000226b5547ea0
Event: 0.135 Thread 0x00000226b555d5e0 Thread added: 0x00000226b555d5e0
Event: 0.249 Thread 0x00000226bbccca60 Thread added: 0x00000226bbccca60
Event: 0.545 Thread 0x00000226bbd6b340 Thread added: 0x00000226bbd6b340
Event: 0.558 Thread 0x00000226bbe13fd0 Thread added: 0x00000226bbe13fd0
Event: 0.558 Thread 0x00000226bbe144b0 Thread added: 0x00000226bbe144b0
Event: 0.648 Loaded shared library C:\Users\Abobus\.jdks\openjdk-18.0.1.1\bin\instrument.dll
Event: 0.694 Thread 0x00000226bbdd8c30 Thread added: 0x00000226bbdd8c30
Event: 0.964 Loaded shared library C:\Users\Abobus\IdeaProjects\Editor\Editor\src\BitMaPNativeLib\BitMaPNativeLib.dll
Event: 1.027 Loaded shared library C:\Users\Abobus\IdeaProjects\Editor\Editor\src\BitMaPNativeLib\BitMaPFileHeaderNativeLib.dll
Event: 1.137 Loaded shared library C:\Users\Abobus\IdeaProjects\Editor\Editor\src\BitMaPNativeLib\BitMaPDIBHeaderNativeLib.dll
Event: 1.209 Loaded shared library C:\Users\Abobus\IdeaProjects\Editor\Editor\src\BitMaPNativeLib\BitMaPDIBColorProfileNativeLib.dll
Event: 1.240 Loaded shared library C:\Users\Abobus\IdeaProjects\Editor\Editor\src\BitMaPNativeLib\BitMaPDataNativeLib.dll


Dynamic libraries:
0x00007ff7ecb50000 - 0x00007ff7ecb5e000 	C:\Users\Abobus\.jdks\openjdk-18.0.1.1\bin\java.exe
0x00007ffc539c0000 - 0x00007ffc53bc9000 	C:\WINDOWS\SYSTEM32\ntdll.dll
0x00007ffc52240000 - 0x00007ffc522fd000 	C:\WINDOWS\System32\KERNEL32.DLL
0x00007ffc51080000 - 0x00007ffc513f9000 	C:\WINDOWS\System32\KERNELBASE.dll
0x00007ffc51400000 - 0x00007ffc51511000 	C:\WINDOWS\System32\ucrtbase.dll
0x00007ffc4c4a0000 - 0x00007ffc4c4ba000 	C:\Users\Abobus\.jdks\openjdk-18.0.1.1\bin\VCRUNTIME140.dll
0x00007ffc4c4c0000 - 0x00007ffc4c4d7000 	C:\Users\Abobus\.jdks\openjdk-18.0.1.1\bin\jli.dll
0x00007ffc52ae0000 - 0x00007ffc52c8c000 	C:\WINDOWS\System32\USER32.dll
0x00007ffc3e4d0000 - 0x00007ffc3e775000 	C:\WINDOWS\WinSxS\amd64_microsoft.windows.common-controls_6595b64144ccf1df_6.0.22000.120_none_9d947278b86cc467\COMCTL32.dll
0x00007ffc50f30000 - 0x00007ffc50f56000 	C:\WINDOWS\System32\win32u.dll
0x00007ffc538d0000 - 0x00007ffc53973000 	C:\WINDOWS\System32\msvcrt.dll
0x00007ffc529c0000 - 0x00007ffc529e9000 	C:\WINDOWS\System32\GDI32.dll
0x00007ffc50f60000 - 0x00007ffc51072000 	C:\WINDOWS\System32\gdi32full.dll
0x00007ffc515e0000 - 0x00007ffc5167d000 	C:\WINDOWS\System32\msvcp_win.dll
0x00007ffc529f0000 - 0x00007ffc52a21000 	C:\WINDOWS\System32\IMM32.DLL
0x00007ffc50370000 - 0x00007ffc503a6000 	C:\WINDOWS\system32\DriverStore\FileRepository\nvlti.inf_amd64_83a389b28f4c421e\nvinitx.dll
0x00007ffc51c50000 - 0x00007ffc51cfe000 	C:\WINDOWS\System32\ADVAPI32.dll
0x00007ffc521a0000 - 0x00007ffc5223e000 	C:\WINDOWS\System32\sechost.dll
0x00007ffc50360000 - 0x00007ffc5036a000 	C:\WINDOWS\SYSTEM32\VERSION.dll
0x00007ffc52380000 - 0x00007ffc524a0000 	C:\WINDOWS\System32\RPCRT4.dll
0x00007ffc52ec0000 - 0x00007ffc5366f000 	C:\WINDOWS\System32\Shell32.dll
0x00007ffc4efd0000 - 0x00007ffc4f838000 	C:\WINDOWS\SYSTEM32\windows.storage.dll
0x00007ffc524a0000 - 0x00007ffc52818000 	C:\WINDOWS\System32\combase.dll
0x00007ffc4ee60000 - 0x00007ffc4efc6000 	C:\WINDOWS\SYSTEM32\wintypes.dll
0x00007ffc51860000 - 0x00007ffc5194a000 	C:\WINDOWS\System32\SHCORE.dll
0x00007ffc53870000 - 0x00007ffc538cd000 	C:\WINDOWS\System32\shlwapi.dll
0x000000005cbc0000 - 0x000000005cbc6000 	C:\Program Files\NVIDIA Corporation\CoProcManager\_etoured.dll
0x00007ffc40e60000 - 0x00007ffc40ea3000 	C:\Program Files\NVIDIA Corporation\CoProcManager\nvd3d9wrapx.dll
0x00007ffc51d10000 - 0x00007ffc5217c000 	C:\WINDOWS\System32\SETUPAPI.dll
0x00007ffc4e7f0000 - 0x00007ffc4e828000 	C:\WINDOWS\SYSTEM32\dxcore.dll
0x00007ffc40bf0000 - 0x00007ffc40c1d000 	C:\Program Files\NVIDIA Corporation\CoProcManager\nvdxgiwrapx.dll
0x00007ffc4d840000 - 0x00007ffc4d84c000 	C:\Users\Abobus\.jdks\openjdk-18.0.1.1\bin\vcruntime140_1.dll
0x00007ffc44270000 - 0x00007ffc442fd000 	C:\Users\Abobus\.jdks\openjdk-18.0.1.1\bin\msvcp140.dll
0x00007ffbfe3b0000 - 0x00007ffbfefc0000 	C:\Users\Abobus\.jdks\openjdk-18.0.1.1\bin\server\jvm.dll
0x00007ffc536d0000 - 0x00007ffc536d8000 	C:\WINDOWS\System32\PSAPI.DLL
0x00007ffc460b0000 - 0x00007ffc460b9000 	C:\WINDOWS\SYSTEM32\WSOCK32.dll
0x00007ffc4b790000 - 0x00007ffc4b7c3000 	C:\WINDOWS\SYSTEM32\WINMM.dll
0x00007ffc52e50000 - 0x00007ffc52ebf000 	C:\WINDOWS\System32\WS2_32.dll
0x00007ffc4ff60000 - 0x00007ffc4ff78000 	C:\WINDOWS\SYSTEM32\kernel.appcore.dll
0x00007ffc4c5b0000 - 0x00007ffc4c5ba000 	C:\Users\Abobus\.jdks\openjdk-18.0.1.1\bin\jimage.dll
0x00007ffc3c7d0000 - 0x00007ffc3c9f1000 	C:\WINDOWS\SYSTEM32\DBGHELP.DLL
0x00007ffc3c790000 - 0x00007ffc3c7c1000 	C:\WINDOWS\SYSTEM32\dbgcore.DLL
0x0000022697de0000 - 0x0000022697e5f000 	C:\WINDOWS\System32\bcryptPrimitives.dll
0x00007ffc44230000 - 0x00007ffc4426b000 	C:\Users\Abobus\.jdks\openjdk-18.0.1.1\bin\jdwp.dll
0x00007ffc495c0000 - 0x00007ffc495ce000 	C:\Users\Abobus\.jdks\openjdk-18.0.1.1\bin\instrument.dll
0x00007ffc44200000 - 0x00007ffc44225000 	C:\Users\Abobus\.jdks\openjdk-18.0.1.1\bin\java.dll
0x00007ffc45a20000 - 0x00007ffc45a38000 	C:\Users\Abobus\.jdks\openjdk-18.0.1.1\bin\zip.dll
0x00007ffc37ea0000 - 0x00007ffc37f76000 	C:\Users\Abobus\.jdks\openjdk-18.0.1.1\bin\jsvml.dll
0x00007ffc50de0000 - 0x00007ffc50e01000 	C:\WINDOWS\SYSTEM32\profapi.dll
0x00007ffc43a20000 - 0x00007ffc43a2c000 	C:\Users\Abobus\.jdks\openjdk-18.0.1.1\bin\dt_socket.dll
0x00007ffc4fa80000 - 0x00007ffc4faad000 	C:\WINDOWS\SYSTEM32\IPHLPAPI.DLL
0x00007ffc50480000 - 0x00007ffc504e7000 	C:\WINDOWS\system32\mswsock.dll
0x000000006a600000 - 0x000000006a614000 	C:\Users\Abobus\IdeaProjects\Editor\Editor\src\BitMaPNativeLib\BitMaPNativeLib.dll
0x0000000070ac0000 - 0x0000000070ad4000 	C:\Users\Abobus\IdeaProjects\Editor\Editor\src\BitMaPNativeLib\BitMaPFileHeaderNativeLib.dll
0x000000006f480000 - 0x000000006f495000 	C:\Users\Abobus\IdeaProjects\Editor\Editor\src\BitMaPNativeLib\BitMaPDIBHeaderNativeLib.dll
0x0000000069300000 - 0x0000000069315000 	C:\Users\Abobus\IdeaProjects\Editor\Editor\src\BitMaPNativeLib\BitMaPDIBColorProfileNativeLib.dll
0x000000006d040000 - 0x000000006d055000 	C:\Users\Abobus\IdeaProjects\Editor\Editor\src\BitMaPNativeLib\BitMaPDataNativeLib.dll

dbghelp: loaded successfully - version: 4.0.5 - missing functions: none
symbol engine: initialized successfully - sym options: 0x614 - pdb path: .;C:\Users\Abobus\.jdks\openjdk-18.0.1.1\bin;C:\WINDOWS\SYSTEM32;C:\WINDOWS\WinSxS\amd64_microsoft.windows.common-controls_6595b64144ccf1df_6.0.22000.120_none_9d947278b86cc467;C:\WINDOWS\system32\DriverStore\FileRepository\nvlti.inf_amd64_83a389b28f4c421e;C:\Program Files\NVIDIA Corporation\CoProcManager;C:\Users\Abobus\.jdks\openjdk-18.0.1.1\bin\server;C:\Users\Abobus\IdeaProjects\Editor\Editor\src\BitMaPNativeLib

VM Arguments:
jvm_args: -agentlib:jdwp=transport=dt_socket,address=127.0.0.1:54829,suspend=y,server=n -Djava.library.path=C:\Users\Abobus\IdeaProjects\Editor\Editor\src\BitMaPNativeLib -javaagent:C:\Users\Abobus\AppData\Local\JetBrains\IdeaIC2022.1\captureAgent\debugger-agent.jar -Dfile.encoding=UTF-8 
java_command: Main
java_class_path (initial): C:\Users\Abobus\IdeaProjects\Editor\Editor\out\production\Editor;C:\Program Files\JetBrains\IntelliJ IDEA Community Edition 2022.1.1\lib\idea_rt.jar
Launcher Type: SUN_STANDARD

[Global flags]
     intx CICompilerCount                          = 3                                         {product} {ergonomic}
     uint ConcGCThreads                            = 1                                         {product} {ergonomic}
     uint G1ConcRefinementThreads                  = 4                                         {product} {ergonomic}
   size_t G1HeapRegionSize                         = 1048576                                   {product} {ergonomic}
    uintx GCDrainStackTargetSize                   = 64                                        {product} {ergonomic}
   size_t InitialHeapSize                          = 134217728                                 {product} {ergonomic}
   size_t MarkStackSize                            = 4194304                                   {product} {ergonomic}
   size_t MaxHeapSize                              = 2122317824                                {product} {ergonomic}
   size_t MaxNewSize                               = 1272971264                                {product} {ergonomic}
   size_t MinHeapDeltaBytes                        = 1048576                                   {product} {ergonomic}
   size_t MinHeapSize                              = 8388608                                   {product} {ergonomic}
    uintx NonNMethodCodeHeapSize                   = 5832780                                {pd product} {ergonomic}
    uintx NonProfiledCodeHeapSize                  = 122912730                              {pd product} {ergonomic}
    uintx ProfiledCodeHeapSize                     = 122912730                              {pd product} {ergonomic}
    uintx ReservedCodeCacheSize                    = 251658240                              {pd product} {ergonomic}
     bool SegmentedCodeCache                       = true                                      {product} {ergonomic}
   size_t SoftMaxHeapSize                          = 2122317824                             {manageable} {ergonomic}
     bool UseCompressedClassPointers               = true                           {product lp64_product} {ergonomic}
     bool UseCompressedOops                        = true                           {product lp64_product} {ergonomic}
     bool UseG1GC                                  = true                                      {product} {ergonomic}
     bool UseLargePagesIndividualAllocation        = false                                  {pd product} {ergonomic}

Logging:
Log output configuration:
 #0: stdout all=warning uptime,level,tags foldmultilines=false
 #1: stderr all=off uptime,level,tags foldmultilines=false

Environment Variables:
PATH=C:\Program Files\Eclipse Adoptium\jdk-18.0.1.10-hotspot\bin;C:\WINDOWS\system32;C:\WINDOWS;C:\WINDOWS\System32\Wbem;C:\WINDOWS\System32\WindowsPowerShell\v1.0\;C:\WINDOWS\System32\OpenSSH\;C:\Program Files (x86)\NVIDIA Corporation\PhysX\Common;C:\Program Files\Microsoft SQL Server\150\Tools\Binn\;C:\Program Files\Microsoft SQL Server\Client SDK\ODBC\170\Tools\Binn\;C:\Program Files\dotnet\;C:\Program Files\Git\cmd;C:\Users\Abobus\AppData\Local\Microsoft\WindowsApps;C:\Users\Abobus\.dotnet\tools;C:\MinGW\bin;C:\MinGW\msys\1.0\bin;
USERNAME=Abobus
OS=Windows_NT
PROCESSOR_IDENTIFIER=Intel64 Family 6 Model 42 Stepping 7, GenuineIntel



---------------  S Y S T E M  ---------------

OS:
 Windows 11 , 64 bit Build 22000 (10.0.22000.675)
OS uptime: 12 days 11:33 hours

CPU: total 4 (initial active 4) (2 cores per cpu, 2 threads per core) family 6 model 42 stepping 7 microcode 0x2f, cx8, cmov, fxsr, ht, mmx, sse, sse2, sse3, ssse3, sse4.1, sse4.2, popcnt, tsc, tscinvbit, avx, aes, clmul, vzeroupper, clflush

Memory: 4k page, system-wide physical 8089M (594M free)
TotalPageFile size 15513M (AvailPageFile size 2734M)
current process WorkingSet (physical memory assigned to process): 35M, peak: 35M
current process commit charge ("private bytes"): 203M, peak: 203M

vm_info: OpenJDK 64-Bit Server VM (18.0.1.1+2-6) for windows-amd64 JRE (18.0.1.1+2-6), built on Apr 25 2022 21:50:56 by "mach5one" with MS VC++ 16.8 / 16.9 (VS2019)

END.
