#
# A fatal error has been detected by the Java Runtime Environment:
#
#  EXCEPTION_ACCESS_VIOLATION (0xc0000005) at pc=0x00007ffbe2a51ae0, pid=17960, tid=1228
#
# JRE version: OpenJDK Runtime Environment Temurin-18.0.1+10 (18.0.1+10) (build 18.0.1+10)
# Java VM: OpenJDK 64-Bit Server VM Temurin-18.0.1+10 (18.0.1+10, mixed mode, sharing, tiered, compressed oops, compressed class ptrs, g1 gc, windows-amd64)
# Problematic frame:
# V  [jvm.dll+0x11ae0]
#
# No core dump will be written. Minidumps are not enabled by default on client versions of Windows
#
# If you would like to submit a bug report, please visit:
#   https://github.com/adoptium/adoptium-support/issues
#

---------------  S U M M A R Y ------------

Command Line: -Djava.library.path=C:\Users\Abobus\IdeaProjects\Editor\Editor\src\BitMaPNativeLib --add-modules=ALL-DEFAULT jdk.compiler/com.sun.tools.javac.launcher.Main Main.java

Host: Intel(R) Core(TM) i5-2450M CPU @ 2.50GHz, 4 cores, 7G,  Windows 11 , 64 bit Build 22000 (10.0.22000.675)
Time: Thu Jun 16 00:54:52 2022  Windows 11 , 64 bit Build 22000 (10.0.22000.675) elapsed time: 1.195751 seconds (0d 0h 0m 1s)

---------------  T H R E A D  ---------------

Current thread (0x00000189cb3d5e50):  JavaThread "main" [_thread_in_vm, id=1228, stack(0x00000070a6a00000,0x00000070a6b00000)]

Stack: [0x00000070a6a00000,0x00000070a6b00000],  sp=0x00000070a6afef18,  free space=1019k
Native frames: (J=compiled Java code, j=interpreted, Vv=VM code, C=native code)
V  [jvm.dll+0x11ae0]

Java frames: (J=compiled Java code, j=interpreted, Vv=VM code)
j  BitMaPNativeLib.BitMaP$FileHeader.readFromFile(Ljava/lang/String;)V+0
j  BitMaPNativeLib.BitMaP$FileHeader.<init>(LBitMaPNativeLib/BitMaP;Ljava/lang/String;)V+6
j  BitMaPNativeLib.BitMaP$FileHeader.<init>(LBitMaPNativeLib/BitMaP;)V+3
j  BitMaPNativeLib.BitMaP.<init>(Ljava/lang/String;)V+15
j  BitMaPNativeLib.BitMaP.<init>()V+2
j  Main.main([Ljava/lang/String;)V+12
j  java.lang.invoke.LambdaForm$DMH+0x0000000800c30c00.invokeStatic(Ljava/lang/Object;Ljava/lang/Object;)V+10 java.base@18.0.1
j  java.lang.invoke.LambdaForm$MH+0x0000000800d29400.invoke(Ljava/lang/Object;Ljava/lang/Object;Ljava/lang/Object;)Ljava/lang/Object;+33 java.base@18.0.1
j  java.lang.invoke.Invokers$Holder.invokeExact_MT(Ljava/lang/Object;Ljava/lang/Object;Ljava/lang/Object;Ljava/lang/Object;)Ljava/lang/Object;+20 java.base@18.0.1
j  jdk.internal.reflect.DirectMethodHandleAccessor.invokeImpl(Ljava/lang/Object;[Ljava/lang/Object;)Ljava/lang/Object;+55 java.base@18.0.1
j  jdk.internal.reflect.DirectMethodHandleAccessor.invoke(Ljava/lang/Object;[Ljava/lang/Object;)Ljava/lang/Object;+23 java.base@18.0.1
j  java.lang.reflect.Method.invoke(Ljava/lang/Object;[Ljava/lang/Object;)Ljava/lang/Object;+102 java.base@18.0.1
j  com.sun.tools.javac.launcher.Main.execute(Ljava/lang/String;[Ljava/lang/String;Lcom/sun/tools/javac/launcher/Main$Context;)V+128 jdk.compiler@18.0.1
j  com.sun.tools.javac.launcher.Main.run([Ljava/lang/String;[Ljava/lang/String;)V+54 jdk.compiler@18.0.1
j  com.sun.tools.javac.launcher.Main.main([Ljava/lang/String;)V+14 jdk.compiler@18.0.1
v  ~StubRoutines::call_stub

siginfo: EXCEPTION_ACCESS_VIOLATION (0xc0000005), reading address 0x0000000000000000


Register to memory mapping:

RIP=0x00007ffbe2a51ae0 jvm.dll
RAX=0x0 is NULL
RBX=0x00000189cb3d5e50 is a thread
RCX=0x0 is NULL
RDX=0x0 is NULL
RSP=0x00000070a6afef18 is pointing into the stack for thread: 0x00000189cb3d5e50
RBP=0x00000070a6afefc0 is pointing into the stack for thread: 0x00000189cb3d5e50
RSI=0x0 is NULL
RDI=0x0 is NULL
R8 =0x0 is NULL
R9 =0x0000000000000002 is an unknown value
R10=0x00000189cb3d51e0 points into unknown readable memory: 0x0000004000000001 | 01 00 00 00 40 00 00 00
R11=0x00000189e9a2c050 is pointing into metadata
R12=0x0 is NULL
R13={method} {0x00000189e9a2c4a8} 'readFromFile' '(Ljava/lang/String;)V' in 'BitMaPNativeLib/BitMaP$FileHeader'
R14=0x0 is NULL
R15=0x00000189cb3d5e50 is a thread


Registers:
RAX=0x0000000000000000, RBX=0x00000189cb3d5e50, RCX=0x0000000000000000, RDX=0x0000000000000000
RSP=0x00000070a6afef18, RBP=0x00000070a6afefc0, RSI=0x0000000000000000, RDI=0x0000000000000000
R8 =0x0000000000000000, R9 =0x0000000000000002, R10=0x00000189cb3d51e0, R11=0x00000189e9a2c050
R12=0x0000000000000000, R13=0x00000189e9a2c4a0, R14=0x0000000000000000, R15=0x00000189cb3d5e50
RIP=0x00007ffbe2a51ae0, EFLAGS=0x0000000000010246

Top of Stack: (sp=0x00000070a6afef18)
0x00000070a6afef18:   00007ffbe2e48172 00000189ed23a7b0
0x00000070a6afef28:   00000189e9a2ca80 00000189cb3d5e50
0x00000070a6afef38:   00000070a6aff0f8 00000189cb3d5e50
0x00000070a6afef48:   0000000000000000 00004cf32e4ecfdb
0x00000070a6afef58:   00000070a6afefc0 00000189cb3d5e50
0x00000070a6afef68:   00000189e9a2c4a0 0000000000000000
0x00000070a6afef78:   00000189d2f294fe 00000189d2f294fe
0x00000070a6afef88:   0000000000000014 00000189e9a2c4a0
0x00000070a6afef98:   0000000070ac2d13 00000070a6afefc0
0x00000070a6afefa8:   00000070a6aff0f8 0000000000000000
0x00000070a6afefb8:   00000189d2f294fe 00000070a6aff040
0x00000070a6afefc8:   0000000070ac1498 00000189cb3d60e0
0x00000070a6afefd8:   0000000000000000 0000000000000000
0x00000070a6afefe8:   0000000070ac4012 00000189cb3d5e50
0x00000070a6afeff8:   00000189d2f294fe 00000189e9a2c4a0
0x00000070a6aff008:   00000189cb3d5e50 0000000000000052 

Instructions: (pc=0x00007ffbe2a51ae0)
0x00007ffbe2a519e0:   00 00 00 48 8b 41 38 48 8b 80 88 09 00 00 48 8b
0x00007ffbe2a519f0:   48 08 48 8b 40 50 48 d3 ea 80 3c 02 01 0f 85 cd
0x00007ffbe2a51a00:   00 00 00 48 8b 13 0f b6 c2 24 03 3c 03 75 19 48
0x00007ffbe2a51a10:   83 e2 fc 74 13 48 3b da 74 11 48 8b c2 48 8b 5c
0x00007ffbe2a51a20:   24 38 48 83 c4 20 5e c3 48 8b d3 48 8b 46 38 0f
0x00007ffbe2a51a30:   be 88 f0 02 00 00 c1 e9 02 f6 c1 01 74 dc 48 89
0x00007ffbe2a51a40:   7c 24 30 e8 78 e5 ff ff 48 8b 0d 09 df bc 00 48
0x00007ffbe2a51a50:   8b f8 48 81 c1 90 09 00 00 8b 41 40 0f b6 57 21
0x00007ffbe2a51a60:   8d 42 01 88 47 21 84 d2 75 0a 48 8b d7 e8 1e 6b
0x00007ffbe2a51a70:   71 00 eb 20 80 7f 22 00 75 1a 8b 41 40 85 05 31
0x00007ffbe2a51a80:   a6 9c 00 74 0f b8 ff ff ff ff f0 0f c1 41 40 e8
0x00007ffbe2a51a90:   4c 6b 71 00 48 8b 4e 38 4c 8b c7 48 8b d3 e8 3d
0x00007ffbe2a51aa0:   f8 ff ff 0f b6 4f 21 48 8b d8 48 8b 15 a7 de bc
0x00007ffbe2a51ab0:   00 8d 41 ff 88 47 21 80 f9 01 77 0f 48 8d 8a 90
0x00007ffbe2a51ac0:   09 00 00 48 8b d7 e8 f5 6a 71 00 48 8b 7c 24 30
0x00007ffbe2a51ad0:   48 8b c3 48 8b 5c 24 38 48 83 c4 20 5e c3 cc cc
0x00007ffbe2a51ae0:   48 8b 01 c3 cc cc cc cc cc cc cc cc cc cc cc cc
0x00007ffbe2a51af0:   4c 8b 01 4c 8b c9 48 8b 0d 53 34 b8 00 ba 44 60
0x00007ffbe2a51b00:   08 00 e9 b9 f2 ff ff cc cc cc cc cc cc cc cc cc
0x00007ffbe2a51b10:   48 89 5c 24 08 57 48 83 ec 20 48 8b 39 48 8b d9
0x00007ffbe2a51b20:   48 85 3d 91 52 bd 00 75 0e 48 8b c7 48 8b 5c 24
0x00007ffbe2a51b30:   30 48 83 c4 20 5f c3 48 8b cf e8 31 9c 86 00 48
0x00007ffbe2a51b40:   8b d0 48 85 c0 74 20 48 8b c7 f0 48 0f b1 13 74
0x00007ffbe2a51b50:   16 48 85 05 60 52 bd 00 74 0d 48 8b c8 f0 48 0f
0x00007ffbe2a51b60:   b1 13 48 3b c1 75 ea 48 8b 5c 24 30 48 8b c2 48
0x00007ffbe2a51b70:   83 c4 20 5f c3 cc cc cc cc cc cc cc cc cc cc cc
0x00007ffbe2a51b80:   4c 8b 01 4c 8b c9 48 8b 0d c3 33 b8 00 ba 64 60
0x00007ffbe2a51b90:   08 00 e9 29 f2 ff ff cc cc cc cc cc cc cc cc cc
0x00007ffbe2a51ba0:   8b 05 2a be b1 00 c3 cc cc cc cc cc cc cc cc cc
0x00007ffbe2a51bb0:   0f b6 05 5a 46 b9 00 48 8b d1 84 c0 74 16 44 8b
0x00007ffbe2a51bc0:   41 08 8b 0d 08 be b1 00 49 d3 e0 4c 03 05 f6 bd
0x00007ffbe2a51bd0:   b1 00 eb 04 4c 8b 41 08 45 8b 48 08 45 85 c9 7e 


Stack slot to memory mapping:
stack at sp + 0 slots: 0x00007ffbe2e48172 jvm.dll
stack at sp + 1 slots: 0x00000189ed23a7b0 points into unknown readable memory: 0x0000000000000000 | 00 00 00 00 00 00 00 00
stack at sp + 2 slots: 0x00000189e9a2ca80 is pointing into metadata
stack at sp + 3 slots: 0x00000189cb3d5e50 is a thread
stack at sp + 4 slots: 0x00000070a6aff0f8 is pointing into the stack for thread: 0x00000189cb3d5e50
stack at sp + 5 slots: 0x00000189cb3d5e50 is a thread
stack at sp + 6 slots: 0x0 is NULL
stack at sp + 7 slots: 0x00004cf32e4ecfdb is an unknown value


---------------  P R O C E S S  ---------------

Threads class SMR info:
_java_thread_list=0x00000189ed6d0cc0, length=13, elements={
0x00000189cb3d5e50, 0x00000189e6c38a80, 0x00000189e6c3b830, 0x00000189e6c47bf0,
0x00000189e6c48590, 0x00000189e6c4af40, 0x00000189e6c538f0, 0x00000189ed1183c0,
0x00000189ed118da0, 0x00000189e6c5e7f0, 0x00000189e6c25250, 0x00000189ed299fe0,
0x00000189ed8060d0
}

Java Threads: ( => current thread )
=>0x00000189cb3d5e50 JavaThread "main" [_thread_in_vm, id=1228, stack(0x00000070a6a00000,0x00000070a6b00000)]
  0x00000189e6c38a80 JavaThread "Reference Handler" daemon [_thread_blocked, id=7356, stack(0x00000070a7100000,0x00000070a7200000)]
  0x00000189e6c3b830 JavaThread "Finalizer" daemon [_thread_blocked, id=3148, stack(0x00000070a7200000,0x00000070a7300000)]
  0x00000189e6c47bf0 JavaThread "Signal Dispatcher" daemon [_thread_blocked, id=2120, stack(0x00000070a7300000,0x00000070a7400000)]
  0x00000189e6c48590 JavaThread "Attach Listener" daemon [_thread_blocked, id=7756, stack(0x00000070a7400000,0x00000070a7500000)]
  0x00000189e6c4af40 JavaThread "Service Thread" daemon [_thread_blocked, id=17252, stack(0x00000070a7500000,0x00000070a7600000)]
  0x00000189e6c538f0 JavaThread "Monitor Deflation Thread" daemon [_thread_blocked, id=4544, stack(0x00000070a7600000,0x00000070a7700000)]
  0x00000189ed1183c0 JavaThread "C2 CompilerThread0" daemon [_thread_blocked, id=15676, stack(0x00000070a7700000,0x00000070a7800000)]
  0x00000189ed118da0 JavaThread "C1 CompilerThread0" daemon [_thread_blocked, id=3200, stack(0x00000070a7800000,0x00000070a7900000)]
  0x00000189e6c5e7f0 JavaThread "Sweeper thread" daemon [_thread_blocked, id=14884, stack(0x00000070a7900000,0x00000070a7a00000)]
  0x00000189e6c25250 JavaThread "Common-Cleaner" daemon [_thread_blocked, id=15612, stack(0x00000070a7a00000,0x00000070a7b00000)]
  0x00000189ed299fe0 JavaThread "Notification Thread" daemon [_thread_blocked, id=2076, stack(0x00000070a7b00000,0x00000070a7c00000)]
  0x00000189ed8060d0 JavaThread "C2 CompilerThread1" daemon [_thread_blocked, id=11976, stack(0x00000070a7d00000,0x00000070a7e00000)]

Other Threads:
  0x00000189e6c35a60 VMThread "VM Thread" [stack: 0x00000070a7000000,0x00000070a7100000] [id=8788]
  0x00000189ed29a4a0 WatcherThread "VM Periodic Task Thread" [stack: 0x00000070a7c00000,0x00000070a7d00000] [id=6604]
  0x00000189cb435760 WorkerThread "GC Thread#0" [stack: 0x00000070a6b00000,0x00000070a6c00000] [id=12520]
  0x00000189ed7c4770 WorkerThread "GC Thread#1" [stack: 0x00000070a7e00000,0x00000070a7f00000] [id=7232]
  0x00000189ed7c4a10 WorkerThread "GC Thread#2" [stack: 0x00000070a7f00000,0x00000070a8000000] [id=5548]
  0x00000189ed840700 WorkerThread "GC Thread#3" [stack: 0x00000070a8000000,0x00000070a8100000] [id=17336]
  0x00000189cb43eb00 ConcurrentGCThread "G1 Main Marker" [stack: 0x00000070a6c00000,0x00000070a6d00000] [id=14480]
  0x00000189e6aa64a0 WorkerThread "G1 Conc#0" [stack: 0x00000070a6d00000,0x00000070a6e00000] [id=5616]
  0x00000189e6aeab30 ConcurrentGCThread "G1 Refine#0" [stack: 0x00000070a6e00000,0x00000070a6f00000] [id=18152]
  0x00000189ed8db890 ConcurrentGCThread "G1 Refine#1" [stack: 0x00000070a8100000,0x00000070a8200000] [id=9560]
  0x00000189e6aed2f0 ConcurrentGCThread "G1 Service" [stack: 0x00000070a6f00000,0x00000070a7000000] [id=196]

Threads with active compile tasks:

VM state: not at safepoint (normal execution)

VM Mutex/Monitor currently owned by a thread: None

Heap address: 0x0000000081800000, size: 2024 MB, Compressed Oops mode: 32-bit

CDS archive(s) mapped at: [0x0000000800000000-0x0000000800b90000-0x0000000800b90000), size 12124160, SharedBaseAddress: 0x0000000800000000, ArchiveRelocationMode: 0.
Compressed class space mapped at: 0x0000000800c00000-0x0000000840c00000, reserved size: 1073741824
Narrow klass base: 0x0000000800000000, Narrow klass shift: 0, Narrow klass range: 0x100000000

GC Precious Log:
 CardTable entry size: 512
 Card Set container configuration: InlinePtr #cards 5 size 8 Array Of Cards #cards 12 size 40 Howl #buckets 4 coarsen threshold 1843 Howl Bitmap #cards 512 size 80 coarsen threshold 460 Card regions per heap region 1 cards per card region 2048
 CPUs: 4 total, 4 available
 Memory: 8089M
 Large Page Support: Disabled
 NUMA Support: Disabled
 Compressed Oops: Enabled (32-bit)
 Heap Region Size: 1M
 Heap Min Capacity: 8M
 Heap Initial Capacity: 128M
 Heap Max Capacity: 2024M
 Pre-touch: Disabled
 Parallel Workers: 4
 Concurrent Workers: 1
 Concurrent Refinement Workers: 4
 Periodic GC: Disabled

Heap:
 garbage-first heap   total 131072K, used 3752K [0x0000000081800000, 0x0000000100000000)
  region size 1024K, 3 young (3072K), 2 survivors (2048K)
 Metaspace       used 8964K, committed 9152K, reserved 1114112K
  class space    used 1039K, committed 1152K, reserved 1048576K

Heap Regions: E=young(eden), S=young(survivor), O=old, HS=humongous(starts), HC=humongous(continues), CS=collection set, F=free, OA=open archive, CA=closed archive, TAMS=top-at-mark-start (previous, next)
|   0|0x0000000081800000, 0x0000000081900000, 0x0000000081900000|100%| O|  |TAMS 0x0000000081800000, 0x0000000081800000| Untracked 
|   1|0x0000000081900000, 0x00000000819aa000, 0x0000000081a00000| 66%| O|  |TAMS 0x0000000081900000, 0x0000000081900000| Untracked 
|   2|0x0000000081a00000, 0x0000000081a00000, 0x0000000081b00000|  0%| F|  |TAMS 0x0000000081a00000, 0x0000000081a00000| Untracked 
|   3|0x0000000081b00000, 0x0000000081b00000, 0x0000000081c00000|  0%| F|  |TAMS 0x0000000081b00000, 0x0000000081b00000| Untracked 
|   4|0x0000000081c00000, 0x0000000081c00000, 0x0000000081d00000|  0%| F|  |TAMS 0x0000000081c00000, 0x0000000081c00000| Untracked 
|   5|0x0000000081d00000, 0x0000000081d00000, 0x0000000081e00000|  0%| F|  |TAMS 0x0000000081d00000, 0x0000000081d00000| Untracked 
|   6|0x0000000081e00000, 0x0000000081e00000, 0x0000000081f00000|  0%| F|  |TAMS 0x0000000081e00000, 0x0000000081e00000| Untracked 
|   7|0x0000000081f00000, 0x0000000081f00000, 0x0000000082000000|  0%| F|  |TAMS 0x0000000081f00000, 0x0000000081f00000| Untracked 
|   8|0x0000000082000000, 0x0000000082000000, 0x0000000082100000|  0%| F|  |TAMS 0x0000000082000000, 0x0000000082000000| Untracked 
|   9|0x0000000082100000, 0x0000000082100000, 0x0000000082200000|  0%| F|  |TAMS 0x0000000082100000, 0x0000000082100000| Untracked 
|  10|0x0000000082200000, 0x0000000082200000, 0x0000000082300000|  0%| F|  |TAMS 0x0000000082200000, 0x0000000082200000| Untracked 
|  11|0x0000000082300000, 0x0000000082300000, 0x0000000082400000|  0%| F|  |TAMS 0x0000000082300000, 0x0000000082300000| Untracked 
|  12|0x0000000082400000, 0x0000000082400000, 0x0000000082500000|  0%| F|  |TAMS 0x0000000082400000, 0x0000000082400000| Untracked 
|  13|0x0000000082500000, 0x0000000082500000, 0x0000000082600000|  0%| F|  |TAMS 0x0000000082500000, 0x0000000082500000| Untracked 
|  14|0x0000000082600000, 0x0000000082600000, 0x0000000082700000|  0%| F|  |TAMS 0x0000000082600000, 0x0000000082600000| Untracked 
|  15|0x0000000082700000, 0x0000000082700000, 0x0000000082800000|  0%| F|  |TAMS 0x0000000082700000, 0x0000000082700000| Untracked 
|  16|0x0000000082800000, 0x0000000082800000, 0x0000000082900000|  0%| F|  |TAMS 0x0000000082800000, 0x0000000082800000| Untracked 
|  17|0x0000000082900000, 0x0000000082900000, 0x0000000082a00000|  0%| F|  |TAMS 0x0000000082900000, 0x0000000082900000| Untracked 
|  18|0x0000000082a00000, 0x0000000082a00000, 0x0000000082b00000|  0%| F|  |TAMS 0x0000000082a00000, 0x0000000082a00000| Untracked 
|  19|0x0000000082b00000, 0x0000000082b00000, 0x0000000082c00000|  0%| F|  |TAMS 0x0000000082b00000, 0x0000000082b00000| Untracked 
|  20|0x0000000082c00000, 0x0000000082c00000, 0x0000000082d00000|  0%| F|  |TAMS 0x0000000082c00000, 0x0000000082c00000| Untracked 
|  21|0x0000000082d00000, 0x0000000082d00000, 0x0000000082e00000|  0%| F|  |TAMS 0x0000000082d00000, 0x0000000082d00000| Untracked 
|  22|0x0000000082e00000, 0x0000000082e00000, 0x0000000082f00000|  0%| F|  |TAMS 0x0000000082e00000, 0x0000000082e00000| Untracked 
|  23|0x0000000082f00000, 0x0000000082f00000, 0x0000000083000000|  0%| F|  |TAMS 0x0000000082f00000, 0x0000000082f00000| Untracked 
|  24|0x0000000083000000, 0x0000000083000000, 0x0000000083100000|  0%| F|  |TAMS 0x0000000083000000, 0x0000000083000000| Untracked 
|  25|0x0000000083100000, 0x0000000083100000, 0x0000000083200000|  0%| F|  |TAMS 0x0000000083100000, 0x0000000083100000| Untracked 
|  26|0x0000000083200000, 0x0000000083200000, 0x0000000083300000|  0%| F|  |TAMS 0x0000000083200000, 0x0000000083200000| Untracked 
|  27|0x0000000083300000, 0x0000000083300000, 0x0000000083400000|  0%| F|  |TAMS 0x0000000083300000, 0x0000000083300000| Untracked 
|  28|0x0000000083400000, 0x0000000083400000, 0x0000000083500000|  0%| F|  |TAMS 0x0000000083400000, 0x0000000083400000| Untracked 
|  29|0x0000000083500000, 0x0000000083500000, 0x0000000083600000|  0%| F|  |TAMS 0x0000000083500000, 0x0000000083500000| Untracked 
|  30|0x0000000083600000, 0x0000000083600000, 0x0000000083700000|  0%| F|  |TAMS 0x0000000083600000, 0x0000000083600000| Untracked 
|  31|0x0000000083700000, 0x0000000083700000, 0x0000000083800000|  0%| F|  |TAMS 0x0000000083700000, 0x0000000083700000| Untracked 
|  32|0x0000000083800000, 0x0000000083800000, 0x0000000083900000|  0%| F|  |TAMS 0x0000000083800000, 0x0000000083800000| Untracked 
|  33|0x0000000083900000, 0x0000000083900000, 0x0000000083a00000|  0%| F|  |TAMS 0x0000000083900000, 0x0000000083900000| Untracked 
|  34|0x0000000083a00000, 0x0000000083a00000, 0x0000000083b00000|  0%| F|  |TAMS 0x0000000083a00000, 0x0000000083a00000| Untracked 
|  35|0x0000000083b00000, 0x0000000083b00000, 0x0000000083c00000|  0%| F|  |TAMS 0x0000000083b00000, 0x0000000083b00000| Untracked 
|  36|0x0000000083c00000, 0x0000000083c00000, 0x0000000083d00000|  0%| F|  |TAMS 0x0000000083c00000, 0x0000000083c00000| Untracked 
|  37|0x0000000083d00000, 0x0000000083d00000, 0x0000000083e00000|  0%| F|  |TAMS 0x0000000083d00000, 0x0000000083d00000| Untracked 
|  38|0x0000000083e00000, 0x0000000083e00000, 0x0000000083f00000|  0%| F|  |TAMS 0x0000000083e00000, 0x0000000083e00000| Untracked 
|  39|0x0000000083f00000, 0x0000000083f00000, 0x0000000084000000|  0%| F|  |TAMS 0x0000000083f00000, 0x0000000083f00000| Untracked 
|  40|0x0000000084000000, 0x0000000084000000, 0x0000000084100000|  0%| F|  |TAMS 0x0000000084000000, 0x0000000084000000| Untracked 
|  41|0x0000000084100000, 0x0000000084100000, 0x0000000084200000|  0%| F|  |TAMS 0x0000000084100000, 0x0000000084100000| Untracked 
|  42|0x0000000084200000, 0x0000000084200000, 0x0000000084300000|  0%| F|  |TAMS 0x0000000084200000, 0x0000000084200000| Untracked 
|  43|0x0000000084300000, 0x0000000084300000, 0x0000000084400000|  0%| F|  |TAMS 0x0000000084300000, 0x0000000084300000| Untracked 
|  44|0x0000000084400000, 0x0000000084400000, 0x0000000084500000|  0%| F|  |TAMS 0x0000000084400000, 0x0000000084400000| Untracked 
|  45|0x0000000084500000, 0x0000000084500000, 0x0000000084600000|  0%| F|  |TAMS 0x0000000084500000, 0x0000000084500000| Untracked 
|  46|0x0000000084600000, 0x0000000084600000, 0x0000000084700000|  0%| F|  |TAMS 0x0000000084600000, 0x0000000084600000| Untracked 
|  47|0x0000000084700000, 0x0000000084700000, 0x0000000084800000|  0%| F|  |TAMS 0x0000000084700000, 0x0000000084700000| Untracked 
|  48|0x0000000084800000, 0x0000000084800000, 0x0000000084900000|  0%| F|  |TAMS 0x0000000084800000, 0x0000000084800000| Untracked 
|  49|0x0000000084900000, 0x0000000084900000, 0x0000000084a00000|  0%| F|  |TAMS 0x0000000084900000, 0x0000000084900000| Untracked 
|  50|0x0000000084a00000, 0x0000000084a00000, 0x0000000084b00000|  0%| F|  |TAMS 0x0000000084a00000, 0x0000000084a00000| Untracked 
|  51|0x0000000084b00000, 0x0000000084b00000, 0x0000000084c00000|  0%| F|  |TAMS 0x0000000084b00000, 0x0000000084b00000| Untracked 
|  52|0x0000000084c00000, 0x0000000084c00000, 0x0000000084d00000|  0%| F|  |TAMS 0x0000000084c00000, 0x0000000084c00000| Untracked 
|  53|0x0000000084d00000, 0x0000000084d00000, 0x0000000084e00000|  0%| F|  |TAMS 0x0000000084d00000, 0x0000000084d00000| Untracked 
|  54|0x0000000084e00000, 0x0000000084e00000, 0x0000000084f00000|  0%| F|  |TAMS 0x0000000084e00000, 0x0000000084e00000| Untracked 
|  55|0x0000000084f00000, 0x0000000084f00000, 0x0000000085000000|  0%| F|  |TAMS 0x0000000084f00000, 0x0000000084f00000| Untracked 
|  56|0x0000000085000000, 0x0000000085000000, 0x0000000085100000|  0%| F|  |TAMS 0x0000000085000000, 0x0000000085000000| Untracked 
|  57|0x0000000085100000, 0x0000000085100000, 0x0000000085200000|  0%| F|  |TAMS 0x0000000085100000, 0x0000000085100000| Untracked 
|  58|0x0000000085200000, 0x0000000085200000, 0x0000000085300000|  0%| F|  |TAMS 0x0000000085200000, 0x0000000085200000| Untracked 
|  59|0x0000000085300000, 0x0000000085300000, 0x0000000085400000|  0%| F|  |TAMS 0x0000000085300000, 0x0000000085300000| Untracked 
|  60|0x0000000085400000, 0x0000000085400000, 0x0000000085500000|  0%| F|  |TAMS 0x0000000085400000, 0x0000000085400000| Untracked 
|  61|0x0000000085500000, 0x0000000085500000, 0x0000000085600000|  0%| F|  |TAMS 0x0000000085500000, 0x0000000085500000| Untracked 
|  62|0x0000000085600000, 0x0000000085600000, 0x0000000085700000|  0%| F|  |TAMS 0x0000000085600000, 0x0000000085600000| Untracked 
|  63|0x0000000085700000, 0x0000000085700000, 0x0000000085800000|  0%| F|  |TAMS 0x0000000085700000, 0x0000000085700000| Untracked 
|  64|0x0000000085800000, 0x0000000085800000, 0x0000000085900000|  0%| F|  |TAMS 0x0000000085800000, 0x0000000085800000| Untracked 
|  65|0x0000000085900000, 0x0000000085900000, 0x0000000085a00000|  0%| F|  |TAMS 0x0000000085900000, 0x0000000085900000| Untracked 
|  66|0x0000000085a00000, 0x0000000085a00000, 0x0000000085b00000|  0%| F|  |TAMS 0x0000000085a00000, 0x0000000085a00000| Untracked 
|  67|0x0000000085b00000, 0x0000000085b00000, 0x0000000085c00000|  0%| F|  |TAMS 0x0000000085b00000, 0x0000000085b00000| Untracked 
|  68|0x0000000085c00000, 0x0000000085c00000, 0x0000000085d00000|  0%| F|  |TAMS 0x0000000085c00000, 0x0000000085c00000| Untracked 
|  69|0x0000000085d00000, 0x0000000085d00000, 0x0000000085e00000|  0%| F|  |TAMS 0x0000000085d00000, 0x0000000085d00000| Untracked 
|  70|0x0000000085e00000, 0x0000000085e00000, 0x0000000085f00000|  0%| F|  |TAMS 0x0000000085e00000, 0x0000000085e00000| Untracked 
|  71|0x0000000085f00000, 0x0000000085f00000, 0x0000000086000000|  0%| F|  |TAMS 0x0000000085f00000, 0x0000000085f00000| Untracked 
|  72|0x0000000086000000, 0x0000000086000000, 0x0000000086100000|  0%| F|  |TAMS 0x0000000086000000, 0x0000000086000000| Untracked 
|  73|0x0000000086100000, 0x0000000086100000, 0x0000000086200000|  0%| F|  |TAMS 0x0000000086100000, 0x0000000086100000| Untracked 
|  74|0x0000000086200000, 0x0000000086200000, 0x0000000086300000|  0%| F|  |TAMS 0x0000000086200000, 0x0000000086200000| Untracked 
|  75|0x0000000086300000, 0x0000000086300000, 0x0000000086400000|  0%| F|  |TAMS 0x0000000086300000, 0x0000000086300000| Untracked 
|  76|0x0000000086400000, 0x0000000086400000, 0x0000000086500000|  0%| F|  |TAMS 0x0000000086400000, 0x0000000086400000| Untracked 
|  77|0x0000000086500000, 0x0000000086500000, 0x0000000086600000|  0%| F|  |TAMS 0x0000000086500000, 0x0000000086500000| Untracked 
|  78|0x0000000086600000, 0x0000000086600000, 0x0000000086700000|  0%| F|  |TAMS 0x0000000086600000, 0x0000000086600000| Untracked 
|  79|0x0000000086700000, 0x0000000086700000, 0x0000000086800000|  0%| F|  |TAMS 0x0000000086700000, 0x0000000086700000| Untracked 
|  80|0x0000000086800000, 0x0000000086800000, 0x0000000086900000|  0%| F|  |TAMS 0x0000000086800000, 0x0000000086800000| Untracked 
|  81|0x0000000086900000, 0x0000000086900000, 0x0000000086a00000|  0%| F|  |TAMS 0x0000000086900000, 0x0000000086900000| Untracked 
|  82|0x0000000086a00000, 0x0000000086a00000, 0x0000000086b00000|  0%| F|  |TAMS 0x0000000086a00000, 0x0000000086a00000| Untracked 
|  83|0x0000000086b00000, 0x0000000086b00000, 0x0000000086c00000|  0%| F|  |TAMS 0x0000000086b00000, 0x0000000086b00000| Untracked 
|  84|0x0000000086c00000, 0x0000000086c00000, 0x0000000086d00000|  0%| F|  |TAMS 0x0000000086c00000, 0x0000000086c00000| Untracked 
|  85|0x0000000086d00000, 0x0000000086d00000, 0x0000000086e00000|  0%| F|  |TAMS 0x0000000086d00000, 0x0000000086d00000| Untracked 
|  86|0x0000000086e00000, 0x0000000086e00000, 0x0000000086f00000|  0%| F|  |TAMS 0x0000000086e00000, 0x0000000086e00000| Untracked 
|  87|0x0000000086f00000, 0x0000000086f00000, 0x0000000087000000|  0%| F|  |TAMS 0x0000000086f00000, 0x0000000086f00000| Untracked 
|  88|0x0000000087000000, 0x0000000087000000, 0x0000000087100000|  0%| F|  |TAMS 0x0000000087000000, 0x0000000087000000| Untracked 
|  89|0x0000000087100000, 0x0000000087100000, 0x0000000087200000|  0%| F|  |TAMS 0x0000000087100000, 0x0000000087100000| Untracked 
|  90|0x0000000087200000, 0x0000000087200000, 0x0000000087300000|  0%| F|  |TAMS 0x0000000087200000, 0x0000000087200000| Untracked 
|  91|0x0000000087300000, 0x0000000087300000, 0x0000000087400000|  0%| F|  |TAMS 0x0000000087300000, 0x0000000087300000| Untracked 
|  92|0x0000000087400000, 0x0000000087400000, 0x0000000087500000|  0%| F|  |TAMS 0x0000000087400000, 0x0000000087400000| Untracked 
|  93|0x0000000087500000, 0x0000000087500000, 0x0000000087600000|  0%| F|  |TAMS 0x0000000087500000, 0x0000000087500000| Untracked 
|  94|0x0000000087600000, 0x0000000087600000, 0x0000000087700000|  0%| F|  |TAMS 0x0000000087600000, 0x0000000087600000| Untracked 
|  95|0x0000000087700000, 0x0000000087700000, 0x0000000087800000|  0%| F|  |TAMS 0x0000000087700000, 0x0000000087700000| Untracked 
|  96|0x0000000087800000, 0x0000000087800000, 0x0000000087900000|  0%| F|  |TAMS 0x0000000087800000, 0x0000000087800000| Untracked 
|  97|0x0000000087900000, 0x0000000087900000, 0x0000000087a00000|  0%| F|  |TAMS 0x0000000087900000, 0x0000000087900000| Untracked 
|  98|0x0000000087a00000, 0x0000000087a00000, 0x0000000087b00000|  0%| F|  |TAMS 0x0000000087a00000, 0x0000000087a00000| Untracked 
|  99|0x0000000087b00000, 0x0000000087b00000, 0x0000000087c00000|  0%| F|  |TAMS 0x0000000087b00000, 0x0000000087b00000| Untracked 
| 100|0x0000000087c00000, 0x0000000087c00000, 0x0000000087d00000|  0%| F|  |TAMS 0x0000000087c00000, 0x0000000087c00000| Untracked 
| 101|0x0000000087d00000, 0x0000000087d00000, 0x0000000087e00000|  0%| F|  |TAMS 0x0000000087d00000, 0x0000000087d00000| Untracked 
| 102|0x0000000087e00000, 0x0000000087e00000, 0x0000000087f00000|  0%| F|  |TAMS 0x0000000087e00000, 0x0000000087e00000| Untracked 
| 103|0x0000000087f00000, 0x0000000087f00000, 0x0000000088000000|  0%| F|  |TAMS 0x0000000087f00000, 0x0000000087f00000| Untracked 
| 104|0x0000000088000000, 0x0000000088000000, 0x0000000088100000|  0%| F|  |TAMS 0x0000000088000000, 0x0000000088000000| Untracked 
| 105|0x0000000088100000, 0x0000000088100000, 0x0000000088200000|  0%| F|  |TAMS 0x0000000088100000, 0x0000000088100000| Untracked 
| 106|0x0000000088200000, 0x0000000088200000, 0x0000000088300000|  0%| F|  |TAMS 0x0000000088200000, 0x0000000088200000| Untracked 
| 107|0x0000000088300000, 0x0000000088300000, 0x0000000088400000|  0%| F|  |TAMS 0x0000000088300000, 0x0000000088300000| Untracked 
| 108|0x0000000088400000, 0x0000000088400000, 0x0000000088500000|  0%| F|  |TAMS 0x0000000088400000, 0x0000000088400000| Untracked 
| 109|0x0000000088500000, 0x0000000088500000, 0x0000000088600000|  0%| F|  |TAMS 0x0000000088500000, 0x0000000088500000| Untracked 
| 110|0x0000000088600000, 0x0000000088600000, 0x0000000088700000|  0%| F|  |TAMS 0x0000000088600000, 0x0000000088600000| Untracked 
| 111|0x0000000088700000, 0x0000000088700000, 0x0000000088800000|  0%| F|  |TAMS 0x0000000088700000, 0x0000000088700000| Untracked 
| 112|0x0000000088800000, 0x0000000088800000, 0x0000000088900000|  0%| F|  |TAMS 0x0000000088800000, 0x0000000088800000| Untracked 
| 113|0x0000000088900000, 0x0000000088a00000, 0x0000000088a00000|100%| S|CS|TAMS 0x0000000088900000, 0x0000000088900000| Complete 
| 114|0x0000000088a00000, 0x0000000088b00000, 0x0000000088b00000|100%| S|CS|TAMS 0x0000000088a00000, 0x0000000088a00000| Complete 
| 115|0x0000000088b00000, 0x0000000088b00000, 0x0000000088c00000|  0%| F|  |TAMS 0x0000000088b00000, 0x0000000088b00000| Untracked 
| 116|0x0000000088c00000, 0x0000000088c00000, 0x0000000088d00000|  0%| F|  |TAMS 0x0000000088c00000, 0x0000000088c00000| Untracked 
| 117|0x0000000088d00000, 0x0000000088d00000, 0x0000000088e00000|  0%| F|  |TAMS 0x0000000088d00000, 0x0000000088d00000| Untracked 
| 118|0x0000000088e00000, 0x0000000088e00000, 0x0000000088f00000|  0%| F|  |TAMS 0x0000000088e00000, 0x0000000088e00000| Untracked 
| 119|0x0000000088f00000, 0x0000000088f00000, 0x0000000089000000|  0%| F|  |TAMS 0x0000000088f00000, 0x0000000088f00000| Untracked 
| 120|0x0000000089000000, 0x0000000089000000, 0x0000000089100000|  0%| F|  |TAMS 0x0000000089000000, 0x0000000089000000| Untracked 
| 121|0x0000000089100000, 0x0000000089100000, 0x0000000089200000|  0%| F|  |TAMS 0x0000000089100000, 0x0000000089100000| Untracked 
| 122|0x0000000089200000, 0x0000000089200000, 0x0000000089300000|  0%| F|  |TAMS 0x0000000089200000, 0x0000000089200000| Untracked 
| 123|0x0000000089300000, 0x0000000089300000, 0x0000000089400000|  0%| F|  |TAMS 0x0000000089300000, 0x0000000089300000| Untracked 
| 124|0x0000000089400000, 0x0000000089400000, 0x0000000089500000|  0%| F|  |TAMS 0x0000000089400000, 0x0000000089400000| Untracked 
| 125|0x0000000089500000, 0x0000000089500000, 0x0000000089600000|  0%| F|  |TAMS 0x0000000089500000, 0x0000000089500000| Untracked 
| 126|0x0000000089600000, 0x0000000089600000, 0x0000000089700000|  0%| F|  |TAMS 0x0000000089600000, 0x0000000089600000| Untracked 
| 127|0x0000000089700000, 0x00000000897dda98, 0x0000000089800000| 86%| E|  |TAMS 0x0000000089700000, 0x0000000089700000| Complete 

Card table byte_map: [0x00000189e2320000,0x00000189e2720000] _byte_map_base: 0x00000189e1f14000

Marking Bits (Prev, Next): (CMBitMap*) 0x00000189cb435d60, (CMBitMap*) 0x00000189cb435da0
 Prev Bits: [0x00000189e2b20000, 0x00000189e4ac0000)
 Next Bits: [0x00000189e4ac0000, 0x00000189e6a60000)

Polling page: 0x00000189c92e0000

Metaspace:

Usage:
  Non-class:      7.74 MB used.
      Class:      1.02 MB used.
       Both:      8.75 MB used.

Virtual space:
  Non-class space:       64.00 MB reserved,       7.81 MB ( 12%) committed,  1 nodes.
      Class space:        1.00 GB reserved,       1.12 MB ( <1%) committed,  1 nodes.
             Both:        1.06 GB reserved,       8.94 MB ( <1%) committed. 

Chunk freelists:
   Non-Class:  1.82 MB
       Class:  2.84 MB
        Both:  4.65 MB

MaxMetaspaceSize: unlimited
CompressedClassSpaceSize: 1.00 GB
Initial GC threshold: 21.00 MB
Current GC threshold: 21.00 MB
CDS: on
MetaspaceReclaimPolicy: balanced
 - commit_granule_bytes: 65536.
 - commit_granule_words: 8192.
 - virtual_space_node_default_size: 8388608.
 - enlarge_chunks_in_place: 1.
 - new_chunks_are_fully_committed: 0.
 - uncommit_free_chunks: 1.
 - use_allocation_guard: 0.


Internal statistics:

num_allocs_failed_limit: 0.
num_arena_births: 82.
num_arena_deaths: 0.
num_vsnodes_births: 2.
num_vsnodes_deaths: 0.
num_space_committed: 143.
num_space_uncommitted: 0.
num_chunks_returned_to_freelist: 0.
num_chunks_taken_from_freelist: 383.
num_chunk_merges: 0.
num_chunk_splits: 271.
num_chunks_enlarged: 217.
num_inconsistent_stats: 0.

CodeHeap 'non-profiled nmethods': size=120000Kb used=348Kb max_used=348Kb free=119651Kb
 bounds [0x00000189da9f0000, 0x00000189dac60000, 0x00000189e1f20000]
CodeHeap 'profiled nmethods': size=120000Kb used=1962Kb max_used=1962Kb free=118038Kb
 bounds [0x00000189d34c0000, 0x00000189d3730000, 0x00000189da9f0000]
CodeHeap 'non-nmethods': size=5760Kb used=1149Kb max_used=1179Kb free=4610Kb
 bounds [0x00000189d2f20000, 0x00000189d3190000, 0x00000189d34c0000]
 total_blobs=1569 nmethods=1145 adapters=336
 compilation: enabled
              stopped_count=0, restarted_count=0
 full_count=0

Compilation events (20 events):
Event: 1.015 Thread 0x00000189ed118da0 1135       1       java.lang.Integer::intValue (5 bytes)
Event: 1.015 Thread 0x00000189ed118da0 nmethod 1135 0x00000189daa44f10 code [0x00000189daa450a0, 0x00000189daa45178]
Event: 1.017 Thread 0x00000189ed1183c0 1136       4       java.util.HashMap::put (13 bytes)
Event: 1.017 Thread 0x00000189ed118da0 1137       3       java.lang.Integer::valueOf (32 bytes)
Event: 1.018 Thread 0x00000189ed118da0 nmethod 1137 0x00000189d36a6e10 code [0x00000189d36a6fc0, 0x00000189d36a72d8]
Event: 1.019 Thread 0x00000189ed118da0 1138       3       java.util.HashMap::putVal (300 bytes)
Event: 1.021 Thread 0x00000189ed118da0 nmethod 1138 0x00000189d36a7410 code [0x00000189d36a76c0, 0x00000189d36a8918]
Event: 1.022 Thread 0x00000189ed118da0 1139       1       com.sun.tools.javac.code.Type$MethodType::getReturnType (5 bytes)
Event: 1.022 Thread 0x00000189ed118da0 nmethod 1139 0x00000189daa45210 code [0x00000189daa453a0, 0x00000189daa45478]
Event: 1.024 Thread 0x00000189ed118da0 1140       3       java.net.URI::match (56 bytes)
Event: 1.024 Thread 0x00000189ed118da0 nmethod 1140 0x00000189d36a8e10 code [0x00000189d36a8fc0, 0x00000189d36a92d8]
Event: 1.025 Thread 0x00000189ed118da0 1142       3       java.lang.invoke.LambdaForm::internArgument (85 bytes)
Event: 1.026 Thread 0x00000189ed118da0 nmethod 1142 0x00000189d36a9390 code [0x00000189d36a9560, 0x00000189d36a98c8]
Event: 1.026 Thread 0x00000189ed118da0 1143       3       jdk.internal.org.objectweb.asm.SymbolTable::addType (81 bytes)
Event: 1.026 Thread 0x00000189ed8060d0 1144       4       java.lang.Math::max (11 bytes)
Event: 1.026 Thread 0x00000189ed118da0 nmethod 1143 0x00000189d36a9a90 code [0x00000189d36a9ca0, 0x00000189d36aa1f8]
Event: 1.027 Thread 0x00000189ed118da0 1145       3       java.lang.invoke.LambdaForm::parameter (38 bytes)
Event: 1.027 Thread 0x00000189ed8060d0 nmethod 1144 0x00000189daa45810 code [0x00000189daa45980, 0x00000189daa459f8]
Event: 1.027 Thread 0x00000189ed118da0 nmethod 1145 0x00000189d36aa490 code [0x00000189d36aa620, 0x00000189d36aa758]
Event: 1.043 Thread 0x00000189ed1183c0 nmethod 1136 0x00000189daa45b10 code [0x00000189daa45d00, 0x00000189daa46b30]

GC Heap History (2 events):
Event: 0.948 GC heap before
{Heap before GC invocations=0 (full 0):
 garbage-first heap   total 131072K, used 13312K [0x0000000081800000, 0x0000000100000000)
  region size 1024K, 13 young (13312K), 0 survivors (0K)
 Metaspace       used 8401K, committed 8576K, reserved 1114112K
  class space    used 964K, committed 1088K, reserved 1048576K
}
Event: 0.962 GC heap after
{Heap after GC invocations=1 (full 0):
 garbage-first heap   total 131072K, used 3752K [0x0000000081800000, 0x0000000100000000)
  region size 1024K, 2 young (2048K), 2 survivors (2048K)
 Metaspace       used 8401K, committed 8576K, reserved 1114112K
  class space    used 964K, committed 1088K, reserved 1048576K
}

Deoptimization events (20 events):
Event: 1.010 Thread 0x00000189cb3d5e50 Uncommon trap: trap_request=0xffffffc6 fr.pc=0x00000189daa2fcdc relative=0x000000000000131c
Event: 1.010 Thread 0x00000189cb3d5e50 Uncommon trap: reason=bimorphic_or_optimized_type_check action=maybe_recompile pc=0x00000189daa2fcdc method=java.util.HashMap.putVal(ILjava/lang/Object;Ljava/lang/Object;ZZ)Ljava/lang/Object; @ 253 c2
Event: 1.010 Thread 0x00000189cb3d5e50 DEOPT PACKING pc=0x00000189daa2fcdc sp=0x00000070a6aff060
Event: 1.010 Thread 0x00000189cb3d5e50 DEOPT UNPACKING pc=0x00000189d2f723a3 sp=0x00000070a6aff040 mode 2
Event: 1.019 Thread 0x00000189cb3d5e50 Uncommon trap: trap_request=0xffffffc6 fr.pc=0x00000189daa2e1f0 relative=0x0000000000000390
Event: 1.019 Thread 0x00000189cb3d5e50 Uncommon trap: reason=bimorphic_or_optimized_type_check action=maybe_recompile pc=0x00000189daa2e1f0 method=java.util.HashMap.getNode(Ljava/lang/Object;)Ljava/util/HashMap$Node; @ 63 c2
Event: 1.019 Thread 0x00000189cb3d5e50 DEOPT PACKING pc=0x00000189daa2e1f0 sp=0x00000070a6afe4d0
Event: 1.019 Thread 0x00000189cb3d5e50 DEOPT UNPACKING pc=0x00000189d2f723a3 sp=0x00000070a6afe3d8 mode 2
Event: 1.019 Thread 0x00000189cb3d5e50 Uncommon trap: trap_request=0xffffffc6 fr.pc=0x00000189daa2e1f0 relative=0x0000000000000390
Event: 1.019 Thread 0x00000189cb3d5e50 Uncommon trap: reason=bimorphic_or_optimized_type_check action=maybe_recompile pc=0x00000189daa2e1f0 method=java.util.HashMap.getNode(Ljava/lang/Object;)Ljava/util/HashMap$Node; @ 63 c2
Event: 1.019 Thread 0x00000189cb3d5e50 DEOPT PACKING pc=0x00000189daa2e1f0 sp=0x00000070a6afe540
Event: 1.019 Thread 0x00000189cb3d5e50 DEOPT UNPACKING pc=0x00000189d2f723a3 sp=0x00000070a6afe448 mode 2
Event: 1.020 Thread 0x00000189cb3d5e50 Uncommon trap: trap_request=0xffffffc6 fr.pc=0x00000189daa2e1f0 relative=0x0000000000000390
Event: 1.020 Thread 0x00000189cb3d5e50 Uncommon trap: reason=bimorphic_or_optimized_type_check action=maybe_recompile pc=0x00000189daa2e1f0 method=java.util.HashMap.getNode(Ljava/lang/Object;)Ljava/util/HashMap$Node; @ 63 c2
Event: 1.020 Thread 0x00000189cb3d5e50 DEOPT PACKING pc=0x00000189daa2e1f0 sp=0x00000070a6afee60
Event: 1.021 Thread 0x00000189cb3d5e50 DEOPT UNPACKING pc=0x00000189d2f723a3 sp=0x00000070a6afed68 mode 2
Event: 1.027 Thread 0x00000189cb3d5e50 Uncommon trap: trap_request=0xffffff45 fr.pc=0x00000189daa32164 relative=0x0000000000000344
Event: 1.027 Thread 0x00000189cb3d5e50 Uncommon trap: reason=unstable_if action=reinterpret pc=0x00000189daa32164 method=java.lang.StringLatin1.indexOf([BI[BII)I @ 27 c2
Event: 1.027 Thread 0x00000189cb3d5e50 DEOPT PACKING pc=0x00000189daa32164 sp=0x00000070a6afe270
Event: 1.027 Thread 0x00000189cb3d5e50 DEOPT UNPACKING pc=0x00000189d2f723a3 sp=0x00000070a6afe1d0 mode 2

Classes loaded (20 events):
Event: 0.858 Loading class java/lang/invoke/MethodHandle$1
Event: 0.858 Loading class java/lang/invoke/MethodHandle$1 done
Event: 0.991 Loading class java/util/stream/Nodes$FixedNodeBuilder
Event: 0.991 Loading class java/util/stream/Nodes$ArrayNode
Event: 0.991 Loading class java/util/stream/Nodes$ArrayNode done
Event: 0.991 Loading class java/util/stream/Nodes$FixedNodeBuilder done
Event: 1.016 Loading class java/util/function/ToIntBiFunction
Event: 1.016 Loading class java/util/function/ToIntBiFunction done
Event: 1.022 Loading class java/util/EnumMap$Values
Event: 1.022 Loading class java/util/EnumMap$Values done
Event: 1.023 Loading class java/util/EnumMap$ValueIterator
Event: 1.023 Loading class java/util/EnumMap$EnumMapIterator
Event: 1.023 Loading class java/util/EnumMap$EnumMapIterator done
Event: 1.023 Loading class java/util/EnumMap$ValueIterator done
Event: 1.023 Loading class java/util/WeakHashMap$KeyIterator
Event: 1.023 Loading class java/util/WeakHashMap$HashIterator
Event: 1.023 Loading class java/util/WeakHashMap$HashIterator done
Event: 1.023 Loading class java/util/WeakHashMap$KeyIterator done
Event: 1.028 Loading class jdk/internal/loader/URLClassPath$FileLoader$1
Event: 1.028 Loading class jdk/internal/loader/URLClassPath$FileLoader$1 done

Classes unloaded (0 events):
No events

Classes redefined (0 events):
No events

Internal exceptions (19 events):
Event: 0.241 Thread 0x00000189cb3d5e50 Exception <a 'java/lang/NoSuchMethodError'{0x0000000089561778}: 'void java.lang.invoke.DirectMethodHandle$Holder.invokeSpecial(java.lang.Object, java.lang.Object, java.lang.Object)'> (0x0000000089561778) 
thrown [s\src\hotspot\share\interpreter\linkResolver.cpp, line 766]
Event: 0.270 Thread 0x00000189cb3d5e50 Exception <a 'java/lang/NoSuchMethodError'{0x00000000895a71c8}: 'void java.lang.invoke.DirectMethodHandle$Holder.invokeStatic(java.lang.Object, java.lang.Object)'> (0x00000000895a71c8) 
thrown [s\src\hotspot\share\interpreter\linkResolver.cpp, line 766]
Event: 0.275 Thread 0x00000189cb3d5e50 Exception <a 'java/lang/NoSuchMethodError'{0x00000000895b9ec0}: 'int java.lang.invoke.DirectMethodHandle$Holder.invokeVirtual(java.lang.Object, java.lang.Object, java.lang.Object)'> (0x00000000895b9ec0) 
thrown [s\src\hotspot\share\interpreter\linkResolver.cpp, line 766]
Event: 0.276 Thread 0x00000189cb3d5e50 Exception <a 'java/lang/NoSuchMethodError'{0x00000000895c03e8}: 'void java.lang.invoke.DirectMethodHandle$Holder.invokeInterface(java.lang.Object, java.lang.Object, java.lang.Object)'> (0x00000000895c03e8) 
thrown [s\src\hotspot\share\interpreter\linkResolver.cpp, line 766]
Event: 0.291 Thread 0x00000189cb3d5e50 Exception <a 'java/lang/NoSuchMethodError'{0x00000000895ee2c8}: 'java.lang.Object java.lang.invoke.DirectMethodHandle$Holder.invokeStaticInit(java.lang.Object)'> (0x00000000895ee2c8) 
thrown [s\src\hotspot\share\interpreter\linkResolver.cpp, line 766]
Event: 0.397 Thread 0x00000189cb3d5e50 Exception <a 'java/lang/NoSuchMethodError'{0x00000000894d2930}: 'int java.lang.invoke.DirectMethodHandle$Holder.invokeStaticInit(java.lang.Object, java.lang.Object)'> (0x00000000894d2930) 
thrown [s\src\hotspot\share\interpreter\linkResolver.cpp, line 766]
Event: 0.487 Thread 0x00000189cb3d5e50 Exception <a 'java/lang/NoSuchMethodError'{0x000000008936c460}: 'int java.lang.invoke.DirectMethodHandle$Holder.invokeVirtual(java.lang.Object, java.lang.Object)'> (0x000000008936c460) 
thrown [s\src\hotspot\share\interpreter\linkResolver.cpp, line 766]
Event: 0.495 Thread 0x00000189cb3d5e50 Exception <a 'java/lang/NoSuchMethodError'{0x0000000089393c30}: 'java.lang.Object java.lang.invoke.DirectMethodHandle$Holder.newInvokeSpecial(java.lang.Object, java.lang.Object, java.lang.Object, java.lang.Object, java.lang.Object)'> (0x0000000089393c30) 
thrown [s\src\hotspot\share\interpreter\linkResolver.cpp, line 766]
Event: 0.499 Thread 0x00000189cb3d5e50 Exception <a 'java/lang/NoSuchMethodError'{0x00000000893a20a0}: 'java.lang.Object java.lang.invoke.DirectMethodHandle$Holder.newInvokeSpecial(java.lang.Object, java.lang.Object, java.lang.Object, java.lang.Object, java.lang.Object, java.lang.Object)'> (0x00000000893a20a0) 
thrown [s\src\hotspot\share\interpreter\linkResolver.cpp, line 766]
Event: 0.551 Thread 0x00000189cb3d5e50 Exception <a 'java/lang/NoSuchMethodError'{0x0000000089219d20}: 'java.lang.Object java.lang.invoke.DirectMethodHandle$Holder.invokeVirtual(java.lang.Object, java.lang.Object, java.lang.Object)'> (0x0000000089219d20) 
thrown [s\src\hotspot\share\interpreter\linkResolver.cpp, line 766]
Event: 0.556 Thread 0x00000189cb3d5e50 Exception <a 'java/lang/NoSuchMethodError'{0x00000000892256d8}: 'int java.lang.invoke.DirectMethodHandle$Holder.invokeInterface(java.lang.Object, java.lang.Object)'> (0x00000000892256d8) 
thrown [s\src\hotspot\share\interpreter\linkResolver.cpp, line 766]
Event: 0.657 Thread 0x00000189cb3d5e50 Exception <a 'java/lang/NoSuchMethodError'{0x0000000089122f98}: 'java.lang.Object java.lang.invoke.DirectMethodHandle$Holder.invokeVirtual(java.lang.Object, java.lang.Object, java.lang.Object, int, int)'> (0x0000000089122f98) 
thrown [s\src\hotspot\share\interpreter\linkResolver.cpp, line 766]
Event: 0.658 Thread 0x00000189cb3d5e50 Exception <a 'java/lang/NoSuchMethodError'{0x0000000089129b28}: 'java.lang.Object java.lang.invoke.DirectMethodHandle$Holder.invokeVirtual(java.lang.Object, java.lang.Object, int)'> (0x0000000089129b28) 
thrown [s\src\hotspot\share\interpreter\linkResolver.cpp, line 766]
Event: 0.660 Thread 0x00000189cb3d5e50 Exception <a 'java/lang/NoSuchMethodError'{0x0000000089132048}: 'java.lang.Object java.lang.invoke.DirectMethodHandle$Holder.invokeSpecial(java.lang.Object, java.lang.Object, java.lang.Object, int, int)'> (0x0000000089132048) 
thrown [s\src\hotspot\share\interpreter\linkResolver.cpp, line 766]
Event: 0.736 Thread 0x00000189cb3d5e50 Exception <a 'sun/nio/fs/WindowsException'{0x0000000089075ed8}> (0x0000000089075ed8) 
thrown [s\src\hotspot\share\prims\jni.cpp, line 516]
Event: 0.835 Thread 0x00000189cb3d5e50 Exception <a 'java/lang/NoSuchMethodError'{0x0000000088d033c0}: 'int java.lang.invoke.DirectMethodHandle$Holder.invokeSpecial(java.lang.Object, java.lang.Object, java.lang.Object)'> (0x0000000088d033c0) 
thrown [s\src\hotspot\share\interpreter\linkResolver.cpp, line 766]
Event: 0.838 Thread 0x00000189cb3d5e50 Exception <a 'sun/nio/fs/WindowsException'{0x0000000088d0d958}> (0x0000000088d0d958) 
thrown [s\src\hotspot\share\prims\jni.cpp, line 516]
Event: 0.844 Thread 0x00000189cb3d5e50 Exception <a 'java/lang/NoSuchMethodError'{0x0000000088d22948}: 'java.lang.Object java.lang.invoke.DirectMethodHandle$Holder.invokeStatic(java.lang.Object, java.lang.Object, int, int)'> (0x0000000088d22948) 
thrown [s\src\hotspot\share\interpreter\linkResolver.cpp, line 766]
Event: 0.862 Thread 0x00000189cb3d5e50 Exception <a 'java/lang/NoSuchMethodError'{0x0000000088d5dfc0}: 'java.lang.Object java.lang.invoke.DirectMethodHandle$Holder.invokeInterface(java.lang.Object, java.lang.Object)'> (0x0000000088d5dfc0) 
thrown [s\src\hotspot\share\interpreter\linkResolver.cpp, line 766]

VM Operations (16 events):
Event: 0.088 Executing VM operation: HandshakeAllThreads
Event: 0.088 Executing VM operation: HandshakeAllThreads done
Event: 0.259 Executing VM operation: HandshakeAllThreads
Event: 0.259 Executing VM operation: HandshakeAllThreads done
Event: 0.594 Executing VM operation: HandshakeAllThreads
Event: 0.594 Executing VM operation: HandshakeAllThreads done
Event: 0.606 Executing VM operation: HandshakeAllThreads
Event: 0.606 Executing VM operation: HandshakeAllThreads done
Event: 0.744 Executing VM operation: HandshakeAllThreads
Event: 0.744 Executing VM operation: HandshakeAllThreads done
Event: 0.880 Executing VM operation: ICBufferFull
Event: 0.883 Executing VM operation: ICBufferFull done
Event: 0.948 Executing VM operation: G1CollectForAllocation
Event: 0.962 Executing VM operation: G1CollectForAllocation done
Event: 1.028 Executing VM operation: HandshakeAllThreads
Event: 1.028 Executing VM operation: HandshakeAllThreads done

Events (20 events):
Event: 0.010 Loaded shared library C:\Program Files\Eclipse Adoptium\jdk-18.0.1.10-hotspot\bin\java.dll
Event: 0.022 Loaded shared library C:\Program Files\Eclipse Adoptium\jdk-18.0.1.10-hotspot\bin\jsvml.dll
Event: 0.022 Thread 0x00000189cb3d5e50 Thread added: 0x00000189cb3d5e50
Event: 0.026 Thread 0x00000189e6c38a80 Thread added: 0x00000189e6c38a80
Event: 0.026 Thread 0x00000189e6c3b830 Thread added: 0x00000189e6c3b830
Event: 0.038 Thread 0x00000189e6c47bf0 Thread added: 0x00000189e6c47bf0
Event: 0.039 Thread 0x00000189e6c48590 Thread added: 0x00000189e6c48590
Event: 0.039 Thread 0x00000189e6c4af40 Thread added: 0x00000189e6c4af40
Event: 0.039 Thread 0x00000189e6c538f0 Thread added: 0x00000189e6c538f0
Event: 0.039 Thread 0x00000189ed1183c0 Thread added: 0x00000189ed1183c0
Event: 0.039 Thread 0x00000189ed118da0 Thread added: 0x00000189ed118da0
Event: 0.039 Thread 0x00000189e6c5e7f0 Thread added: 0x00000189e6c5e7f0
Event: 0.075 Thread 0x00000189e6c25250 Thread added: 0x00000189e6c25250
Event: 0.112 Thread 0x00000189ed299fe0 Thread added: 0x00000189ed299fe0
Event: 0.119 Loaded shared library C:\Program Files\Eclipse Adoptium\jdk-18.0.1.10-hotspot\bin\jimage.dll
Event: 0.133 Loaded shared library C:\Program Files\Eclipse Adoptium\jdk-18.0.1.10-hotspot\bin\net.dll
Event: 0.135 Loaded shared library C:\Program Files\Eclipse Adoptium\jdk-18.0.1.10-hotspot\bin\nio.dll
Event: 0.685 Thread 0x00000189ed8060d0 Thread added: 0x00000189ed8060d0
Event: 1.031 Loaded shared library C:\Users\Abobus\IdeaProjects\Editor\Editor\src\BitMaPNativeLib\BitMaPNativeLib.dll
Event: 1.034 Loaded shared library C:\Users\Abobus\IdeaProjects\Editor\Editor\src\BitMaPNativeLib\BitMaPFileHeaderNativeLib.dll


Dynamic libraries:
0x00007ff6f2300000 - 0x00007ff6f230e000 	C:\Program Files\Eclipse Adoptium\jdk-18.0.1.10-hotspot\bin\java.exe
0x00007ffc539c0000 - 0x00007ffc53bc9000 	C:\WINDOWS\SYSTEM32\ntdll.dll
0x00007ffc52240000 - 0x00007ffc522fd000 	C:\WINDOWS\System32\KERNEL32.DLL
0x00007ffc51080000 - 0x00007ffc513f9000 	C:\WINDOWS\System32\KERNELBASE.dll
0x00007ffc51400000 - 0x00007ffc51511000 	C:\WINDOWS\System32\ucrtbase.dll
0x00007ffc325b0000 - 0x00007ffc325c9000 	C:\Program Files\Eclipse Adoptium\jdk-18.0.1.10-hotspot\bin\VCRUNTIME140.dll
0x00007ffc37e80000 - 0x00007ffc37e97000 	C:\Program Files\Eclipse Adoptium\jdk-18.0.1.10-hotspot\bin\jli.dll
0x00007ffc52ae0000 - 0x00007ffc52c8c000 	C:\WINDOWS\System32\USER32.dll
0x00007ffc50f30000 - 0x00007ffc50f56000 	C:\WINDOWS\System32\win32u.dll
0x00007ffc3e4d0000 - 0x00007ffc3e775000 	C:\WINDOWS\WinSxS\amd64_microsoft.windows.common-controls_6595b64144ccf1df_6.0.22000.120_none_9d947278b86cc467\COMCTL32.dll
0x00007ffc529c0000 - 0x00007ffc529e9000 	C:\WINDOWS\System32\GDI32.dll
0x00007ffc538d0000 - 0x00007ffc53973000 	C:\WINDOWS\System32\msvcrt.dll
0x00007ffc50f60000 - 0x00007ffc51072000 	C:\WINDOWS\System32\gdi32full.dll
0x00007ffc515e0000 - 0x00007ffc5167d000 	C:\WINDOWS\System32\msvcp_win.dll
0x00007ffc529f0000 - 0x00007ffc52a21000 	C:\WINDOWS\System32\IMM32.DLL
0x00007ffc50370000 - 0x00007ffc503a6000 	C:\WINDOWS\system32\DriverStore\FileRepository\nvlti.inf_amd64_83a389b28f4c421e\nvinitx.dll
0x00007ffc51c50000 - 0x00007ffc51cfe000 	C:\WINDOWS\System32\ADVAPI32.dll
0x00007ffc521a0000 - 0x00007ffc5223e000 	C:\WINDOWS\System32\sechost.dll
0x00007ffc50360000 - 0x00007ffc5036a000 	C:\WINDOWS\SYSTEM32\VERSION.dll
0x00007ffc52380000 - 0x00007ffc524a0000 	C:\WINDOWS\System32\RPCRT4.dll
0x00007ffc52ec0000 - 0x00007ffc5366f000 	C:\WINDOWS\System32\Shell32.dll
0x00007ffc4efd0000 - 0x00007ffc4f838000 	C:\WINDOWS\SYSTEM32\windows.storage.dll
0x00007ffc524a0000 - 0x00007ffc52818000 	C:\WINDOWS\System32\combase.dll
0x00007ffc4ee60000 - 0x00007ffc4efc6000 	C:\WINDOWS\SYSTEM32\wintypes.dll
0x00007ffc51860000 - 0x00007ffc5194a000 	C:\WINDOWS\System32\SHCORE.dll
0x00007ffc53870000 - 0x00007ffc538cd000 	C:\WINDOWS\System32\shlwapi.dll
0x000000005cbc0000 - 0x000000005cbc6000 	C:\Program Files\NVIDIA Corporation\CoProcManager\_etoured.dll
0x00007ffc40e60000 - 0x00007ffc40ea3000 	C:\Program Files\NVIDIA Corporation\CoProcManager\nvd3d9wrapx.dll
0x00007ffc51d10000 - 0x00007ffc5217c000 	C:\WINDOWS\System32\SETUPAPI.dll
0x00007ffc4e7f0000 - 0x00007ffc4e828000 	C:\WINDOWS\SYSTEM32\dxcore.dll
0x00007ffc40bf0000 - 0x00007ffc40c1d000 	C:\Program Files\NVIDIA Corporation\CoProcManager\nvdxgiwrapx.dll
0x00007ffc3ee60000 - 0x00007ffc3ee6c000 	C:\Program Files\Eclipse Adoptium\jdk-18.0.1.10-hotspot\bin\vcruntime140_1.dll
0x00007ffc1acc0000 - 0x00007ffc1ad51000 	C:\Program Files\Eclipse Adoptium\jdk-18.0.1.10-hotspot\bin\msvcp140.dll
0x00007ffbe2a40000 - 0x00007ffbe36c9000 	C:\Program Files\Eclipse Adoptium\jdk-18.0.1.10-hotspot\bin\server\jvm.dll
0x00007ffc536d0000 - 0x00007ffc536d8000 	C:\WINDOWS\System32\PSAPI.DLL
0x00007ffc460b0000 - 0x00007ffc460b9000 	C:\WINDOWS\SYSTEM32\WSOCK32.dll
0x00007ffc4b790000 - 0x00007ffc4b7c3000 	C:\WINDOWS\SYSTEM32\WINMM.dll
0x00007ffc52e50000 - 0x00007ffc52ebf000 	C:\WINDOWS\System32\WS2_32.dll
0x00007ffc4ff60000 - 0x00007ffc4ff78000 	C:\WINDOWS\SYSTEM32\kernel.appcore.dll
0x00007ffc3beb0000 - 0x00007ffc3beba000 	C:\Program Files\Eclipse Adoptium\jdk-18.0.1.10-hotspot\bin\jimage.dll
0x00007ffc3c7d0000 - 0x00007ffc3c9f1000 	C:\WINDOWS\SYSTEM32\DBGHELP.DLL
0x00007ffc3c790000 - 0x00007ffc3c7c1000 	C:\WINDOWS\SYSTEM32\dbgcore.DLL
0x00000189c9260000 - 0x00000189c92df000 	C:\WINDOWS\System32\bcryptPrimitives.dll
0x00007ffc30500000 - 0x00007ffc30525000 	C:\Program Files\Eclipse Adoptium\jdk-18.0.1.10-hotspot\bin\java.dll
0x00007ffc1a640000 - 0x00007ffc1a716000 	C:\Program Files\Eclipse Adoptium\jdk-18.0.1.10-hotspot\bin\jsvml.dll
0x00007ffc50de0000 - 0x00007ffc50e01000 	C:\WINDOWS\SYSTEM32\profapi.dll
0x00007ffc2ed50000 - 0x00007ffc2ed63000 	C:\Program Files\Eclipse Adoptium\jdk-18.0.1.10-hotspot\bin\net.dll
0x00007ffc4ab10000 - 0x00007ffc4ac1c000 	C:\WINDOWS\SYSTEM32\WINHTTP.dll
0x00007ffc50480000 - 0x00007ffc504e7000 	C:\WINDOWS\system32\mswsock.dll
0x00007ffc2e970000 - 0x00007ffc2e986000 	C:\Program Files\Eclipse Adoptium\jdk-18.0.1.10-hotspot\bin\nio.dll
0x000000006a600000 - 0x000000006a614000 	C:\Users\Abobus\IdeaProjects\Editor\Editor\src\BitMaPNativeLib\BitMaPNativeLib.dll
0x0000000070ac0000 - 0x0000000070ad4000 	C:\Users\Abobus\IdeaProjects\Editor\Editor\src\BitMaPNativeLib\BitMaPFileHeaderNativeLib.dll

dbghelp: loaded successfully - version: 4.0.5 - missing functions: none
symbol engine: initialized successfully - sym options: 0x614 - pdb path: .;C:\Program Files\Eclipse Adoptium\jdk-18.0.1.10-hotspot\bin;C:\WINDOWS\SYSTEM32;C:\WINDOWS\WinSxS\amd64_microsoft.windows.common-controls_6595b64144ccf1df_6.0.22000.120_none_9d947278b86cc467;C:\WINDOWS\system32\DriverStore\FileRepository\nvlti.inf_amd64_83a389b28f4c421e;C:\Program Files\NVIDIA Corporation\CoProcManager;C:\Program Files\Eclipse Adoptium\jdk-18.0.1.10-hotspot\bin\server;C:\Users\Abobus\IdeaProjects\Editor\Editor\src\BitMaPNativeLib

VM Arguments:
jvm_args: -Djava.library.path=C:\Users\Abobus\IdeaProjects\Editor\Editor\src\BitMaPNativeLib --add-modules=ALL-DEFAULT 
java_command: jdk.compiler/com.sun.tools.javac.launcher.Main Main.java
java_class_path (initial): .
Launcher Type: SUN_STANDARD

[Global flags]
     intx CICompilerCount                          = 3                                         {product} {ergonomic}
     uint ConcGCThreads                            = 1                                         {product} {ergonomic}
     uint G1ConcRefinementThreads                  = 4                                         {product} {ergonomic}
   size_t G1HeapRegionSize                         = 1048576                                   {product} {ergonomic}
    uintx GCDrainStackTargetSize                   = 64                                        {product} {ergonomic}
   size_t InitialHeapSize                          = 134217728                                 {product} {ergonomic}
   size_t MarkStackSize                            = 4194304                                   {product} {ergonomic}
   size_t MaxHeapSize                              = 2122317824                                {product} {ergonomic}
   size_t MaxNewSize                               = 1272971264                                {product} {ergonomic}
   size_t MinHeapDeltaBytes                        = 1048576                                   {product} {ergonomic}
   size_t MinHeapSize                              = 8388608                                   {product} {ergonomic}
    uintx NonNMethodCodeHeapSize                   = 5832780                                {pd product} {ergonomic}
    uintx NonProfiledCodeHeapSize                  = 122912730                              {pd product} {ergonomic}
    uintx ProfiledCodeHeapSize                     = 122912730                              {pd product} {ergonomic}
    uintx ReservedCodeCacheSize                    = 251658240                              {pd product} {ergonomic}
     bool SegmentedCodeCache                       = true                                      {product} {ergonomic}
   size_t SoftMaxHeapSize                          = 2122317824                             {manageable} {ergonomic}
     bool UseCompressedClassPointers               = true                           {product lp64_product} {ergonomic}
     bool UseCompressedOops                        = true                           {product lp64_product} {ergonomic}
     bool UseG1GC                                  = true                                      {product} {ergonomic}
     bool UseLargePagesIndividualAllocation        = false                                  {pd product} {ergonomic}

Logging:
Log output configuration:
 #0: stdout all=warning uptime,level,tags foldmultilines=false
 #1: stderr all=off uptime,level,tags foldmultilines=false

Environment Variables:
PATH=C:\Program Files\Eclipse Adoptium\jdk-18.0.1.10-hotspot\bin;C:\WINDOWS\system32;C:\WINDOWS;C:\WINDOWS\System32\Wbem;C:\WINDOWS\System32\WindowsPowerShell\v1.0\;C:\WINDOWS\System32\OpenSSH\;C:\Program Files (x86)\NVIDIA Corporation\PhysX\Common;C:\Program Files\Microsoft SQL Server\150\Tools\Binn\;C:\Program Files\Microsoft SQL Server\Client SDK\ODBC\170\Tools\Binn\;C:\Program Files\dotnet\;C:\Program Files\Git\cmd;C:\Users\Abobus\AppData\Local\Microsoft\WindowsApps;C:\Users\Abobus\.dotnet\tools;C:\MinGW64\bin;
USERNAME=Abobus
OS=Windows_NT
PROCESSOR_IDENTIFIER=Intel64 Family 6 Model 42 Stepping 7, GenuineIntel



---------------  S Y S T E M  ---------------

OS:
 Windows 11 , 64 bit Build 22000 (10.0.22000.675)
OS uptime: 10 days 8:57 hours

CPU: total 4 (initial active 4) (2 cores per cpu, 2 threads per core) family 6 model 42 stepping 7 microcode 0x2f, cx8, cmov, fxsr, ht, mmx, sse, sse2, sse3, ssse3, sse4.1, sse4.2, popcnt, tsc, tscinvbit, avx, aes, clmul, vzeroupper, clflush

Memory: 4k page, system-wide physical 8089M (1579M free)
TotalPageFile size 15513M (AvailPageFile size 6616M)
current process WorkingSet (physical memory assigned to process): 74M, peak: 75M
current process commit charge ("private bytes"): 217M, peak: 218M

vm_info: OpenJDK 64-Bit Server VM (18.0.1+10) for windows-amd64 JRE (18.0.1+10), built on Apr 20 2022 05:04:48 by "" with MS VC++ 16.7 (VS2019)

END.
