#
# A fatal error has been detected by the Java Runtime Environment:
#
#  EXCEPTION_ACCESS_VIOLATION (0xc0000005) at pc=0x00007ffbe2a51ae0, pid=17648, tid=16860
#
# JRE version: OpenJDK Runtime Environment Temurin-18.0.1+10 (18.0.1+10) (build 18.0.1+10)
# Java VM: OpenJDK 64-Bit Server VM Temurin-18.0.1+10 (18.0.1+10, mixed mode, sharing, tiered, compressed oops, compressed class ptrs, g1 gc, windows-amd64)
# Problematic frame:
# V  [jvm.dll+0x11ae0]
#
# No core dump will be written. Minidumps are not enabled by default on client versions of Windows
#
# If you would like to submit a bug report, please visit:
#   https://github.com/adoptium/adoptium-support/issues
#

---------------  S U M M A R Y ------------

Command Line: -Djava.library.path=C:\Users\Abobus\IdeaProjects\Editor\Editor\src\BitMaPNativeLib --add-modules=ALL-DEFAULT jdk.compiler/com.sun.tools.javac.launcher.Main Main.java

Host: Intel(R) Core(TM) i5-2450M CPU @ 2.50GHz, 4 cores, 7G,  Windows 11 , 64 bit Build 22000 (10.0.22000.675)
Time: Thu Jun 16 01:02:28 2022  Windows 11 , 64 bit Build 22000 (10.0.22000.675) elapsed time: 1.063748 seconds (0d 0h 0m 1s)

---------------  T H R E A D  ---------------

Current thread (0x0000026b31396eb0):  JavaThread "main" [_thread_in_vm, id=16860, stack(0x00000096fc900000,0x00000096fca00000)]

Stack: [0x00000096fc900000,0x00000096fca00000],  sp=0x00000096fc9feac8,  free space=1018k
Native frames: (J=compiled Java code, j=interpreted, Vv=VM code, C=native code)
V  [jvm.dll+0x11ae0]

Java frames: (J=compiled Java code, j=interpreted, Vv=VM code)
j  BitMaPNativeLib.BitMaP$FileHeader.readFromFile(Ljava/lang/String;)V+0
j  BitMaPNativeLib.BitMaP$FileHeader.<init>(LBitMaPNativeLib/BitMaP;Ljava/lang/String;)V+6
j  BitMaPNativeLib.BitMaP$FileHeader.<init>(LBitMaPNativeLib/BitMaP;)V+3
j  BitMaPNativeLib.BitMaP.<init>(Ljava/lang/String;)V+15
j  BitMaPNativeLib.BitMaP.<init>()V+2
j  Main.main([Ljava/lang/String;)V+12
j  java.lang.invoke.LambdaForm$DMH+0x0000000800c30c00.invokeStatic(Ljava/lang/Object;Ljava/lang/Object;)V+10 java.base@18.0.1
j  java.lang.invoke.LambdaForm$MH+0x0000000800d29400.invoke(Ljava/lang/Object;Ljava/lang/Object;Ljava/lang/Object;)Ljava/lang/Object;+33 java.base@18.0.1
j  java.lang.invoke.Invokers$Holder.invokeExact_MT(Ljava/lang/Object;Ljava/lang/Object;Ljava/lang/Object;Ljava/lang/Object;)Ljava/lang/Object;+20 java.base@18.0.1
j  jdk.internal.reflect.DirectMethodHandleAccessor.invokeImpl(Ljava/lang/Object;[Ljava/lang/Object;)Ljava/lang/Object;+55 java.base@18.0.1
j  jdk.internal.reflect.DirectMethodHandleAccessor.invoke(Ljava/lang/Object;[Ljava/lang/Object;)Ljava/lang/Object;+23 java.base@18.0.1
j  java.lang.reflect.Method.invoke(Ljava/lang/Object;[Ljava/lang/Object;)Ljava/lang/Object;+102 java.base@18.0.1
j  com.sun.tools.javac.launcher.Main.execute(Ljava/lang/String;[Ljava/lang/String;Lcom/sun/tools/javac/launcher/Main$Context;)V+128 jdk.compiler@18.0.1
j  com.sun.tools.javac.launcher.Main.run([Ljava/lang/String;[Ljava/lang/String;)V+54 jdk.compiler@18.0.1
j  com.sun.tools.javac.launcher.Main.main([Ljava/lang/String;)V+14 jdk.compiler@18.0.1
v  ~StubRoutines::call_stub

siginfo: EXCEPTION_ACCESS_VIOLATION (0xc0000005), reading address 0x0000000000000000


Register to memory mapping:

RIP=0x00007ffbe2a51ae0 jvm.dll
RAX=0x0 is NULL
RBX=0x0000026b31396eb0 is a thread
RCX=0x0 is NULL
RDX=0x0 is NULL
RSP=0x00000096fc9feac8 is pointing into the stack for thread: 0x0000026b31396eb0
RBP=0x00000096fc9feb70 is pointing into the stack for thread: 0x0000026b31396eb0
RSI=0x0 is NULL
RDI=0x0 is NULL
R8 =0x0 is NULL
R9 =0x0000000000000002 is an unknown value
R10=0x0000026b313967c0 points into unknown readable memory: 0x0000004000000001 | 01 00 00 00 40 00 00 00
R11=0x0000026b4fa29680 is pointing into metadata
R12=0x0 is NULL
R13={method} {0x0000026b4fa29b08} 'readFromFile' '(Ljava/lang/String;)V' in 'BitMaPNativeLib/BitMaP$FileHeader'
R14=0x0 is NULL
R15=0x0000026b31396eb0 is a thread


Registers:
RAX=0x0000000000000000, RBX=0x0000026b31396eb0, RCX=0x0000000000000000, RDX=0x0000000000000000
RSP=0x00000096fc9feac8, RBP=0x00000096fc9feb70, RSI=0x0000000000000000, RDI=0x0000000000000000
R8 =0x0000000000000000, R9 =0x0000000000000002, R10=0x0000026b313967c0, R11=0x0000026b4fa29680
R12=0x0000000000000000, R13=0x0000026b4fa29b00, R14=0x0000000000000000, R15=0x0000026b31396eb0
RIP=0x00007ffbe2a51ae0, EFLAGS=0x0000000000010246

Top of Stack: (sp=0x00000096fc9feac8)
0x00000096fc9feac8:   00007ffbe2e48172 0000026b531d6070
0x00000096fc9fead8:   0000026b4fa2a0e0 0000026b31396eb0
0x00000096fc9feae8:   00000096fc9feca8 0000026b31396eb0
0x00000096fc9feaf8:   0000000000000000 000038ec803af6f6
0x00000096fc9feb08:   00000096fc9feb70 0000026b31396eb0
0x00000096fc9feb18:   0000026b4fa29b00 0000000000000000
0x00000096fc9feb28:   0000026b38ee94fe 0000026b38ee94fe
0x00000096fc9feb38:   0000000000000014 0000026b4fa29b00
0x00000096fc9feb48:   0000000070ac2d13 00000096fc9feb70
0x00000096fc9feb58:   00000096fc9feca8 0000000000000000
0x00000096fc9feb68:   0000026b38ee94fe 00000096fc9febf0
0x00000096fc9feb78:   0000000070ac1498 0000026b31397140
0x00000096fc9feb88:   0000000000000000 0000000000000000
0x00000096fc9feb98:   0000000070ac4012 0000026b31396eb0
0x00000096fc9feba8:   0000026b38ee94fe 0000026b4fa29b00
0x00000096fc9febb8:   0000026b31396eb0 0000000000000052 

Instructions: (pc=0x00007ffbe2a51ae0)
0x00007ffbe2a519e0:   00 00 00 48 8b 41 38 48 8b 80 88 09 00 00 48 8b
0x00007ffbe2a519f0:   48 08 48 8b 40 50 48 d3 ea 80 3c 02 01 0f 85 cd
0x00007ffbe2a51a00:   00 00 00 48 8b 13 0f b6 c2 24 03 3c 03 75 19 48
0x00007ffbe2a51a10:   83 e2 fc 74 13 48 3b da 74 11 48 8b c2 48 8b 5c
0x00007ffbe2a51a20:   24 38 48 83 c4 20 5e c3 48 8b d3 48 8b 46 38 0f
0x00007ffbe2a51a30:   be 88 f0 02 00 00 c1 e9 02 f6 c1 01 74 dc 48 89
0x00007ffbe2a51a40:   7c 24 30 e8 78 e5 ff ff 48 8b 0d 09 df bc 00 48
0x00007ffbe2a51a50:   8b f8 48 81 c1 90 09 00 00 8b 41 40 0f b6 57 21
0x00007ffbe2a51a60:   8d 42 01 88 47 21 84 d2 75 0a 48 8b d7 e8 1e 6b
0x00007ffbe2a51a70:   71 00 eb 20 80 7f 22 00 75 1a 8b 41 40 85 05 31
0x00007ffbe2a51a80:   a6 9c 00 74 0f b8 ff ff ff ff f0 0f c1 41 40 e8
0x00007ffbe2a51a90:   4c 6b 71 00 48 8b 4e 38 4c 8b c7 48 8b d3 e8 3d
0x00007ffbe2a51aa0:   f8 ff ff 0f b6 4f 21 48 8b d8 48 8b 15 a7 de bc
0x00007ffbe2a51ab0:   00 8d 41 ff 88 47 21 80 f9 01 77 0f 48 8d 8a 90
0x00007ffbe2a51ac0:   09 00 00 48 8b d7 e8 f5 6a 71 00 48 8b 7c 24 30
0x00007ffbe2a51ad0:   48 8b c3 48 8b 5c 24 38 48 83 c4 20 5e c3 cc cc
0x00007ffbe2a51ae0:   48 8b 01 c3 cc cc cc cc cc cc cc cc cc cc cc cc
0x00007ffbe2a51af0:   4c 8b 01 4c 8b c9 48 8b 0d 53 34 b8 00 ba 44 60
0x00007ffbe2a51b00:   08 00 e9 b9 f2 ff ff cc cc cc cc cc cc cc cc cc
0x00007ffbe2a51b10:   48 89 5c 24 08 57 48 83 ec 20 48 8b 39 48 8b d9
0x00007ffbe2a51b20:   48 85 3d 91 52 bd 00 75 0e 48 8b c7 48 8b 5c 24
0x00007ffbe2a51b30:   30 48 83 c4 20 5f c3 48 8b cf e8 31 9c 86 00 48
0x00007ffbe2a51b40:   8b d0 48 85 c0 74 20 48 8b c7 f0 48 0f b1 13 74
0x00007ffbe2a51b50:   16 48 85 05 60 52 bd 00 74 0d 48 8b c8 f0 48 0f
0x00007ffbe2a51b60:   b1 13 48 3b c1 75 ea 48 8b 5c 24 30 48 8b c2 48
0x00007ffbe2a51b70:   83 c4 20 5f c3 cc cc cc cc cc cc cc cc cc cc cc
0x00007ffbe2a51b80:   4c 8b 01 4c 8b c9 48 8b 0d c3 33 b8 00 ba 64 60
0x00007ffbe2a51b90:   08 00 e9 29 f2 ff ff cc cc cc cc cc cc cc cc cc
0x00007ffbe2a51ba0:   8b 05 2a be b1 00 c3 cc cc cc cc cc cc cc cc cc
0x00007ffbe2a51bb0:   0f b6 05 5a 46 b9 00 48 8b d1 84 c0 74 16 44 8b
0x00007ffbe2a51bc0:   41 08 8b 0d 08 be b1 00 49 d3 e0 4c 03 05 f6 bd
0x00007ffbe2a51bd0:   b1 00 eb 04 4c 8b 41 08 45 8b 48 08 45 85 c9 7e 


Stack slot to memory mapping:
stack at sp + 0 slots: 0x00007ffbe2e48172 jvm.dll
stack at sp + 1 slots: 0x0000026b531d6070 points into unknown readable memory: 0x0000000000000000 | 00 00 00 00 00 00 00 00
stack at sp + 2 slots: 0x0000026b4fa2a0e0 is pointing into metadata
stack at sp + 3 slots: 0x0000026b31396eb0 is a thread
stack at sp + 4 slots: 0x00000096fc9feca8 is pointing into the stack for thread: 0x0000026b31396eb0
stack at sp + 5 slots: 0x0000026b31396eb0 is a thread
stack at sp + 6 slots: 0x0 is NULL
stack at sp + 7 slots: 0x000038ec803af6f6 is an unknown value


---------------  P R O C E S S  ---------------

Threads class SMR info:
_java_thread_list=0x0000026b5364bce0, length=13, elements={
0x0000026b31396eb0, 0x0000026b4cbbdf10, 0x0000026b4cbbeb70, 0x0000026b4cbd2220,
0x0000026b4cbd3ae0, 0x0000026b4cbd4390, 0x0000026b4cbd4c40, 0x0000026b4cbd8d20,
0x0000026b4cbe3a30, 0x0000026b4cbeeb00, 0x0000026b4cbac150, 0x0000026b53266b90,
0x0000026b536d7c20
}

Java Threads: ( => current thread )
=>0x0000026b31396eb0 JavaThread "main" [_thread_in_vm, id=16860, stack(0x00000096fc900000,0x00000096fca00000)]
  0x0000026b4cbbdf10 JavaThread "Reference Handler" daemon [_thread_blocked, id=1312, stack(0x00000096fd000000,0x00000096fd100000)]
  0x0000026b4cbbeb70 JavaThread "Finalizer" daemon [_thread_blocked, id=10784, stack(0x00000096fd100000,0x00000096fd200000)]
  0x0000026b4cbd2220 JavaThread "Signal Dispatcher" daemon [_thread_blocked, id=13640, stack(0x00000096fd200000,0x00000096fd300000)]
  0x0000026b4cbd3ae0 JavaThread "Attach Listener" daemon [_thread_blocked, id=8464, stack(0x00000096fd300000,0x00000096fd400000)]
  0x0000026b4cbd4390 JavaThread "Service Thread" daemon [_thread_blocked, id=6832, stack(0x00000096fd400000,0x00000096fd500000)]
  0x0000026b4cbd4c40 JavaThread "Monitor Deflation Thread" daemon [_thread_blocked, id=11996, stack(0x00000096fd500000,0x00000096fd600000)]
  0x0000026b4cbd8d20 JavaThread "C2 CompilerThread0" daemon [_thread_blocked, id=9548, stack(0x00000096fd600000,0x00000096fd700000)]
  0x0000026b4cbe3a30 JavaThread "C1 CompilerThread0" daemon [_thread_blocked, id=5684, stack(0x00000096fd700000,0x00000096fd800000)]
  0x0000026b4cbeeb00 JavaThread "Sweeper thread" daemon [_thread_blocked, id=8696, stack(0x00000096fd800000,0x00000096fd900000)]
  0x0000026b4cbac150 JavaThread "Common-Cleaner" daemon [_thread_blocked, id=9676, stack(0x00000096fd900000,0x00000096fda00000)]
  0x0000026b53266b90 JavaThread "Notification Thread" daemon [_thread_blocked, id=13648, stack(0x00000096fda00000,0x00000096fdb00000)]
  0x0000026b536d7c20 JavaThread "C2 CompilerThread1" daemon [_thread_blocked, id=10616, stack(0x00000096fdc00000,0x00000096fdd00000)]

Other Threads:
  0x0000026b4ca3c100 VMThread "VM Thread" [stack: 0x00000096fcf00000,0x00000096fd000000] [id=12100]
  0x0000026b53269060 WatcherThread "VM Periodic Task Thread" [stack: 0x00000096fdb00000,0x00000096fdc00000] [id=16732]
  0x0000026b313f68b0 WorkerThread "GC Thread#0" [stack: 0x00000096fca00000,0x00000096fcb00000] [id=3652]
  0x0000026b537d2800 WorkerThread "GC Thread#1" [stack: 0x00000096fdd00000,0x00000096fde00000] [id=15236]
  0x0000026b537d2aa0 WorkerThread "GC Thread#2" [stack: 0x00000096fde00000,0x00000096fdf00000] [id=5960]
  0x0000026b53733090 WorkerThread "GC Thread#3" [stack: 0x00000096fdf00000,0x00000096fe000000] [id=9596]
  0x0000026b4ca2be60 ConcurrentGCThread "G1 Main Marker" [stack: 0x00000096fcb00000,0x00000096fcc00000] [id=12080]
  0x0000026b313fc000 WorkerThread "G1 Conc#0" [stack: 0x00000096fcc00000,0x00000096fcd00000] [id=4368]
  0x0000026b4ca6d880 ConcurrentGCThread "G1 Refine#0" [stack: 0x00000096fcd00000,0x00000096fce00000] [id=13196]
  0x0000026b537c0b90 ConcurrentGCThread "G1 Refine#1" [stack: 0x00000096fe000000,0x00000096fe100000] [id=11968]
  0x0000026b4ca6e190 ConcurrentGCThread "G1 Service" [stack: 0x00000096fce00000,0x00000096fcf00000] [id=2752]

Threads with active compile tasks:

VM state: not at safepoint (normal execution)

VM Mutex/Monitor currently owned by a thread: None

Heap address: 0x0000000081800000, size: 2024 MB, Compressed Oops mode: 32-bit

CDS archive(s) mapped at: [0x0000000800000000-0x0000000800b90000-0x0000000800b90000), size 12124160, SharedBaseAddress: 0x0000000800000000, ArchiveRelocationMode: 0.
Compressed class space mapped at: 0x0000000800c00000-0x0000000840c00000, reserved size: 1073741824
Narrow klass base: 0x0000000800000000, Narrow klass shift: 0, Narrow klass range: 0x100000000

GC Precious Log:
 CardTable entry size: 512
 Card Set container configuration: InlinePtr #cards 5 size 8 Array Of Cards #cards 12 size 40 Howl #buckets 4 coarsen threshold 1843 Howl Bitmap #cards 512 size 80 coarsen threshold 460 Card regions per heap region 1 cards per card region 2048
 CPUs: 4 total, 4 available
 Memory: 8089M
 Large Page Support: Disabled
 NUMA Support: Disabled
 Compressed Oops: Enabled (32-bit)
 Heap Region Size: 1M
 Heap Min Capacity: 8M
 Heap Initial Capacity: 128M
 Heap Max Capacity: 2024M
 Pre-touch: Disabled
 Parallel Workers: 4
 Concurrent Workers: 1
 Concurrent Refinement Workers: 4
 Periodic GC: Disabled

Heap:
 garbage-first heap   total 131072K, used 3745K [0x0000000081800000, 0x0000000100000000)
  region size 1024K, 3 young (3072K), 2 survivors (2048K)
 Metaspace       used 8970K, committed 9152K, reserved 1114112K
  class space    used 1041K, committed 1152K, reserved 1048576K

Heap Regions: E=young(eden), S=young(survivor), O=old, HS=humongous(starts), HC=humongous(continues), CS=collection set, F=free, OA=open archive, CA=closed archive, TAMS=top-at-mark-start (previous, next)
|   0|0x0000000081800000, 0x0000000081900000, 0x0000000081900000|100%| O|  |TAMS 0x0000000081800000, 0x0000000081800000| Untracked 
|   1|0x0000000081900000, 0x00000000819a8600, 0x0000000081a00000| 65%| O|  |TAMS 0x0000000081900000, 0x0000000081900000| Untracked 
|   2|0x0000000081a00000, 0x0000000081a00000, 0x0000000081b00000|  0%| F|  |TAMS 0x0000000081a00000, 0x0000000081a00000| Untracked 
|   3|0x0000000081b00000, 0x0000000081b00000, 0x0000000081c00000|  0%| F|  |TAMS 0x0000000081b00000, 0x0000000081b00000| Untracked 
|   4|0x0000000081c00000, 0x0000000081c00000, 0x0000000081d00000|  0%| F|  |TAMS 0x0000000081c00000, 0x0000000081c00000| Untracked 
|   5|0x0000000081d00000, 0x0000000081d00000, 0x0000000081e00000|  0%| F|  |TAMS 0x0000000081d00000, 0x0000000081d00000| Untracked 
|   6|0x0000000081e00000, 0x0000000081e00000, 0x0000000081f00000|  0%| F|  |TAMS 0x0000000081e00000, 0x0000000081e00000| Untracked 
|   7|0x0000000081f00000, 0x0000000081f00000, 0x0000000082000000|  0%| F|  |TAMS 0x0000000081f00000, 0x0000000081f00000| Untracked 
|   8|0x0000000082000000, 0x0000000082000000, 0x0000000082100000|  0%| F|  |TAMS 0x0000000082000000, 0x0000000082000000| Untracked 
|   9|0x0000000082100000, 0x0000000082100000, 0x0000000082200000|  0%| F|  |TAMS 0x0000000082100000, 0x0000000082100000| Untracked 
|  10|0x0000000082200000, 0x0000000082200000, 0x0000000082300000|  0%| F|  |TAMS 0x0000000082200000, 0x0000000082200000| Untracked 
|  11|0x0000000082300000, 0x0000000082300000, 0x0000000082400000|  0%| F|  |TAMS 0x0000000082300000, 0x0000000082300000| Untracked 
|  12|0x0000000082400000, 0x0000000082400000, 0x0000000082500000|  0%| F|  |TAMS 0x0000000082400000, 0x0000000082400000| Untracked 
|  13|0x0000000082500000, 0x0000000082500000, 0x0000000082600000|  0%| F|  |TAMS 0x0000000082500000, 0x0000000082500000| Untracked 
|  14|0x0000000082600000, 0x0000000082600000, 0x0000000082700000|  0%| F|  |TAMS 0x0000000082600000, 0x0000000082600000| Untracked 
|  15|0x0000000082700000, 0x0000000082700000, 0x0000000082800000|  0%| F|  |TAMS 0x0000000082700000, 0x0000000082700000| Untracked 
|  16|0x0000000082800000, 0x0000000082800000, 0x0000000082900000|  0%| F|  |TAMS 0x0000000082800000, 0x0000000082800000| Untracked 
|  17|0x0000000082900000, 0x0000000082900000, 0x0000000082a00000|  0%| F|  |TAMS 0x0000000082900000, 0x0000000082900000| Untracked 
|  18|0x0000000082a00000, 0x0000000082a00000, 0x0000000082b00000|  0%| F|  |TAMS 0x0000000082a00000, 0x0000000082a00000| Untracked 
|  19|0x0000000082b00000, 0x0000000082b00000, 0x0000000082c00000|  0%| F|  |TAMS 0x0000000082b00000, 0x0000000082b00000| Untracked 
|  20|0x0000000082c00000, 0x0000000082c00000, 0x0000000082d00000|  0%| F|  |TAMS 0x0000000082c00000, 0x0000000082c00000| Untracked 
|  21|0x0000000082d00000, 0x0000000082d00000, 0x0000000082e00000|  0%| F|  |TAMS 0x0000000082d00000, 0x0000000082d00000| Untracked 
|  22|0x0000000082e00000, 0x0000000082e00000, 0x0000000082f00000|  0%| F|  |TAMS 0x0000000082e00000, 0x0000000082e00000| Untracked 
|  23|0x0000000082f00000, 0x0000000082f00000, 0x0000000083000000|  0%| F|  |TAMS 0x0000000082f00000, 0x0000000082f00000| Untracked 
|  24|0x0000000083000000, 0x0000000083000000, 0x0000000083100000|  0%| F|  |TAMS 0x0000000083000000, 0x0000000083000000| Untracked 
|  25|0x0000000083100000, 0x0000000083100000, 0x0000000083200000|  0%| F|  |TAMS 0x0000000083100000, 0x0000000083100000| Untracked 
|  26|0x0000000083200000, 0x0000000083200000, 0x0000000083300000|  0%| F|  |TAMS 0x0000000083200000, 0x0000000083200000| Untracked 
|  27|0x0000000083300000, 0x0000000083300000, 0x0000000083400000|  0%| F|  |TAMS 0x0000000083300000, 0x0000000083300000| Untracked 
|  28|0x0000000083400000, 0x0000000083400000, 0x0000000083500000|  0%| F|  |TAMS 0x0000000083400000, 0x0000000083400000| Untracked 
|  29|0x0000000083500000, 0x0000000083500000, 0x0000000083600000|  0%| F|  |TAMS 0x0000000083500000, 0x0000000083500000| Untracked 
|  30|0x0000000083600000, 0x0000000083600000, 0x0000000083700000|  0%| F|  |TAMS 0x0000000083600000, 0x0000000083600000| Untracked 
|  31|0x0000000083700000, 0x0000000083700000, 0x0000000083800000|  0%| F|  |TAMS 0x0000000083700000, 0x0000000083700000| Untracked 
|  32|0x0000000083800000, 0x0000000083800000, 0x0000000083900000|  0%| F|  |TAMS 0x0000000083800000, 0x0000000083800000| Untracked 
|  33|0x0000000083900000, 0x0000000083900000, 0x0000000083a00000|  0%| F|  |TAMS 0x0000000083900000, 0x0000000083900000| Untracked 
|  34|0x0000000083a00000, 0x0000000083a00000, 0x0000000083b00000|  0%| F|  |TAMS 0x0000000083a00000, 0x0000000083a00000| Untracked 
|  35|0x0000000083b00000, 0x0000000083b00000, 0x0000000083c00000|  0%| F|  |TAMS 0x0000000083b00000, 0x0000000083b00000| Untracked 
|  36|0x0000000083c00000, 0x0000000083c00000, 0x0000000083d00000|  0%| F|  |TAMS 0x0000000083c00000, 0x0000000083c00000| Untracked 
|  37|0x0000000083d00000, 0x0000000083d00000, 0x0000000083e00000|  0%| F|  |TAMS 0x0000000083d00000, 0x0000000083d00000| Untracked 
|  38|0x0000000083e00000, 0x0000000083e00000, 0x0000000083f00000|  0%| F|  |TAMS 0x0000000083e00000, 0x0000000083e00000| Untracked 
|  39|0x0000000083f00000, 0x0000000083f00000, 0x0000000084000000|  0%| F|  |TAMS 0x0000000083f00000, 0x0000000083f00000| Untracked 
|  40|0x0000000084000000, 0x0000000084000000, 0x0000000084100000|  0%| F|  |TAMS 0x0000000084000000, 0x0000000084000000| Untracked 
|  41|0x0000000084100000, 0x0000000084100000, 0x0000000084200000|  0%| F|  |TAMS 0x0000000084100000, 0x0000000084100000| Untracked 
|  42|0x0000000084200000, 0x0000000084200000, 0x0000000084300000|  0%| F|  |TAMS 0x0000000084200000, 0x0000000084200000| Untracked 
|  43|0x0000000084300000, 0x0000000084300000, 0x0000000084400000|  0%| F|  |TAMS 0x0000000084300000, 0x0000000084300000| Untracked 
|  44|0x0000000084400000, 0x0000000084400000, 0x0000000084500000|  0%| F|  |TAMS 0x0000000084400000, 0x0000000084400000| Untracked 
|  45|0x0000000084500000, 0x0000000084500000, 0x0000000084600000|  0%| F|  |TAMS 0x0000000084500000, 0x0000000084500000| Untracked 
|  46|0x0000000084600000, 0x0000000084600000, 0x0000000084700000|  0%| F|  |TAMS 0x0000000084600000, 0x0000000084600000| Untracked 
|  47|0x0000000084700000, 0x0000000084700000, 0x0000000084800000|  0%| F|  |TAMS 0x0000000084700000, 0x0000000084700000| Untracked 
|  48|0x0000000084800000, 0x0000000084800000, 0x0000000084900000|  0%| F|  |TAMS 0x0000000084800000, 0x0000000084800000| Untracked 
|  49|0x0000000084900000, 0x0000000084900000, 0x0000000084a00000|  0%| F|  |TAMS 0x0000000084900000, 0x0000000084900000| Untracked 
|  50|0x0000000084a00000, 0x0000000084a00000, 0x0000000084b00000|  0%| F|  |TAMS 0x0000000084a00000, 0x0000000084a00000| Untracked 
|  51|0x0000000084b00000, 0x0000000084b00000, 0x0000000084c00000|  0%| F|  |TAMS 0x0000000084b00000, 0x0000000084b00000| Untracked 
|  52|0x0000000084c00000, 0x0000000084c00000, 0x0000000084d00000|  0%| F|  |TAMS 0x0000000084c00000, 0x0000000084c00000| Untracked 
|  53|0x0000000084d00000, 0x0000000084d00000, 0x0000000084e00000|  0%| F|  |TAMS 0x0000000084d00000, 0x0000000084d00000| Untracked 
|  54|0x0000000084e00000, 0x0000000084e00000, 0x0000000084f00000|  0%| F|  |TAMS 0x0000000084e00000, 0x0000000084e00000| Untracked 
|  55|0x0000000084f00000, 0x0000000084f00000, 0x0000000085000000|  0%| F|  |TAMS 0x0000000084f00000, 0x0000000084f00000| Untracked 
|  56|0x0000000085000000, 0x0000000085000000, 0x0000000085100000|  0%| F|  |TAMS 0x0000000085000000, 0x0000000085000000| Untracked 
|  57|0x0000000085100000, 0x0000000085100000, 0x0000000085200000|  0%| F|  |TAMS 0x0000000085100000, 0x0000000085100000| Untracked 
|  58|0x0000000085200000, 0x0000000085200000, 0x0000000085300000|  0%| F|  |TAMS 0x0000000085200000, 0x0000000085200000| Untracked 
|  59|0x0000000085300000, 0x0000000085300000, 0x0000000085400000|  0%| F|  |TAMS 0x0000000085300000, 0x0000000085300000| Untracked 
|  60|0x0000000085400000, 0x0000000085400000, 0x0000000085500000|  0%| F|  |TAMS 0x0000000085400000, 0x0000000085400000| Untracked 
|  61|0x0000000085500000, 0x0000000085500000, 0x0000000085600000|  0%| F|  |TAMS 0x0000000085500000, 0x0000000085500000| Untracked 
|  62|0x0000000085600000, 0x0000000085600000, 0x0000000085700000|  0%| F|  |TAMS 0x0000000085600000, 0x0000000085600000| Untracked 
|  63|0x0000000085700000, 0x0000000085700000, 0x0000000085800000|  0%| F|  |TAMS 0x0000000085700000, 0x0000000085700000| Untracked 
|  64|0x0000000085800000, 0x0000000085800000, 0x0000000085900000|  0%| F|  |TAMS 0x0000000085800000, 0x0000000085800000| Untracked 
|  65|0x0000000085900000, 0x0000000085900000, 0x0000000085a00000|  0%| F|  |TAMS 0x0000000085900000, 0x0000000085900000| Untracked 
|  66|0x0000000085a00000, 0x0000000085a00000, 0x0000000085b00000|  0%| F|  |TAMS 0x0000000085a00000, 0x0000000085a00000| Untracked 
|  67|0x0000000085b00000, 0x0000000085b00000, 0x0000000085c00000|  0%| F|  |TAMS 0x0000000085b00000, 0x0000000085b00000| Untracked 
|  68|0x0000000085c00000, 0x0000000085c00000, 0x0000000085d00000|  0%| F|  |TAMS 0x0000000085c00000, 0x0000000085c00000| Untracked 
|  69|0x0000000085d00000, 0x0000000085d00000, 0x0000000085e00000|  0%| F|  |TAMS 0x0000000085d00000, 0x0000000085d00000| Untracked 
|  70|0x0000000085e00000, 0x0000000085e00000, 0x0000000085f00000|  0%| F|  |TAMS 0x0000000085e00000, 0x0000000085e00000| Untracked 
|  71|0x0000000085f00000, 0x0000000085f00000, 0x0000000086000000|  0%| F|  |TAMS 0x0000000085f00000, 0x0000000085f00000| Untracked 
|  72|0x0000000086000000, 0x0000000086000000, 0x0000000086100000|  0%| F|  |TAMS 0x0000000086000000, 0x0000000086000000| Untracked 
|  73|0x0000000086100000, 0x0000000086100000, 0x0000000086200000|  0%| F|  |TAMS 0x0000000086100000, 0x0000000086100000| Untracked 
|  74|0x0000000086200000, 0x0000000086200000, 0x0000000086300000|  0%| F|  |TAMS 0x0000000086200000, 0x0000000086200000| Untracked 
|  75|0x0000000086300000, 0x0000000086300000, 0x0000000086400000|  0%| F|  |TAMS 0x0000000086300000, 0x0000000086300000| Untracked 
|  76|0x0000000086400000, 0x0000000086400000, 0x0000000086500000|  0%| F|  |TAMS 0x0000000086400000, 0x0000000086400000| Untracked 
|  77|0x0000000086500000, 0x0000000086500000, 0x0000000086600000|  0%| F|  |TAMS 0x0000000086500000, 0x0000000086500000| Untracked 
|  78|0x0000000086600000, 0x0000000086600000, 0x0000000086700000|  0%| F|  |TAMS 0x0000000086600000, 0x0000000086600000| Untracked 
|  79|0x0000000086700000, 0x0000000086700000, 0x0000000086800000|  0%| F|  |TAMS 0x0000000086700000, 0x0000000086700000| Untracked 
|  80|0x0000000086800000, 0x0000000086800000, 0x0000000086900000|  0%| F|  |TAMS 0x0000000086800000, 0x0000000086800000| Untracked 
|  81|0x0000000086900000, 0x0000000086900000, 0x0000000086a00000|  0%| F|  |TAMS 0x0000000086900000, 0x0000000086900000| Untracked 
|  82|0x0000000086a00000, 0x0000000086a00000, 0x0000000086b00000|  0%| F|  |TAMS 0x0000000086a00000, 0x0000000086a00000| Untracked 
|  83|0x0000000086b00000, 0x0000000086b00000, 0x0000000086c00000|  0%| F|  |TAMS 0x0000000086b00000, 0x0000000086b00000| Untracked 
|  84|0x0000000086c00000, 0x0000000086c00000, 0x0000000086d00000|  0%| F|  |TAMS 0x0000000086c00000, 0x0000000086c00000| Untracked 
|  85|0x0000000086d00000, 0x0000000086d00000, 0x0000000086e00000|  0%| F|  |TAMS 0x0000000086d00000, 0x0000000086d00000| Untracked 
|  86|0x0000000086e00000, 0x0000000086e00000, 0x0000000086f00000|  0%| F|  |TAMS 0x0000000086e00000, 0x0000000086e00000| Untracked 
|  87|0x0000000086f00000, 0x0000000086f00000, 0x0000000087000000|  0%| F|  |TAMS 0x0000000086f00000, 0x0000000086f00000| Untracked 
|  88|0x0000000087000000, 0x0000000087000000, 0x0000000087100000|  0%| F|  |TAMS 0x0000000087000000, 0x0000000087000000| Untracked 
|  89|0x0000000087100000, 0x0000000087100000, 0x0000000087200000|  0%| F|  |TAMS 0x0000000087100000, 0x0000000087100000| Untracked 
|  90|0x0000000087200000, 0x0000000087200000, 0x0000000087300000|  0%| F|  |TAMS 0x0000000087200000, 0x0000000087200000| Untracked 
|  91|0x0000000087300000, 0x0000000087300000, 0x0000000087400000|  0%| F|  |TAMS 0x0000000087300000, 0x0000000087300000| Untracked 
|  92|0x0000000087400000, 0x0000000087400000, 0x0000000087500000|  0%| F|  |TAMS 0x0000000087400000, 0x0000000087400000| Untracked 
|  93|0x0000000087500000, 0x0000000087500000, 0x0000000087600000|  0%| F|  |TAMS 0x0000000087500000, 0x0000000087500000| Untracked 
|  94|0x0000000087600000, 0x0000000087600000, 0x0000000087700000|  0%| F|  |TAMS 0x0000000087600000, 0x0000000087600000| Untracked 
|  95|0x0000000087700000, 0x0000000087700000, 0x0000000087800000|  0%| F|  |TAMS 0x0000000087700000, 0x0000000087700000| Untracked 
|  96|0x0000000087800000, 0x0000000087800000, 0x0000000087900000|  0%| F|  |TAMS 0x0000000087800000, 0x0000000087800000| Untracked 
|  97|0x0000000087900000, 0x0000000087900000, 0x0000000087a00000|  0%| F|  |TAMS 0x0000000087900000, 0x0000000087900000| Untracked 
|  98|0x0000000087a00000, 0x0000000087a00000, 0x0000000087b00000|  0%| F|  |TAMS 0x0000000087a00000, 0x0000000087a00000| Untracked 
|  99|0x0000000087b00000, 0x0000000087b00000, 0x0000000087c00000|  0%| F|  |TAMS 0x0000000087b00000, 0x0000000087b00000| Untracked 
| 100|0x0000000087c00000, 0x0000000087c00000, 0x0000000087d00000|  0%| F|  |TAMS 0x0000000087c00000, 0x0000000087c00000| Untracked 
| 101|0x0000000087d00000, 0x0000000087d00000, 0x0000000087e00000|  0%| F|  |TAMS 0x0000000087d00000, 0x0000000087d00000| Untracked 
| 102|0x0000000087e00000, 0x0000000087e00000, 0x0000000087f00000|  0%| F|  |TAMS 0x0000000087e00000, 0x0000000087e00000| Untracked 
| 103|0x0000000087f00000, 0x0000000087f00000, 0x0000000088000000|  0%| F|  |TAMS 0x0000000087f00000, 0x0000000087f00000| Untracked 
| 104|0x0000000088000000, 0x0000000088000000, 0x0000000088100000|  0%| F|  |TAMS 0x0000000088000000, 0x0000000088000000| Untracked 
| 105|0x0000000088100000, 0x0000000088100000, 0x0000000088200000|  0%| F|  |TAMS 0x0000000088100000, 0x0000000088100000| Untracked 
| 106|0x0000000088200000, 0x0000000088200000, 0x0000000088300000|  0%| F|  |TAMS 0x0000000088200000, 0x0000000088200000| Untracked 
| 107|0x0000000088300000, 0x0000000088300000, 0x0000000088400000|  0%| F|  |TAMS 0x0000000088300000, 0x0000000088300000| Untracked 
| 108|0x0000000088400000, 0x0000000088400000, 0x0000000088500000|  0%| F|  |TAMS 0x0000000088400000, 0x0000000088400000| Untracked 
| 109|0x0000000088500000, 0x0000000088500000, 0x0000000088600000|  0%| F|  |TAMS 0x0000000088500000, 0x0000000088500000| Untracked 
| 110|0x0000000088600000, 0x0000000088600000, 0x0000000088700000|  0%| F|  |TAMS 0x0000000088600000, 0x0000000088600000| Untracked 
| 111|0x0000000088700000, 0x0000000088700000, 0x0000000088800000|  0%| F|  |TAMS 0x0000000088700000, 0x0000000088700000| Untracked 
| 112|0x0000000088800000, 0x0000000088800000, 0x0000000088900000|  0%| F|  |TAMS 0x0000000088800000, 0x0000000088800000| Untracked 
| 113|0x0000000088900000, 0x0000000088a00000, 0x0000000088a00000|100%| S|CS|TAMS 0x0000000088900000, 0x0000000088900000| Complete 
| 114|0x0000000088a00000, 0x0000000088b00000, 0x0000000088b00000|100%| S|CS|TAMS 0x0000000088a00000, 0x0000000088a00000| Complete 
| 115|0x0000000088b00000, 0x0000000088b00000, 0x0000000088c00000|  0%| F|  |TAMS 0x0000000088b00000, 0x0000000088b00000| Untracked 
| 116|0x0000000088c00000, 0x0000000088c00000, 0x0000000088d00000|  0%| F|  |TAMS 0x0000000088c00000, 0x0000000088c00000| Untracked 
| 117|0x0000000088d00000, 0x0000000088d00000, 0x0000000088e00000|  0%| F|  |TAMS 0x0000000088d00000, 0x0000000088d00000| Untracked 
| 118|0x0000000088e00000, 0x0000000088e00000, 0x0000000088f00000|  0%| F|  |TAMS 0x0000000088e00000, 0x0000000088e00000| Untracked 
| 119|0x0000000088f00000, 0x0000000088f00000, 0x0000000089000000|  0%| F|  |TAMS 0x0000000088f00000, 0x0000000088f00000| Untracked 
| 120|0x0000000089000000, 0x0000000089000000, 0x0000000089100000|  0%| F|  |TAMS 0x0000000089000000, 0x0000000089000000| Untracked 
| 121|0x0000000089100000, 0x0000000089100000, 0x0000000089200000|  0%| F|  |TAMS 0x0000000089100000, 0x0000000089100000| Untracked 
| 122|0x0000000089200000, 0x0000000089200000, 0x0000000089300000|  0%| F|  |TAMS 0x0000000089200000, 0x0000000089200000| Untracked 
| 123|0x0000000089300000, 0x0000000089300000, 0x0000000089400000|  0%| F|  |TAMS 0x0000000089300000, 0x0000000089300000| Untracked 
| 124|0x0000000089400000, 0x0000000089400000, 0x0000000089500000|  0%| F|  |TAMS 0x0000000089400000, 0x0000000089400000| Untracked 
| 125|0x0000000089500000, 0x0000000089500000, 0x0000000089600000|  0%| F|  |TAMS 0x0000000089500000, 0x0000000089500000| Untracked 
| 126|0x0000000089600000, 0x0000000089600000, 0x0000000089700000|  0%| F|  |TAMS 0x0000000089600000, 0x0000000089600000| Untracked 
| 127|0x0000000089700000, 0x00000000897f9d78, 0x0000000089800000| 97%| E|  |TAMS 0x0000000089700000, 0x0000000089700000| Complete 

Card table byte_map: [0x0000026b482e0000,0x0000026b486e0000] _byte_map_base: 0x0000026b47ed4000

Marking Bits (Prev, Next): (CMBitMap*) 0x0000026b313f6eb0, (CMBitMap*) 0x0000026b313f6ef0
 Prev Bits: [0x0000026b48ae0000, 0x0000026b4aa80000)
 Next Bits: [0x0000026b4aa80000, 0x0000026b4ca20000)

Polling page: 0x0000026b2f290000

Metaspace:

Usage:
  Non-class:      7.74 MB used.
      Class:      1.02 MB used.
       Both:      8.76 MB used.

Virtual space:
  Non-class space:       64.00 MB reserved,       7.81 MB ( 12%) committed,  1 nodes.
      Class space:        1.00 GB reserved,       1.12 MB ( <1%) committed,  1 nodes.
             Both:        1.06 GB reserved,       8.94 MB ( <1%) committed. 

Chunk freelists:
   Non-Class:  1.82 MB
       Class:  2.84 MB
        Both:  4.65 MB

MaxMetaspaceSize: unlimited
CompressedClassSpaceSize: 1.00 GB
Initial GC threshold: 21.00 MB
Current GC threshold: 21.00 MB
CDS: on
MetaspaceReclaimPolicy: balanced
 - commit_granule_bytes: 65536.
 - commit_granule_words: 8192.
 - virtual_space_node_default_size: 8388608.
 - enlarge_chunks_in_place: 1.
 - new_chunks_are_fully_committed: 0.
 - uncommit_free_chunks: 1.
 - use_allocation_guard: 0.


Internal statistics:

num_allocs_failed_limit: 0.
num_arena_births: 82.
num_arena_deaths: 0.
num_vsnodes_births: 2.
num_vsnodes_deaths: 0.
num_space_committed: 143.
num_space_uncommitted: 0.
num_chunks_returned_to_freelist: 0.
num_chunks_taken_from_freelist: 382.
num_chunk_merges: 0.
num_chunk_splits: 274.
num_chunks_enlarged: 218.
num_inconsistent_stats: 0.

CodeHeap 'non-profiled nmethods': size=120000Kb used=337Kb max_used=337Kb free=119662Kb
 bounds [0x0000026b409b0000, 0x0000026b40c20000, 0x0000026b47ee0000]
CodeHeap 'profiled nmethods': size=120000Kb used=1966Kb max_used=1966Kb free=118033Kb
 bounds [0x0000026b39480000, 0x0000026b396f0000, 0x0000026b409b0000]
CodeHeap 'non-nmethods': size=5760Kb used=1153Kb max_used=1173Kb free=4606Kb
 bounds [0x0000026b38ee0000, 0x0000026b39150000, 0x0000026b39480000]
 total_blobs=1561 nmethods=1137 adapters=336
 compilation: enabled
              stopped_count=0, restarted_count=0
 full_count=0

Compilation events (20 events):
Event: 1.014 Thread 0x0000026b4cbe3a30 1127       3       com.sun.tools.javac.code.Scope$ScopeImpl$2::hasNext (92 bytes)
Event: 1.014 Thread 0x0000026b4cbe3a30 nmethod 1127 0x0000026b39667d90 code [0x0000026b39667f60, 0x0000026b39668418]
Event: 1.021 Thread 0x0000026b4cbe3a30 1128       3       java.lang.invoke.MethodHandle::keepsAlive (20 bytes)
Event: 1.022 Thread 0x0000026b4cbe3a30 nmethod 1128 0x0000026b39668590 code [0x0000026b396687e0, 0x0000026b39669268]
Event: 1.022 Thread 0x0000026b4cbe3a30 1129       3       com.sun.tools.javac.code.Types$UnaryVisitor::visit (7 bytes)
Event: 1.022 Thread 0x0000026b4cbe3a30 nmethod 1129 0x0000026b39669590 code [0x0000026b39669740, 0x0000026b39669928]
Event: 1.023 Thread 0x0000026b4cbe3a30 1130       1       java.lang.Integer::intValue (5 bytes)
Event: 1.023 Thread 0x0000026b4cbe3a30 nmethod 1130 0x0000026b40a03d10 code [0x0000026b40a03ea0, 0x0000026b40a03f78]
Event: 1.023 Thread 0x0000026b4cbe3a30 1131       3       java.lang.Integer::valueOf (32 bytes)
Event: 1.024 Thread 0x0000026b4cbe3a30 nmethod 1131 0x0000026b39669a10 code [0x0000026b39669bc0, 0x0000026b39669ed8]
Event: 1.027 Thread 0x0000026b4cbe3a30 1132       1       com.sun.tools.javac.code.Type$MethodType::getReturnType (5 bytes)
Event: 1.027 Thread 0x0000026b4cbe3a30 nmethod 1132 0x0000026b40a04010 code [0x0000026b40a041a0, 0x0000026b40a04278]
Event: 1.029 Thread 0x0000026b4cbe3a30 1133       3       java.net.URI::match (56 bytes)
Event: 1.030 Thread 0x0000026b4cbe3a30 nmethod 1133 0x0000026b3966a010 code [0x0000026b3966a1c0, 0x0000026b3966a4d8]
Event: 1.031 Thread 0x0000026b4cbe3a30 1135       3       java.lang.invoke.LambdaForm::internArgument (85 bytes)
Event: 1.031 Thread 0x0000026b4cbe3a30 nmethod 1135 0x0000026b3966a590 code [0x0000026b3966a760, 0x0000026b3966aac8]
Event: 1.032 Thread 0x0000026b4cbe3a30 1136       3       jdk.internal.org.objectweb.asm.SymbolTable::addType (81 bytes)
Event: 1.032 Thread 0x0000026b4cbe3a30 nmethod 1136 0x0000026b3966ac90 code [0x0000026b3966aea0, 0x0000026b3966b3f8]
Event: 1.032 Thread 0x0000026b4cbe3a30 1137       3       java.lang.invoke.LambdaForm::parameter (38 bytes)
Event: 1.032 Thread 0x0000026b4cbe3a30 nmethod 1137 0x0000026b3966b690 code [0x0000026b3966b820, 0x0000026b3966b958]

GC Heap History (2 events):
Event: 0.948 GC heap before
{Heap before GC invocations=0 (full 0):
 garbage-first heap   total 131072K, used 13312K [0x0000000081800000, 0x0000000100000000)
  region size 1024K, 13 young (13312K), 0 survivors (0K)
 Metaspace       used 8411K, committed 8576K, reserved 1114112K
  class space    used 965K, committed 1088K, reserved 1048576K
}
Event: 0.958 GC heap after
{Heap after GC invocations=1 (full 0):
 garbage-first heap   total 131072K, used 3745K [0x0000000081800000, 0x0000000100000000)
  region size 1024K, 2 young (2048K), 2 survivors (2048K)
 Metaspace       used 8411K, committed 8576K, reserved 1114112K
  class space    used 965K, committed 1088K, reserved 1048576K
}

Deoptimization events (20 events):
Event: 1.017 Thread 0x0000026b31396eb0 Uncommon trap: trap_request=0xffffffc6 fr.pc=0x0000026b409ef3dc relative=0x000000000000131c
Event: 1.017 Thread 0x0000026b31396eb0 Uncommon trap: reason=bimorphic_or_optimized_type_check action=maybe_recompile pc=0x0000026b409ef3dc method=java.util.HashMap.putVal(ILjava/lang/Object;Ljava/lang/Object;ZZ)Ljava/lang/Object; @ 253 c2
Event: 1.017 Thread 0x0000026b31396eb0 DEOPT PACKING pc=0x0000026b409ef3dc sp=0x00000096fc9fec10
Event: 1.018 Thread 0x0000026b31396eb0 DEOPT UNPACKING pc=0x0000026b38f323a3 sp=0x00000096fc9febf0 mode 2
Event: 1.025 Thread 0x0000026b31396eb0 Uncommon trap: trap_request=0xffffffc6 fr.pc=0x0000026b409eca08 relative=0x00000000000003a8
Event: 1.025 Thread 0x0000026b31396eb0 Uncommon trap: reason=bimorphic_or_optimized_type_check action=maybe_recompile pc=0x0000026b409eca08 method=java.util.HashMap.getNode(Ljava/lang/Object;)Ljava/util/HashMap$Node; @ 63 c2
Event: 1.025 Thread 0x0000026b31396eb0 DEOPT PACKING pc=0x0000026b409eca08 sp=0x00000096fc9fe080
Event: 1.025 Thread 0x0000026b31396eb0 DEOPT UNPACKING pc=0x0000026b38f323a3 sp=0x00000096fc9fdf88 mode 2
Event: 1.025 Thread 0x0000026b31396eb0 Uncommon trap: trap_request=0xffffffc6 fr.pc=0x0000026b409eca08 relative=0x00000000000003a8
Event: 1.025 Thread 0x0000026b31396eb0 Uncommon trap: reason=bimorphic_or_optimized_type_check action=maybe_recompile pc=0x0000026b409eca08 method=java.util.HashMap.getNode(Ljava/lang/Object;)Ljava/util/HashMap$Node; @ 63 c2
Event: 1.025 Thread 0x0000026b31396eb0 DEOPT PACKING pc=0x0000026b409eca08 sp=0x00000096fc9fe0f0
Event: 1.025 Thread 0x0000026b31396eb0 DEOPT UNPACKING pc=0x0000026b38f323a3 sp=0x00000096fc9fdff8 mode 2
Event: 1.026 Thread 0x0000026b31396eb0 Uncommon trap: trap_request=0xffffffc6 fr.pc=0x0000026b409eca08 relative=0x00000000000003a8
Event: 1.026 Thread 0x0000026b31396eb0 Uncommon trap: reason=bimorphic_or_optimized_type_check action=maybe_recompile pc=0x0000026b409eca08 method=java.util.HashMap.getNode(Ljava/lang/Object;)Ljava/util/HashMap$Node; @ 63 c2
Event: 1.026 Thread 0x0000026b31396eb0 DEOPT PACKING pc=0x0000026b409eca08 sp=0x00000096fc9fea10
Event: 1.026 Thread 0x0000026b31396eb0 DEOPT UNPACKING pc=0x0000026b38f323a3 sp=0x00000096fc9fe918 mode 2
Event: 1.033 Thread 0x0000026b31396eb0 Uncommon trap: trap_request=0xffffff45 fr.pc=0x0000026b409f0864 relative=0x0000000000000344
Event: 1.033 Thread 0x0000026b31396eb0 Uncommon trap: reason=unstable_if action=reinterpret pc=0x0000026b409f0864 method=java.lang.StringLatin1.indexOf([BI[BII)I @ 27 c2
Event: 1.033 Thread 0x0000026b31396eb0 DEOPT PACKING pc=0x0000026b409f0864 sp=0x00000096fc9fde20
Event: 1.033 Thread 0x0000026b31396eb0 DEOPT UNPACKING pc=0x0000026b38f323a3 sp=0x00000096fc9fdd80 mode 2

Classes loaded (20 events):
Event: 0.862 Loading class java/lang/invoke/MethodHandle$1
Event: 0.862 Loading class java/lang/invoke/MethodHandle$1 done
Event: 0.998 Loading class java/util/stream/Nodes$FixedNodeBuilder
Event: 0.998 Loading class java/util/stream/Nodes$ArrayNode
Event: 0.998 Loading class java/util/stream/Nodes$ArrayNode done
Event: 0.998 Loading class java/util/stream/Nodes$FixedNodeBuilder done
Event: 1.023 Loading class java/util/function/ToIntBiFunction
Event: 1.023 Loading class java/util/function/ToIntBiFunction done
Event: 1.027 Loading class java/util/EnumMap$Values
Event: 1.028 Loading class java/util/EnumMap$Values done
Event: 1.028 Loading class java/util/EnumMap$ValueIterator
Event: 1.028 Loading class java/util/EnumMap$EnumMapIterator
Event: 1.028 Loading class java/util/EnumMap$EnumMapIterator done
Event: 1.028 Loading class java/util/EnumMap$ValueIterator done
Event: 1.028 Loading class java/util/WeakHashMap$KeyIterator
Event: 1.028 Loading class java/util/WeakHashMap$HashIterator
Event: 1.028 Loading class java/util/WeakHashMap$HashIterator done
Event: 1.028 Loading class java/util/WeakHashMap$KeyIterator done
Event: 1.033 Loading class jdk/internal/loader/URLClassPath$FileLoader$1
Event: 1.033 Loading class jdk/internal/loader/URLClassPath$FileLoader$1 done

Classes unloaded (0 events):
No events

Classes redefined (0 events):
No events

Internal exceptions (19 events):
Event: 0.249 Thread 0x0000026b31396eb0 Exception <a 'java/lang/NoSuchMethodError'{0x00000000895617f8}: 'void java.lang.invoke.DirectMethodHandle$Holder.invokeSpecial(java.lang.Object, java.lang.Object, java.lang.Object)'> (0x00000000895617f8) 
thrown [s\src\hotspot\share\interpreter\linkResolver.cpp, line 766]
Event: 0.278 Thread 0x0000026b31396eb0 Exception <a 'java/lang/NoSuchMethodError'{0x00000000895a7230}: 'void java.lang.invoke.DirectMethodHandle$Holder.invokeStatic(java.lang.Object, java.lang.Object)'> (0x00000000895a7230) 
thrown [s\src\hotspot\share\interpreter\linkResolver.cpp, line 766]
Event: 0.283 Thread 0x0000026b31396eb0 Exception <a 'java/lang/NoSuchMethodError'{0x00000000895b9ec0}: 'int java.lang.invoke.DirectMethodHandle$Holder.invokeVirtual(java.lang.Object, java.lang.Object, java.lang.Object)'> (0x00000000895b9ec0) 
thrown [s\src\hotspot\share\interpreter\linkResolver.cpp, line 766]
Event: 0.284 Thread 0x0000026b31396eb0 Exception <a 'java/lang/NoSuchMethodError'{0x00000000895c03e8}: 'void java.lang.invoke.DirectMethodHandle$Holder.invokeInterface(java.lang.Object, java.lang.Object, java.lang.Object)'> (0x00000000895c03e8) 
thrown [s\src\hotspot\share\interpreter\linkResolver.cpp, line 766]
Event: 0.298 Thread 0x0000026b31396eb0 Exception <a 'java/lang/NoSuchMethodError'{0x00000000895ee308}: 'java.lang.Object java.lang.invoke.DirectMethodHandle$Holder.invokeStaticInit(java.lang.Object)'> (0x00000000895ee308) 
thrown [s\src\hotspot\share\interpreter\linkResolver.cpp, line 766]
Event: 0.409 Thread 0x0000026b31396eb0 Exception <a 'java/lang/NoSuchMethodError'{0x00000000894d2958}: 'int java.lang.invoke.DirectMethodHandle$Holder.invokeStaticInit(java.lang.Object, java.lang.Object)'> (0x00000000894d2958) 
thrown [s\src\hotspot\share\interpreter\linkResolver.cpp, line 766]
Event: 0.501 Thread 0x0000026b31396eb0 Exception <a 'java/lang/NoSuchMethodError'{0x000000008936c460}: 'int java.lang.invoke.DirectMethodHandle$Holder.invokeVirtual(java.lang.Object, java.lang.Object)'> (0x000000008936c460) 
thrown [s\src\hotspot\share\interpreter\linkResolver.cpp, line 766]
Event: 0.510 Thread 0x0000026b31396eb0 Exception <a 'java/lang/NoSuchMethodError'{0x0000000089393c30}: 'java.lang.Object java.lang.invoke.DirectMethodHandle$Holder.newInvokeSpecial(java.lang.Object, java.lang.Object, java.lang.Object, java.lang.Object, java.lang.Object)'> (0x0000000089393c30) 
thrown [s\src\hotspot\share\interpreter\linkResolver.cpp, line 766]
Event: 0.513 Thread 0x0000026b31396eb0 Exception <a 'java/lang/NoSuchMethodError'{0x00000000893a20a0}: 'java.lang.Object java.lang.invoke.DirectMethodHandle$Holder.newInvokeSpecial(java.lang.Object, java.lang.Object, java.lang.Object, java.lang.Object, java.lang.Object, java.lang.Object)'> (0x00000000893a20a0) 
thrown [s\src\hotspot\share\interpreter\linkResolver.cpp, line 766]
Event: 0.565 Thread 0x0000026b31396eb0 Exception <a 'java/lang/NoSuchMethodError'{0x0000000089219d20}: 'java.lang.Object java.lang.invoke.DirectMethodHandle$Holder.invokeVirtual(java.lang.Object, java.lang.Object, java.lang.Object)'> (0x0000000089219d20) 
thrown [s\src\hotspot\share\interpreter\linkResolver.cpp, line 766]
Event: 0.568 Thread 0x0000026b31396eb0 Exception <a 'java/lang/NoSuchMethodError'{0x00000000892256d8}: 'int java.lang.invoke.DirectMethodHandle$Holder.invokeInterface(java.lang.Object, java.lang.Object)'> (0x00000000892256d8) 
thrown [s\src\hotspot\share\interpreter\linkResolver.cpp, line 766]
Event: 0.654 Thread 0x0000026b31396eb0 Exception <a 'java/lang/NoSuchMethodError'{0x0000000089122fc8}: 'java.lang.Object java.lang.invoke.DirectMethodHandle$Holder.invokeVirtual(java.lang.Object, java.lang.Object, java.lang.Object, int, int)'> (0x0000000089122fc8) 
thrown [s\src\hotspot\share\interpreter\linkResolver.cpp, line 766]
Event: 0.657 Thread 0x0000026b31396eb0 Exception <a 'java/lang/NoSuchMethodError'{0x0000000089129b58}: 'java.lang.Object java.lang.invoke.DirectMethodHandle$Holder.invokeVirtual(java.lang.Object, java.lang.Object, int)'> (0x0000000089129b58) 
thrown [s\src\hotspot\share\interpreter\linkResolver.cpp, line 766]
Event: 0.661 Thread 0x0000026b31396eb0 Exception <a 'java/lang/NoSuchMethodError'{0x0000000089132078}: 'java.lang.Object java.lang.invoke.DirectMethodHandle$Holder.invokeSpecial(java.lang.Object, java.lang.Object, java.lang.Object, int, int)'> (0x0000000089132078) 
thrown [s\src\hotspot\share\interpreter\linkResolver.cpp, line 766]
Event: 0.742 Thread 0x0000026b31396eb0 Exception <a 'sun/nio/fs/WindowsException'{0x0000000089075ed8}> (0x0000000089075ed8) 
thrown [s\src\hotspot\share\prims\jni.cpp, line 516]
Event: 0.837 Thread 0x0000026b31396eb0 Exception <a 'java/lang/NoSuchMethodError'{0x0000000088d03b48}: 'int java.lang.invoke.DirectMethodHandle$Holder.invokeSpecial(java.lang.Object, java.lang.Object, java.lang.Object)'> (0x0000000088d03b48) 
thrown [s\src\hotspot\share\interpreter\linkResolver.cpp, line 766]
Event: 0.841 Thread 0x0000026b31396eb0 Exception <a 'sun/nio/fs/WindowsException'{0x0000000088d0e0e0}> (0x0000000088d0e0e0) 
thrown [s\src\hotspot\share\prims\jni.cpp, line 516]
Event: 0.847 Thread 0x0000026b31396eb0 Exception <a 'java/lang/NoSuchMethodError'{0x0000000088d230d0}: 'java.lang.Object java.lang.invoke.DirectMethodHandle$Holder.invokeStatic(java.lang.Object, java.lang.Object, int, int)'> (0x0000000088d230d0) 
thrown [s\src\hotspot\share\interpreter\linkResolver.cpp, line 766]
Event: 0.865 Thread 0x0000026b31396eb0 Exception <a 'java/lang/NoSuchMethodError'{0x0000000088d5e728}: 'java.lang.Object java.lang.invoke.DirectMethodHandle$Holder.invokeInterface(java.lang.Object, java.lang.Object)'> (0x0000000088d5e728) 
thrown [s\src\hotspot\share\interpreter\linkResolver.cpp, line 766]

VM Operations (16 events):
Event: 0.095 Executing VM operation: HandshakeAllThreads
Event: 0.095 Executing VM operation: HandshakeAllThreads done
Event: 0.267 Executing VM operation: HandshakeAllThreads
Event: 0.267 Executing VM operation: HandshakeAllThreads done
Event: 0.601 Executing VM operation: HandshakeAllThreads
Event: 0.601 Executing VM operation: HandshakeAllThreads done
Event: 0.612 Executing VM operation: HandshakeAllThreads
Event: 0.612 Executing VM operation: HandshakeAllThreads done
Event: 0.748 Executing VM operation: HandshakeAllThreads
Event: 0.748 Executing VM operation: HandshakeAllThreads done
Event: 0.881 Executing VM operation: ICBufferFull
Event: 0.881 Executing VM operation: ICBufferFull done
Event: 0.947 Executing VM operation: G1CollectForAllocation
Event: 0.958 Executing VM operation: G1CollectForAllocation done
Event: 1.033 Executing VM operation: HandshakeAllThreads
Event: 1.033 Executing VM operation: HandshakeAllThreads done

Events (20 events):
Event: 0.012 Loaded shared library C:\Program Files\Eclipse Adoptium\jdk-18.0.1.10-hotspot\bin\java.dll
Event: 0.027 Loaded shared library C:\Program Files\Eclipse Adoptium\jdk-18.0.1.10-hotspot\bin\jsvml.dll
Event: 0.027 Thread 0x0000026b31396eb0 Thread added: 0x0000026b31396eb0
Event: 0.031 Thread 0x0000026b4cbbdf10 Thread added: 0x0000026b4cbbdf10
Event: 0.031 Thread 0x0000026b4cbbeb70 Thread added: 0x0000026b4cbbeb70
Event: 0.044 Thread 0x0000026b4cbd2220 Thread added: 0x0000026b4cbd2220
Event: 0.044 Thread 0x0000026b4cbd3ae0 Thread added: 0x0000026b4cbd3ae0
Event: 0.044 Thread 0x0000026b4cbd4390 Thread added: 0x0000026b4cbd4390
Event: 0.044 Thread 0x0000026b4cbd4c40 Thread added: 0x0000026b4cbd4c40
Event: 0.044 Thread 0x0000026b4cbd8d20 Thread added: 0x0000026b4cbd8d20
Event: 0.045 Thread 0x0000026b4cbe3a30 Thread added: 0x0000026b4cbe3a30
Event: 0.045 Thread 0x0000026b4cbeeb00 Thread added: 0x0000026b4cbeeb00
Event: 0.081 Thread 0x0000026b4cbac150 Thread added: 0x0000026b4cbac150
Event: 0.120 Thread 0x0000026b53266b90 Thread added: 0x0000026b53266b90
Event: 0.126 Loaded shared library C:\Program Files\Eclipse Adoptium\jdk-18.0.1.10-hotspot\bin\jimage.dll
Event: 0.140 Loaded shared library C:\Program Files\Eclipse Adoptium\jdk-18.0.1.10-hotspot\bin\net.dll
Event: 0.142 Loaded shared library C:\Program Files\Eclipse Adoptium\jdk-18.0.1.10-hotspot\bin\nio.dll
Event: 0.690 Thread 0x0000026b536d7c20 Thread added: 0x0000026b536d7c20
Event: 1.035 Loaded shared library C:\Users\Abobus\IdeaProjects\Editor\Editor\src\BitMaPNativeLib\BitMaPNativeLib.dll
Event: 1.037 Loaded shared library C:\Users\Abobus\IdeaProjects\Editor\Editor\src\BitMaPNativeLib\BitMaPFileHeaderNativeLib.dll


Dynamic libraries:
0x00007ff6f2300000 - 0x00007ff6f230e000 	C:\Program Files\Eclipse Adoptium\jdk-18.0.1.10-hotspot\bin\java.exe
0x00007ffc539c0000 - 0x00007ffc53bc9000 	C:\WINDOWS\SYSTEM32\ntdll.dll
0x00007ffc52240000 - 0x00007ffc522fd000 	C:\WINDOWS\System32\KERNEL32.DLL
0x00007ffc51080000 - 0x00007ffc513f9000 	C:\WINDOWS\System32\KERNELBASE.dll
0x00007ffc51400000 - 0x00007ffc51511000 	C:\WINDOWS\System32\ucrtbase.dll
0x00007ffc30510000 - 0x00007ffc30527000 	C:\Program Files\Eclipse Adoptium\jdk-18.0.1.10-hotspot\bin\jli.dll
0x00007ffc325b0000 - 0x00007ffc325c9000 	C:\Program Files\Eclipse Adoptium\jdk-18.0.1.10-hotspot\bin\VCRUNTIME140.dll
0x00007ffc52ae0000 - 0x00007ffc52c8c000 	C:\WINDOWS\System32\USER32.dll
0x00007ffc50f30000 - 0x00007ffc50f56000 	C:\WINDOWS\System32\win32u.dll
0x00007ffc3e4d0000 - 0x00007ffc3e775000 	C:\WINDOWS\WinSxS\amd64_microsoft.windows.common-controls_6595b64144ccf1df_6.0.22000.120_none_9d947278b86cc467\COMCTL32.dll
0x00007ffc538d0000 - 0x00007ffc53973000 	C:\WINDOWS\System32\msvcrt.dll
0x00007ffc529c0000 - 0x00007ffc529e9000 	C:\WINDOWS\System32\GDI32.dll
0x00007ffc50f60000 - 0x00007ffc51072000 	C:\WINDOWS\System32\gdi32full.dll
0x00007ffc515e0000 - 0x00007ffc5167d000 	C:\WINDOWS\System32\msvcp_win.dll
0x00007ffc529f0000 - 0x00007ffc52a21000 	C:\WINDOWS\System32\IMM32.DLL
0x00007ffc50370000 - 0x00007ffc503a6000 	C:\WINDOWS\system32\DriverStore\FileRepository\nvlti.inf_amd64_83a389b28f4c421e\nvinitx.dll
0x00007ffc51c50000 - 0x00007ffc51cfe000 	C:\WINDOWS\System32\ADVAPI32.dll
0x00007ffc50360000 - 0x00007ffc5036a000 	C:\WINDOWS\SYSTEM32\VERSION.dll
0x00007ffc521a0000 - 0x00007ffc5223e000 	C:\WINDOWS\System32\sechost.dll
0x00007ffc52380000 - 0x00007ffc524a0000 	C:\WINDOWS\System32\RPCRT4.dll
0x00007ffc52ec0000 - 0x00007ffc5366f000 	C:\WINDOWS\System32\Shell32.dll
0x00007ffc4efd0000 - 0x00007ffc4f838000 	C:\WINDOWS\SYSTEM32\windows.storage.dll
0x00007ffc524a0000 - 0x00007ffc52818000 	C:\WINDOWS\System32\combase.dll
0x00007ffc4ee60000 - 0x00007ffc4efc6000 	C:\WINDOWS\SYSTEM32\wintypes.dll
0x00007ffc51860000 - 0x00007ffc5194a000 	C:\WINDOWS\System32\SHCORE.dll
0x00007ffc53870000 - 0x00007ffc538cd000 	C:\WINDOWS\System32\shlwapi.dll
0x000000005cbc0000 - 0x000000005cbc6000 	C:\Program Files\NVIDIA Corporation\CoProcManager\_etoured.dll
0x00007ffc40e60000 - 0x00007ffc40ea3000 	C:\Program Files\NVIDIA Corporation\CoProcManager\nvd3d9wrapx.dll
0x00007ffc51d10000 - 0x00007ffc5217c000 	C:\WINDOWS\System32\SETUPAPI.dll
0x00007ffc4e7f0000 - 0x00007ffc4e828000 	C:\WINDOWS\SYSTEM32\dxcore.dll
0x00007ffc40bf0000 - 0x00007ffc40c1d000 	C:\Program Files\NVIDIA Corporation\CoProcManager\nvdxgiwrapx.dll
0x00007ffc3beb0000 - 0x00007ffc3bebc000 	C:\Program Files\Eclipse Adoptium\jdk-18.0.1.10-hotspot\bin\vcruntime140_1.dll
0x00007ffc1acc0000 - 0x00007ffc1ad51000 	C:\Program Files\Eclipse Adoptium\jdk-18.0.1.10-hotspot\bin\msvcp140.dll
0x00007ffbe2a40000 - 0x00007ffbe36c9000 	C:\Program Files\Eclipse Adoptium\jdk-18.0.1.10-hotspot\bin\server\jvm.dll
0x00007ffc536d0000 - 0x00007ffc536d8000 	C:\WINDOWS\System32\PSAPI.DLL
0x00007ffc4b790000 - 0x00007ffc4b7c3000 	C:\WINDOWS\SYSTEM32\WINMM.dll
0x00007ffc460b0000 - 0x00007ffc460b9000 	C:\WINDOWS\SYSTEM32\WSOCK32.dll
0x00007ffc52e50000 - 0x00007ffc52ebf000 	C:\WINDOWS\System32\WS2_32.dll
0x00007ffc4ff60000 - 0x00007ffc4ff78000 	C:\WINDOWS\SYSTEM32\kernel.appcore.dll
0x00007ffc3ae20000 - 0x00007ffc3ae2a000 	C:\Program Files\Eclipse Adoptium\jdk-18.0.1.10-hotspot\bin\jimage.dll
0x00007ffc3c7d0000 - 0x00007ffc3c9f1000 	C:\WINDOWS\SYSTEM32\DBGHELP.DLL
0x00007ffc3c790000 - 0x00007ffc3c7c1000 	C:\WINDOWS\SYSTEM32\dbgcore.DLL
0x0000026b30a80000 - 0x0000026b30aff000 	C:\WINDOWS\System32\bcryptPrimitives.dll
0x00007ffc2ed40000 - 0x00007ffc2ed65000 	C:\Program Files\Eclipse Adoptium\jdk-18.0.1.10-hotspot\bin\java.dll
0x00007ffc1a640000 - 0x00007ffc1a716000 	C:\Program Files\Eclipse Adoptium\jdk-18.0.1.10-hotspot\bin\jsvml.dll
0x00007ffc50de0000 - 0x00007ffc50e01000 	C:\WINDOWS\SYSTEM32\profapi.dll
0x00007ffc2e970000 - 0x00007ffc2e983000 	C:\Program Files\Eclipse Adoptium\jdk-18.0.1.10-hotspot\bin\net.dll
0x00007ffc4ab10000 - 0x00007ffc4ac1c000 	C:\WINDOWS\SYSTEM32\WINHTTP.dll
0x00007ffc50480000 - 0x00007ffc504e7000 	C:\WINDOWS\system32\mswsock.dll
0x00007ffc2e640000 - 0x00007ffc2e656000 	C:\Program Files\Eclipse Adoptium\jdk-18.0.1.10-hotspot\bin\nio.dll
0x000000006a600000 - 0x000000006a614000 	C:\Users\Abobus\IdeaProjects\Editor\Editor\src\BitMaPNativeLib\BitMaPNativeLib.dll
0x0000000070ac0000 - 0x0000000070ad4000 	C:\Users\Abobus\IdeaProjects\Editor\Editor\src\BitMaPNativeLib\BitMaPFileHeaderNativeLib.dll

dbghelp: loaded successfully - version: 4.0.5 - missing functions: none
symbol engine: initialized successfully - sym options: 0x614 - pdb path: .;C:\Program Files\Eclipse Adoptium\jdk-18.0.1.10-hotspot\bin;C:\WINDOWS\SYSTEM32;C:\WINDOWS\WinSxS\amd64_microsoft.windows.common-controls_6595b64144ccf1df_6.0.22000.120_none_9d947278b86cc467;C:\WINDOWS\system32\DriverStore\FileRepository\nvlti.inf_amd64_83a389b28f4c421e;C:\Program Files\NVIDIA Corporation\CoProcManager;C:\Program Files\Eclipse Adoptium\jdk-18.0.1.10-hotspot\bin\server;C:\Users\Abobus\IdeaProjects\Editor\Editor\src\BitMaPNativeLib

VM Arguments:
jvm_args: -Djava.library.path=C:\Users\Abobus\IdeaProjects\Editor\Editor\src\BitMaPNativeLib --add-modules=ALL-DEFAULT 
java_command: jdk.compiler/com.sun.tools.javac.launcher.Main Main.java
java_class_path (initial): .
Launcher Type: SUN_STANDARD

[Global flags]
     intx CICompilerCount                          = 3                                         {product} {ergonomic}
     uint ConcGCThreads                            = 1                                         {product} {ergonomic}
     uint G1ConcRefinementThreads                  = 4                                         {product} {ergonomic}
   size_t G1HeapRegionSize                         = 1048576                                   {product} {ergonomic}
    uintx GCDrainStackTargetSize                   = 64                                        {product} {ergonomic}
   size_t InitialHeapSize                          = 134217728                                 {product} {ergonomic}
   size_t MarkStackSize                            = 4194304                                   {product} {ergonomic}
   size_t MaxHeapSize                              = 2122317824                                {product} {ergonomic}
   size_t MaxNewSize                               = 1272971264                                {product} {ergonomic}
   size_t MinHeapDeltaBytes                        = 1048576                                   {product} {ergonomic}
   size_t MinHeapSize                              = 8388608                                   {product} {ergonomic}
    uintx NonNMethodCodeHeapSize                   = 5832780                                {pd product} {ergonomic}
    uintx NonProfiledCodeHeapSize                  = 122912730                              {pd product} {ergonomic}
    uintx ProfiledCodeHeapSize                     = 122912730                              {pd product} {ergonomic}
    uintx ReservedCodeCacheSize                    = 251658240                              {pd product} {ergonomic}
     bool SegmentedCodeCache                       = true                                      {product} {ergonomic}
   size_t SoftMaxHeapSize                          = 2122317824                             {manageable} {ergonomic}
     bool UseCompressedClassPointers               = true                           {product lp64_product} {ergonomic}
     bool UseCompressedOops                        = true                           {product lp64_product} {ergonomic}
     bool UseG1GC                                  = true                                      {product} {ergonomic}
     bool UseLargePagesIndividualAllocation        = false                                  {pd product} {ergonomic}

Logging:
Log output configuration:
 #0: stdout all=warning uptime,level,tags foldmultilines=false
 #1: stderr all=off uptime,level,tags foldmultilines=false

Environment Variables:
PATH=C:\Program Files\Eclipse Adoptium\jdk-18.0.1.10-hotspot\bin;C:\WINDOWS\system32;C:\WINDOWS;C:\WINDOWS\System32\Wbem;C:\WINDOWS\System32\WindowsPowerShell\v1.0\;C:\WINDOWS\System32\OpenSSH\;C:\Program Files (x86)\NVIDIA Corporation\PhysX\Common;C:\Program Files\Microsoft SQL Server\150\Tools\Binn\;C:\Program Files\Microsoft SQL Server\Client SDK\ODBC\170\Tools\Binn\;C:\Program Files\dotnet\;C:\Program Files\Git\cmd;C:\Users\Abobus\AppData\Local\Microsoft\WindowsApps;C:\Users\Abobus\.dotnet\tools;C:\MinGW64\bin;
USERNAME=Abobus
OS=Windows_NT
PROCESSOR_IDENTIFIER=Intel64 Family 6 Model 42 Stepping 7, GenuineIntel



---------------  S Y S T E M  ---------------

OS:
 Windows 11 , 64 bit Build 22000 (10.0.22000.675)
OS uptime: 10 days 9:05 hours

CPU: total 4 (initial active 4) (2 cores per cpu, 2 threads per core) family 6 model 42 stepping 7 microcode 0x2f, cx8, cmov, fxsr, ht, mmx, sse, sse2, sse3, ssse3, sse4.1, sse4.2, popcnt, tsc, tscinvbit, avx, aes, clmul, vzeroupper, clflush

Memory: 4k page, system-wide physical 8089M (1308M free)
TotalPageFile size 15513M (AvailPageFile size 6260M)
current process WorkingSet (physical memory assigned to process): 75M, peak: 75M
current process commit charge ("private bytes"): 217M, peak: 217M

vm_info: OpenJDK 64-Bit Server VM (18.0.1+10) for windows-amd64 JRE (18.0.1+10), built on Apr 20 2022 05:04:48 by "" with MS VC++ 16.7 (VS2019)

END.
